Mplus VERSION 7.3
MUTHEN & MUTHEN
10/30/2014  10:35 AM

INPUT INSTRUCTIONS

   TITLE: Configural Invariance
    DATA: FILE = "moderation.4.dat";
    DEFINE: A1PPVT4W = A1PPVT4W/10;
            A1WJLWW = A1WJLWW/10;
            A2PPVT4W = A2PPVT4W/10;
            A2WJLWW = A2WJLWW/10;
            A3PPVT4W = A3PPVT4W/10;
            A3WJLWW = A3WJLWW/10;
            A1WJAPW = A1WJAPW/10;
            A2WJAPW = A2WJAPW/10;
            A3WJAPW = A3WJAPW/10;
    VARIABLE:
    NAMES = A1PPVT4W A1WJAPW A1WJLWW A1CSR A1ECMIRT A1WJSW R1ATTUDE R1MOTIVE R1PRSIST
         A2PPVT4W A2WJAPW A2WJLWW A2CSR A2ECMIRT A2WJSW R2ATTUDE R2MOTIVE R2PRSIST
         A3PPVT4W A3WJAPW A3WJLWW A3CSR A3ECMIRT A3WJSW KR3ATUDE KR3MOTIV KR3PRSST
         R1TPLBS R2TPLBS KR3TPLBS STRAT PSU PRA12OTW CHGENDER P1RMOMED A1CAGE A2CAGE
         A3CAGE CRACE P1PRGTYP P2PRGTYP P3PRGTYP O2CLSSCD O2CLSSIS O2CLSSLM O2CLSSQF
         CLS1_ID CLS2_ID CLS3_ID R1BAGGR R1BWITH R1BHYPER R1ATTUDE_1 R2BAGGR R2BWITH
         R2BHYPER KR3BAGGR KR3BHYPE KR3BWITH BINAGGR1 BINWITH1 BINHYP1 BINAGGR2 BINWITH2
         BINHYP2 BINAGGR3 BINWITH3 BINHYP3;
    USEVARIABLES = A1WJAPW A2WJAPW A3WJAPW A1PPVT4W A2PPVT4W A3PPVT4W A1CSR A2CSR A3CSR
         R1ATTUDE R1MOTIVE R1PRSIST R2ATTUDE R2MOTIVE R2PRSIST KR3MOTIV KR3PRSST
         KR3ATUDE STRAT PSU PRA12OTW;
    STRATIFICATION = STRAT;
    CLUSTER = PSU;
    WEIGHT = PRA12OTW;
    MISSING=.;
    ANALYSIS:
      TYPE = COMPLEX;
      ITERATIONS = 10000;
      ESTIMATOR =MLR;
    MODEL:
      cog1 BY A1WJAPW* A1PPVT4W A1CSR;
      cog2 BY A2WJAPW* A2PPVT4W A2CSR;
      cog3 BY A3WJAPW* A3PPVT4W A3CSR;
      cog1@1.0;
      cog2@1.0;
      cog3@1.0;

      atl1 BY R1ATTUDE* R1MOTIVE R1PRSIST;
      atl2 BY R2ATTUDE* R2MOTIVE R2PRSIST;
      atl3 BY KR3ATUDE* KR3MOTIV KR3PRSST;
      atl1@1.0;
      atl2@1.0;
      atl3@1.0;

      !correlateed residuals for cognitive skills
      A1WJAPW WITH A2WJAPW A3WJAPW;
      A2WJAPW WITH A3WJAPW;
      A1PPVT4W WITH A2PPVT4W A3PPVT4W;
      A2PPVT4W WITH A3PPVT4W;
      A1CSR WITH A2CSR A3CSR;
      A2CSR WITH A3CSR;

      !correlated residuals for AtL
      R1ATTUDE WITH R2ATTUDE KR3ATUDE;
      R2ATTUDE WITH KR3ATUDE;
      R1MOTIVE WITH R2MOTIVE KR3MOTIV;
      R2MOTIVE WITH KR3MOTIV;
      R1PRSIST WITH R2PRSIST KR3PRSST;
      R2PRSIST WITH KR3PRSST;

    OUTPUT:
      TECH1
      SAMPSTAT
      modindices;
      STANDARDIZED;



INPUT READING TERMINATED NORMALLY



Configural Invariance

SUMMARY OF ANALYSIS

Number of groups                                                 1
Number of observations                                         621

Number of dependent variables                                   18
Number of independent variables                                  0
Number of continuous latent variables                            6

Observed dependent variables

  Continuous
   A1WJAPW     A2WJAPW     A3WJAPW     A1PPVT4W    A2PPVT4W    A3PPVT4W
   A1CSR       A2CSR       A3CSR       R1ATTUDE    R1MOTIVE    R1PRSIST
   R2ATTUDE    R2MOTIVE    R2PRSIST    KR3MOTIV    KR3PRSST    KR3ATUDE

Continuous latent variables
   COG1        COG2        COG3        ATL1        ATL2        ATL3

Variables with special functions

  Stratification        STRAT
  Cluster variable      PSU
  Weight variable       PRA12OTW

Estimator                                                      MLR
Information matrix                                        OBSERVED
Maximum number of iterations                                 10000
Convergence criterion                                    0.500D-04
Maximum number of steepest descent iterations                   20
Maximum number of iterations for H1                           2000
Convergence criterion for H1                             0.100D-03

Input data file(s)
  moderation.4.dat

Input data format  FREE


SUMMARY OF DATA

     Number of missing data patterns            36
     Number of strata                      14
     Number of clusters                    60


COVARIANCE COVERAGE OF DATA

Minimum covariance coverage value   0.100


     PROPORTION OF DATA PRESENT


           Covariance Coverage
              A1WJAPW       A2WJAPW       A3WJAPW       A1PPVT4W      A2PPVT4W
              ________      ________      ________      ________      ________
 A1WJAPW        0.944
 A2WJAPW        0.921         0.971
 A3WJAPW        0.828         0.852         0.879
 A1PPVT4W       0.944         0.953         0.862         0.979
 A2PPVT4W       0.926         0.968         0.858         0.961         0.979
 A3PPVT4W       0.831         0.855         0.879         0.865         0.862
 A1CSR          0.944         0.953         0.862         0.979         0.961
 A2CSR          0.931         0.971         0.863         0.966         0.979
 A3CSR          0.831         0.855         0.879         0.865         0.862
 R1ATTUDE       0.910         0.934         0.842         0.944         0.942
 R1MOTIVE       0.910         0.934         0.842         0.944         0.942
 R1PRSIST       0.910         0.934         0.842         0.944         0.942
 R2ATTUDE       0.890         0.919         0.836         0.926         0.928
 R2MOTIVE       0.890         0.919         0.836         0.926         0.928
 R2PRSIST       0.890         0.919         0.836         0.926         0.928
 KR3MOTIV       0.657         0.663         0.586         0.676         0.668
 KR3PRSST       0.657         0.663         0.586         0.676         0.668
 KR3ATUDE       0.657         0.663         0.586         0.676         0.668


           Covariance Coverage
              A3PPVT4W      A1CSR         A2CSR         A3CSR         R1ATTUDE
              ________      ________      ________      ________      ________
 A3PPVT4W       0.882
 A1CSR          0.865         0.979
 A2CSR          0.866         0.966         0.984
 A3CSR          0.882         0.865         0.866         0.882
 R1ATTUDE       0.845         0.944         0.947         0.845         0.961
 R1MOTIVE       0.845         0.944         0.947         0.845         0.961
 R1PRSIST       0.845         0.944         0.947         0.845         0.961
 R2ATTUDE       0.837         0.926         0.932         0.837         0.921
 R2MOTIVE       0.837         0.926         0.932         0.837         0.921
 R2PRSIST       0.837         0.926         0.932         0.837         0.921
 KR3MOTIV       0.589         0.676         0.671         0.589         0.667
 KR3PRSST       0.589         0.676         0.671         0.589         0.667
 KR3ATUDE       0.589         0.676         0.671         0.589         0.667


           Covariance Coverage
              R1MOTIVE      R1PRSIST      R2ATTUDE      R2MOTIVE      R2PRSIST
              ________      ________      ________      ________      ________
 R1MOTIVE       0.961
 R1PRSIST       0.961         0.961
 R2ATTUDE       0.921         0.921         0.947
 R2MOTIVE       0.921         0.921         0.947         0.947
 R2PRSIST       0.921         0.921         0.947         0.947         0.947
 KR3MOTIV       0.667         0.667         0.647         0.647         0.647
 KR3PRSST       0.667         0.667         0.647         0.647         0.647
 KR3ATUDE       0.667         0.667         0.647         0.647         0.647


           Covariance Coverage
              KR3MOTIV      KR3PRSST      KR3ATUDE
              ________      ________      ________
 KR3MOTIV       0.683
 KR3PRSST       0.683         0.683
 KR3ATUDE       0.683         0.683         0.683


SAMPLE STATISTICS


     ESTIMATED SAMPLE STATISTICS


           Means
              A1WJAPW       A2WJAPW       A3WJAPW       A1PPVT4W      A2PPVT4W
              ________      ________      ________      ________      ________
      1        38.170        39.924        42.704        10.845        11.844


           Means
              A3PPVT4W      A1CSR         A2CSR         A3CSR         R1ATTUDE
              ________      ________      ________      ________      ________
      1        13.552        63.253        62.104        65.938        51.947


           Means
              R1MOTIVE      R1PRSIST      R2ATTUDE      R2MOTIVE      R2PRSIST
              ________      ________      ________      ________      ________
      1        52.518        52.295        52.374        52.808        52.681


           Means
              KR3MOTIV      KR3PRSST      KR3ATUDE
              ________      ________      ________
      1        50.250        49.368        50.708


           Covariances
              A1WJAPW       A2WJAPW       A3WJAPW       A1PPVT4W      A2PPVT4W
              ________      ________      ________      ________      ________
 A1WJAPW        6.161
 A2WJAPW        1.977         3.959
 A3WJAPW        1.519         2.708         4.598
 A1PPVT4W       1.177         1.918         1.673         2.671
 A2PPVT4W       0.966         1.819         1.599         1.593         2.023
 A3PPVT4W       0.776         1.379         1.708         1.263         1.352
 A1CSR         10.783        12.000        11.006        12.027         7.549
 A2CSR          8.299        11.931        11.569         7.646         7.941
 A3CSR          5.429         9.833        10.113         7.016         5.636
 R1ATTUDE       2.784         3.177         3.766         2.344         1.811
 R1MOTIVE       3.899         4.741         5.627         3.625         3.129
 R1PRSIST       4.396         5.499         5.232         3.696         3.080
 R2ATTUDE       1.296         2.361         3.416         1.640         1.704
 R2MOTIVE       3.546         4.594         5.617         3.398         2.858
 R2PRSIST       2.874         4.730         4.889         3.144         2.799
 KR3MOTIV       5.561         6.840         7.109         4.818         2.991
 KR3PRSST       3.821         7.455         8.015         5.140         3.290
 KR3ATUDE       0.205         4.100         4.085         2.382         1.333


           Covariances
              A3PPVT4W      A1CSR         A2CSR         A3CSR         R1ATTUDE
              ________      ________      ________      ________      ________
 A3PPVT4W       1.907
 A1CSR          6.904       300.333
 A2CSR          7.160       109.665       294.414
 A3CSR          6.473        84.558       103.277       293.370
 R1ATTUDE       1.904        38.475        40.713        44.337        77.991
 R1MOTIVE       2.962        25.205        28.611        28.295        41.182
 R1PRSIST       2.797        49.753        49.244        55.328        62.675
 R2ATTUDE       2.248        38.807        48.126        46.019        48.506
 R2MOTIVE       3.112        49.551        45.364        50.955        33.514
 R2PRSIST       2.448        54.938        52.609        49.170        45.242
 KR3MOTIV       3.673        50.552        43.415        51.183        27.041
 KR3PRSST       3.135        68.265        63.876        61.285        32.474
 KR3ATUDE       1.998        41.641        38.870        51.710        32.325


           Covariances
              R1MOTIVE      R1PRSIST      R2ATTUDE      R2MOTIVE      R2PRSIST
              ________      ________      ________      ________      ________
 R1MOTIVE      85.624
 R1PRSIST      48.344        84.322
 R2ATTUDE      25.086        44.161        86.504
 R2MOTIVE      49.049        41.100        53.738        93.668
 R2PRSIST      30.264        56.091        67.517        61.764        88.411
 KR3MOTIV      36.093        38.303        19.746        35.270        27.986
 KR3PRSST      21.057        41.520        30.656        24.852        37.474
 KR3ATUDE      15.377        35.311        29.007        19.787        30.974


           Covariances
              KR3MOTIV      KR3PRSST      KR3ATUDE
              ________      ________      ________
 KR3MOTIV     137.366
 KR3PRSST      90.168       127.689
 KR3ATUDE      72.748        85.376        97.426


           Correlations
              A1WJAPW       A2WJAPW       A3WJAPW       A1PPVT4W      A2PPVT4W
              ________      ________      ________      ________      ________
 A1WJAPW        1.000
 A2WJAPW        0.400         1.000
 A3WJAPW        0.285         0.635         1.000
 A1PPVT4W       0.290         0.590         0.477         1.000
 A2PPVT4W       0.274         0.643         0.524         0.685         1.000
 A3PPVT4W       0.226         0.502         0.577         0.559         0.688
 A1CSR          0.251         0.348         0.296         0.425         0.306
 A2CSR          0.195         0.349         0.314         0.273         0.325
 A3CSR          0.128         0.289         0.275         0.251         0.231
 R1ATTUDE       0.127         0.181         0.199         0.162         0.144
 R1MOTIVE       0.170         0.257         0.284         0.240         0.238
 R1PRSIST       0.193         0.301         0.266         0.246         0.236
 R2ATTUDE       0.056         0.128         0.171         0.108         0.129
 R2MOTIVE       0.148         0.239         0.271         0.215         0.208
 R2PRSIST       0.123         0.253         0.242         0.205         0.209
 KR3MOTIV       0.191         0.293         0.283         0.252         0.179
 KR3PRSST       0.136         0.332         0.331         0.278         0.205
 KR3ATUDE       0.008         0.209         0.193         0.148         0.095


           Correlations
              A3PPVT4W      A1CSR         A2CSR         A3CSR         R1ATTUDE
              ________      ________      ________      ________      ________
 A3PPVT4W       1.000
 A1CSR          0.288         1.000
 A2CSR          0.302         0.369         1.000
 A3CSR          0.274         0.285         0.351         1.000
 R1ATTUDE       0.156         0.251         0.269         0.293         1.000
 R1MOTIVE       0.232         0.157         0.180         0.179         0.504
 R1PRSIST       0.221         0.313         0.313         0.352         0.773
 R2ATTUDE       0.175         0.241         0.302         0.289         0.591
 R2MOTIVE       0.233         0.295         0.273         0.307         0.392
 R2PRSIST       0.189         0.337         0.326         0.305         0.545
 KR3MOTIV       0.227         0.249         0.216         0.255         0.261
 KR3PRSST       0.201         0.349         0.329         0.317         0.325
 KR3ATUDE       0.147         0.243         0.230         0.306         0.371


           Correlations
              R1MOTIVE      R1PRSIST      R2ATTUDE      R2MOTIVE      R2PRSIST
              ________      ________      ________      ________      ________
 R1MOTIVE       1.000
 R1PRSIST       0.569         1.000
 R2ATTUDE       0.291         0.517         1.000
 R2MOTIVE       0.548         0.462         0.597         1.000
 R2PRSIST       0.348         0.650         0.772         0.679         1.000
 KR3MOTIV       0.333         0.356         0.181         0.311         0.254
 KR3PRSST       0.201         0.400         0.292         0.227         0.353
 KR3ATUDE       0.168         0.390         0.316         0.207         0.334


           Correlations
              KR3MOTIV      KR3PRSST      KR3ATUDE
              ________      ________      ________
 KR3MOTIV       1.000
 KR3PRSST       0.681         1.000
 KR3ATUDE       0.629         0.765         1.000


     MAXIMUM LOG-LIKELIHOOD VALUE FOR THE UNRESTRICTED (H1) MODEL IS -29803.911


UNIVARIATE HIGHER-ORDER MOMENT DESCRIPTIVE STATISTICS


     UNIVARIATE HIGHER-ORDER MOMENT DESCRIPTIVE STATISTICS

         Variable/         Mean/     Skewness/   Minimum/ % with                Percentiles
        Sample Size      Variance    Kurtosis    Maximum  Min/Max      20%/60%    40%/80%    Median

     A1WJAPW              38.216      -0.360      33.200    8.53%      35.900     37.700     38.200
             586.000       6.121      -0.390      44.400    0.17%      38.800     40.300
     A2WJAPW              39.968      -0.514      33.200    1.49%      38.800     39.300     40.300
             603.000       3.848       1.239      45.800    0.17%      40.700     41.500
     A3WJAPW              42.692      -0.685      33.200    0.18%      40.700     42.300     43.200
             546.000       4.587       1.246      48.100    0.18%      43.600     44.400
     A1PPVT4W             10.847      -0.557       3.700    0.16%       9.400     10.500     11.000
             608.000       2.664       0.548      14.600    0.16%      11.300     12.200
     A2PPVT4W             11.850      -0.299       5.700    0.16%      10.600     11.500     11.900
             608.000       2.019       0.449      16.100    0.16%      12.200     13.100
     A3PPVT4W             13.538      -0.588       5.400    0.18%      12.600     13.200     13.500
             548.000       1.910       2.523      17.000    0.18%      13.800     14.600
     A1CSR                63.208      -1.042       0.000    0.16%      50.000     60.000     65.000
             608.000     300.451       0.586      81.000   14.14%      71.000     79.000
     A2CSR                62.124      -0.690       4.000    0.16%      47.000     56.000     63.000
             611.000     294.331      -0.298      81.000   16.20%      71.000     79.000
     A3CSR                65.926      -1.108       6.000    0.36%      53.000     68.000     74.000
             548.000     292.390       0.313      81.000   25.36%      77.000     81.000
     R1ATTUDE             51.947      -1.019      17.780    0.17%      45.170     53.000     53.000
             597.000      78.419       0.437      60.830   29.82%      56.910     60.830
     R1MOTIVE             52.577      -1.360       7.130    0.17%      46.570     51.820     54.450
             597.000      85.859       2.230      62.340   17.92%      57.080     59.710
     R1PRSIST             52.315      -1.032      15.280    0.17%      43.620     51.350     53.920
             597.000      84.946       0.510      61.650   22.45%      56.500     61.650
     R2ATTUDE             52.435      -1.294      13.860    0.17%      45.170     53.000     56.910
             588.000      85.497       1.308      60.830   30.95%      56.910     60.830
     R2MOTIVE             52.908      -1.233      12.390    0.17%      43.940     51.820     54.450
             588.000      93.270       1.161      62.340   23.13%      57.080     62.340
     R2PRSIST             52.741      -1.138      20.440    0.34%      43.620     53.920     56.500
             588.000      87.325       0.676      61.650   26.87%      56.500     61.650
     KR3MOTIV             50.350      -0.969       9.760    0.24%      41.310     51.820     54.450
             424.000     135.407       0.195      62.340   23.11%      57.080     62.340
     KR3PRSST             49.622      -0.700      20.440    0.71%      38.470     48.770     51.350
             424.000     124.276      -0.465      61.650   27.59%      56.500     61.650
     KR3ATUDE             50.896      -1.118      13.860    0.47%      45.170     53.000     53.000
             424.000      94.978       0.979      60.830   28.54%      56.910     60.830


THE MODEL ESTIMATION TERMINATED NORMALLY

     THE STANDARD ERRORS OF THE MODEL PARAMETER ESTIMATES MAY NOT BE
     TRUSTWORTHY FOR SOME PARAMETERS DUE TO A NON-POSITIVE DEFINITE
     FIRST-ORDER DERIVATIVE PRODUCT MATRIX.  THIS MAY BE DUE TO THE STARTING
     VALUES BUT MAY ALSO BE AN INDICATION OF MODEL NONIDENTIFICATION.  THE
     CONDITION NUMBER IS      -0.227D-17.  PROBLEM INVOLVING THE FOLLOWING PARAMETER:
     Parameter 47, A3PPVT4W WITH A2PPVT4W

     THIS IS MOST LIKELY DUE TO HAVING MORE PARAMETERS THAN THE NUMBER
     OF CLUSTERS MINUS THE NUMBER OF STRATA WITH MORE THAN ONE CLUSTER.




MODEL FIT INFORMATION

Number of Free Parameters                       87

Loglikelihood

          H0 Value                      -29943.586
          H0 Scaling Correction Factor      2.0221
            for MLR
          H1 Value                      -29803.911
          H1 Scaling Correction Factor      1.6847
            for MLR

Information Criteria

          Akaike (AIC)                   60061.173
          Bayesian (BIC)                 60446.698
          Sample-Size Adjusted BIC       60170.487
            (n* = (n + 2) / 24)

Chi-Square Test of Model Fit

          Value                            199.977*
          Degrees of Freedom                   102
          P-Value                           0.0000
          Scaling Correction Factor         1.3969
            for MLR

*   The chi-square value for MLM, MLMV, MLR, ULSMV, WLSM and WLSMV cannot be used
    for chi-square difference testing in the regular way.  MLM, MLR and WLSM
    chi-square difference testing is described on the Mplus website.  MLMV, WLSMV,
    and ULSMV difference testing is done using the DIFFTEST option.

RMSEA (Root Mean Square Error Of Approximation)

          Estimate                           0.039
          90 Percent C.I.                    0.031  0.047
          Probability RMSEA <= .05           0.987

CFI/TLI

          CFI                                0.969
          TLI                                0.953

Chi-Square Test of Model Fit for the Baseline Model

          Value                           3281.763
          Degrees of Freedom                   153
          P-Value                           0.0000

SRMR (Standardized Root Mean Square Residual)

          Value                              0.066



MODEL RESULTS

                                                    Two-Tailed
                    Estimate       S.E.  Est./S.E.    P-Value

 COG1     BY
    A1WJAPW            0.987      0.200      4.929      0.000
    A1PPVT4W           1.280      0.086     14.918      0.000
    A1CSR              9.437      1.037      9.098      0.000

 COG2     BY
    A2WJAPW            1.679      0.101     16.562      0.000
    A2PPVT4W           1.066      0.076     14.085      0.000
    A2CSR              7.711      0.936      8.241      0.000

 COG3     BY
    A3WJAPW            1.688      0.127     13.307      0.000
    A3PPVT4W           0.975      0.076     12.745      0.000
    A3CSR              6.754      0.982      6.879      0.000

 ATL1     BY
    R1ATTUDE           7.255      0.291     24.895      0.000
    R1MOTIVE           5.718      0.431     13.275      0.000
    R1PRSIST           8.659      0.407     21.266      0.000

 ATL2     BY
    R2ATTUDE           7.615      0.423     18.007      0.000
    R2MOTIVE           7.319      0.482     15.195      0.000
    R2PRSIST           8.835      0.551     16.033      0.000

 ATL3     BY
    KR3ATUDE           8.241      0.530     15.558      0.000
    KR3MOTIV           8.995      0.495     18.159      0.000
    KR3PRSST          10.399      0.469     22.195      0.000

 COG2     WITH
    COG1               0.858      0.051     16.900      0.000

 COG3     WITH
    COG1               0.754      0.077      9.819      0.000
    COG2               0.854      0.044     19.542      0.000

 ATL1     WITH
    COG1               0.396      0.054      7.326      0.000
    COG2               0.385      0.051      7.491      0.000
    COG3               0.395      0.064      6.200      0.000

 ATL2     WITH
    COG1               0.335      0.061      5.500      0.000
    COG2               0.333      0.049      6.802      0.000
    COG3               0.357      0.059      6.084      0.000
    ATL1               0.683      0.036     18.878      0.000

 ATL3     WITH
    COG1               0.418      0.072      5.818      0.000
    COG2               0.374      0.063      5.895      0.000
    COG3               0.416      0.070      5.982      0.000
    ATL1               0.463      0.050      9.172      0.000
    ATL2               0.398      0.060      6.680      0.000

 A1WJAPW  WITH
    A2WJAPW            0.476      0.180      2.645      0.008
    A3WJAPW            0.186      0.287      0.649      0.516

 A2WJAPW  WITH
    A3WJAPW            0.288      0.189      1.528      0.126

 A1PPVT4W WITH
    A2PPVT4W           0.434      0.077      5.619      0.000
    A3PPVT4W           0.332      0.077      4.303      0.000

 A2PPVT4W WITH
    A3PPVT4W           0.473      0.051      9.227      0.000

 A1CSR    WITH
    A2CSR             51.423     14.058      3.658      0.000
    A3CSR             31.462     18.532      1.698      0.090

 A2CSR    WITH
    A3CSR             55.060     16.469      3.343      0.001

 R1ATTUDE WITH
    R2ATTUDE          11.383      2.352      4.839      0.000
    KR3ATUDE           6.513      2.248      2.897      0.004

 R2ATTUDE WITH
    KR3ATUDE           5.611      2.151      2.608      0.009

 R1MOTIVE WITH
    R2MOTIVE          25.494      3.836      6.645      0.000
    KR3MOTIV          17.792      4.343      4.097      0.000

 R2MOTIVE WITH
    KR3MOTIV          17.620      3.492      5.046      0.000

 R1PRSIST WITH
    R2PRSIST           3.003      3.484      0.862      0.389
    KR3PRSST          -2.728      2.535     -1.076      0.282

 R2PRSIST WITH
    KR3PRSST          -1.080      2.258     -0.478      0.632

 Intercepts
    A1WJAPW           38.174      0.164    232.103      0.000
    A2WJAPW           39.918      0.122    326.527      0.000
    A3WJAPW           42.700      0.131    325.761      0.000
    A1PPVT4W          10.844      0.089    122.124      0.000
    A2PPVT4W          11.844      0.099    119.672      0.000
    A3PPVT4W          13.546      0.096    141.440      0.000
    A1CSR             63.216      0.841     75.175      0.000
    A2CSR             62.107      1.036     59.958      0.000
    A3CSR             65.983      1.290     51.131      0.000
    R1ATTUDE          51.943      0.340    152.702      0.000
    R1MOTIVE          52.537      0.412    127.391      0.000
    R1PRSIST          52.295      0.390    133.940      0.000
    R2ATTUDE          52.350      0.544     96.182      0.000
    R2MOTIVE          52.781      0.586     90.034      0.000
    R2PRSIST          52.664      0.575     91.549      0.000
    KR3MOTIV          50.299      0.761     66.109      0.000
    KR3PRSST          49.348      0.711     69.428      0.000
    KR3ATUDE          50.686      0.546     92.755      0.000

 Variances
    COG1               1.000      0.000    999.000    999.000
    COG2               1.000      0.000    999.000    999.000
    COG3               1.000      0.000    999.000    999.000
    ATL1               1.000      0.000    999.000    999.000
    ATL2               1.000      0.000    999.000    999.000
    ATL3               1.000      0.000    999.000    999.000

 Residual Variances
    A1WJAPW            5.173      0.415     12.460      0.000
    A2WJAPW            1.148      0.170      6.739      0.000
    A3WJAPW            1.736      0.410      4.231      0.000
    A1PPVT4W           1.052      0.156      6.757      0.000
    A2PPVT4W           0.887      0.064     13.950      0.000
    A3PPVT4W           0.958      0.098      9.747      0.000
    A1CSR            211.182     15.348     13.759      0.000
    A2CSR            236.363     16.458     14.362      0.000
    A3CSR            245.303     28.531      8.598      0.000
    R1ATTUDE          25.981      2.711      9.582      0.000
    R1MOTIVE          54.382      5.513      9.864      0.000
    R1PRSIST           9.019      3.361      2.683      0.007
    R2ATTUDE          28.416      3.551      8.002      0.000
    R2MOTIVE          44.319      4.179     10.604      0.000
    R2PRSIST          10.188      6.053      1.683      0.092
    KR3MOTIV          60.238      5.664     10.636      0.000
    KR3PRSST          19.481      5.230      3.725      0.000
    KR3ATUDE          29.812      3.551      8.396      0.000


STANDARDIZED MODEL RESULTS


STDYX Standardization

                                                    Two-Tailed
                    Estimate       S.E.  Est./S.E.    P-Value

 COG1     BY
    A1WJAPW            0.398      0.076      5.207      0.000
    A1PPVT4W           0.780      0.037     21.308      0.000
    A1CSR              0.545      0.050     10.787      0.000

 COG2     BY
    A2WJAPW            0.843      0.027     30.790      0.000
    A2PPVT4W           0.750      0.031     24.368      0.000
    A2CSR              0.448      0.048      9.317      0.000

 COG3     BY
    A3WJAPW            0.788      0.051     15.576      0.000
    A3PPVT4W           0.706      0.033     21.117      0.000
    A3CSR              0.396      0.059      6.679      0.000

 ATL1     BY
    R1ATTUDE           0.818      0.021     38.659      0.000
    R1MOTIVE           0.613      0.040     15.167      0.000
    R1PRSIST           0.945      0.022     42.826      0.000

 ATL2     BY
    R2ATTUDE           0.819      0.025     33.279      0.000
    R2MOTIVE           0.740      0.032     23.406      0.000
    R2PRSIST           0.941      0.038     25.025      0.000

 ATL3     BY
    KR3ATUDE           0.834      0.024     34.160      0.000
    KR3MOTIV           0.757      0.024     32.125      0.000
    KR3PRSST           0.921      0.022     41.116      0.000

 COG2     WITH
    COG1               0.858      0.051     16.900      0.000

 COG3     WITH
    COG1               0.754      0.077      9.819      0.000
    COG2               0.854      0.044     19.542      0.000

 ATL1     WITH
    COG1               0.396      0.054      7.326      0.000
    COG2               0.385      0.051      7.491      0.000
    COG3               0.395      0.064      6.200      0.000

 ATL2     WITH
    COG1               0.335      0.061      5.500      0.000
    COG2               0.333      0.049      6.802      0.000
    COG3               0.357      0.059      6.084      0.000
    ATL1               0.683      0.036     18.878      0.000

 ATL3     WITH
    COG1               0.418      0.072      5.818      0.000
    COG2               0.374      0.063      5.895      0.000
    COG3               0.416      0.070      5.982      0.000
    ATL1               0.463      0.050      9.172      0.000
    ATL2               0.398      0.060      6.680      0.000

 A1WJAPW  WITH
    A2WJAPW            0.195      0.070      2.807      0.005
    A3WJAPW            0.062      0.090      0.689      0.491

 A2WJAPW  WITH
    A3WJAPW            0.204      0.111      1.837      0.066

 A1PPVT4W WITH
    A2PPVT4W           0.449      0.066      6.793      0.000
    A3PPVT4W           0.330      0.077      4.293      0.000

 A2PPVT4W WITH
    A3PPVT4W           0.513      0.038     13.652      0.000

 A1CSR    WITH
    A2CSR              0.230      0.056      4.087      0.000
    A3CSR              0.138      0.078      1.764      0.078

 A2CSR    WITH
    A3CSR              0.229      0.057      4.011      0.000

 R1ATTUDE WITH
    R2ATTUDE           0.419      0.066      6.314      0.000
    KR3ATUDE           0.234      0.078      2.989      0.003

 R2ATTUDE WITH
    KR3ATUDE           0.193      0.070      2.771      0.006

 R1MOTIVE WITH
    R2MOTIVE           0.519      0.044     11.926      0.000
    KR3MOTIV           0.311      0.073      4.240      0.000

 R2MOTIVE WITH
    KR3MOTIV           0.341      0.061      5.576      0.000

 R1PRSIST WITH
    R2PRSIST           0.313      0.244      1.281      0.200
    KR3PRSST          -0.206      0.209     -0.986      0.324

 R2PRSIST WITH
    KR3PRSST          -0.077      0.166     -0.462      0.644

 Intercepts
    A1WJAPW           15.397      0.464     33.187      0.000
    A2WJAPW           20.042      0.794     25.228      0.000
    A3WJAPW           19.944      0.905     22.043      0.000
    A1PPVT4W           6.610      0.276     23.989      0.000
    A2PPVT4W           8.327      0.298     27.920      0.000
    A3PPVT4W           9.804      0.477     20.573      0.000
    A1CSR              3.648      0.132     27.621      0.000
    A2CSR              3.611      0.148     24.452      0.000
    A3CSR              3.869      0.235     16.445      0.000
    R1ATTUDE           5.858      0.165     35.458      0.000
    R1MOTIVE           5.630      0.204     27.621      0.000
    R1PRSIST           5.706      0.208     27.393      0.000
    R2ATTUDE           5.632      0.266     21.207      0.000
    R2MOTIVE           5.335      0.221     24.172      0.000
    R2PRSIST           5.606      0.247     22.675      0.000
    KR3MOTIV           4.234      0.202     20.972      0.000
    KR3PRSST           4.368      0.173     25.266      0.000
    KR3ATUDE           5.127      0.260     19.692      0.000

 Variances
    COG1               1.000      0.000    999.000    999.000
    COG2               1.000      0.000    999.000    999.000
    COG3               1.000      0.000    999.000    999.000
    ATL1               1.000      0.000    999.000    999.000
    ATL2               1.000      0.000    999.000    999.000
    ATL3               1.000      0.000    999.000    999.000

 Residual Variances
    A1WJAPW            0.842      0.061     13.828      0.000
    A2WJAPW            0.289      0.046      6.273      0.000
    A3WJAPW            0.379      0.080      4.747      0.000
    A1PPVT4W           0.391      0.057      6.838      0.000
    A2PPVT4W           0.438      0.046      9.503      0.000
    A3PPVT4W           0.502      0.047     10.646      0.000
    A1CSR              0.703      0.055     12.788      0.000
    A2CSR              0.799      0.043     18.520      0.000
    A3CSR              0.843      0.047     17.960      0.000
    R1ATTUDE           0.330      0.035      9.541      0.000
    R1MOTIVE           0.624      0.050     12.612      0.000
    R1PRSIST           0.107      0.042      2.576      0.010
    R2ATTUDE           0.329      0.040      8.155      0.000
    R2MOTIVE           0.453      0.047      9.682      0.000
    R2PRSIST           0.115      0.071      1.633      0.102
    KR3MOTIV           0.427      0.036     11.957      0.000
    KR3PRSST           0.153      0.041      3.703      0.000
    KR3ATUDE           0.305      0.041      7.498      0.000


STDY Standardization

                                                    Two-Tailed
                    Estimate       S.E.  Est./S.E.    P-Value

 COG1     BY
    A1WJAPW            0.398      0.076      5.207      0.000
    A1PPVT4W           0.780      0.037     21.308      0.000
    A1CSR              0.545      0.050     10.787      0.000

 COG2     BY
    A2WJAPW            0.843      0.027     30.790      0.000
    A2PPVT4W           0.750      0.031     24.368      0.000
    A2CSR              0.448      0.048      9.317      0.000

 COG3     BY
    A3WJAPW            0.788      0.051     15.576      0.000
    A3PPVT4W           0.706      0.033     21.117      0.000
    A3CSR              0.396      0.059      6.679      0.000

 ATL1     BY
    R1ATTUDE           0.818      0.021     38.659      0.000
    R1MOTIVE           0.613      0.040     15.167      0.000
    R1PRSIST           0.945      0.022     42.826      0.000

 ATL2     BY
    R2ATTUDE           0.819      0.025     33.279      0.000
    R2MOTIVE           0.740      0.032     23.406      0.000
    R2PRSIST           0.941      0.038     25.025      0.000

 ATL3     BY
    KR3ATUDE           0.834      0.024     34.160      0.000
    KR3MOTIV           0.757      0.024     32.125      0.000
    KR3PRSST           0.921      0.022     41.116      0.000

 COG2     WITH
    COG1               0.858      0.051     16.900      0.000

 COG3     WITH
    COG1               0.754      0.077      9.819      0.000
    COG2               0.854      0.044     19.542      0.000

 ATL1     WITH
    COG1               0.396      0.054      7.326      0.000
    COG2               0.385      0.051      7.491      0.000
    COG3               0.395      0.064      6.200      0.000

 ATL2     WITH
    COG1               0.335      0.061      5.500      0.000
    COG2               0.333      0.049      6.802      0.000
    COG3               0.357      0.059      6.084      0.000
    ATL1               0.683      0.036     18.878      0.000

 ATL3     WITH
    COG1               0.418      0.072      5.818      0.000
    COG2               0.374      0.063      5.895      0.000
    COG3               0.416      0.070      5.982      0.000
    ATL1               0.463      0.050      9.172      0.000
    ATL2               0.398      0.060      6.680      0.000

 A1WJAPW  WITH
    A2WJAPW            0.195      0.070      2.807      0.005
    A3WJAPW            0.062      0.090      0.689      0.491

 A2WJAPW  WITH
    A3WJAPW            0.204      0.111      1.837      0.066

 A1PPVT4W WITH
    A2PPVT4W           0.449      0.066      6.793      0.000
    A3PPVT4W           0.330      0.077      4.293      0.000

 A2PPVT4W WITH
    A3PPVT4W           0.513      0.038     13.652      0.000

 A1CSR    WITH
    A2CSR              0.230      0.056      4.087      0.000
    A3CSR              0.138      0.078      1.764      0.078

 A2CSR    WITH
    A3CSR              0.229      0.057      4.011      0.000

 R1ATTUDE WITH
    R2ATTUDE           0.419      0.066      6.314      0.000
    KR3ATUDE           0.234      0.078      2.989      0.003

 R2ATTUDE WITH
    KR3ATUDE           0.193      0.070      2.771      0.006

 R1MOTIVE WITH
    R2MOTIVE           0.519      0.044     11.926      0.000
    KR3MOTIV           0.311      0.073      4.240      0.000

 R2MOTIVE WITH
    KR3MOTIV           0.341      0.061      5.576      0.000

 R1PRSIST WITH
    R2PRSIST           0.313      0.244      1.281      0.200
    KR3PRSST          -0.206      0.209     -0.986      0.324

 R2PRSIST WITH
    KR3PRSST          -0.077      0.166     -0.462      0.644

 Intercepts
    A1WJAPW           15.397      0.464     33.187      0.000
    A2WJAPW           20.042      0.794     25.228      0.000
    A3WJAPW           19.944      0.905     22.043      0.000
    A1PPVT4W           6.610      0.276     23.989      0.000
    A2PPVT4W           8.327      0.298     27.920      0.000
    A3PPVT4W           9.804      0.477     20.573      0.000
    A1CSR              3.648      0.132     27.621      0.000
    A2CSR              3.611      0.148     24.452      0.000
    A3CSR              3.869      0.235     16.445      0.000
    R1ATTUDE           5.858      0.165     35.458      0.000
    R1MOTIVE           5.630      0.204     27.621      0.000
    R1PRSIST           5.706      0.208     27.393      0.000
    R2ATTUDE           5.632      0.266     21.207      0.000
    R2MOTIVE           5.335      0.221     24.172      0.000
    R2PRSIST           5.606      0.247     22.675      0.000
    KR3MOTIV           4.234      0.202     20.972      0.000
    KR3PRSST           4.368      0.173     25.266      0.000
    KR3ATUDE           5.127      0.260     19.692      0.000

 Variances
    COG1               1.000      0.000    999.000    999.000
    COG2               1.000      0.000    999.000    999.000
    COG3               1.000      0.000    999.000    999.000
    ATL1               1.000      0.000    999.000    999.000
    ATL2               1.000      0.000    999.000    999.000
    ATL3               1.000      0.000    999.000    999.000

 Residual Variances
    A1WJAPW            0.842      0.061     13.828      0.000
    A2WJAPW            0.289      0.046      6.273      0.000
    A3WJAPW            0.379      0.080      4.747      0.000
    A1PPVT4W           0.391      0.057      6.838      0.000
    A2PPVT4W           0.438      0.046      9.503      0.000
    A3PPVT4W           0.502      0.047     10.646      0.000
    A1CSR              0.703      0.055     12.788      0.000
    A2CSR              0.799      0.043     18.520      0.000
    A3CSR              0.843      0.047     17.960      0.000
    R1ATTUDE           0.330      0.035      9.541      0.000
    R1MOTIVE           0.624      0.050     12.612      0.000
    R1PRSIST           0.107      0.042      2.576      0.010
    R2ATTUDE           0.329      0.040      8.155      0.000
    R2MOTIVE           0.453      0.047      9.682      0.000
    R2PRSIST           0.115      0.071      1.633      0.102
    KR3MOTIV           0.427      0.036     11.957      0.000
    KR3PRSST           0.153      0.041      3.703      0.000
    KR3ATUDE           0.305      0.041      7.498      0.000


STD Standardization

                                                    Two-Tailed
                    Estimate       S.E.  Est./S.E.    P-Value

 COG1     BY
    A1WJAPW            0.987      0.200      4.929      0.000
    A1PPVT4W           1.280      0.086     14.918      0.000
    A1CSR              9.437      1.037      9.098      0.000

 COG2     BY
    A2WJAPW            1.679      0.101     16.562      0.000
    A2PPVT4W           1.066      0.076     14.085      0.000
    A2CSR              7.711      0.936      8.241      0.000

 COG3     BY
    A3WJAPW            1.688      0.127     13.307      0.000
    A3PPVT4W           0.975      0.076     12.745      0.000
    A3CSR              6.754      0.982      6.879      0.000

 ATL1     BY
    R1ATTUDE           7.255      0.291     24.895      0.000
    R1MOTIVE           5.718      0.431     13.275      0.000
    R1PRSIST           8.659      0.407     21.266      0.000

 ATL2     BY
    R2ATTUDE           7.615      0.423     18.007      0.000
    R2MOTIVE           7.319      0.482     15.195      0.000
    R2PRSIST           8.835      0.551     16.033      0.000

 ATL3     BY
    KR3ATUDE           8.241      0.530     15.558      0.000
    KR3MOTIV           8.995      0.495     18.159      0.000
    KR3PRSST          10.399      0.469     22.195      0.000

 COG2     WITH
    COG1               0.858      0.051     16.900      0.000

 COG3     WITH
    COG1               0.754      0.077      9.819      0.000
    COG2               0.854      0.044     19.542      0.000

 ATL1     WITH
    COG1               0.396      0.054      7.326      0.000
    COG2               0.385      0.051      7.491      0.000
    COG3               0.395      0.064      6.200      0.000

 ATL2     WITH
    COG1               0.335      0.061      5.500      0.000
    COG2               0.333      0.049      6.802      0.000
    COG3               0.357      0.059      6.084      0.000
    ATL1               0.683      0.036     18.878      0.000

 ATL3     WITH
    COG1               0.418      0.072      5.818      0.000
    COG2               0.374      0.063      5.895      0.000
    COG3               0.416      0.070      5.982      0.000
    ATL1               0.463      0.050      9.172      0.000
    ATL2               0.398      0.060      6.680      0.000

 A1WJAPW  WITH
    A2WJAPW            0.476      0.180      2.645      0.008
    A3WJAPW            0.186      0.287      0.649      0.516

 A2WJAPW  WITH
    A3WJAPW            0.288      0.189      1.528      0.126

 A1PPVT4W WITH
    A2PPVT4W           0.434      0.077      5.619      0.000
    A3PPVT4W           0.332      0.077      4.303      0.000

 A2PPVT4W WITH
    A3PPVT4W           0.473      0.051      9.227      0.000

 A1CSR    WITH
    A2CSR             51.423     14.058      3.658      0.000
    A3CSR             31.462     18.532      1.698      0.090

 A2CSR    WITH
    A3CSR             55.060     16.469      3.343      0.001

 R1ATTUDE WITH
    R2ATTUDE          11.383      2.352      4.839      0.000
    KR3ATUDE           6.513      2.248      2.897      0.004

 R2ATTUDE WITH
    KR3ATUDE           5.611      2.151      2.608      0.009

 R1MOTIVE WITH
    R2MOTIVE          25.494      3.836      6.645      0.000
    KR3MOTIV          17.792      4.343      4.097      0.000

 R2MOTIVE WITH
    KR3MOTIV          17.620      3.492      5.046      0.000

 R1PRSIST WITH
    R2PRSIST           3.003      3.484      0.862      0.389
    KR3PRSST          -2.728      2.535     -1.076      0.282

 R2PRSIST WITH
    KR3PRSST          -1.080      2.258     -0.478      0.632

 Intercepts
    A1WJAPW           38.174      0.164    232.103      0.000
    A2WJAPW           39.918      0.122    326.527      0.000
    A3WJAPW           42.700      0.131    325.761      0.000
    A1PPVT4W          10.844      0.089    122.124      0.000
    A2PPVT4W          11.844      0.099    119.672      0.000
    A3PPVT4W          13.546      0.096    141.440      0.000
    A1CSR             63.216      0.841     75.175      0.000
    A2CSR             62.107      1.036     59.958      0.000
    A3CSR             65.983      1.290     51.131      0.000
    R1ATTUDE          51.943      0.340    152.702      0.000
    R1MOTIVE          52.537      0.412    127.391      0.000
    R1PRSIST          52.295      0.390    133.940      0.000
    R2ATTUDE          52.350      0.544     96.182      0.000
    R2MOTIVE          52.781      0.586     90.034      0.000
    R2PRSIST          52.664      0.575     91.549      0.000
    KR3MOTIV          50.299      0.761     66.109      0.000
    KR3PRSST          49.348      0.711     69.428      0.000
    KR3ATUDE          50.686      0.546     92.755      0.000

 Variances
    COG1               1.000      0.000    999.000    999.000
    COG2               1.000      0.000    999.000    999.000
    COG3               1.000      0.000    999.000    999.000
    ATL1               1.000      0.000    999.000    999.000
    ATL2               1.000      0.000    999.000    999.000
    ATL3               1.000      0.000    999.000    999.000

 Residual Variances
    A1WJAPW            5.173      0.415     12.460      0.000
    A2WJAPW            1.148      0.170      6.739      0.000
    A3WJAPW            1.736      0.410      4.231      0.000
    A1PPVT4W           1.052      0.156      6.757      0.000
    A2PPVT4W           0.887      0.064     13.950      0.000
    A3PPVT4W           0.958      0.098      9.747      0.000
    A1CSR            211.182     15.348     13.759      0.000
    A2CSR            236.363     16.458     14.362      0.000
    A3CSR            245.303     28.531      8.598      0.000
    R1ATTUDE          25.981      2.711      9.582      0.000
    R1MOTIVE          54.382      5.513      9.864      0.000
    R1PRSIST           9.019      3.361      2.683      0.007
    R2ATTUDE          28.416      3.551      8.002      0.000
    R2MOTIVE          44.319      4.179     10.604      0.000
    R2PRSIST          10.188      6.053      1.683      0.092
    KR3MOTIV          60.238      5.664     10.636      0.000
    KR3PRSST          19.481      5.230      3.725      0.000
    KR3ATUDE          29.812      3.551      8.396      0.000


R-SQUARE

    Observed                                        Two-Tailed
    Variable        Estimate       S.E.  Est./S.E.    P-Value

    A1WJAPW            0.158      0.061      2.604      0.009
    A2WJAPW            0.711      0.046     15.395      0.000
    A3WJAPW            0.621      0.080      7.788      0.000
    A1PPVT4W           0.609      0.057     10.654      0.000
    A2PPVT4W           0.562      0.046     12.184      0.000
    A3PPVT4W           0.498      0.047     10.558      0.000
    A1CSR              0.297      0.055      5.393      0.000
    A2CSR              0.201      0.043      4.658      0.000
    A3CSR              0.157      0.047      3.340      0.001
    R1ATTUDE           0.670      0.035     19.329      0.000
    R1MOTIVE           0.376      0.050      7.583      0.000
    R1PRSIST           0.893      0.042     21.413      0.000
    R2ATTUDE           0.671      0.040     16.639      0.000
    R2MOTIVE           0.547      0.047     11.703      0.000
    R2PRSIST           0.885      0.071     12.512      0.000
    KR3MOTIV           0.573      0.036     16.062      0.000
    KR3PRSST           0.847      0.041     20.558      0.000
    KR3ATUDE           0.695      0.041     17.080      0.000


QUALITY OF NUMERICAL RESULTS

     Condition Number for the Information Matrix              0.106E-05
       (ratio of smallest to largest eigenvalue)


MODEL MODIFICATION INDICES

NOTE:  Modification indices for direct effects of observed dependent variables
regressed on covariates may not be included.  To include these, request
MODINDICES (ALL).

Minimum M.I. value for printing the modification index    10.000

                                   M.I.     E.P.C.  Std E.P.C.  StdYX E.P.C.

BY Statements

COG2     BY A1CSR                 10.676   -11.657    -11.657       -0.673
ATL1     BY A3CSR                 16.248     3.818      3.818        0.224
ATL2     BY A1PPVT4W              10.020    -0.332     -0.332       -0.202
ATL2     BY A1CSR                 12.078     3.037      3.037        0.175
ATL2     BY A2CSR                 12.912     2.994      2.994        0.174
ATL2     BY A3CSR                 10.745     3.041      3.041        0.178
ATL3     BY A3CSR                 10.738     3.643      3.643        0.214


TECHNICAL 1 OUTPUT


     PARAMETER SPECIFICATION


           NU
              A1WJAPW       A2WJAPW       A3WJAPW       A1PPVT4W      A2PPVT4W
              ________      ________      ________      ________      ________
      1           1             2             3             4             5


           NU
              A3PPVT4W      A1CSR         A2CSR         A3CSR         R1ATTUDE
              ________      ________      ________      ________      ________
      1           6             7             8             9            10


           NU
              R1MOTIVE      R1PRSIST      R2ATTUDE      R2MOTIVE      R2PRSIST
              ________      ________      ________      ________      ________
      1          11            12            13            14            15


           NU
              KR3MOTIV      KR3PRSST      KR3ATUDE
              ________      ________      ________
      1          16            17            18


           LAMBDA
              COG1          COG2          COG3          ATL1          ATL2
              ________      ________      ________      ________      ________
 A1WJAPW           19             0             0             0             0
 A2WJAPW            0            20             0             0             0
 A3WJAPW            0             0            21             0             0
 A1PPVT4W          22             0             0             0             0
 A2PPVT4W           0            23             0             0             0
 A3PPVT4W           0             0            24             0             0
 A1CSR             25             0             0             0             0
 A2CSR              0            26             0             0             0
 A3CSR              0             0            27             0             0
 R1ATTUDE           0             0             0            28             0
 R1MOTIVE           0             0             0            29             0
 R1PRSIST           0             0             0            30             0
 R2ATTUDE           0             0             0             0            31
 R2MOTIVE           0             0             0             0            32
 R2PRSIST           0             0             0             0            33
 KR3MOTIV           0             0             0             0             0
 KR3PRSST           0             0             0             0             0
 KR3ATUDE           0             0             0             0             0


           LAMBDA
              ATL3
              ________
 A1WJAPW            0
 A2WJAPW            0
 A3WJAPW            0
 A1PPVT4W           0
 A2PPVT4W           0
 A3PPVT4W           0
 A1CSR              0
 A2CSR              0
 A3CSR              0
 R1ATTUDE           0
 R1MOTIVE           0
 R1PRSIST           0
 R2ATTUDE           0
 R2MOTIVE           0
 R2PRSIST           0
 KR3MOTIV          34
 KR3PRSST          35
 KR3ATUDE          36


           THETA
              A1WJAPW       A2WJAPW       A3WJAPW       A1PPVT4W      A2PPVT4W
              ________      ________      ________      ________      ________
 A1WJAPW           37
 A2WJAPW           38            39
 A3WJAPW           40            41            42
 A1PPVT4W           0             0             0            43
 A2PPVT4W           0             0             0            44            45
 A3PPVT4W           0             0             0            46            47
 A1CSR              0             0             0             0             0
 A2CSR              0             0             0             0             0
 A3CSR              0             0             0             0             0
 R1ATTUDE           0             0             0             0             0
 R1MOTIVE           0             0             0             0             0
 R1PRSIST           0             0             0             0             0
 R2ATTUDE           0             0             0             0             0
 R2MOTIVE           0             0             0             0             0
 R2PRSIST           0             0             0             0             0
 KR3MOTIV           0             0             0             0             0
 KR3PRSST           0             0             0             0             0
 KR3ATUDE           0             0             0             0             0


           THETA
              A3PPVT4W      A1CSR         A2CSR         A3CSR         R1ATTUDE
              ________      ________      ________      ________      ________
 A3PPVT4W          48
 A1CSR              0            49
 A2CSR              0            50            51
 A3CSR              0            52            53            54
 R1ATTUDE           0             0             0             0            55
 R1MOTIVE           0             0             0             0             0
 R1PRSIST           0             0             0             0             0
 R2ATTUDE           0             0             0             0            58
 R2MOTIVE           0             0             0             0             0
 R2PRSIST           0             0             0             0             0
 KR3MOTIV           0             0             0             0             0
 KR3PRSST           0             0             0             0             0
 KR3ATUDE           0             0             0             0            70


           THETA
              R1MOTIVE      R1PRSIST      R2ATTUDE      R2MOTIVE      R2PRSIST
              ________      ________      ________      ________      ________
 R1MOTIVE          56
 R1PRSIST           0            57
 R2ATTUDE           0             0            59
 R2MOTIVE          60             0             0            61
 R2PRSIST           0            62             0             0            63
 KR3MOTIV          64             0             0            65             0
 KR3PRSST           0            67             0             0            68
 KR3ATUDE           0             0            71             0             0


           THETA
              KR3MOTIV      KR3PRSST      KR3ATUDE
              ________      ________      ________
 KR3MOTIV          66
 KR3PRSST           0            69
 KR3ATUDE           0             0            72


           ALPHA
              COG1          COG2          COG3          ATL1          ATL2
              ________      ________      ________      ________      ________
      1           0             0             0             0             0


           ALPHA
              ATL3
              ________
      1           0


           BETA
              COG1          COG2          COG3          ATL1          ATL2
              ________      ________      ________      ________      ________
 COG1               0             0             0             0             0
 COG2               0             0             0             0             0
 COG3               0             0             0             0             0
 ATL1               0             0             0             0             0
 ATL2               0             0             0             0             0
 ATL3               0             0             0             0             0


           BETA
              ATL3
              ________
 COG1               0
 COG2               0
 COG3               0
 ATL1               0
 ATL2               0
 ATL3               0


           PSI
              COG1          COG2          COG3          ATL1          ATL2
              ________      ________      ________      ________      ________
 COG1               0
 COG2              73             0
 COG3              74            75             0
 ATL1              76            77            78             0
 ATL2              79            80            81            82             0
 ATL3              83            84            85            86            87


           PSI
              ATL3
              ________
 ATL3               0


     STARTING VALUES


           NU
              A1WJAPW       A2WJAPW       A3WJAPW       A1PPVT4W      A2PPVT4W
              ________      ________      ________      ________      ________
      1        38.216        39.968        42.692        10.847        11.850


           NU
              A3PPVT4W      A1CSR         A2CSR         A3CSR         R1ATTUDE
              ________      ________      ________      ________      ________
      1        13.538        63.208        62.124        65.926        51.947


           NU
              R1MOTIVE      R1PRSIST      R2ATTUDE      R2MOTIVE      R2PRSIST
              ________      ________      ________      ________      ________
      1        52.577        52.315        52.435        52.908        52.741


           NU
              KR3MOTIV      KR3PRSST      KR3ATUDE
              ________      ________      ________
      1        50.350        49.622        50.896


           LAMBDA
              COG1          COG2          COG3          ATL1          ATL2
              ________      ________      ________      ________      ________
 A1WJAPW        1.000         0.000         0.000         0.000         0.000
 A2WJAPW        0.000         1.000         0.000         0.000         0.000
 A3WJAPW        0.000         0.000         1.000         0.000         0.000
 A1PPVT4W       1.000         0.000         0.000         0.000         0.000
 A2PPVT4W       0.000         1.000         0.000         0.000         0.000
 A3PPVT4W       0.000         0.000         1.000         0.000         0.000
 A1CSR          1.000         0.000         0.000         0.000         0.000
 A2CSR          0.000         1.000         0.000         0.000         0.000
 A3CSR          0.000         0.000         1.000         0.000         0.000
 R1ATTUDE       0.000         0.000         0.000         1.000         0.000
 R1MOTIVE       0.000         0.000         0.000         1.000         0.000
 R1PRSIST       0.000         0.000         0.000         1.000         0.000
 R2ATTUDE       0.000         0.000         0.000         0.000         1.000
 R2MOTIVE       0.000         0.000         0.000         0.000         1.000
 R2PRSIST       0.000         0.000         0.000         0.000         1.000
 KR3MOTIV       0.000         0.000         0.000         0.000         0.000
 KR3PRSST       0.000         0.000         0.000         0.000         0.000
 KR3ATUDE       0.000         0.000         0.000         0.000         0.000


           LAMBDA
              ATL3
              ________
 A1WJAPW        0.000
 A2WJAPW        0.000
 A3WJAPW        0.000
 A1PPVT4W       0.000
 A2PPVT4W       0.000
 A3PPVT4W       0.000
 A1CSR          0.000
 A2CSR          0.000
 A3CSR          0.000
 R1ATTUDE       0.000
 R1MOTIVE       0.000
 R1PRSIST       0.000
 R2ATTUDE       0.000
 R2MOTIVE       0.000
 R2PRSIST       0.000
 KR3MOTIV       1.000
 KR3PRSST       1.000
 KR3ATUDE       1.000


           THETA
              A1WJAPW       A2WJAPW       A3WJAPW       A1PPVT4W      A2PPVT4W
              ________      ________      ________      ________      ________
 A1WJAPW        3.061
 A2WJAPW        0.000         1.924
 A3WJAPW        0.000         0.000         2.294
 A1PPVT4W       0.000         0.000         0.000         1.332
 A2PPVT4W       0.000         0.000         0.000         0.000         1.009
 A3PPVT4W       0.000         0.000         0.000         0.000         0.000
 A1CSR          0.000         0.000         0.000         0.000         0.000
 A2CSR          0.000         0.000         0.000         0.000         0.000
 A3CSR          0.000         0.000         0.000         0.000         0.000
 R1ATTUDE       0.000         0.000         0.000         0.000         0.000
 R1MOTIVE       0.000         0.000         0.000         0.000         0.000
 R1PRSIST       0.000         0.000         0.000         0.000         0.000
 R2ATTUDE       0.000         0.000         0.000         0.000         0.000
 R2MOTIVE       0.000         0.000         0.000         0.000         0.000
 R2PRSIST       0.000         0.000         0.000         0.000         0.000
 KR3MOTIV       0.000         0.000         0.000         0.000         0.000
 KR3PRSST       0.000         0.000         0.000         0.000         0.000
 KR3ATUDE       0.000         0.000         0.000         0.000         0.000


           THETA
              A3PPVT4W      A1CSR         A2CSR         A3CSR         R1ATTUDE
              ________      ________      ________      ________      ________
 A3PPVT4W       0.955
 A1CSR          0.000       150.226
 A2CSR          0.000         0.000       147.166
 A3CSR          0.000         0.000         0.000       146.195
 R1ATTUDE       0.000         0.000         0.000         0.000        39.209
 R1MOTIVE       0.000         0.000         0.000         0.000         0.000
 R1PRSIST       0.000         0.000         0.000         0.000         0.000
 R2ATTUDE       0.000         0.000         0.000         0.000         0.000
 R2MOTIVE       0.000         0.000         0.000         0.000         0.000
 R2PRSIST       0.000         0.000         0.000         0.000         0.000
 KR3MOTIV       0.000         0.000         0.000         0.000         0.000
 KR3PRSST       0.000         0.000         0.000         0.000         0.000
 KR3ATUDE       0.000         0.000         0.000         0.000         0.000


           THETA
              R1MOTIVE      R1PRSIST      R2ATTUDE      R2MOTIVE      R2PRSIST
              ________      ________      ________      ________      ________
 R1MOTIVE      42.930
 R1PRSIST       0.000        42.473
 R2ATTUDE       0.000         0.000        42.749
 R2MOTIVE       0.000         0.000         0.000        46.635
 R2PRSIST       0.000         0.000         0.000         0.000        43.662
 KR3MOTIV       0.000         0.000         0.000         0.000         0.000
 KR3PRSST       0.000         0.000         0.000         0.000         0.000
 KR3ATUDE       0.000         0.000         0.000         0.000         0.000


           THETA
              KR3MOTIV      KR3PRSST      KR3ATUDE
              ________      ________      ________
 KR3MOTIV      67.704
 KR3PRSST       0.000        62.138
 KR3ATUDE       0.000         0.000        47.489


           ALPHA
              COG1          COG2          COG3          ATL1          ATL2
              ________      ________      ________      ________      ________
      1         0.000         0.000         0.000         0.000         0.000


           ALPHA
              ATL3
              ________
      1         0.000


           BETA
              COG1          COG2          COG3          ATL1          ATL2
              ________      ________      ________      ________      ________
 COG1           0.000         0.000         0.000         0.000         0.000
 COG2           0.000         0.000         0.000         0.000         0.000
 COG3           0.000         0.000         0.000         0.000         0.000
 ATL1           0.000         0.000         0.000         0.000         0.000
 ATL2           0.000         0.000         0.000         0.000         0.000
 ATL3           0.000         0.000         0.000         0.000         0.000


           BETA
              ATL3
              ________
 COG1           0.000
 COG2           0.000
 COG3           0.000
 ATL1           0.000
 ATL2           0.000
 ATL3           0.000


           PSI
              COG1          COG2          COG3          ATL1          ATL2
              ________      ________      ________      ________      ________
 COG1           1.000
 COG2           0.000         1.000
 COG3           0.000         0.000         1.000
 ATL1           0.000         0.000         0.000         1.000
 ATL2           0.000         0.000         0.000         0.000         1.000
 ATL3           0.000         0.000         0.000         0.000         0.000


           PSI
              ATL3
              ________
 ATL3           1.000


DIAGRAM INFORMATION

  Use View Diagram under the Diagram menu in the Mplus Editor to view the diagram.
  If running Mplus from the Mplus Diagrammer, the diagram opens automatically.

  Diagram output
    c:\users\bfoste01\dropbox\new_faces\faces_project_r\weighted_3\all-set\invariance-10-30-14\no-co

     Beginning Time:  10:35:19
        Ending Time:  10:35:19
       Elapsed Time:  00:00:00



MUTHEN & MUTHEN
3463 Stoner Ave.
Los Angeles, CA  90066

Tel: (310) 391-9971
Fax: (310) 391-8971
Web: www.StatModel.com
Support: Support@StatModel.com

Copyright (c) 1998-2014 Muthen & Muthen
