Mplus VERSION 7.3
MUTHEN & MUTHEN
10/30/2014  10:55 AM

INPUT INSTRUCTIONS

    TITLE: Strong Invariance 1 freed wjap at time 1 freed A1CSR t1
    DATA: FILE = "moderation.4.dat";
    DEFINE: A1PPVT4W = A1PPVT4W/10;
            A1WJLWW = A1WJLWW/10;
            A2PPVT4W = A2PPVT4W/10;
            A2WJLWW = A2WJLWW/10;
            A3PPVT4W = A3PPVT4W/10;
            A3WJLWW = A3WJLWW/10;
            A1WJAPW = A1WJAPW/10;
            A2WJAPW = A2WJAPW/10;
            A3WJAPW = A3WJAPW/10;
    VARIABLE:
    NAMES = A1PPVT4W A1WJAPW A1WJLWW A1CSR A1ECMIRT A1WJSW R1ATTUDE R1MOTIVE R1PRSIST
         A2PPVT4W A2WJAPW A2WJLWW A2CSR A2ECMIRT A2WJSW R2ATTUDE R2MOTIVE R2PRSIST
         A3PPVT4W A3WJAPW A3WJLWW A3CSR A3ECMIRT A3WJSW KR3ATUDE KR3MOTIV KR3PRSST
         R1TPLBS R2TPLBS KR3TPLBS STRAT PSU PRA12OTW CHGENDER P1RMOMED A1CAGE A2CAGE
         A3CAGE CRACE P1PRGTYP P2PRGTYP P3PRGTYP O2CLSSCD O2CLSSIS O2CLSSLM O2CLSSQF
         CLS1_ID CLS2_ID CLS3_ID R1BAGGR R1BWITH R1BHYPER R1ATTUDE_1 R2BAGGR R2BWITH
         R2BHYPER KR3BAGGR KR3BHYPE KR3BWITH BINAGGR1 BINWITH1 BINHYP1 BINAGGR2 BINWITH2
         BINHYP2 BINAGGR3 BINWITH3 BINHYP3;
    USEVARIABLES = A1WJAPW A2WJAPW A3WJAPW A1PPVT4W A2PPVT4W A3PPVT4W A1CSR A2CSR A3CSR
         R1ATTUDE R1MOTIVE R1PRSIST R2ATTUDE R2MOTIVE R2PRSIST KR3MOTIV KR3PRSST
         KR3ATUDE STRAT PSU PRA12OTW;
    STRATIFICATION = STRAT;
    CLUSTER = PSU;
    WEIGHT = PRA12OTW;
    MISSING=.;
    ANALYSIS:
      TYPE = COMPLEX;
      ITERATIONS = 10000;
      ESTIMATOR =MLR;
    MODEL:
      cog1 BY A1WJAPW*
      A1PPVT4W(2)
      A1CSR(3);
      cog2 BY A2WJAPW*(1)
      A2PPVT4W(2)
      A2CSR(3);
      cog3 BY A3WJAPW*(1)
      A3PPVT4W(2)
      A3CSR(3);
      cog1@1.0;

      atl1 BY R1ATTUDE*(4)
      R1MOTIVE(5)
      R1PRSIST(6);
      atl2 BY R2ATTUDE*(4)
      R2MOTIVE(5)
      R2PRSIST(6);
      atl3 BY KR3ATUDE*(4)
      KR3MOTIV(5)
      KR3PRSST(6);
      atl1@1.0;

      !correlateed residuals for cognitive skills
      A1WJAPW WITH A2WJAPW A3WJAPW;
      A2WJAPW WITH A3WJAPW;
      A1PPVT4W WITH A2PPVT4W A3PPVT4W;
      A2PPVT4W WITH A3PPVT4W;
      A1CSR WITH A2CSR A3CSR;
      A2CSR WITH A3CSR;

      !correlated residuals for AtL
      R1ATTUDE WITH R2ATTUDE KR3ATUDE;
      R2ATTUDE WITH KR3ATUDE;
      R1MOTIVE WITH R2MOTIVE KR3MOTIV;
      R2MOTIVE WITH KR3MOTIV;
      R1PRSIST WITH R2PRSIST KR3PRSST;
      R2PRSIST WITH KR3PRSST;

      !intercept invariance
      [cog2 cog3];
      [atl2 atl3];
      [A1WJAPW A2WJAPW A3WJAPW](7);
      [A1PPVT4W A2PPVT4W A3PPVT4W](8);
      [A2CSR A3CSR](9);

      [R1ATTUDE R2ATTUDE KR3ATUDE](10);
      [R1MOTIVE R2MOTIVE KR3MOTIV](11);
      [R1PRSIST R2PRSIST KR3PRSST](12);

    OUTPUT:
      TECH1
      SAMPSTAT
      modindices;
      STANDARDIZED;



INPUT READING TERMINATED NORMALLY



Strong Invariance 1 freed wjap at time 1 freed A1CSR t1

SUMMARY OF ANALYSIS

Number of groups                                                 1
Number of observations                                         621

Number of dependent variables                                   18
Number of independent variables                                  0
Number of continuous latent variables                            6

Observed dependent variables

  Continuous
   A1WJAPW     A2WJAPW     A3WJAPW     A1PPVT4W    A2PPVT4W    A3PPVT4W
   A1CSR       A2CSR       A3CSR       R1ATTUDE    R1MOTIVE    R1PRSIST
   R2ATTUDE    R2MOTIVE    R2PRSIST    KR3MOTIV    KR3PRSST    KR3ATUDE

Continuous latent variables
   COG1        COG2        COG3        ATL1        ATL2        ATL3

Variables with special functions

  Stratification        STRAT
  Cluster variable      PSU
  Weight variable       PRA12OTW

Estimator                                                      MLR
Information matrix                                        OBSERVED
Maximum number of iterations                                 10000
Convergence criterion                                    0.500D-04
Maximum number of steepest descent iterations                   20
Maximum number of iterations for H1                           2000
Convergence criterion for H1                             0.100D-03

Input data file(s)
  moderation.4.dat

Input data format  FREE


SUMMARY OF DATA

     Number of missing data patterns            36
     Number of strata                      14
     Number of clusters                    60


COVARIANCE COVERAGE OF DATA

Minimum covariance coverage value   0.100


     PROPORTION OF DATA PRESENT


           Covariance Coverage
              A1WJAPW       A2WJAPW       A3WJAPW       A1PPVT4W      A2PPVT4W
              ________      ________      ________      ________      ________
 A1WJAPW        0.944
 A2WJAPW        0.921         0.971
 A3WJAPW        0.828         0.852         0.879
 A1PPVT4W       0.944         0.953         0.862         0.979
 A2PPVT4W       0.926         0.968         0.858         0.961         0.979
 A3PPVT4W       0.831         0.855         0.879         0.865         0.862
 A1CSR          0.944         0.953         0.862         0.979         0.961
 A2CSR          0.931         0.971         0.863         0.966         0.979
 A3CSR          0.831         0.855         0.879         0.865         0.862
 R1ATTUDE       0.910         0.934         0.842         0.944         0.942
 R1MOTIVE       0.910         0.934         0.842         0.944         0.942
 R1PRSIST       0.910         0.934         0.842         0.944         0.942
 R2ATTUDE       0.890         0.919         0.836         0.926         0.928
 R2MOTIVE       0.890         0.919         0.836         0.926         0.928
 R2PRSIST       0.890         0.919         0.836         0.926         0.928
 KR3MOTIV       0.657         0.663         0.586         0.676         0.668
 KR3PRSST       0.657         0.663         0.586         0.676         0.668
 KR3ATUDE       0.657         0.663         0.586         0.676         0.668


           Covariance Coverage
              A3PPVT4W      A1CSR         A2CSR         A3CSR         R1ATTUDE
              ________      ________      ________      ________      ________
 A3PPVT4W       0.882
 A1CSR          0.865         0.979
 A2CSR          0.866         0.966         0.984
 A3CSR          0.882         0.865         0.866         0.882
 R1ATTUDE       0.845         0.944         0.947         0.845         0.961
 R1MOTIVE       0.845         0.944         0.947         0.845         0.961
 R1PRSIST       0.845         0.944         0.947         0.845         0.961
 R2ATTUDE       0.837         0.926         0.932         0.837         0.921
 R2MOTIVE       0.837         0.926         0.932         0.837         0.921
 R2PRSIST       0.837         0.926         0.932         0.837         0.921
 KR3MOTIV       0.589         0.676         0.671         0.589         0.667
 KR3PRSST       0.589         0.676         0.671         0.589         0.667
 KR3ATUDE       0.589         0.676         0.671         0.589         0.667


           Covariance Coverage
              R1MOTIVE      R1PRSIST      R2ATTUDE      R2MOTIVE      R2PRSIST
              ________      ________      ________      ________      ________
 R1MOTIVE       0.961
 R1PRSIST       0.961         0.961
 R2ATTUDE       0.921         0.921         0.947
 R2MOTIVE       0.921         0.921         0.947         0.947
 R2PRSIST       0.921         0.921         0.947         0.947         0.947
 KR3MOTIV       0.667         0.667         0.647         0.647         0.647
 KR3PRSST       0.667         0.667         0.647         0.647         0.647
 KR3ATUDE       0.667         0.667         0.647         0.647         0.647


           Covariance Coverage
              KR3MOTIV      KR3PRSST      KR3ATUDE
              ________      ________      ________
 KR3MOTIV       0.683
 KR3PRSST       0.683         0.683
 KR3ATUDE       0.683         0.683         0.683


SAMPLE STATISTICS


     ESTIMATED SAMPLE STATISTICS


           Means
              A1WJAPW       A2WJAPW       A3WJAPW       A1PPVT4W      A2PPVT4W
              ________      ________      ________      ________      ________
      1        38.170        39.924        42.704        10.845        11.844


           Means
              A3PPVT4W      A1CSR         A2CSR         A3CSR         R1ATTUDE
              ________      ________      ________      ________      ________
      1        13.552        63.253        62.104        65.938        51.947


           Means
              R1MOTIVE      R1PRSIST      R2ATTUDE      R2MOTIVE      R2PRSIST
              ________      ________      ________      ________      ________
      1        52.518        52.295        52.374        52.808        52.681


           Means
              KR3MOTIV      KR3PRSST      KR3ATUDE
              ________      ________      ________
      1        50.250        49.368        50.708


           Covariances
              A1WJAPW       A2WJAPW       A3WJAPW       A1PPVT4W      A2PPVT4W
              ________      ________      ________      ________      ________
 A1WJAPW        6.161
 A2WJAPW        1.977         3.959
 A3WJAPW        1.519         2.708         4.598
 A1PPVT4W       1.177         1.918         1.673         2.671
 A2PPVT4W       0.966         1.819         1.599         1.593         2.023
 A3PPVT4W       0.776         1.379         1.708         1.263         1.352
 A1CSR         10.783        12.000        11.006        12.027         7.549
 A2CSR          8.299        11.931        11.569         7.646         7.941
 A3CSR          5.429         9.833        10.113         7.016         5.636
 R1ATTUDE       2.784         3.177         3.766         2.344         1.811
 R1MOTIVE       3.899         4.741         5.627         3.625         3.129
 R1PRSIST       4.396         5.499         5.232         3.696         3.080
 R2ATTUDE       1.296         2.361         3.416         1.640         1.704
 R2MOTIVE       3.546         4.594         5.617         3.398         2.858
 R2PRSIST       2.874         4.730         4.889         3.144         2.799
 KR3MOTIV       5.561         6.840         7.109         4.818         2.991
 KR3PRSST       3.821         7.455         8.015         5.140         3.290
 KR3ATUDE       0.205         4.100         4.085         2.382         1.333


           Covariances
              A3PPVT4W      A1CSR         A2CSR         A3CSR         R1ATTUDE
              ________      ________      ________      ________      ________
 A3PPVT4W       1.907
 A1CSR          6.904       300.333
 A2CSR          7.160       109.665       294.414
 A3CSR          6.473        84.558       103.277       293.370
 R1ATTUDE       1.904        38.475        40.713        44.337        77.991
 R1MOTIVE       2.962        25.205        28.611        28.295        41.182
 R1PRSIST       2.797        49.753        49.244        55.328        62.675
 R2ATTUDE       2.248        38.807        48.126        46.019        48.506
 R2MOTIVE       3.112        49.551        45.364        50.955        33.514
 R2PRSIST       2.448        54.938        52.609        49.170        45.242
 KR3MOTIV       3.673        50.552        43.415        51.183        27.041
 KR3PRSST       3.135        68.265        63.876        61.285        32.474
 KR3ATUDE       1.998        41.641        38.870        51.710        32.325


           Covariances
              R1MOTIVE      R1PRSIST      R2ATTUDE      R2MOTIVE      R2PRSIST
              ________      ________      ________      ________      ________
 R1MOTIVE      85.624
 R1PRSIST      48.344        84.322
 R2ATTUDE      25.086        44.161        86.504
 R2MOTIVE      49.049        41.100        53.738        93.668
 R2PRSIST      30.264        56.091        67.517        61.764        88.411
 KR3MOTIV      36.093        38.303        19.746        35.270        27.986
 KR3PRSST      21.057        41.520        30.656        24.852        37.474
 KR3ATUDE      15.377        35.311        29.007        19.787        30.974


           Covariances
              KR3MOTIV      KR3PRSST      KR3ATUDE
              ________      ________      ________
 KR3MOTIV     137.366
 KR3PRSST      90.168       127.689
 KR3ATUDE      72.748        85.376        97.426


           Correlations
              A1WJAPW       A2WJAPW       A3WJAPW       A1PPVT4W      A2PPVT4W
              ________      ________      ________      ________      ________
 A1WJAPW        1.000
 A2WJAPW        0.400         1.000
 A3WJAPW        0.285         0.635         1.000
 A1PPVT4W       0.290         0.590         0.477         1.000
 A2PPVT4W       0.274         0.643         0.524         0.685         1.000
 A3PPVT4W       0.226         0.502         0.577         0.559         0.688
 A1CSR          0.251         0.348         0.296         0.425         0.306
 A2CSR          0.195         0.349         0.314         0.273         0.325
 A3CSR          0.128         0.289         0.275         0.251         0.231
 R1ATTUDE       0.127         0.181         0.199         0.162         0.144
 R1MOTIVE       0.170         0.257         0.284         0.240         0.238
 R1PRSIST       0.193         0.301         0.266         0.246         0.236
 R2ATTUDE       0.056         0.128         0.171         0.108         0.129
 R2MOTIVE       0.148         0.239         0.271         0.215         0.208
 R2PRSIST       0.123         0.253         0.242         0.205         0.209
 KR3MOTIV       0.191         0.293         0.283         0.252         0.179
 KR3PRSST       0.136         0.332         0.331         0.278         0.205
 KR3ATUDE       0.008         0.209         0.193         0.148         0.095


           Correlations
              A3PPVT4W      A1CSR         A2CSR         A3CSR         R1ATTUDE
              ________      ________      ________      ________      ________
 A3PPVT4W       1.000
 A1CSR          0.288         1.000
 A2CSR          0.302         0.369         1.000
 A3CSR          0.274         0.285         0.351         1.000
 R1ATTUDE       0.156         0.251         0.269         0.293         1.000
 R1MOTIVE       0.232         0.157         0.180         0.179         0.504
 R1PRSIST       0.221         0.313         0.313         0.352         0.773
 R2ATTUDE       0.175         0.241         0.302         0.289         0.591
 R2MOTIVE       0.233         0.295         0.273         0.307         0.392
 R2PRSIST       0.189         0.337         0.326         0.305         0.545
 KR3MOTIV       0.227         0.249         0.216         0.255         0.261
 KR3PRSST       0.201         0.349         0.329         0.317         0.325
 KR3ATUDE       0.147         0.243         0.230         0.306         0.371


           Correlations
              R1MOTIVE      R1PRSIST      R2ATTUDE      R2MOTIVE      R2PRSIST
              ________      ________      ________      ________      ________
 R1MOTIVE       1.000
 R1PRSIST       0.569         1.000
 R2ATTUDE       0.291         0.517         1.000
 R2MOTIVE       0.548         0.462         0.597         1.000
 R2PRSIST       0.348         0.650         0.772         0.679         1.000
 KR3MOTIV       0.333         0.356         0.181         0.311         0.254
 KR3PRSST       0.201         0.400         0.292         0.227         0.353
 KR3ATUDE       0.168         0.390         0.316         0.207         0.334


           Correlations
              KR3MOTIV      KR3PRSST      KR3ATUDE
              ________      ________      ________
 KR3MOTIV       1.000
 KR3PRSST       0.681         1.000
 KR3ATUDE       0.629         0.765         1.000


     MAXIMUM LOG-LIKELIHOOD VALUE FOR THE UNRESTRICTED (H1) MODEL IS -29803.911


UNIVARIATE HIGHER-ORDER MOMENT DESCRIPTIVE STATISTICS


     UNIVARIATE HIGHER-ORDER MOMENT DESCRIPTIVE STATISTICS

         Variable/         Mean/     Skewness/   Minimum/ % with                Percentiles
        Sample Size      Variance    Kurtosis    Maximum  Min/Max      20%/60%    40%/80%    Median

     A1WJAPW              38.216      -0.360      33.200    8.53%      35.900     37.700     38.200
             586.000       6.121      -0.390      44.400    0.17%      38.800     40.300
     A2WJAPW              39.968      -0.514      33.200    1.49%      38.800     39.300     40.300
             603.000       3.848       1.239      45.800    0.17%      40.700     41.500
     A3WJAPW              42.692      -0.685      33.200    0.18%      40.700     42.300     43.200
             546.000       4.587       1.246      48.100    0.18%      43.600     44.400
     A1PPVT4W             10.847      -0.557       3.700    0.16%       9.400     10.500     11.000
             608.000       2.664       0.548      14.600    0.16%      11.300     12.200
     A2PPVT4W             11.850      -0.299       5.700    0.16%      10.600     11.500     11.900
             608.000       2.019       0.449      16.100    0.16%      12.200     13.100
     A3PPVT4W             13.538      -0.588       5.400    0.18%      12.600     13.200     13.500
             548.000       1.910       2.523      17.000    0.18%      13.800     14.600
     A1CSR                63.208      -1.042       0.000    0.16%      50.000     60.000     65.000
             608.000     300.451       0.586      81.000   14.14%      71.000     79.000
     A2CSR                62.124      -0.690       4.000    0.16%      47.000     56.000     63.000
             611.000     294.331      -0.298      81.000   16.20%      71.000     79.000
     A3CSR                65.926      -1.108       6.000    0.36%      53.000     68.000     74.000
             548.000     292.390       0.313      81.000   25.36%      77.000     81.000
     R1ATTUDE             51.947      -1.019      17.780    0.17%      45.170     53.000     53.000
             597.000      78.419       0.437      60.830   29.82%      56.910     60.830
     R1MOTIVE             52.577      -1.360       7.130    0.17%      46.570     51.820     54.450
             597.000      85.859       2.230      62.340   17.92%      57.080     59.710
     R1PRSIST             52.315      -1.032      15.280    0.17%      43.620     51.350     53.920
             597.000      84.946       0.510      61.650   22.45%      56.500     61.650
     R2ATTUDE             52.435      -1.294      13.860    0.17%      45.170     53.000     56.910
             588.000      85.497       1.308      60.830   30.95%      56.910     60.830
     R2MOTIVE             52.908      -1.233      12.390    0.17%      43.940     51.820     54.450
             588.000      93.270       1.161      62.340   23.13%      57.080     62.340
     R2PRSIST             52.741      -1.138      20.440    0.34%      43.620     53.920     56.500
             588.000      87.325       0.676      61.650   26.87%      56.500     61.650
     KR3MOTIV             50.350      -0.969       9.760    0.24%      41.310     51.820     54.450
             424.000     135.407       0.195      62.340   23.11%      57.080     62.340
     KR3PRSST             49.622      -0.700      20.440    0.71%      38.470     48.770     51.350
             424.000     124.276      -0.465      61.650   27.59%      56.500     61.650
     KR3ATUDE             50.896      -1.118      13.860    0.47%      45.170     53.000     53.000
             424.000      94.978       0.979      60.830   28.54%      56.910     60.830


THE MODEL ESTIMATION TERMINATED NORMALLY

     THE STANDARD ERRORS OF THE MODEL PARAMETER ESTIMATES MAY NOT BE
     TRUSTWORTHY FOR SOME PARAMETERS DUE TO A NON-POSITIVE DEFINITE
     FIRST-ORDER DERIVATIVE PRODUCT MATRIX.  THIS MAY BE DUE TO THE STARTING
     VALUES BUT MAY ALSO BE AN INDICATION OF MODEL NONIDENTIFICATION.  THE
     CONDITION NUMBER IS      -0.242D-17.  PROBLEM INVOLVING THE FOLLOWING PARAMETER:
     Parameter 47, KR3PRSST

     THIS IS MOST LIKELY DUE TO HAVING MORE PARAMETERS THAN THE NUMBER
     OF CLUSTERS MINUS THE NUMBER OF STRATA WITH MORE THAN ONE CLUSTER.




MODEL FIT INFORMATION

Number of Free Parameters                       73

Loglikelihood

          H0 Value                      -29990.188
          H0 Scaling Correction Factor      2.0634
            for MLR
          H1 Value                      -29803.911
          H1 Scaling Correction Factor      1.6847
            for MLR

Information Criteria

          Akaike (AIC)                   60126.375
          Bayesian (BIC)                 60449.862
          Sample-Size Adjusted BIC       60218.099
            (n* = (n + 2) / 24)

Chi-Square Test of Model Fit

          Value                            257.581*
          Degrees of Freedom                   116
          P-Value                           0.0000
          Scaling Correction Factor         1.4464
            for MLR

*   The chi-square value for MLM, MLMV, MLR, ULSMV, WLSM and WLSMV cannot be used
    for chi-square difference testing in the regular way.  MLM, MLR and WLSM
    chi-square difference testing is described on the Mplus website.  MLMV, WLSMV,
    and ULSMV difference testing is done using the DIFFTEST option.

RMSEA (Root Mean Square Error Of Approximation)

          Estimate                           0.044
          90 Percent C.I.                    0.037  0.052
          Probability RMSEA <= .05           0.897

CFI/TLI

          CFI                                0.955
          TLI                                0.940

Chi-Square Test of Model Fit for the Baseline Model

          Value                           3281.763
          Degrees of Freedom                   153
          P-Value                           0.0000

SRMR (Standardized Root Mean Square Residual)

          Value                              0.098



MODEL RESULTS

                                                    Two-Tailed
                    Estimate       S.E.  Est./S.E.    P-Value

 COG1     BY
    A1WJAPW            0.959      0.209      4.582      0.000
    A1PPVT4W           1.362      0.085     15.983      0.000
    A1CSR              6.733      0.785      8.575      0.000

 COG2     BY
    A2WJAPW            2.264      0.127     17.886      0.000
    A2PPVT4W           1.362      0.085     15.983      0.000
    A2CSR              6.733      0.785      8.575      0.000

 COG3     BY
    A3WJAPW            2.264      0.127     17.886      0.000
    A3PPVT4W           1.362      0.085     15.983      0.000
    A3CSR              6.733      0.785      8.575      0.000

 ATL1     BY
    R1ATTUDE           6.980      0.291     23.979      0.000
    R1MOTIVE           6.694      0.305     21.948      0.000
    R1PRSIST           8.519      0.375     22.706      0.000

 ATL2     BY
    R2ATTUDE           6.980      0.291     23.979      0.000
    R2MOTIVE           6.694      0.305     21.948      0.000
    R2PRSIST           8.519      0.375     22.706      0.000

 ATL3     BY
    KR3ATUDE           6.980      0.291     23.979      0.000
    KR3MOTIV           6.694      0.305     21.948      0.000
    KR3PRSST           8.519      0.375     22.706      0.000

 COG2     WITH
    COG1               0.653      0.082      8.009      0.000

 COG3     WITH
    COG1               0.542      0.077      7.054      0.000
    COG2               0.491      0.069      7.135      0.000

 ATL1     WITH
    COG1               0.366      0.059      6.213      0.000
    COG2               0.287      0.046      6.246      0.000
    COG3               0.283      0.046      6.209      0.000

 ATL2     WITH
    COG1               0.315      0.068      4.624      0.000
    COG2               0.257      0.047      5.499      0.000
    COG3               0.265      0.056      4.697      0.000
    ATL1               0.725      0.047     15.430      0.000

 ATL3     WITH
    COG1               0.475      0.094      5.042      0.000
    COG2               0.345      0.066      5.233      0.000
    COG3               0.367      0.067      5.500      0.000
    ATL1               0.567      0.066      8.638      0.000
    ATL2               0.520      0.084      6.211      0.000

 A1WJAPW  WITH
    A2WJAPW            0.478      0.182      2.621      0.009
    A3WJAPW            0.197      0.271      0.726      0.468

 A2WJAPW  WITH
    A3WJAPW            0.183      0.183      1.000      0.317

 A1PPVT4W WITH
    A2PPVT4W           0.430      0.080      5.376      0.000
    A3PPVT4W           0.335      0.080      4.168      0.000

 A2PPVT4W WITH
    A3PPVT4W           0.488      0.054      8.998      0.000

 A1CSR    WITH
    A2CSR             63.059     15.763      4.000      0.000
    A3CSR             38.725     19.951      1.941      0.052

 A2CSR    WITH
    A3CSR             59.501     17.331      3.433      0.001

 R1ATTUDE WITH
    R2ATTUDE          11.660      2.255      5.171      0.000
    KR3ATUDE           6.316      2.285      2.764      0.006

 R2ATTUDE WITH
    KR3ATUDE           5.501      2.445      2.250      0.024

 R1MOTIVE WITH
    R2MOTIVE          25.485      3.857      6.608      0.000
    KR3MOTIV          17.270      4.449      3.882      0.000

 R2MOTIVE WITH
    KR3MOTIV          17.914      3.561      5.030      0.000

 R1PRSIST WITH
    R2PRSIST           2.711      3.260      0.832      0.406
    KR3PRSST          -2.866      2.620     -1.094      0.274

 R2PRSIST WITH
    KR3PRSST          -1.720      2.542     -0.677      0.499

 Means
    COG2               0.754      0.044     17.027      0.000
    COG3               1.975      0.098     20.187      0.000
    ATL2               0.049      0.044      1.107      0.268
    ATL3              -0.295      0.099     -2.963      0.003

 Intercepts
    A1WJAPW           38.204      0.126    302.750      0.000
    A2WJAPW           38.204      0.126    302.750      0.000
    A3WJAPW           38.204      0.126    302.750      0.000
    A1PPVT4W          10.831      0.090    120.560      0.000
    A2PPVT4W          10.831      0.090    120.560      0.000
    A3PPVT4W          10.831      0.090    120.560      0.000
    A1CSR             62.914      0.901     69.821      0.000
    A2CSR             55.008      1.186     46.398      0.000
    A3CSR             55.008      1.186     46.398      0.000
    R1ATTUDE          52.166      0.348    149.687      0.000
    R1MOTIVE          52.428      0.375    139.859      0.000
    R1PRSIST          52.154      0.399    130.865      0.000
    R2ATTUDE          52.166      0.348    149.687      0.000
    R2MOTIVE          52.428      0.375    139.859      0.000
    R2PRSIST          52.154      0.399    130.865      0.000
    KR3MOTIV          52.428      0.375    139.859      0.000
    KR3PRSST          52.154      0.399    130.865      0.000
    KR3ATUDE          52.166      0.348    149.687      0.000

 Variances
    COG1               1.000      0.000    999.000    999.000
    COG2               0.605      0.081      7.461      0.000
    COG3               0.553      0.066      8.351      0.000
    ATL1               1.000      0.000    999.000    999.000
    ATL2               1.123      0.075     14.905      0.000
    ATL3               1.503      0.133     11.261      0.000

 Residual Variances
    A1WJAPW            5.245      0.435     12.059      0.000
    A2WJAPW            0.959      0.156      6.151      0.000
    A3WJAPW            1.670      0.361      4.633      0.000
    A1PPVT4W           0.904      0.154      5.854      0.000
    A2PPVT4W           0.915      0.059     15.605      0.000
    A3PPVT4W           0.951      0.099      9.567      0.000
    A1CSR            230.120     15.253     15.087      0.000
    A2CSR            252.544     17.173     14.706      0.000
    A3CSR            259.284     30.219      8.580      0.000
    R1ATTUDE          26.015      2.211     11.767      0.000
    R1MOTIVE          54.244      5.723      9.479      0.000
    R1PRSIST          10.283      2.840      3.621      0.000
    R2ATTUDE          29.748      3.338      8.912      0.000
    R2MOTIVE          45.481      3.963     11.476      0.000
    R2PRSIST           8.084      5.173      1.563      0.118
    KR3MOTIV          62.508      6.497      9.622      0.000
    KR3PRSST          19.172      4.869      3.938      0.000
    KR3ATUDE          29.750      3.755      7.922      0.000


STANDARDIZED MODEL RESULTS


STDYX Standardization

                                                    Two-Tailed
                    Estimate       S.E.  Est./S.E.    P-Value

 COG1     BY
    A1WJAPW            0.386      0.081      4.790      0.000
    A1PPVT4W           0.820      0.035     23.668      0.000
    A1CSR              0.406      0.045      9.081      0.000

 COG2     BY
    A2WJAPW            0.874      0.021     41.003      0.000
    A2PPVT4W           0.742      0.022     33.536      0.000
    A2CSR              0.313      0.039      7.970      0.000

 COG3     BY
    A3WJAPW            0.793      0.039     20.305      0.000
    A3PPVT4W           0.720      0.025     28.954      0.000
    A3CSR              0.297      0.041      7.171      0.000

 ATL1     BY
    R1ATTUDE           0.807      0.019     43.503      0.000
    R1MOTIVE           0.673      0.029     23.470      0.000
    R1PRSIST           0.936      0.019     49.441      0.000

 ATL2     BY
    R2ATTUDE           0.805      0.020     40.759      0.000
    R2MOTIVE           0.725      0.026     28.223      0.000
    R2PRSIST           0.954      0.030     31.502      0.000

 ATL3     BY
    KR3ATUDE           0.843      0.017     49.429      0.000
    KR3MOTIV           0.720      0.027     26.715      0.000
    KR3PRSST           0.922      0.022     41.582      0.000

 COG2     WITH
    COG1               0.839      0.061     13.747      0.000

 COG3     WITH
    COG1               0.729      0.088      8.251      0.000
    COG2               0.849      0.046     18.512      0.000

 ATL1     WITH
    COG1               0.366      0.059      6.213      0.000
    COG2               0.369      0.049      7.548      0.000
    COG3               0.380      0.060      6.380      0.000

 ATL2     WITH
    COG1               0.298      0.062      4.814      0.000
    COG2               0.312      0.045      6.896      0.000
    COG3               0.336      0.059      5.709      0.000
    ATL1               0.684      0.036     18.926      0.000

 ATL3     WITH
    COG1               0.387      0.071      5.485      0.000
    COG2               0.361      0.062      5.805      0.000
    COG3               0.402      0.068      5.921      0.000
    ATL1               0.462      0.049      9.345      0.000
    ATL2               0.400      0.060      6.663      0.000

 A1WJAPW  WITH
    A2WJAPW            0.213      0.076      2.812      0.005
    A3WJAPW            0.066      0.086      0.768      0.442

 A2WJAPW  WITH
    A3WJAPW            0.144      0.127      1.137      0.256

 A1PPVT4W WITH
    A2PPVT4W           0.473      0.071      6.624      0.000
    A3PPVT4W           0.362      0.083      4.377      0.000

 A2PPVT4W WITH
    A3PPVT4W           0.523      0.038     13.783      0.000

 A1CSR    WITH
    A2CSR              0.262      0.057      4.618      0.000
    A3CSR              0.159      0.078      2.040      0.041

 A2CSR    WITH
    A3CSR              0.233      0.057      4.108      0.000

 R1ATTUDE WITH
    R2ATTUDE           0.419      0.064      6.600      0.000
    KR3ATUDE           0.227      0.081      2.788      0.005

 R2ATTUDE WITH
    KR3ATUDE           0.185      0.076      2.431      0.015

 R1MOTIVE WITH
    R2MOTIVE           0.513      0.045     11.351      0.000
    KR3MOTIV           0.297      0.076      3.906      0.000

 R2MOTIVE WITH
    KR3MOTIV           0.336      0.059      5.696      0.000

 R1PRSIST WITH
    R2PRSIST           0.297      0.245      1.213      0.225
    KR3PRSST          -0.204      0.201     -1.017      0.309

 R2PRSIST WITH
    KR3PRSST          -0.138      0.223     -0.619      0.536

 Means
    COG2               0.969      0.074     13.067      0.000
    COG3               2.657      0.163     16.301      0.000
    ATL2               0.046      0.042      1.086      0.277
    ATL3              -0.240      0.075     -3.201      0.001

 Intercepts
    A1WJAPW           15.387      0.465     33.088      0.000
    A2WJAPW           18.955      0.754     25.152      0.000
    A3WJAPW           18.003      0.794     22.671      0.000
    A1PPVT4W           6.520      0.271     24.098      0.000
    A2PPVT4W           7.588      0.240     31.620      0.000
    A3PPVT4W           7.705      0.379     20.325      0.000
    A1CSR              3.791      0.138     27.449      0.000
    A2CSR              3.287      0.123     26.816      0.000
    A3CSR              3.262      0.168     19.390      0.000
    R1ATTUDE           6.034      0.192     31.365      0.000
    R1MOTIVE           5.268      0.167     31.550      0.000
    R1PRSIST           5.729      0.217     26.415      0.000
    R2ATTUDE           5.677      0.222     25.573      0.000
    R2MOTIVE           5.357      0.179     29.946      0.000
    R2PRSIST           5.511      0.218     25.288      0.000
    KR3MOTIV           4.601      0.161     28.520      0.000
    KR3PRSST           4.605      0.187     24.687      0.000
    KR3ATUDE           5.140      0.196     26.207      0.000

 Variances
    COG1               1.000      0.000    999.000    999.000
    COG2               1.000      0.000    999.000    999.000
    COG3               1.000      0.000    999.000    999.000
    ATL1               1.000      0.000    999.000    999.000
    ATL2               1.000      0.000    999.000    999.000
    ATL3               1.000      0.000    999.000    999.000

 Residual Variances
    A1WJAPW            0.851      0.062     13.665      0.000
    A2WJAPW            0.236      0.037      6.338      0.000
    A3WJAPW            0.371      0.062      5.987      0.000
    A1PPVT4W           0.328      0.057      5.768      0.000
    A2PPVT4W           0.449      0.033     13.652      0.000
    A3PPVT4W           0.481      0.036     13.424      0.000
    A1CSR              0.835      0.036     23.051      0.000
    A2CSR              0.902      0.025     36.669      0.000
    A3CSR              0.912      0.025     37.102      0.000
    R1ATTUDE           0.348      0.030     11.614      0.000
    R1MOTIVE           0.548      0.039     14.205      0.000
    R1PRSIST           0.124      0.035      3.502      0.000
    R2ATTUDE           0.352      0.032     11.083      0.000
    R2MOTIVE           0.475      0.037     12.757      0.000
    R2PRSIST           0.090      0.058      1.563      0.118
    KR3MOTIV           0.481      0.039     12.396      0.000
    KR3PRSST           0.149      0.041      3.654      0.000
    KR3ATUDE           0.289      0.029     10.040      0.000


STDY Standardization

                                                    Two-Tailed
                    Estimate       S.E.  Est./S.E.    P-Value

 COG1     BY
    A1WJAPW            0.386      0.081      4.790      0.000
    A1PPVT4W           0.820      0.035     23.668      0.000
    A1CSR              0.406      0.045      9.081      0.000

 COG2     BY
    A2WJAPW            0.874      0.021     41.003      0.000
    A2PPVT4W           0.742      0.022     33.536      0.000
    A2CSR              0.313      0.039      7.970      0.000

 COG3     BY
    A3WJAPW            0.793      0.039     20.305      0.000
    A3PPVT4W           0.720      0.025     28.954      0.000
    A3CSR              0.297      0.041      7.171      0.000

 ATL1     BY
    R1ATTUDE           0.807      0.019     43.503      0.000
    R1MOTIVE           0.673      0.029     23.470      0.000
    R1PRSIST           0.936      0.019     49.441      0.000

 ATL2     BY
    R2ATTUDE           0.805      0.020     40.759      0.000
    R2MOTIVE           0.725      0.026     28.223      0.000
    R2PRSIST           0.954      0.030     31.502      0.000

 ATL3     BY
    KR3ATUDE           0.843      0.017     49.429      0.000
    KR3MOTIV           0.720      0.027     26.715      0.000
    KR3PRSST           0.922      0.022     41.582      0.000

 COG2     WITH
    COG1               0.839      0.061     13.747      0.000

 COG3     WITH
    COG1               0.729      0.088      8.251      0.000
    COG2               0.849      0.046     18.512      0.000

 ATL1     WITH
    COG1               0.366      0.059      6.213      0.000
    COG2               0.369      0.049      7.548      0.000
    COG3               0.380      0.060      6.380      0.000

 ATL2     WITH
    COG1               0.298      0.062      4.814      0.000
    COG2               0.312      0.045      6.896      0.000
    COG3               0.336      0.059      5.709      0.000
    ATL1               0.684      0.036     18.926      0.000

 ATL3     WITH
    COG1               0.387      0.071      5.485      0.000
    COG2               0.361      0.062      5.805      0.000
    COG3               0.402      0.068      5.921      0.000
    ATL1               0.462      0.049      9.345      0.000
    ATL2               0.400      0.060      6.663      0.000

 A1WJAPW  WITH
    A2WJAPW            0.213      0.076      2.812      0.005
    A3WJAPW            0.066      0.086      0.768      0.442

 A2WJAPW  WITH
    A3WJAPW            0.144      0.127      1.137      0.256

 A1PPVT4W WITH
    A2PPVT4W           0.473      0.071      6.624      0.000
    A3PPVT4W           0.362      0.083      4.377      0.000

 A2PPVT4W WITH
    A3PPVT4W           0.523      0.038     13.783      0.000

 A1CSR    WITH
    A2CSR              0.262      0.057      4.618      0.000
    A3CSR              0.159      0.078      2.040      0.041

 A2CSR    WITH
    A3CSR              0.233      0.057      4.108      0.000

 R1ATTUDE WITH
    R2ATTUDE           0.419      0.064      6.600      0.000
    KR3ATUDE           0.227      0.081      2.788      0.005

 R2ATTUDE WITH
    KR3ATUDE           0.185      0.076      2.431      0.015

 R1MOTIVE WITH
    R2MOTIVE           0.513      0.045     11.351      0.000
    KR3MOTIV           0.297      0.076      3.906      0.000

 R2MOTIVE WITH
    KR3MOTIV           0.336      0.059      5.696      0.000

 R1PRSIST WITH
    R2PRSIST           0.297      0.245      1.213      0.225
    KR3PRSST          -0.204      0.201     -1.017      0.309

 R2PRSIST WITH
    KR3PRSST          -0.138      0.223     -0.619      0.536

 Means
    COG2               0.969      0.074     13.067      0.000
    COG3               2.657      0.163     16.301      0.000
    ATL2               0.046      0.042      1.086      0.277
    ATL3              -0.240      0.075     -3.201      0.001

 Intercepts
    A1WJAPW           15.387      0.465     33.088      0.000
    A2WJAPW           18.955      0.754     25.152      0.000
    A3WJAPW           18.003      0.794     22.671      0.000
    A1PPVT4W           6.520      0.271     24.098      0.000
    A2PPVT4W           7.588      0.240     31.620      0.000
    A3PPVT4W           7.705      0.379     20.325      0.000
    A1CSR              3.791      0.138     27.449      0.000
    A2CSR              3.287      0.123     26.816      0.000
    A3CSR              3.262      0.168     19.390      0.000
    R1ATTUDE           6.034      0.192     31.365      0.000
    R1MOTIVE           5.268      0.167     31.550      0.000
    R1PRSIST           5.729      0.217     26.415      0.000
    R2ATTUDE           5.677      0.222     25.573      0.000
    R2MOTIVE           5.357      0.179     29.946      0.000
    R2PRSIST           5.511      0.218     25.288      0.000
    KR3MOTIV           4.601      0.161     28.520      0.000
    KR3PRSST           4.605      0.187     24.687      0.000
    KR3ATUDE           5.140      0.196     26.207      0.000

 Variances
    COG1               1.000      0.000    999.000    999.000
    COG2               1.000      0.000    999.000    999.000
    COG3               1.000      0.000    999.000    999.000
    ATL1               1.000      0.000    999.000    999.000
    ATL2               1.000      0.000    999.000    999.000
    ATL3               1.000      0.000    999.000    999.000

 Residual Variances
    A1WJAPW            0.851      0.062     13.665      0.000
    A2WJAPW            0.236      0.037      6.338      0.000
    A3WJAPW            0.371      0.062      5.987      0.000
    A1PPVT4W           0.328      0.057      5.768      0.000
    A2PPVT4W           0.449      0.033     13.652      0.000
    A3PPVT4W           0.481      0.036     13.424      0.000
    A1CSR              0.835      0.036     23.051      0.000
    A2CSR              0.902      0.025     36.669      0.000
    A3CSR              0.912      0.025     37.102      0.000
    R1ATTUDE           0.348      0.030     11.614      0.000
    R1MOTIVE           0.548      0.039     14.205      0.000
    R1PRSIST           0.124      0.035      3.502      0.000
    R2ATTUDE           0.352      0.032     11.083      0.000
    R2MOTIVE           0.475      0.037     12.757      0.000
    R2PRSIST           0.090      0.058      1.563      0.118
    KR3MOTIV           0.481      0.039     12.396      0.000
    KR3PRSST           0.149      0.041      3.654      0.000
    KR3ATUDE           0.289      0.029     10.040      0.000


STD Standardization

                                                    Two-Tailed
                    Estimate       S.E.  Est./S.E.    P-Value

 COG1     BY
    A1WJAPW            0.959      0.209      4.582      0.000
    A1PPVT4W           1.362      0.085     15.983      0.000
    A1CSR              6.733      0.785      8.575      0.000

 COG2     BY
    A2WJAPW            1.762      0.089     19.830      0.000
    A2PPVT4W           1.060      0.057     18.677      0.000
    A2CSR              5.239      0.635      8.244      0.000

 COG3     BY
    A3WJAPW            1.683      0.089     18.876      0.000
    A3PPVT4W           1.013      0.062     16.223      0.000
    A3CSR              5.006      0.587      8.531      0.000

 ATL1     BY
    R1ATTUDE           6.980      0.291     23.979      0.000
    R1MOTIVE           6.694      0.305     21.948      0.000
    R1PRSIST           8.519      0.375     22.706      0.000

 ATL2     BY
    R2ATTUDE           7.396      0.323     22.927      0.000
    R2MOTIVE           7.093      0.368     19.289      0.000
    R2PRSIST           9.027      0.438     20.614      0.000

 ATL3     BY
    KR3ATUDE           8.558      0.371     23.069      0.000
    KR3MOTIV           8.207      0.413     19.880      0.000
    KR3PRSST          10.445      0.568     18.384      0.000

 COG2     WITH
    COG1               0.839      0.061     13.747      0.000

 COG3     WITH
    COG1               0.729      0.088      8.251      0.000
    COG2               0.849      0.046     18.512      0.000

 ATL1     WITH
    COG1               0.366      0.059      6.213      0.000
    COG2               0.369      0.049      7.548      0.000
    COG3               0.380      0.060      6.380      0.000

 ATL2     WITH
    COG1               0.298      0.062      4.814      0.000
    COG2               0.312      0.045      6.896      0.000
    COG3               0.336      0.059      5.709      0.000
    ATL1               0.684      0.036     18.926      0.000

 ATL3     WITH
    COG1               0.387      0.071      5.485      0.000
    COG2               0.361      0.062      5.805      0.000
    COG3               0.402      0.068      5.921      0.000
    ATL1               0.462      0.049      9.345      0.000
    ATL2               0.400      0.060      6.663      0.000

 A1WJAPW  WITH
    A2WJAPW            0.478      0.182      2.621      0.009
    A3WJAPW            0.197      0.271      0.726      0.468

 A2WJAPW  WITH
    A3WJAPW            0.183      0.183      1.000      0.317

 A1PPVT4W WITH
    A2PPVT4W           0.430      0.080      5.376      0.000
    A3PPVT4W           0.335      0.080      4.168      0.000

 A2PPVT4W WITH
    A3PPVT4W           0.488      0.054      8.998      0.000

 A1CSR    WITH
    A2CSR             63.059     15.763      4.000      0.000
    A3CSR             38.725     19.951      1.941      0.052

 A2CSR    WITH
    A3CSR             59.501     17.331      3.433      0.001

 R1ATTUDE WITH
    R2ATTUDE          11.660      2.255      5.171      0.000
    KR3ATUDE           6.316      2.285      2.764      0.006

 R2ATTUDE WITH
    KR3ATUDE           5.501      2.445      2.250      0.024

 R1MOTIVE WITH
    R2MOTIVE          25.485      3.857      6.608      0.000
    KR3MOTIV          17.270      4.449      3.882      0.000

 R2MOTIVE WITH
    KR3MOTIV          17.914      3.561      5.030      0.000

 R1PRSIST WITH
    R2PRSIST           2.711      3.260      0.832      0.406
    KR3PRSST          -2.866      2.620     -1.094      0.274

 R2PRSIST WITH
    KR3PRSST          -1.720      2.542     -0.677      0.499

 Means
    COG2               0.969      0.074     13.067      0.000
    COG3               2.657      0.163     16.301      0.000
    ATL2               0.046      0.042      1.086      0.277
    ATL3              -0.240      0.075     -3.201      0.001

 Intercepts
    A1WJAPW           38.204      0.126    302.750      0.000
    A2WJAPW           38.204      0.126    302.750      0.000
    A3WJAPW           38.204      0.126    302.750      0.000
    A1PPVT4W          10.831      0.090    120.560      0.000
    A2PPVT4W          10.831      0.090    120.560      0.000
    A3PPVT4W          10.831      0.090    120.560      0.000
    A1CSR             62.914      0.901     69.821      0.000
    A2CSR             55.008      1.186     46.398      0.000
    A3CSR             55.008      1.186     46.398      0.000
    R1ATTUDE          52.166      0.348    149.687      0.000
    R1MOTIVE          52.428      0.375    139.859      0.000
    R1PRSIST          52.154      0.399    130.865      0.000
    R2ATTUDE          52.166      0.348    149.687      0.000
    R2MOTIVE          52.428      0.375    139.859      0.000
    R2PRSIST          52.154      0.399    130.865      0.000
    KR3MOTIV          52.428      0.375    139.859      0.000
    KR3PRSST          52.154      0.399    130.865      0.000
    KR3ATUDE          52.166      0.348    149.687      0.000

 Variances
    COG1               1.000      0.000    999.000    999.000
    COG2               1.000      0.000    999.000    999.000
    COG3               1.000      0.000    999.000    999.000
    ATL1               1.000      0.000    999.000    999.000
    ATL2               1.000      0.000    999.000    999.000
    ATL3               1.000      0.000    999.000    999.000

 Residual Variances
    A1WJAPW            5.245      0.435     12.059      0.000
    A2WJAPW            0.959      0.156      6.151      0.000
    A3WJAPW            1.670      0.361      4.633      0.000
    A1PPVT4W           0.904      0.154      5.854      0.000
    A2PPVT4W           0.915      0.059     15.605      0.000
    A3PPVT4W           0.951      0.099      9.567      0.000
    A1CSR            230.120     15.253     15.087      0.000
    A2CSR            252.544     17.173     14.706      0.000
    A3CSR            259.284     30.219      8.580      0.000
    R1ATTUDE          26.015      2.211     11.767      0.000
    R1MOTIVE          54.244      5.723      9.479      0.000
    R1PRSIST          10.283      2.840      3.621      0.000
    R2ATTUDE          29.748      3.338      8.912      0.000
    R2MOTIVE          45.481      3.963     11.476      0.000
    R2PRSIST           8.084      5.173      1.563      0.118
    KR3MOTIV          62.508      6.497      9.622      0.000
    KR3PRSST          19.172      4.869      3.938      0.000
    KR3ATUDE          29.750      3.755      7.922      0.000


R-SQUARE

    Observed                                        Two-Tailed
    Variable        Estimate       S.E.  Est./S.E.    P-Value

    A1WJAPW            0.149      0.062      2.395      0.017
    A2WJAPW            0.764      0.037     20.501      0.000
    A3WJAPW            0.629      0.062     10.153      0.000
    A1PPVT4W           0.672      0.057     11.834      0.000
    A2PPVT4W           0.551      0.033     16.768      0.000
    A3PPVT4W           0.519      0.036     14.477      0.000
    A1CSR              0.165      0.036      4.541      0.000
    A2CSR              0.098      0.025      3.985      0.000
    A3CSR              0.088      0.025      3.586      0.000
    R1ATTUDE           0.652      0.030     21.752      0.000
    R1MOTIVE           0.452      0.039     11.735      0.000
    R1PRSIST           0.876      0.035     24.720      0.000
    R2ATTUDE           0.648      0.032     20.379      0.000
    R2MOTIVE           0.525      0.037     14.112      0.000
    R2PRSIST           0.910      0.058     15.751      0.000
    KR3MOTIV           0.519      0.039     13.358      0.000
    KR3PRSST           0.851      0.041     20.791      0.000
    KR3ATUDE           0.711      0.029     24.715      0.000


QUALITY OF NUMERICAL RESULTS

     Condition Number for the Information Matrix              0.117E-05
       (ratio of smallest to largest eigenvalue)


MODEL MODIFICATION INDICES

NOTE:  Modification indices for direct effects of observed dependent variables
regressed on covariates may not be included.  To include these, request
MODINDICES (ALL).

Minimum M.I. value for printing the modification index    10.000

                                   M.I.     E.P.C.  Std E.P.C.  StdYX E.P.C.

BY Statements

COG1     BY KR3ATUDE              10.219    -1.346     -1.346       -0.133
COG2     BY A2CSR                 17.757     3.890      3.027        0.181
COG3     BY A2CSR                 33.079     3.088      2.296        0.137
COG3     BY A3CSR                 28.865    -1.112     -0.827       -0.049
ATL1     BY A1PPVT4W              11.757    -0.443     -0.443       -0.266
ATL1     BY A2CSR                 10.543     2.565      2.565        0.153
ATL1     BY A3CSR                 14.701     3.329      3.329        0.197
ATL1     BY R1MOTIVE              15.606    -0.971     -0.971       -0.098
ATL2     BY A1PPVT4W              12.127    -0.412     -0.436       -0.263
ATL2     BY A1CSR                 15.978     2.970      3.147        0.190
ATL2     BY A2CSR                 15.416     2.900      3.072        0.184
ATL2     BY R1MOTIVE              14.732    -1.278     -1.354       -0.136
ATL3     BY A1CSR                 11.342     2.455      3.010        0.181
ATL3     BY A3CSR                 16.780     3.145      3.856        0.229
ATL3     BY R1MOTIVE              10.308    -1.002     -1.228       -0.123

Means/Intercepts/Thresholds

[ A2CSR    ]                      34.910    -0.138     -0.138       -0.008
[ A3CSR    ]                      34.910    -8.124     -8.124       -0.482


TECHNICAL 1 OUTPUT


     PARAMETER SPECIFICATION


           NU
              A1WJAPW       A2WJAPW       A3WJAPW       A1PPVT4W      A2PPVT4W
              ________      ________      ________      ________      ________
      1           1             1             1             2             2


           NU
              A3PPVT4W      A1CSR         A2CSR         A3CSR         R1ATTUDE
              ________      ________      ________      ________      ________
      1           2             3             4             4             5


           NU
              R1MOTIVE      R1PRSIST      R2ATTUDE      R2MOTIVE      R2PRSIST
              ________      ________      ________      ________      ________
      1           6             7             5             6             7


           NU
              KR3MOTIV      KR3PRSST      KR3ATUDE
              ________      ________      ________
      1           6             7             5


           LAMBDA
              COG1          COG2          COG3          ATL1          ATL2
              ________      ________      ________      ________      ________
 A1WJAPW            8             0             0             0             0
 A2WJAPW            0             9             0             0             0
 A3WJAPW            0             0             9             0             0
 A1PPVT4W          10             0             0             0             0
 A2PPVT4W           0            10             0             0             0
 A3PPVT4W           0             0            10             0             0
 A1CSR             11             0             0             0             0
 A2CSR              0            11             0             0             0
 A3CSR              0             0            11             0             0
 R1ATTUDE           0             0             0            12             0
 R1MOTIVE           0             0             0            13             0
 R1PRSIST           0             0             0            14             0
 R2ATTUDE           0             0             0             0            12
 R2MOTIVE           0             0             0             0            13
 R2PRSIST           0             0             0             0            14
 KR3MOTIV           0             0             0             0             0
 KR3PRSST           0             0             0             0             0
 KR3ATUDE           0             0             0             0             0


           LAMBDA
              ATL3
              ________
 A1WJAPW            0
 A2WJAPW            0
 A3WJAPW            0
 A1PPVT4W           0
 A2PPVT4W           0
 A3PPVT4W           0
 A1CSR              0
 A2CSR              0
 A3CSR              0
 R1ATTUDE           0
 R1MOTIVE           0
 R1PRSIST           0
 R2ATTUDE           0
 R2MOTIVE           0
 R2PRSIST           0
 KR3MOTIV          13
 KR3PRSST          14
 KR3ATUDE          12


           THETA
              A1WJAPW       A2WJAPW       A3WJAPW       A1PPVT4W      A2PPVT4W
              ________      ________      ________      ________      ________
 A1WJAPW           15
 A2WJAPW           16            17
 A3WJAPW           18            19            20
 A1PPVT4W           0             0             0            21
 A2PPVT4W           0             0             0            22            23
 A3PPVT4W           0             0             0            24            25
 A1CSR              0             0             0             0             0
 A2CSR              0             0             0             0             0
 A3CSR              0             0             0             0             0
 R1ATTUDE           0             0             0             0             0
 R1MOTIVE           0             0             0             0             0
 R1PRSIST           0             0             0             0             0
 R2ATTUDE           0             0             0             0             0
 R2MOTIVE           0             0             0             0             0
 R2PRSIST           0             0             0             0             0
 KR3MOTIV           0             0             0             0             0
 KR3PRSST           0             0             0             0             0
 KR3ATUDE           0             0             0             0             0


           THETA
              A3PPVT4W      A1CSR         A2CSR         A3CSR         R1ATTUDE
              ________      ________      ________      ________      ________
 A3PPVT4W          26
 A1CSR              0            27
 A2CSR              0            28            29
 A3CSR              0            30            31            32
 R1ATTUDE           0             0             0             0            33
 R1MOTIVE           0             0             0             0             0
 R1PRSIST           0             0             0             0             0
 R2ATTUDE           0             0             0             0            36
 R2MOTIVE           0             0             0             0             0
 R2PRSIST           0             0             0             0             0
 KR3MOTIV           0             0             0             0             0
 KR3PRSST           0             0             0             0             0
 KR3ATUDE           0             0             0             0            48


           THETA
              R1MOTIVE      R1PRSIST      R2ATTUDE      R2MOTIVE      R2PRSIST
              ________      ________      ________      ________      ________
 R1MOTIVE          34
 R1PRSIST           0            35
 R2ATTUDE           0             0            37
 R2MOTIVE          38             0             0            39
 R2PRSIST           0            40             0             0            41
 KR3MOTIV          42             0             0            43             0
 KR3PRSST           0            45             0             0            46
 KR3ATUDE           0             0            49             0             0


           THETA
              KR3MOTIV      KR3PRSST      KR3ATUDE
              ________      ________      ________
 KR3MOTIV          44
 KR3PRSST           0            47
 KR3ATUDE           0             0            50


           ALPHA
              COG1          COG2          COG3          ATL1          ATL2
              ________      ________      ________      ________      ________
      1           0            51            52             0            53


           ALPHA
              ATL3
              ________
      1          54


           BETA
              COG1          COG2          COG3          ATL1          ATL2
              ________      ________      ________      ________      ________
 COG1               0             0             0             0             0
 COG2               0             0             0             0             0
 COG3               0             0             0             0             0
 ATL1               0             0             0             0             0
 ATL2               0             0             0             0             0
 ATL3               0             0             0             0             0


           BETA
              ATL3
              ________
 COG1               0
 COG2               0
 COG3               0
 ATL1               0
 ATL2               0
 ATL3               0


           PSI
              COG1          COG2          COG3          ATL1          ATL2
              ________      ________      ________      ________      ________
 COG1               0
 COG2              55            56
 COG3              57            58            59
 ATL1              60            61            62             0
 ATL2              63            64            65            66            67
 ATL3              68            69            70            71            72


           PSI
              ATL3
              ________
 ATL3              73


     STARTING VALUES


           NU
              A1WJAPW       A2WJAPW       A3WJAPW       A1PPVT4W      A2PPVT4W
              ________      ________      ________      ________      ________
      1        38.216        39.968        42.692        10.847        11.850


           NU
              A3PPVT4W      A1CSR         A2CSR         A3CSR         R1ATTUDE
              ________      ________      ________      ________      ________
      1        13.538        63.208        62.124        65.926        51.947


           NU
              R1MOTIVE      R1PRSIST      R2ATTUDE      R2MOTIVE      R2PRSIST
              ________      ________      ________      ________      ________
      1        52.577        52.315        52.435        52.908        52.741


           NU
              KR3MOTIV      KR3PRSST      KR3ATUDE
              ________      ________      ________
      1        50.350        49.622        50.896


           LAMBDA
              COG1          COG2          COG3          ATL1          ATL2
              ________      ________      ________      ________      ________
 A1WJAPW        1.000         0.000         0.000         0.000         0.000
 A2WJAPW        0.000         1.653         0.000         0.000         0.000
 A3WJAPW        0.000         0.000         1.634         0.000         0.000
 A1PPVT4W       1.000         0.000         0.000         0.000         0.000
 A2PPVT4W       0.000         1.100         0.000         0.000         0.000
 A3PPVT4W       0.000         0.000         1.046         0.000         0.000
 A1CSR          1.000         0.000         0.000         0.000         0.000
 A2CSR          0.000         7.216         0.000         0.000         0.000
 A3CSR          0.000         0.000         6.190         0.000         0.000
 R1ATTUDE       0.000         0.000         0.000         1.000         0.000
 R1MOTIVE       0.000         0.000         0.000         1.000         0.000
 R1PRSIST       0.000         0.000         0.000         1.000         0.000
 R2ATTUDE       0.000         0.000         0.000         0.000         7.664
 R2MOTIVE       0.000         0.000         0.000         0.000         7.011
 R2PRSIST       0.000         0.000         0.000         0.000         8.809
 KR3MOTIV       0.000         0.000         0.000         0.000         0.000
 KR3PRSST       0.000         0.000         0.000         0.000         0.000
 KR3ATUDE       0.000         0.000         0.000         0.000         0.000


           LAMBDA
              ATL3
              ________
 A1WJAPW        0.000
 A2WJAPW        0.000
 A3WJAPW        0.000
 A1PPVT4W       0.000
 A2PPVT4W       0.000
 A3PPVT4W       0.000
 A1CSR          0.000
 A2CSR          0.000
 A3CSR          0.000
 R1ATTUDE       0.000
 R1MOTIVE       0.000
 R1PRSIST       0.000
 R2ATTUDE       0.000
 R2MOTIVE       0.000
 R2PRSIST       0.000
 KR3MOTIV       8.765
 KR3PRSST      10.287
 KR3ATUDE       8.299


           THETA
              A1WJAPW       A2WJAPW       A3WJAPW       A1PPVT4W      A2PPVT4W
              ________      ________      ________      ________      ________
 A1WJAPW        3.061
 A2WJAPW        0.000         1.924
 A3WJAPW        0.000         0.000         2.294
 A1PPVT4W       0.000         0.000         0.000         1.332
 A2PPVT4W       0.000         0.000         0.000         0.000         1.009
 A3PPVT4W       0.000         0.000         0.000         0.000         0.000
 A1CSR          0.000         0.000         0.000         0.000         0.000
 A2CSR          0.000         0.000         0.000         0.000         0.000
 A3CSR          0.000         0.000         0.000         0.000         0.000
 R1ATTUDE       0.000         0.000         0.000         0.000         0.000
 R1MOTIVE       0.000         0.000         0.000         0.000         0.000
 R1PRSIST       0.000         0.000         0.000         0.000         0.000
 R2ATTUDE       0.000         0.000         0.000         0.000         0.000
 R2MOTIVE       0.000         0.000         0.000         0.000         0.000
 R2PRSIST       0.000         0.000         0.000         0.000         0.000
 KR3MOTIV       0.000         0.000         0.000         0.000         0.000
 KR3PRSST       0.000         0.000         0.000         0.000         0.000
 KR3ATUDE       0.000         0.000         0.000         0.000         0.000


           THETA
              A3PPVT4W      A1CSR         A2CSR         A3CSR         R1ATTUDE
              ________      ________      ________      ________      ________
 A3PPVT4W       0.955
 A1CSR          0.000       150.226
 A2CSR          0.000         0.000       147.166
 A3CSR          0.000         0.000         0.000       146.195
 R1ATTUDE       0.000         0.000         0.000         0.000        39.209
 R1MOTIVE       0.000         0.000         0.000         0.000         0.000
 R1PRSIST       0.000         0.000         0.000         0.000         0.000
 R2ATTUDE       0.000         0.000         0.000         0.000         0.000
 R2MOTIVE       0.000         0.000         0.000         0.000         0.000
 R2PRSIST       0.000         0.000         0.000         0.000         0.000
 KR3MOTIV       0.000         0.000         0.000         0.000         0.000
 KR3PRSST       0.000         0.000         0.000         0.000         0.000
 KR3ATUDE       0.000         0.000         0.000         0.000         0.000


           THETA
              R1MOTIVE      R1PRSIST      R2ATTUDE      R2MOTIVE      R2PRSIST
              ________      ________      ________      ________      ________
 R1MOTIVE      42.930
 R1PRSIST       0.000        42.473
 R2ATTUDE       0.000         0.000        42.749
 R2MOTIVE       0.000         0.000         0.000        46.635
 R2PRSIST       0.000         0.000         0.000         0.000        43.662
 KR3MOTIV       0.000         0.000         0.000         0.000         0.000
 KR3PRSST       0.000         0.000         0.000         0.000         0.000
 KR3ATUDE       0.000         0.000         0.000         0.000         0.000


           THETA
              KR3MOTIV      KR3PRSST      KR3ATUDE
              ________      ________      ________
 KR3MOTIV      67.704
 KR3PRSST       0.000        62.138
 KR3ATUDE       0.000         0.000        47.489


           ALPHA
              COG1          COG2          COG3          ATL1          ATL2
              ________      ________      ________      ________      ________
      1         0.000         0.000         0.000         0.000         0.000


           ALPHA
              ATL3
              ________
      1         0.000


           BETA
              COG1          COG2          COG3          ATL1          ATL2
              ________      ________      ________      ________      ________
 COG1           0.000         0.000         0.000         0.000         0.000
 COG2           0.000         0.000         0.000         0.000         0.000
 COG3           0.000         0.000         0.000         0.000         0.000
 ATL1           0.000         0.000         0.000         0.000         0.000
 ATL2           0.000         0.000         0.000         0.000         0.000
 ATL3           0.000         0.000         0.000         0.000         0.000


           BETA
              ATL3
              ________
 COG1           0.000
 COG2           0.000
 COG3           0.000
 ATL1           0.000
 ATL2           0.000
 ATL3           0.000


           PSI
              COG1          COG2          COG3          ATL1          ATL2
              ________      ________      ________      ________      ________
 COG1           1.000
 COG2           0.000         0.050
 COG3           0.000         0.000         0.050
 ATL1           0.000         0.000         0.000         1.000
 ATL2           0.000         0.000         0.000         0.000         0.050
 ATL3           0.000         0.000         0.000         0.000         0.000


           PSI
              ATL3
              ________
 ATL3           0.050


DIAGRAM INFORMATION

  Use View Diagram under the Diagram menu in the Mplus Editor to view the diagram.
  If running Mplus from the Mplus Diagrammer, the diagram opens automatically.

  Diagram output
    c:\users\bfoste01\dropbox\new_faces\faces_project_r\weighted_3\all-set-10-30-14\invariance-10-30

     Beginning Time:  10:55:38
        Ending Time:  10:55:38
       Elapsed Time:  00:00:00



MUTHEN & MUTHEN
3463 Stoner Ave.
Los Angeles, CA  90066

Tel: (310) 391-9971
Fax: (310) 391-8971
Web: www.StatModel.com
Support: Support@StatModel.com

Copyright (c) 1998-2014 Muthen & Muthen
