Mplus VERSION 7.3
MUTHEN & MUTHEN
10/30/2014  10:36 AM

INPUT INSTRUCTIONS

    TITLE: Weak Invariance
    DATA: FILE = "moderation.4.dat";
    DEFINE: A1PPVT4W = A1PPVT4W/10;
            A1WJLWW = A1WJLWW/10;
            A2PPVT4W = A2PPVT4W/10;
            A2WJLWW = A2WJLWW/10;
            A3PPVT4W = A3PPVT4W/10;
            A3WJLWW = A3WJLWW/10;
            A1WJAPW = A1WJAPW/10;
            A2WJAPW = A2WJAPW/10;
            A3WJAPW = A3WJAPW/10;
    VARIABLE:
    NAMES = A1PPVT4W A1WJAPW A1WJLWW A1CSR A1ECMIRT A1WJSW R1ATTUDE R1MOTIVE R1PRSIST
         A2PPVT4W A2WJAPW A2WJLWW A2CSR A2ECMIRT A2WJSW R2ATTUDE R2MOTIVE R2PRSIST
         A3PPVT4W A3WJAPW A3WJLWW A3CSR A3ECMIRT A3WJSW KR3ATUDE KR3MOTIV KR3PRSST
         R1TPLBS R2TPLBS KR3TPLBS STRAT PSU PRA12OTW CHGENDER P1RMOMED A1CAGE A2CAGE
         A3CAGE CRACE P1PRGTYP P2PRGTYP P3PRGTYP O2CLSSCD O2CLSSIS O2CLSSLM O2CLSSQF
         CLS1_ID CLS2_ID CLS3_ID R1BAGGR R1BWITH R1BHYPER R1ATTUDE_1 R2BAGGR R2BWITH
         R2BHYPER KR3BAGGR KR3BHYPE KR3BWITH BINAGGR1 BINWITH1 BINHYP1 BINAGGR2 BINWITH2
         BINHYP2 BINAGGR3 BINWITH3 BINHYP3;
    USEVARIABLES = A1WJAPW A2WJAPW A3WJAPW A1PPVT4W A2PPVT4W A3PPVT4W A1CSR A2CSR A3CSR
         R1ATTUDE R1MOTIVE R1PRSIST R2ATTUDE R2MOTIVE R2PRSIST KR3MOTIV KR3PRSST
         KR3ATUDE STRAT PSU PRA12OTW;
    STRATIFICATION = STRAT;
    CLUSTER = PSU;
    WEIGHT = PRA12OTW;
    MISSING=.;
    ANALYSIS:
      TYPE = COMPLEX;
      ITERATIONS = 10000;
      ESTIMATOR =MLR;
    MODEL:
      cog1 BY A1WJAPW*(1)
      A1PPVT4W(2)
      A1CSR(3);
      cog2 BY A2WJAPW*(1)
      A2PPVT4W(2)
      A2CSR(3);
      cog3 BY A3WJAPW*(1)
      A3PPVT4W(2)
      A3CSR(3);
      cog1@1.0;

      atl1 BY R1ATTUDE*(4)
      R1MOTIVE(5)
      R1PRSIST(6);
      atl2 BY R2ATTUDE*(4)
      R2MOTIVE(5)
      R2PRSIST(6);
      atl4 BY KR3ATUDE*(4)
      KR3MOTIV(5)
      KR3PRSST(6);
      atl1@1.0;

      !correlateed residuals for cognitive skills
      A1WJAPW WITH A2WJAPW A3WJAPW;
      A2WJAPW WITH A3WJAPW;
      A1PPVT4W WITH A2PPVT4W A3PPVT4W;
      A2PPVT4W WITH A3PPVT4W;
      A1CSR WITH A2CSR A3CSR;
      A2CSR WITH A3CSR;

      !correlated residuals for AtL
      R1ATTUDE WITH R2ATTUDE KR3ATUDE;
      R2ATTUDE WITH KR3ATUDE;
      R1MOTIVE WITH R2MOTIVE KR3MOTIV;
      R2MOTIVE WITH KR3MOTIV;
      R1PRSIST WITH R2PRSIST KR3PRSST;
      R2PRSIST WITH KR3PRSST;

    OUTPUT:
      TECH1
      SAMPSTAT
      modindices;
      STANDARDIZED;



INPUT READING TERMINATED NORMALLY



Weak Invariance

SUMMARY OF ANALYSIS

Number of groups                                                 1
Number of observations                                         621

Number of dependent variables                                   18
Number of independent variables                                  0
Number of continuous latent variables                            6

Observed dependent variables

  Continuous
   A1WJAPW     A2WJAPW     A3WJAPW     A1PPVT4W    A2PPVT4W    A3PPVT4W
   A1CSR       A2CSR       A3CSR       R1ATTUDE    R1MOTIVE    R1PRSIST
   R2ATTUDE    R2MOTIVE    R2PRSIST    KR3MOTIV    KR3PRSST    KR3ATUDE

Continuous latent variables
   COG1        COG2        COG3        ATL1        ATL2        ATL4

Variables with special functions

  Stratification        STRAT
  Cluster variable      PSU
  Weight variable       PRA12OTW

Estimator                                                      MLR
Information matrix                                        OBSERVED
Maximum number of iterations                                 10000
Convergence criterion                                    0.500D-04
Maximum number of steepest descent iterations                   20
Maximum number of iterations for H1                           2000
Convergence criterion for H1                             0.100D-03

Input data file(s)
  moderation.4.dat

Input data format  FREE


SUMMARY OF DATA

     Number of missing data patterns            36
     Number of strata                      14
     Number of clusters                    60


COVARIANCE COVERAGE OF DATA

Minimum covariance coverage value   0.100


     PROPORTION OF DATA PRESENT


           Covariance Coverage
              A1WJAPW       A2WJAPW       A3WJAPW       A1PPVT4W      A2PPVT4W
              ________      ________      ________      ________      ________
 A1WJAPW        0.944
 A2WJAPW        0.921         0.971
 A3WJAPW        0.828         0.852         0.879
 A1PPVT4W       0.944         0.953         0.862         0.979
 A2PPVT4W       0.926         0.968         0.858         0.961         0.979
 A3PPVT4W       0.831         0.855         0.879         0.865         0.862
 A1CSR          0.944         0.953         0.862         0.979         0.961
 A2CSR          0.931         0.971         0.863         0.966         0.979
 A3CSR          0.831         0.855         0.879         0.865         0.862
 R1ATTUDE       0.910         0.934         0.842         0.944         0.942
 R1MOTIVE       0.910         0.934         0.842         0.944         0.942
 R1PRSIST       0.910         0.934         0.842         0.944         0.942
 R2ATTUDE       0.890         0.919         0.836         0.926         0.928
 R2MOTIVE       0.890         0.919         0.836         0.926         0.928
 R2PRSIST       0.890         0.919         0.836         0.926         0.928
 KR3MOTIV       0.657         0.663         0.586         0.676         0.668
 KR3PRSST       0.657         0.663         0.586         0.676         0.668
 KR3ATUDE       0.657         0.663         0.586         0.676         0.668


           Covariance Coverage
              A3PPVT4W      A1CSR         A2CSR         A3CSR         R1ATTUDE
              ________      ________      ________      ________      ________
 A3PPVT4W       0.882
 A1CSR          0.865         0.979
 A2CSR          0.866         0.966         0.984
 A3CSR          0.882         0.865         0.866         0.882
 R1ATTUDE       0.845         0.944         0.947         0.845         0.961
 R1MOTIVE       0.845         0.944         0.947         0.845         0.961
 R1PRSIST       0.845         0.944         0.947         0.845         0.961
 R2ATTUDE       0.837         0.926         0.932         0.837         0.921
 R2MOTIVE       0.837         0.926         0.932         0.837         0.921
 R2PRSIST       0.837         0.926         0.932         0.837         0.921
 KR3MOTIV       0.589         0.676         0.671         0.589         0.667
 KR3PRSST       0.589         0.676         0.671         0.589         0.667
 KR3ATUDE       0.589         0.676         0.671         0.589         0.667


           Covariance Coverage
              R1MOTIVE      R1PRSIST      R2ATTUDE      R2MOTIVE      R2PRSIST
              ________      ________      ________      ________      ________
 R1MOTIVE       0.961
 R1PRSIST       0.961         0.961
 R2ATTUDE       0.921         0.921         0.947
 R2MOTIVE       0.921         0.921         0.947         0.947
 R2PRSIST       0.921         0.921         0.947         0.947         0.947
 KR3MOTIV       0.667         0.667         0.647         0.647         0.647
 KR3PRSST       0.667         0.667         0.647         0.647         0.647
 KR3ATUDE       0.667         0.667         0.647         0.647         0.647


           Covariance Coverage
              KR3MOTIV      KR3PRSST      KR3ATUDE
              ________      ________      ________
 KR3MOTIV       0.683
 KR3PRSST       0.683         0.683
 KR3ATUDE       0.683         0.683         0.683


SAMPLE STATISTICS


     ESTIMATED SAMPLE STATISTICS


           Means
              A1WJAPW       A2WJAPW       A3WJAPW       A1PPVT4W      A2PPVT4W
              ________      ________      ________      ________      ________
      1        38.170        39.924        42.704        10.845        11.844


           Means
              A3PPVT4W      A1CSR         A2CSR         A3CSR         R1ATTUDE
              ________      ________      ________      ________      ________
      1        13.552        63.253        62.104        65.938        51.947


           Means
              R1MOTIVE      R1PRSIST      R2ATTUDE      R2MOTIVE      R2PRSIST
              ________      ________      ________      ________      ________
      1        52.518        52.295        52.374        52.808        52.681


           Means
              KR3MOTIV      KR3PRSST      KR3ATUDE
              ________      ________      ________
      1        50.250        49.368        50.708


           Covariances
              A1WJAPW       A2WJAPW       A3WJAPW       A1PPVT4W      A2PPVT4W
              ________      ________      ________      ________      ________
 A1WJAPW        6.161
 A2WJAPW        1.977         3.959
 A3WJAPW        1.519         2.708         4.598
 A1PPVT4W       1.177         1.918         1.673         2.671
 A2PPVT4W       0.966         1.819         1.599         1.593         2.023
 A3PPVT4W       0.776         1.379         1.708         1.263         1.352
 A1CSR         10.783        12.000        11.006        12.027         7.549
 A2CSR          8.299        11.931        11.569         7.646         7.941
 A3CSR          5.429         9.833        10.113         7.016         5.636
 R1ATTUDE       2.784         3.177         3.766         2.344         1.811
 R1MOTIVE       3.899         4.741         5.627         3.625         3.129
 R1PRSIST       4.396         5.499         5.232         3.696         3.080
 R2ATTUDE       1.296         2.361         3.416         1.640         1.704
 R2MOTIVE       3.546         4.594         5.617         3.398         2.858
 R2PRSIST       2.874         4.730         4.889         3.144         2.799
 KR3MOTIV       5.561         6.840         7.109         4.818         2.991
 KR3PRSST       3.821         7.455         8.015         5.140         3.290
 KR3ATUDE       0.205         4.100         4.085         2.382         1.333


           Covariances
              A3PPVT4W      A1CSR         A2CSR         A3CSR         R1ATTUDE
              ________      ________      ________      ________      ________
 A3PPVT4W       1.907
 A1CSR          6.904       300.333
 A2CSR          7.160       109.665       294.414
 A3CSR          6.473        84.558       103.277       293.370
 R1ATTUDE       1.904        38.475        40.713        44.337        77.991
 R1MOTIVE       2.962        25.205        28.611        28.295        41.182
 R1PRSIST       2.797        49.753        49.244        55.328        62.675
 R2ATTUDE       2.248        38.807        48.126        46.019        48.506
 R2MOTIVE       3.112        49.551        45.364        50.955        33.514
 R2PRSIST       2.448        54.938        52.609        49.170        45.242
 KR3MOTIV       3.673        50.552        43.415        51.183        27.041
 KR3PRSST       3.135        68.265        63.876        61.285        32.474
 KR3ATUDE       1.998        41.641        38.870        51.710        32.325


           Covariances
              R1MOTIVE      R1PRSIST      R2ATTUDE      R2MOTIVE      R2PRSIST
              ________      ________      ________      ________      ________
 R1MOTIVE      85.624
 R1PRSIST      48.344        84.322
 R2ATTUDE      25.086        44.161        86.504
 R2MOTIVE      49.049        41.100        53.738        93.668
 R2PRSIST      30.264        56.091        67.517        61.764        88.411
 KR3MOTIV      36.093        38.303        19.746        35.270        27.986
 KR3PRSST      21.057        41.520        30.656        24.852        37.474
 KR3ATUDE      15.377        35.311        29.007        19.787        30.974


           Covariances
              KR3MOTIV      KR3PRSST      KR3ATUDE
              ________      ________      ________
 KR3MOTIV     137.366
 KR3PRSST      90.168       127.689
 KR3ATUDE      72.748        85.376        97.426


           Correlations
              A1WJAPW       A2WJAPW       A3WJAPW       A1PPVT4W      A2PPVT4W
              ________      ________      ________      ________      ________
 A1WJAPW        1.000
 A2WJAPW        0.400         1.000
 A3WJAPW        0.285         0.635         1.000
 A1PPVT4W       0.290         0.590         0.477         1.000
 A2PPVT4W       0.274         0.643         0.524         0.685         1.000
 A3PPVT4W       0.226         0.502         0.577         0.559         0.688
 A1CSR          0.251         0.348         0.296         0.425         0.306
 A2CSR          0.195         0.349         0.314         0.273         0.325
 A3CSR          0.128         0.289         0.275         0.251         0.231
 R1ATTUDE       0.127         0.181         0.199         0.162         0.144
 R1MOTIVE       0.170         0.257         0.284         0.240         0.238
 R1PRSIST       0.193         0.301         0.266         0.246         0.236
 R2ATTUDE       0.056         0.128         0.171         0.108         0.129
 R2MOTIVE       0.148         0.239         0.271         0.215         0.208
 R2PRSIST       0.123         0.253         0.242         0.205         0.209
 KR3MOTIV       0.191         0.293         0.283         0.252         0.179
 KR3PRSST       0.136         0.332         0.331         0.278         0.205
 KR3ATUDE       0.008         0.209         0.193         0.148         0.095


           Correlations
              A3PPVT4W      A1CSR         A2CSR         A3CSR         R1ATTUDE
              ________      ________      ________      ________      ________
 A3PPVT4W       1.000
 A1CSR          0.288         1.000
 A2CSR          0.302         0.369         1.000
 A3CSR          0.274         0.285         0.351         1.000
 R1ATTUDE       0.156         0.251         0.269         0.293         1.000
 R1MOTIVE       0.232         0.157         0.180         0.179         0.504
 R1PRSIST       0.221         0.313         0.313         0.352         0.773
 R2ATTUDE       0.175         0.241         0.302         0.289         0.591
 R2MOTIVE       0.233         0.295         0.273         0.307         0.392
 R2PRSIST       0.189         0.337         0.326         0.305         0.545
 KR3MOTIV       0.227         0.249         0.216         0.255         0.261
 KR3PRSST       0.201         0.349         0.329         0.317         0.325
 KR3ATUDE       0.147         0.243         0.230         0.306         0.371


           Correlations
              R1MOTIVE      R1PRSIST      R2ATTUDE      R2MOTIVE      R2PRSIST
              ________      ________      ________      ________      ________
 R1MOTIVE       1.000
 R1PRSIST       0.569         1.000
 R2ATTUDE       0.291         0.517         1.000
 R2MOTIVE       0.548         0.462         0.597         1.000
 R2PRSIST       0.348         0.650         0.772         0.679         1.000
 KR3MOTIV       0.333         0.356         0.181         0.311         0.254
 KR3PRSST       0.201         0.400         0.292         0.227         0.353
 KR3ATUDE       0.168         0.390         0.316         0.207         0.334


           Correlations
              KR3MOTIV      KR3PRSST      KR3ATUDE
              ________      ________      ________
 KR3MOTIV       1.000
 KR3PRSST       0.681         1.000
 KR3ATUDE       0.629         0.765         1.000


     MAXIMUM LOG-LIKELIHOOD VALUE FOR THE UNRESTRICTED (H1) MODEL IS -29803.911


UNIVARIATE HIGHER-ORDER MOMENT DESCRIPTIVE STATISTICS


     UNIVARIATE HIGHER-ORDER MOMENT DESCRIPTIVE STATISTICS

         Variable/         Mean/     Skewness/   Minimum/ % with                Percentiles
        Sample Size      Variance    Kurtosis    Maximum  Min/Max      20%/60%    40%/80%    Median

     A1WJAPW              38.216      -0.360      33.200    8.53%      35.900     37.700     38.200
             586.000       6.121      -0.390      44.400    0.17%      38.800     40.300
     A2WJAPW              39.968      -0.514      33.200    1.49%      38.800     39.300     40.300
             603.000       3.848       1.239      45.800    0.17%      40.700     41.500
     A3WJAPW              42.692      -0.685      33.200    0.18%      40.700     42.300     43.200
             546.000       4.587       1.246      48.100    0.18%      43.600     44.400
     A1PPVT4W             10.847      -0.557       3.700    0.16%       9.400     10.500     11.000
             608.000       2.664       0.548      14.600    0.16%      11.300     12.200
     A2PPVT4W             11.850      -0.299       5.700    0.16%      10.600     11.500     11.900
             608.000       2.019       0.449      16.100    0.16%      12.200     13.100
     A3PPVT4W             13.538      -0.588       5.400    0.18%      12.600     13.200     13.500
             548.000       1.910       2.523      17.000    0.18%      13.800     14.600
     A1CSR                63.208      -1.042       0.000    0.16%      50.000     60.000     65.000
             608.000     300.451       0.586      81.000   14.14%      71.000     79.000
     A2CSR                62.124      -0.690       4.000    0.16%      47.000     56.000     63.000
             611.000     294.331      -0.298      81.000   16.20%      71.000     79.000
     A3CSR                65.926      -1.108       6.000    0.36%      53.000     68.000     74.000
             548.000     292.390       0.313      81.000   25.36%      77.000     81.000
     R1ATTUDE             51.947      -1.019      17.780    0.17%      45.170     53.000     53.000
             597.000      78.419       0.437      60.830   29.82%      56.910     60.830
     R1MOTIVE             52.577      -1.360       7.130    0.17%      46.570     51.820     54.450
             597.000      85.859       2.230      62.340   17.92%      57.080     59.710
     R1PRSIST             52.315      -1.032      15.280    0.17%      43.620     51.350     53.920
             597.000      84.946       0.510      61.650   22.45%      56.500     61.650
     R2ATTUDE             52.435      -1.294      13.860    0.17%      45.170     53.000     56.910
             588.000      85.497       1.308      60.830   30.95%      56.910     60.830
     R2MOTIVE             52.908      -1.233      12.390    0.17%      43.940     51.820     54.450
             588.000      93.270       1.161      62.340   23.13%      57.080     62.340
     R2PRSIST             52.741      -1.138      20.440    0.34%      43.620     53.920     56.500
             588.000      87.325       0.676      61.650   26.87%      56.500     61.650
     KR3MOTIV             50.350      -0.969       9.760    0.24%      41.310     51.820     54.450
             424.000     135.407       0.195      62.340   23.11%      57.080     62.340
     KR3PRSST             49.622      -0.700      20.440    0.71%      38.470     48.770     51.350
             424.000     124.276      -0.465      61.650   27.59%      56.500     61.650
     KR3ATUDE             50.896      -1.118      13.860    0.47%      45.170     53.000     53.000
             424.000      94.978       0.979      60.830   28.54%      56.910     60.830


THE MODEL ESTIMATION TERMINATED NORMALLY

     THE STANDARD ERRORS OF THE MODEL PARAMETER ESTIMATES MAY NOT BE
     TRUSTWORTHY FOR SOME PARAMETERS DUE TO A NON-POSITIVE DEFINITE
     FIRST-ORDER DERIVATIVE PRODUCT MATRIX.  THIS MAY BE DUE TO THE STARTING
     VALUES BUT MAY ALSO BE AN INDICATION OF MODEL NONIDENTIFICATION.  THE
     CONDITION NUMBER IS      -0.130D-16.  PROBLEM INVOLVING THE FOLLOWING PARAMETER:
     Parameter 47, R2ATTUDE

     THIS IS MOST LIKELY DUE TO HAVING MORE PARAMETERS THAN THE NUMBER
     OF CLUSTERS MINUS THE NUMBER OF STRATA WITH MORE THAN ONE CLUSTER.




MODEL FIT INFORMATION

Number of Free Parameters                       79

Loglikelihood

          H0 Value                      -29981.865
          H0 Scaling Correction Factor      2.0423
            for MLR
          H1 Value                      -29803.911
          H1 Scaling Correction Factor      1.6847
            for MLR

Information Criteria

          Akaike (AIC)                   60121.730
          Bayesian (BIC)                 60471.805
          Sample-Size Adjusted BIC       60220.993
            (n* = (n + 2) / 24)

Chi-Square Test of Model Fit

          Value                            249.263*
          Degrees of Freedom                   110
          P-Value                           0.0000
          Scaling Correction Factor         1.4278
            for MLR

*   The chi-square value for MLM, MLMV, MLR, ULSMV, WLSM and WLSMV cannot be used
    for chi-square difference testing in the regular way.  MLM, MLR and WLSM
    chi-square difference testing is described on the Mplus website.  MLMV, WLSMV,
    and ULSMV difference testing is done using the DIFFTEST option.

RMSEA (Root Mean Square Error Of Approximation)

          Estimate                           0.045
          90 Percent C.I.                    0.038  0.053
          Probability RMSEA <= .05           0.854

CFI/TLI

          CFI                                0.955
          TLI                                0.938

Chi-Square Test of Model Fit for the Baseline Model

          Value                           3281.763
          Degrees of Freedom                   153
          P-Value                           0.0000

SRMR (Standardized Root Mean Square Residual)

          Value                              0.143



MODEL RESULTS

                                                    Two-Tailed
                    Estimate       S.E.  Est./S.E.    P-Value

 COG1     BY
    A1WJAPW            1.617      0.102     15.841      0.000
    A1PPVT4W           1.117      0.074     15.012      0.000
    A1CSR              8.463      0.903      9.375      0.000

 COG2     BY
    A2WJAPW            1.617      0.102     15.841      0.000
    A2PPVT4W           1.117      0.074     15.012      0.000
    A2CSR              8.463      0.903      9.375      0.000

 COG3     BY
    A3WJAPW            1.617      0.102     15.841      0.000
    A3PPVT4W           1.117      0.074     15.012      0.000
    A3CSR              8.463      0.903      9.375      0.000

 ATL1     BY
    R1ATTUDE           7.062      0.288     24.562      0.000
    R1MOTIVE           6.697      0.313     21.368      0.000
    R1PRSIST           8.476      0.388     21.838      0.000

 ATL2     BY
    R2ATTUDE           7.062      0.288     24.562      0.000
    R2MOTIVE           6.697      0.313     21.368      0.000
    R2PRSIST           8.476      0.388     21.838      0.000

 ATL4     BY
    KR3ATUDE           7.062      0.288     24.562      0.000
    KR3MOTIV           6.697      0.313     21.368      0.000
    KR3PRSST           8.476      0.388     21.838      0.000

 COG2     WITH
    COG1               0.872      0.080     10.962      0.000

 COG3     WITH
    COG1               0.727      0.068     10.680      0.000
    COG2               0.767      0.096      8.014      0.000

 ATL1     WITH
    COG1               0.429      0.047      9.146      0.000
    COG2               0.388      0.054      7.137      0.000
    COG3               0.378      0.057      6.621      0.000

 ATL2     WITH
    COG1               0.375      0.065      5.812      0.000
    COG2               0.354      0.058      6.126      0.000
    COG3               0.356      0.071      4.999      0.000
    ATL1               0.724      0.047     15.313      0.000

 ATL4     WITH
    COG1               0.514      0.093      5.534      0.000
    COG2               0.435      0.082      5.304      0.000
    COG3               0.462      0.081      5.706      0.000
    ATL1               0.561      0.067      8.363      0.000
    ATL2               0.515      0.085      6.041      0.000

 A1WJAPW  WITH
    A2WJAPW            0.156      0.182      0.855      0.393
    A3WJAPW           -0.038      0.304     -0.124      0.901

 A2WJAPW  WITH
    A3WJAPW            0.459      0.174      2.628      0.009

 A1PPVT4W WITH
    A2PPVT4W           0.464      0.085      5.448      0.000
    A3PPVT4W           0.336      0.077      4.373      0.000

 A2PPVT4W WITH
    A3PPVT4W           0.454      0.053      8.566      0.000

 A1CSR    WITH
    A2CSR             48.001     13.918      3.449      0.001
    A3CSR             29.258     18.496      1.582      0.114

 A2CSR    WITH
    A3CSR             51.545     16.892      3.051      0.002

 R1ATTUDE WITH
    R2ATTUDE          11.379      2.170      5.244      0.000
    KR3ATUDE           6.431      2.187      2.940      0.003

 R2ATTUDE WITH
    KR3ATUDE           5.584      2.329      2.397      0.017

 R1MOTIVE WITH
    R2MOTIVE          25.247      3.861      6.539      0.000
    KR3MOTIV          16.907      4.423      3.823      0.000

 R2MOTIVE WITH
    KR3MOTIV          17.532      3.525      4.973      0.000

 R1PRSIST WITH
    R2PRSIST           3.083      3.171      0.972      0.331
    KR3PRSST          -2.275      2.662     -0.855      0.393

 R2PRSIST WITH
    KR3PRSST          -1.056      2.481     -0.426      0.670

 Intercepts
    A1WJAPW           38.146      0.167    228.568      0.000
    A2WJAPW           39.919      0.123    325.341      0.000
    A3WJAPW           42.700      0.131    325.406      0.000
    A1PPVT4W          10.844      0.089    122.156      0.000
    A2PPVT4W          11.844      0.099    119.978      0.000
    A3PPVT4W          13.547      0.096    140.834      0.000
    A1CSR             63.215      0.841     75.189      0.000
    A2CSR             62.108      1.035     59.991      0.000
    A3CSR             65.991      1.284     51.389      0.000
    R1ATTUDE          51.943      0.340    152.574      0.000
    R1MOTIVE          52.535      0.412    127.509      0.000
    R1PRSIST          52.296      0.391    133.911      0.000
    R2ATTUDE          52.349      0.543     96.331      0.000
    R2MOTIVE          52.789      0.588     89.729      0.000
    R2PRSIST          52.660      0.575     91.515      0.000
    KR3MOTIV          50.324      0.749     67.158      0.000
    KR3PRSST          49.340      0.707     69.820      0.000
    KR3ATUDE          50.666      0.544     93.162      0.000

 Variances
    COG1               1.000      0.000    999.000    999.000
    COG2               0.955      0.114      8.366      0.000
    COG3               0.849      0.118      7.210      0.000
    ATL1               1.000      0.000    999.000    999.000
    ATL2               1.122      0.076     14.705      0.000
    ATL4               1.494      0.133     11.205      0.000

 Residual Variances
    A1WJAPW            4.786      0.436     10.965      0.000
    A2WJAPW            1.297      0.161      8.043      0.000
    A3WJAPW            2.052      0.323      6.352      0.000
    A1PPVT4W           1.298      0.155      8.350      0.000
    A2PPVT4W           0.872      0.057     15.194      0.000
    A3PPVT4W           0.910      0.098      9.249      0.000
    A1CSR            216.947     15.303     14.177      0.000
    A2CSR            232.084     17.254     13.451      0.000
    A3CSR            240.348     27.910      8.612      0.000
    R1ATTUDE          25.524      2.202     11.591      0.000
    R1MOTIVE          53.988      5.842      9.242      0.000
    R1PRSIST          10.791      2.712      3.979      0.000
    R2ATTUDE          29.277      3.240      9.035      0.000
    R2MOTIVE          45.125      3.958     11.401      0.000
    R2PRSIST           8.716      5.034      1.731      0.083
    KR3MOTIV          62.172      6.330      9.822      0.000
    KR3PRSST          19.905      4.919      4.047      0.000
    KR3ATUDE          28.832      3.495      8.250      0.000


STANDARDIZED MODEL RESULTS


STDYX Standardization

                                                    Two-Tailed
                    Estimate       S.E.  Est./S.E.    P-Value

 COG1     BY
    A1WJAPW            0.594      0.033     18.109      0.000
    A1PPVT4W           0.700      0.036     19.639      0.000
    A1CSR              0.498      0.049     10.195      0.000

 COG2     BY
    A2WJAPW            0.811      0.027     30.254      0.000
    A2PPVT4W           0.760      0.026     29.304      0.000
    A2CSR              0.477      0.039     12.156      0.000

 COG3     BY
    A3WJAPW            0.721      0.035     20.488      0.000
    A3PPVT4W           0.733      0.032     23.231      0.000
    A3CSR              0.449      0.040     11.224      0.000

 ATL1     BY
    R1ATTUDE           0.813      0.018     45.320      0.000
    R1MOTIVE           0.674      0.030     22.730      0.000
    R1PRSIST           0.932      0.019     49.827      0.000

 ATL2     BY
    R2ATTUDE           0.810      0.019     42.309      0.000
    R2MOTIVE           0.726      0.027     27.337      0.000
    R2PRSIST           0.950      0.030     31.928      0.000

 ATL4     BY
    KR3ATUDE           0.849      0.016     53.259      0.000
    KR3MOTIV           0.720      0.028     26.132      0.000
    KR3PRSST           0.918      0.023     40.215      0.000

 COG2     WITH
    COG1               0.893      0.054     16.535      0.000

 COG3     WITH
    COG1               0.789      0.072     10.901      0.000
    COG2               0.852      0.043     19.585      0.000

 ATL1     WITH
    COG1               0.429      0.047      9.146      0.000
    COG2               0.398      0.051      7.843      0.000
    COG3               0.410      0.060      6.831      0.000

 ATL2     WITH
    COG1               0.354      0.058      6.163      0.000
    COG2               0.342      0.049      6.981      0.000
    COG3               0.364      0.060      6.117      0.000
    ATL1               0.684      0.036     18.896      0.000

 ATL4     WITH
    COG1               0.421      0.070      6.020      0.000
    COG2               0.364      0.067      5.410      0.000
    COG3               0.411      0.069      5.940      0.000
    ATL1               0.459      0.051      9.066      0.000
    ATL2               0.398      0.061      6.521      0.000

 A1WJAPW  WITH
    A2WJAPW            0.063      0.072      0.865      0.387
    A3WJAPW           -0.012      0.098     -0.123      0.902

 A2WJAPW  WITH
    A3WJAPW            0.281      0.085      3.298      0.001

 A1PPVT4W WITH
    A2PPVT4W           0.436      0.066      6.563      0.000
    A3PPVT4W           0.309      0.070      4.418      0.000

 A2PPVT4W WITH
    A3PPVT4W           0.510      0.038     13.451      0.000

 A1CSR    WITH
    A2CSR              0.214      0.056      3.833      0.000
    A3CSR              0.128      0.079      1.631      0.103

 A2CSR    WITH
    A3CSR              0.218      0.060      3.631      0.000

 R1ATTUDE WITH
    R2ATTUDE           0.416      0.064      6.537      0.000
    KR3ATUDE           0.237      0.080      2.972      0.003

 R2ATTUDE WITH
    KR3ATUDE           0.192      0.075      2.555      0.011

 R1MOTIVE WITH
    R2MOTIVE           0.512      0.045     11.379      0.000
    KR3MOTIV           0.292      0.076      3.823      0.000

 R2MOTIVE WITH
    KR3MOTIV           0.331      0.059      5.575      0.000

 R1PRSIST WITH
    R2PRSIST           0.318      0.220      1.442      0.149
    KR3PRSST          -0.155      0.190     -0.815      0.415

 R2PRSIST WITH
    KR3PRSST          -0.080      0.197     -0.407      0.684

 Intercepts
    A1WJAPW           14.023      0.471     29.742      0.000
    A2WJAPW           20.498      0.748     27.399      0.000
    A3WJAPW           20.663      0.931     22.185      0.000
    A1PPVT4W           6.796      0.292     23.289      0.000
    A2PPVT4W           8.243      0.271     30.467      0.000
    A3PPVT4W           9.653      0.462     20.880      0.000
    A1CSR              3.721      0.117     31.812      0.000
    A2CSR              3.583      0.120     29.878      0.000
    A3CSR              3.803      0.241     15.779      0.000
    R1ATTUDE           5.982      0.186     32.100      0.000
    R1MOTIVE           5.284      0.180     29.437      0.000
    R1PRSIST           5.753      0.214     26.917      0.000
    R2ATTUDE           5.670      0.243     23.330      0.000
    R2MOTIVE           5.403      0.205     26.359      0.000
    R2PRSIST           5.571      0.238     23.423      0.000
    KR3MOTIV           4.428      0.191     23.173      0.000
    KR3PRSST           4.374      0.196     22.281      0.000
    KR3ATUDE           4.984      0.230     21.696      0.000

 Variances
    COG1               1.000      0.000    999.000    999.000
    COG2               1.000      0.000    999.000    999.000
    COG3               1.000      0.000    999.000    999.000
    ATL1               1.000      0.000    999.000    999.000
    ATL2               1.000      0.000    999.000    999.000
    ATL4               1.000      0.000    999.000    999.000

 Residual Variances
    A1WJAPW            0.647      0.039     16.581      0.000
    A2WJAPW            0.342      0.043      7.862      0.000
    A3WJAPW            0.481      0.051      9.479      0.000
    A1PPVT4W           0.510      0.050     10.209      0.000
    A2PPVT4W           0.422      0.039     10.718      0.000
    A3PPVT4W           0.462      0.046      9.977      0.000
    A1CSR              0.752      0.049     15.442      0.000
    A2CSR              0.772      0.037     20.626      0.000
    A3CSR              0.798      0.036     22.191      0.000
    R1ATTUDE           0.339      0.029     11.597      0.000
    R1MOTIVE           0.546      0.040     13.681      0.000
    R1PRSIST           0.131      0.035      3.742      0.000
    R2ATTUDE           0.343      0.031     11.065      0.000
    R2MOTIVE           0.473      0.039     12.254      0.000
    R2PRSIST           0.098      0.057      1.726      0.084
    KR3MOTIV           0.481      0.040     12.126      0.000
    KR3PRSST           0.156      0.042      3.730      0.000
    KR3ATUDE           0.279      0.027     10.306      0.000


STDY Standardization

                                                    Two-Tailed
                    Estimate       S.E.  Est./S.E.    P-Value

 COG1     BY
    A1WJAPW            0.594      0.033     18.109      0.000
    A1PPVT4W           0.700      0.036     19.639      0.000
    A1CSR              0.498      0.049     10.195      0.000

 COG2     BY
    A2WJAPW            0.811      0.027     30.254      0.000
    A2PPVT4W           0.760      0.026     29.304      0.000
    A2CSR              0.477      0.039     12.156      0.000

 COG3     BY
    A3WJAPW            0.721      0.035     20.488      0.000
    A3PPVT4W           0.733      0.032     23.231      0.000
    A3CSR              0.449      0.040     11.224      0.000

 ATL1     BY
    R1ATTUDE           0.813      0.018     45.320      0.000
    R1MOTIVE           0.674      0.030     22.730      0.000
    R1PRSIST           0.932      0.019     49.827      0.000

 ATL2     BY
    R2ATTUDE           0.810      0.019     42.309      0.000
    R2MOTIVE           0.726      0.027     27.337      0.000
    R2PRSIST           0.950      0.030     31.928      0.000

 ATL4     BY
    KR3ATUDE           0.849      0.016     53.259      0.000
    KR3MOTIV           0.720      0.028     26.132      0.000
    KR3PRSST           0.918      0.023     40.215      0.000

 COG2     WITH
    COG1               0.893      0.054     16.535      0.000

 COG3     WITH
    COG1               0.789      0.072     10.901      0.000
    COG2               0.852      0.043     19.585      0.000

 ATL1     WITH
    COG1               0.429      0.047      9.146      0.000
    COG2               0.398      0.051      7.843      0.000
    COG3               0.410      0.060      6.831      0.000

 ATL2     WITH
    COG1               0.354      0.058      6.163      0.000
    COG2               0.342      0.049      6.981      0.000
    COG3               0.364      0.060      6.117      0.000
    ATL1               0.684      0.036     18.896      0.000

 ATL4     WITH
    COG1               0.421      0.070      6.020      0.000
    COG2               0.364      0.067      5.410      0.000
    COG3               0.411      0.069      5.940      0.000
    ATL1               0.459      0.051      9.066      0.000
    ATL2               0.398      0.061      6.521      0.000

 A1WJAPW  WITH
    A2WJAPW            0.063      0.072      0.865      0.387
    A3WJAPW           -0.012      0.098     -0.123      0.902

 A2WJAPW  WITH
    A3WJAPW            0.281      0.085      3.298      0.001

 A1PPVT4W WITH
    A2PPVT4W           0.436      0.066      6.563      0.000
    A3PPVT4W           0.309      0.070      4.418      0.000

 A2PPVT4W WITH
    A3PPVT4W           0.510      0.038     13.451      0.000

 A1CSR    WITH
    A2CSR              0.214      0.056      3.833      0.000
    A3CSR              0.128      0.079      1.631      0.103

 A2CSR    WITH
    A3CSR              0.218      0.060      3.631      0.000

 R1ATTUDE WITH
    R2ATTUDE           0.416      0.064      6.537      0.000
    KR3ATUDE           0.237      0.080      2.972      0.003

 R2ATTUDE WITH
    KR3ATUDE           0.192      0.075      2.555      0.011

 R1MOTIVE WITH
    R2MOTIVE           0.512      0.045     11.379      0.000
    KR3MOTIV           0.292      0.076      3.823      0.000

 R2MOTIVE WITH
    KR3MOTIV           0.331      0.059      5.575      0.000

 R1PRSIST WITH
    R2PRSIST           0.318      0.220      1.442      0.149
    KR3PRSST          -0.155      0.190     -0.815      0.415

 R2PRSIST WITH
    KR3PRSST          -0.080      0.197     -0.407      0.684

 Intercepts
    A1WJAPW           14.023      0.471     29.742      0.000
    A2WJAPW           20.498      0.748     27.399      0.000
    A3WJAPW           20.663      0.931     22.185      0.000
    A1PPVT4W           6.796      0.292     23.289      0.000
    A2PPVT4W           8.243      0.271     30.467      0.000
    A3PPVT4W           9.653      0.462     20.880      0.000
    A1CSR              3.721      0.117     31.812      0.000
    A2CSR              3.583      0.120     29.878      0.000
    A3CSR              3.803      0.241     15.779      0.000
    R1ATTUDE           5.982      0.186     32.100      0.000
    R1MOTIVE           5.284      0.180     29.437      0.000
    R1PRSIST           5.753      0.214     26.917      0.000
    R2ATTUDE           5.670      0.243     23.330      0.000
    R2MOTIVE           5.403      0.205     26.359      0.000
    R2PRSIST           5.571      0.238     23.423      0.000
    KR3MOTIV           4.428      0.191     23.173      0.000
    KR3PRSST           4.374      0.196     22.281      0.000
    KR3ATUDE           4.984      0.230     21.696      0.000

 Variances
    COG1               1.000      0.000    999.000    999.000
    COG2               1.000      0.000    999.000    999.000
    COG3               1.000      0.000    999.000    999.000
    ATL1               1.000      0.000    999.000    999.000
    ATL2               1.000      0.000    999.000    999.000
    ATL4               1.000      0.000    999.000    999.000

 Residual Variances
    A1WJAPW            0.647      0.039     16.581      0.000
    A2WJAPW            0.342      0.043      7.862      0.000
    A3WJAPW            0.481      0.051      9.479      0.000
    A1PPVT4W           0.510      0.050     10.209      0.000
    A2PPVT4W           0.422      0.039     10.718      0.000
    A3PPVT4W           0.462      0.046      9.977      0.000
    A1CSR              0.752      0.049     15.442      0.000
    A2CSR              0.772      0.037     20.626      0.000
    A3CSR              0.798      0.036     22.191      0.000
    R1ATTUDE           0.339      0.029     11.597      0.000
    R1MOTIVE           0.546      0.040     13.681      0.000
    R1PRSIST           0.131      0.035      3.742      0.000
    R2ATTUDE           0.343      0.031     11.065      0.000
    R2MOTIVE           0.473      0.039     12.254      0.000
    R2PRSIST           0.098      0.057      1.726      0.084
    KR3MOTIV           0.481      0.040     12.126      0.000
    KR3PRSST           0.156      0.042      3.730      0.000
    KR3ATUDE           0.279      0.027     10.306      0.000


STD Standardization

                                                    Two-Tailed
                    Estimate       S.E.  Est./S.E.    P-Value

 COG1     BY
    A1WJAPW            1.617      0.102     15.841      0.000
    A1PPVT4W           1.117      0.074     15.012      0.000
    A1CSR              8.463      0.903      9.375      0.000

 COG2     BY
    A2WJAPW            1.580      0.090     17.594      0.000
    A2PPVT4W           1.092      0.068     16.081      0.000
    A2CSR              8.270      0.699     11.836      0.000

 COG3     BY
    A3WJAPW            1.489      0.084     17.743      0.000
    A3PPVT4W           1.029      0.075     13.641      0.000
    A3CSR              7.796      0.716     10.889      0.000

 ATL1     BY
    R1ATTUDE           7.062      0.288     24.562      0.000
    R1MOTIVE           6.697      0.313     21.368      0.000
    R1PRSIST           8.476      0.388     21.838      0.000

 ATL2     BY
    R2ATTUDE           7.481      0.327     22.871      0.000
    R2MOTIVE           7.095      0.385     18.449      0.000
    R2PRSIST           8.979      0.441     20.344      0.000

 ATL4     BY
    KR3ATUDE           8.631      0.385     22.406      0.000
    KR3MOTIV           8.185      0.426     19.196      0.000
    KR3PRSST          10.359      0.575     18.017      0.000

 COG2     WITH
    COG1               0.893      0.054     16.535      0.000

 COG3     WITH
    COG1               0.789      0.072     10.901      0.000
    COG2               0.852      0.043     19.585      0.000

 ATL1     WITH
    COG1               0.429      0.047      9.146      0.000
    COG2               0.398      0.051      7.843      0.000
    COG3               0.410      0.060      6.831      0.000

 ATL2     WITH
    COG1               0.354      0.058      6.163      0.000
    COG2               0.342      0.049      6.981      0.000
    COG3               0.364      0.060      6.117      0.000
    ATL1               0.684      0.036     18.896      0.000

 ATL4     WITH
    COG1               0.421      0.070      6.020      0.000
    COG2               0.364      0.067      5.410      0.000
    COG3               0.411      0.069      5.940      0.000
    ATL1               0.459      0.051      9.066      0.000
    ATL2               0.398      0.061      6.521      0.000

 A1WJAPW  WITH
    A2WJAPW            0.156      0.182      0.855      0.393
    A3WJAPW           -0.038      0.304     -0.124      0.901

 A2WJAPW  WITH
    A3WJAPW            0.459      0.174      2.628      0.009

 A1PPVT4W WITH
    A2PPVT4W           0.464      0.085      5.448      0.000
    A3PPVT4W           0.336      0.077      4.373      0.000

 A2PPVT4W WITH
    A3PPVT4W           0.454      0.053      8.566      0.000

 A1CSR    WITH
    A2CSR             48.001     13.918      3.449      0.001
    A3CSR             29.258     18.496      1.582      0.114

 A2CSR    WITH
    A3CSR             51.545     16.892      3.051      0.002

 R1ATTUDE WITH
    R2ATTUDE          11.379      2.170      5.244      0.000
    KR3ATUDE           6.431      2.187      2.940      0.003

 R2ATTUDE WITH
    KR3ATUDE           5.584      2.329      2.397      0.017

 R1MOTIVE WITH
    R2MOTIVE          25.247      3.861      6.539      0.000
    KR3MOTIV          16.907      4.423      3.823      0.000

 R2MOTIVE WITH
    KR3MOTIV          17.532      3.525      4.973      0.000

 R1PRSIST WITH
    R2PRSIST           3.083      3.171      0.972      0.331
    KR3PRSST          -2.275      2.662     -0.855      0.393

 R2PRSIST WITH
    KR3PRSST          -1.056      2.481     -0.426      0.670

 Intercepts
    A1WJAPW           38.146      0.167    228.568      0.000
    A2WJAPW           39.919      0.123    325.341      0.000
    A3WJAPW           42.700      0.131    325.406      0.000
    A1PPVT4W          10.844      0.089    122.156      0.000
    A2PPVT4W          11.844      0.099    119.978      0.000
    A3PPVT4W          13.547      0.096    140.834      0.000
    A1CSR             63.215      0.841     75.189      0.000
    A2CSR             62.108      1.035     59.991      0.000
    A3CSR             65.991      1.284     51.389      0.000
    R1ATTUDE          51.943      0.340    152.574      0.000
    R1MOTIVE          52.535      0.412    127.509      0.000
    R1PRSIST          52.296      0.391    133.911      0.000
    R2ATTUDE          52.349      0.543     96.331      0.000
    R2MOTIVE          52.789      0.588     89.729      0.000
    R2PRSIST          52.660      0.575     91.515      0.000
    KR3MOTIV          50.324      0.749     67.158      0.000
    KR3PRSST          49.340      0.707     69.820      0.000
    KR3ATUDE          50.666      0.544     93.162      0.000

 Variances
    COG1               1.000      0.000    999.000    999.000
    COG2               1.000      0.000    999.000    999.000
    COG3               1.000      0.000    999.000    999.000
    ATL1               1.000      0.000    999.000    999.000
    ATL2               1.000      0.000    999.000    999.000
    ATL4               1.000      0.000    999.000    999.000

 Residual Variances
    A1WJAPW            4.786      0.436     10.965      0.000
    A2WJAPW            1.297      0.161      8.043      0.000
    A3WJAPW            2.052      0.323      6.352      0.000
    A1PPVT4W           1.298      0.155      8.350      0.000
    A2PPVT4W           0.872      0.057     15.194      0.000
    A3PPVT4W           0.910      0.098      9.249      0.000
    A1CSR            216.947     15.303     14.177      0.000
    A2CSR            232.084     17.254     13.451      0.000
    A3CSR            240.348     27.910      8.612      0.000
    R1ATTUDE          25.524      2.202     11.591      0.000
    R1MOTIVE          53.988      5.842      9.242      0.000
    R1PRSIST          10.791      2.712      3.979      0.000
    R2ATTUDE          29.277      3.240      9.035      0.000
    R2MOTIVE          45.125      3.958     11.401      0.000
    R2PRSIST           8.716      5.034      1.731      0.083
    KR3MOTIV          62.172      6.330      9.822      0.000
    KR3PRSST          19.905      4.919      4.047      0.000
    KR3ATUDE          28.832      3.495      8.250      0.000


R-SQUARE

    Observed                                        Two-Tailed
    Variable        Estimate       S.E.  Est./S.E.    P-Value

    A1WJAPW            0.353      0.039      9.054      0.000
    A2WJAPW            0.658      0.043     15.127      0.000
    A3WJAPW            0.519      0.051     10.244      0.000
    A1PPVT4W           0.490      0.050      9.819      0.000
    A2PPVT4W           0.578      0.039     14.652      0.000
    A3PPVT4W           0.538      0.046     11.616      0.000
    A1CSR              0.248      0.049      5.098      0.000
    A2CSR              0.228      0.037      6.078      0.000
    A3CSR              0.202      0.036      5.612      0.000
    R1ATTUDE           0.661      0.029     22.660      0.000
    R1MOTIVE           0.454      0.040     11.365      0.000
    R1PRSIST           0.869      0.035     24.913      0.000
    R2ATTUDE           0.657      0.031     21.154      0.000
    R2MOTIVE           0.527      0.039     13.668      0.000
    R2PRSIST           0.902      0.057     15.964      0.000
    KR3MOTIV           0.519      0.040     13.066      0.000
    KR3PRSST           0.844      0.042     20.108      0.000
    KR3ATUDE           0.721      0.027     26.630      0.000


QUALITY OF NUMERICAL RESULTS

     Condition Number for the Information Matrix              0.922E-06
       (ratio of smallest to largest eigenvalue)


MODEL MODIFICATION INDICES

NOTE:  Modification indices for direct effects of observed dependent variables
regressed on covariates may not be included.  To include these, request
MODINDICES (ALL).

Minimum M.I. value for printing the modification index    10.000

                                   M.I.     E.P.C.  Std E.P.C.  StdYX E.P.C.

BY Statements

COG1     BY A1WJAPW               28.736    -0.551     -0.551       -0.203
COG1     BY A1PPVT4W              11.773     0.109      0.109        0.069
COG1     BY KR3ATUDE              13.590    -1.561     -1.561       -0.154
COG2     BY A1WJAPW               22.492    -0.789     -0.771       -0.283
COG2     BY A1PPVT4W              13.283     0.364      0.356        0.223
COG2     BY KR3ATUDE              10.363    -1.343     -1.313       -0.129
COG3     BY A1WJAPW               21.095    -0.830     -0.765       -0.281
COG3     BY A1PPVT4W              10.352     0.351      0.324        0.203
ATL1     BY R1MOTIVE              15.792    -0.964     -0.964       -0.097
ATL2     BY A1CSR                 12.911     2.803      2.970        0.175
ATL2     BY R1MOTIVE              15.122    -1.289     -1.366       -0.137
ATL4     BY A1WJAPW               14.314    -0.476     -0.582       -0.214
ATL4     BY R1MOTIVE              10.492    -1.045     -1.277       -0.128

WITH Statements

A1PPVT4W WITH A2WJAPW             13.742     0.382      0.382        0.294
A1CSR    WITH A1PPVT4W            11.103     3.280      3.280        0.195


TECHNICAL 1 OUTPUT


     PARAMETER SPECIFICATION


           NU
              A1WJAPW       A2WJAPW       A3WJAPW       A1PPVT4W      A2PPVT4W
              ________      ________      ________      ________      ________
      1           1             2             3             4             5


           NU
              A3PPVT4W      A1CSR         A2CSR         A3CSR         R1ATTUDE
              ________      ________      ________      ________      ________
      1           6             7             8             9            10


           NU
              R1MOTIVE      R1PRSIST      R2ATTUDE      R2MOTIVE      R2PRSIST
              ________      ________      ________      ________      ________
      1          11            12            13            14            15


           NU
              KR3MOTIV      KR3PRSST      KR3ATUDE
              ________      ________      ________
      1          16            17            18


           LAMBDA
              COG1          COG2          COG3          ATL1          ATL2
              ________      ________      ________      ________      ________
 A1WJAPW           19             0             0             0             0
 A2WJAPW            0            19             0             0             0
 A3WJAPW            0             0            19             0             0
 A1PPVT4W          20             0             0             0             0
 A2PPVT4W           0            20             0             0             0
 A3PPVT4W           0             0            20             0             0
 A1CSR             21             0             0             0             0
 A2CSR              0            21             0             0             0
 A3CSR              0             0            21             0             0
 R1ATTUDE           0             0             0            22             0
 R1MOTIVE           0             0             0            23             0
 R1PRSIST           0             0             0            24             0
 R2ATTUDE           0             0             0             0            22
 R2MOTIVE           0             0             0             0            23
 R2PRSIST           0             0             0             0            24
 KR3MOTIV           0             0             0             0             0
 KR3PRSST           0             0             0             0             0
 KR3ATUDE           0             0             0             0             0


           LAMBDA
              ATL4
              ________
 A1WJAPW            0
 A2WJAPW            0
 A3WJAPW            0
 A1PPVT4W           0
 A2PPVT4W           0
 A3PPVT4W           0
 A1CSR              0
 A2CSR              0
 A3CSR              0
 R1ATTUDE           0
 R1MOTIVE           0
 R1PRSIST           0
 R2ATTUDE           0
 R2MOTIVE           0
 R2PRSIST           0
 KR3MOTIV          23
 KR3PRSST          24
 KR3ATUDE          22


           THETA
              A1WJAPW       A2WJAPW       A3WJAPW       A1PPVT4W      A2PPVT4W
              ________      ________      ________      ________      ________
 A1WJAPW           25
 A2WJAPW           26            27
 A3WJAPW           28            29            30
 A1PPVT4W           0             0             0            31
 A2PPVT4W           0             0             0            32            33
 A3PPVT4W           0             0             0            34            35
 A1CSR              0             0             0             0             0
 A2CSR              0             0             0             0             0
 A3CSR              0             0             0             0             0
 R1ATTUDE           0             0             0             0             0
 R1MOTIVE           0             0             0             0             0
 R1PRSIST           0             0             0             0             0
 R2ATTUDE           0             0             0             0             0
 R2MOTIVE           0             0             0             0             0
 R2PRSIST           0             0             0             0             0
 KR3MOTIV           0             0             0             0             0
 KR3PRSST           0             0             0             0             0
 KR3ATUDE           0             0             0             0             0


           THETA
              A3PPVT4W      A1CSR         A2CSR         A3CSR         R1ATTUDE
              ________      ________      ________      ________      ________
 A3PPVT4W          36
 A1CSR              0            37
 A2CSR              0            38            39
 A3CSR              0            40            41            42
 R1ATTUDE           0             0             0             0            43
 R1MOTIVE           0             0             0             0             0
 R1PRSIST           0             0             0             0             0
 R2ATTUDE           0             0             0             0            46
 R2MOTIVE           0             0             0             0             0
 R2PRSIST           0             0             0             0             0
 KR3MOTIV           0             0             0             0             0
 KR3PRSST           0             0             0             0             0
 KR3ATUDE           0             0             0             0            58


           THETA
              R1MOTIVE      R1PRSIST      R2ATTUDE      R2MOTIVE      R2PRSIST
              ________      ________      ________      ________      ________
 R1MOTIVE          44
 R1PRSIST           0            45
 R2ATTUDE           0             0            47
 R2MOTIVE          48             0             0            49
 R2PRSIST           0            50             0             0            51
 KR3MOTIV          52             0             0            53             0
 KR3PRSST           0            55             0             0            56
 KR3ATUDE           0             0            59             0             0


           THETA
              KR3MOTIV      KR3PRSST      KR3ATUDE
              ________      ________      ________
 KR3MOTIV          54
 KR3PRSST           0            57
 KR3ATUDE           0             0            60


           ALPHA
              COG1          COG2          COG3          ATL1          ATL2
              ________      ________      ________      ________      ________
      1           0             0             0             0             0


           ALPHA
              ATL4
              ________
      1           0


           BETA
              COG1          COG2          COG3          ATL1          ATL2
              ________      ________      ________      ________      ________
 COG1               0             0             0             0             0
 COG2               0             0             0             0             0
 COG3               0             0             0             0             0
 ATL1               0             0             0             0             0
 ATL2               0             0             0             0             0
 ATL4               0             0             0             0             0


           BETA
              ATL4
              ________
 COG1               0
 COG2               0
 COG3               0
 ATL1               0
 ATL2               0
 ATL4               0


           PSI
              COG1          COG2          COG3          ATL1          ATL2
              ________      ________      ________      ________      ________
 COG1               0
 COG2              61            62
 COG3              63            64            65
 ATL1              66            67            68             0
 ATL2              69            70            71            72            73
 ATL4              74            75            76            77            78


           PSI
              ATL4
              ________
 ATL4              79


     STARTING VALUES


           NU
              A1WJAPW       A2WJAPW       A3WJAPW       A1PPVT4W      A2PPVT4W
              ________      ________      ________      ________      ________
      1        38.216        39.968        42.692        10.847        11.850


           NU
              A3PPVT4W      A1CSR         A2CSR         A3CSR         R1ATTUDE
              ________      ________      ________      ________      ________
      1        13.538        63.208        62.124        65.926        51.947


           NU
              R1MOTIVE      R1PRSIST      R2ATTUDE      R2MOTIVE      R2PRSIST
              ________      ________      ________      ________      ________
      1        52.577        52.315        52.435        52.908        52.741


           NU
              KR3MOTIV      KR3PRSST      KR3ATUDE
              ________      ________      ________
      1        50.350        49.622        50.896


           LAMBDA
              COG1          COG2          COG3          ATL1          ATL2
              ________      ________      ________      ________      ________
 A1WJAPW        1.000         0.000         0.000         0.000         0.000
 A2WJAPW        0.000         1.653         0.000         0.000         0.000
 A3WJAPW        0.000         0.000         1.634         0.000         0.000
 A1PPVT4W       1.000         0.000         0.000         0.000         0.000
 A2PPVT4W       0.000         1.100         0.000         0.000         0.000
 A3PPVT4W       0.000         0.000         1.046         0.000         0.000
 A1CSR          1.000         0.000         0.000         0.000         0.000
 A2CSR          0.000         7.216         0.000         0.000         0.000
 A3CSR          0.000         0.000         6.190         0.000         0.000
 R1ATTUDE       0.000         0.000         0.000         1.000         0.000
 R1MOTIVE       0.000         0.000         0.000         1.000         0.000
 R1PRSIST       0.000         0.000         0.000         1.000         0.000
 R2ATTUDE       0.000         0.000         0.000         0.000         7.664
 R2MOTIVE       0.000         0.000         0.000         0.000         7.011
 R2PRSIST       0.000         0.000         0.000         0.000         8.809
 KR3MOTIV       0.000         0.000         0.000         0.000         0.000
 KR3PRSST       0.000         0.000         0.000         0.000         0.000
 KR3ATUDE       0.000         0.000         0.000         0.000         0.000


           LAMBDA
              ATL4
              ________
 A1WJAPW        0.000
 A2WJAPW        0.000
 A3WJAPW        0.000
 A1PPVT4W       0.000
 A2PPVT4W       0.000
 A3PPVT4W       0.000
 A1CSR          0.000
 A2CSR          0.000
 A3CSR          0.000
 R1ATTUDE       0.000
 R1MOTIVE       0.000
 R1PRSIST       0.000
 R2ATTUDE       0.000
 R2MOTIVE       0.000
 R2PRSIST       0.000
 KR3MOTIV       8.765
 KR3PRSST      10.287
 KR3ATUDE       8.299


           THETA
              A1WJAPW       A2WJAPW       A3WJAPW       A1PPVT4W      A2PPVT4W
              ________      ________      ________      ________      ________
 A1WJAPW        3.061
 A2WJAPW        0.000         1.924
 A3WJAPW        0.000         0.000         2.294
 A1PPVT4W       0.000         0.000         0.000         1.332
 A2PPVT4W       0.000         0.000         0.000         0.000         1.009
 A3PPVT4W       0.000         0.000         0.000         0.000         0.000
 A1CSR          0.000         0.000         0.000         0.000         0.000
 A2CSR          0.000         0.000         0.000         0.000         0.000
 A3CSR          0.000         0.000         0.000         0.000         0.000
 R1ATTUDE       0.000         0.000         0.000         0.000         0.000
 R1MOTIVE       0.000         0.000         0.000         0.000         0.000
 R1PRSIST       0.000         0.000         0.000         0.000         0.000
 R2ATTUDE       0.000         0.000         0.000         0.000         0.000
 R2MOTIVE       0.000         0.000         0.000         0.000         0.000
 R2PRSIST       0.000         0.000         0.000         0.000         0.000
 KR3MOTIV       0.000         0.000         0.000         0.000         0.000
 KR3PRSST       0.000         0.000         0.000         0.000         0.000
 KR3ATUDE       0.000         0.000         0.000         0.000         0.000


           THETA
              A3PPVT4W      A1CSR         A2CSR         A3CSR         R1ATTUDE
              ________      ________      ________      ________      ________
 A3PPVT4W       0.955
 A1CSR          0.000       150.226
 A2CSR          0.000         0.000       147.166
 A3CSR          0.000         0.000         0.000       146.195
 R1ATTUDE       0.000         0.000         0.000         0.000        39.209
 R1MOTIVE       0.000         0.000         0.000         0.000         0.000
 R1PRSIST       0.000         0.000         0.000         0.000         0.000
 R2ATTUDE       0.000         0.000         0.000         0.000         0.000
 R2MOTIVE       0.000         0.000         0.000         0.000         0.000
 R2PRSIST       0.000         0.000         0.000         0.000         0.000
 KR3MOTIV       0.000         0.000         0.000         0.000         0.000
 KR3PRSST       0.000         0.000         0.000         0.000         0.000
 KR3ATUDE       0.000         0.000         0.000         0.000         0.000


           THETA
              R1MOTIVE      R1PRSIST      R2ATTUDE      R2MOTIVE      R2PRSIST
              ________      ________      ________      ________      ________
 R1MOTIVE      42.930
 R1PRSIST       0.000        42.473
 R2ATTUDE       0.000         0.000        42.749
 R2MOTIVE       0.000         0.000         0.000        46.635
 R2PRSIST       0.000         0.000         0.000         0.000        43.662
 KR3MOTIV       0.000         0.000         0.000         0.000         0.000
 KR3PRSST       0.000         0.000         0.000         0.000         0.000
 KR3ATUDE       0.000         0.000         0.000         0.000         0.000


           THETA
              KR3MOTIV      KR3PRSST      KR3ATUDE
              ________      ________      ________
 KR3MOTIV      67.704
 KR3PRSST       0.000        62.138
 KR3ATUDE       0.000         0.000        47.489


           ALPHA
              COG1          COG2          COG3          ATL1          ATL2
              ________      ________      ________      ________      ________
      1         0.000         0.000         0.000         0.000         0.000


           ALPHA
              ATL4
              ________
      1         0.000


           BETA
              COG1          COG2          COG3          ATL1          ATL2
              ________      ________      ________      ________      ________
 COG1           0.000         0.000         0.000         0.000         0.000
 COG2           0.000         0.000         0.000         0.000         0.000
 COG3           0.000         0.000         0.000         0.000         0.000
 ATL1           0.000         0.000         0.000         0.000         0.000
 ATL2           0.000         0.000         0.000         0.000         0.000
 ATL4           0.000         0.000         0.000         0.000         0.000


           BETA
              ATL4
              ________
 COG1           0.000
 COG2           0.000
 COG3           0.000
 ATL1           0.000
 ATL2           0.000
 ATL4           0.000


           PSI
              COG1          COG2          COG3          ATL1          ATL2
              ________      ________      ________      ________      ________
 COG1           1.000
 COG2           0.000         0.050
 COG3           0.000         0.000         0.050
 ATL1           0.000         0.000         0.000         1.000
 ATL2           0.000         0.000         0.000         0.000         0.050
 ATL4           0.000         0.000         0.000         0.000         0.000


           PSI
              ATL4
              ________
 ATL4           0.050


DIAGRAM INFORMATION

  Use View Diagram under the Diagram menu in the Mplus Editor to view the diagram.
  If running Mplus from the Mplus Diagrammer, the diagram opens automatically.

  Diagram output
    c:\users\bfoste01\dropbox\new_faces\faces_project_r\weighted_3\all-set\invariance-10-30-14\no-co

     Beginning Time:  10:36:05
        Ending Time:  10:36:06
       Elapsed Time:  00:00:01



MUTHEN & MUTHEN
3463 Stoner Ave.
Los Angeles, CA  90066

Tel: (310) 391-9971
Fax: (310) 391-8971
Web: www.StatModel.com
Support: Support@StatModel.com

Copyright (c) 1998-2014 Muthen & Muthen
