Mplus VERSION 7.3
MUTHEN & MUTHEN
10/30/2014  10:56 AM

INPUT INSTRUCTIONS

  TITLE:
      Cross-lag model, no controls, no problem BeH freed wjap t1
    DATA: FILE = "moderation.4.dat";
    DEFINE: A1PPVT4W = A1PPVT4W/10;
            A1WJLWW = A1WJLWW/10;
            A2PPVT4W = A2PPVT4W/10;
            A2WJLWW = A2WJLWW/10;
            A3PPVT4W = A3PPVT4W/10;
            A3WJLWW = A3WJLWW/10;
            A1WJAPW = A1WJAPW/10;
            A2WJAPW = A2WJAPW/10;
            A3WJAPW = A3WJAPW/10;
    VARIABLE:
    NAMES = A1PPVT4W A1WJAPW A1WJLWW A1CSR A1ECMIRT A1WJSW R1ATTUDE R1MOTIVE R1PRSIST
         A2PPVT4W A2WJAPW A2WJLWW A2CSR A2ECMIRT A2WJSW R2ATTUDE R2MOTIVE R2PRSIST
         A3PPVT4W A3WJAPW A3WJLWW A3CSR A3ECMIRT A3WJSW KR3ATUDE KR3MOTIV KR3PRSST
         R1TPLBS R2TPLBS KR3TPLBS STRAT PSU PRA12OTW CHGENDER P1RMOMED A1CAGE A2CAGE
         A3CAGE CRACE P1PRGTYP P2PRGTYP P3PRGTYP O2CLSSCD O2CLSSIS O2CLSSLM O2CLSSQF
         CLS1_ID CLS2_ID CLS3_ID R1BAGGR R1BWITH R1BHYPER R1ATTUDE_1 R2BAGGR R2BWITH
         R2BHYPER KR3BAGGR KR3BHYPE KR3BWITH BINAGGR1 BINWITH1 BINHYP1 BINAGGR2 BINWITH2
         BINHYP2 BINAGGR3 BINWITH3 BINHYP3;
    USEVARIABLES = A1PPVT4W A1WJAPW A1CSR
         R1ATTUDE R1MOTIVE R1PRSIST
         A2PPVT4W A2WJAPW A2CSR
         R2ATTUDE R2MOTIVE R2PRSIST
         A3PPVT4W A3WJAPW A3CSR
         KR3ATUDE KR3MOTIV KR3PRSST
         STRAT PSU PRA12OTW;
    STRATIFICATION = STRAT;
    CLUSTER = PSU;
    WEIGHT = PRA12OTW;
    MISSING=.;
    ANALYSIS:
      TYPE = COMPLEX;
      ITERATIONS = 10000;
      ESTIMATOR = MLR;
      PROCESSORS = 5;
    MODEL:
      cog1 BY A1WJAPW*
      A1PPVT4W(2)
      A1CSR(3);
      cog2 BY A2WJAPW*(1)
      A2PPVT4W(2)
      A2CSR(3);
      cog3 BY A3WJAPW*(1)
      A3PPVT4W(2)
      A3CSR(3);
      cog1@1.0;

      atl1 BY R1ATTUDE*(4)
      R1MOTIVE(5)
      R1PRSIST(6);
      atl2 BY R2ATTUDE*(4)
      R2MOTIVE(5)
      R2PRSIST(6);
      atl3 BY KR3ATUDE*(4)
      KR3MOTIV(5)
      KR3PRSST(6);
      atl1@1.0;

      !allow some correlated residuals
      !auto-correlations
      A1WJAPW WITH A2WJAPW A3WJAPW;
      A2WJAPW WITH A3WJAPW;
      A1PPVT4W WITH A2PPVT4W A3PPVT4W;
      A2PPVT4W WITH A3PPVT4W;
      A1CSR WITH A2CSR A3CSR;
      A2CSR WITH A3CSR;
      R1ATTUDE WITH R2ATTUDE KR3ATUDE;
      R2ATTUDE WITH KR3ATUDE;
      R1MOTIVE WITH R2MOTIVE KR3MOTIV;
      R2MOTIVE WITH KR3MOTIV;
      R1PRSIST WITH R2PRSIST KR3PRSST;
      R2PRSIST WITH KR3PRSST;

     !allowing only concurrent non-directional paths
      atl1 WITH cog1;
      atl2 WITH cog2;
      atl3 WITH cog3;

     !cross-lagged paths
      cog2 ON cog1;
      atl2 ON cog1;
      atl2 ON atl1;
      cog2 ON atl1;
      cog3 ON cog2;
      cog3 ON atl2;
      atl3 ON cog2;
      atl3 ON atl2;


      OUTPUT:
        TECH1 TECH4
        SAMPSTAT
        modindices;
        STANDARDIZED;




INPUT READING TERMINATED NORMALLY




Cross-lag model, no controls, no problem BeH freed wjap t1

SUMMARY OF ANALYSIS

Number of groups                                                 1
Number of observations                                         621

Number of dependent variables                                   18
Number of independent variables                                  0
Number of continuous latent variables                            6

Observed dependent variables

  Continuous
   A1PPVT4W    A1WJAPW     A1CSR       R1ATTUDE    R1MOTIVE    R1PRSIST
   A2PPVT4W    A2WJAPW     A2CSR       R2ATTUDE    R2MOTIVE    R2PRSIST
   A3PPVT4W    A3WJAPW     A3CSR       KR3ATUDE    KR3MOTIV    KR3PRSST

Continuous latent variables
   COG1        COG2        COG3        ATL1        ATL2        ATL3

Variables with special functions

  Stratification        STRAT
  Cluster variable      PSU
  Weight variable       PRA12OTW

Estimator                                                      MLR
Information matrix                                        OBSERVED
Maximum number of iterations                                 10000
Convergence criterion                                    0.500D-04
Maximum number of steepest descent iterations                   20
Maximum number of iterations for H1                           2000
Convergence criterion for H1                             0.100D-03

Input data file(s)
  moderation.4.dat

Input data format  FREE


SUMMARY OF DATA

     Number of missing data patterns            36
     Number of strata                      14
     Number of clusters                    60


COVARIANCE COVERAGE OF DATA

Minimum covariance coverage value   0.100


     PROPORTION OF DATA PRESENT


           Covariance Coverage
              A1PPVT4W      A1WJAPW       A1CSR         R1ATTUDE      R1MOTIVE
              ________      ________      ________      ________      ________
 A1PPVT4W       0.979
 A1WJAPW        0.944         0.944
 A1CSR          0.979         0.944         0.979
 R1ATTUDE       0.944         0.910         0.944         0.961
 R1MOTIVE       0.944         0.910         0.944         0.961         0.961
 R1PRSIST       0.944         0.910         0.944         0.961         0.961
 A2PPVT4W       0.961         0.926         0.961         0.942         0.942
 A2WJAPW        0.953         0.921         0.953         0.934         0.934
 A2CSR          0.966         0.931         0.966         0.947         0.947
 R2ATTUDE       0.926         0.890         0.926         0.921         0.921
 R2MOTIVE       0.926         0.890         0.926         0.921         0.921
 R2PRSIST       0.926         0.890         0.926         0.921         0.921
 A3PPVT4W       0.865         0.831         0.865         0.845         0.845
 A3WJAPW        0.862         0.828         0.862         0.842         0.842
 A3CSR          0.865         0.831         0.865         0.845         0.845
 KR3ATUDE       0.676         0.657         0.676         0.667         0.667
 KR3MOTIV       0.676         0.657         0.676         0.667         0.667
 KR3PRSST       0.676         0.657         0.676         0.667         0.667


           Covariance Coverage
              R1PRSIST      A2PPVT4W      A2WJAPW       A2CSR         R2ATTUDE
              ________      ________      ________      ________      ________
 R1PRSIST       0.961
 A2PPVT4W       0.942         0.979
 A2WJAPW        0.934         0.968         0.971
 A2CSR          0.947         0.979         0.971         0.984
 R2ATTUDE       0.921         0.928         0.919         0.932         0.947
 R2MOTIVE       0.921         0.928         0.919         0.932         0.947
 R2PRSIST       0.921         0.928         0.919         0.932         0.947
 A3PPVT4W       0.845         0.862         0.855         0.866         0.837
 A3WJAPW        0.842         0.858         0.852         0.863         0.836
 A3CSR          0.845         0.862         0.855         0.866         0.837
 KR3ATUDE       0.667         0.668         0.663         0.671         0.647
 KR3MOTIV       0.667         0.668         0.663         0.671         0.647
 KR3PRSST       0.667         0.668         0.663         0.671         0.647


           Covariance Coverage
              R2MOTIVE      R2PRSIST      A3PPVT4W      A3WJAPW       A3CSR
              ________      ________      ________      ________      ________
 R2MOTIVE       0.947
 R2PRSIST       0.947         0.947
 A3PPVT4W       0.837         0.837         0.882
 A3WJAPW        0.836         0.836         0.879         0.879
 A3CSR          0.837         0.837         0.882         0.879         0.882
 KR3ATUDE       0.647         0.647         0.589         0.586         0.589
 KR3MOTIV       0.647         0.647         0.589         0.586         0.589
 KR3PRSST       0.647         0.647         0.589         0.586         0.589


           Covariance Coverage
              KR3ATUDE      KR3MOTIV      KR3PRSST
              ________      ________      ________
 KR3ATUDE       0.683
 KR3MOTIV       0.683         0.683
 KR3PRSST       0.683         0.683         0.683


SAMPLE STATISTICS


     ESTIMATED SAMPLE STATISTICS


           Means
              A1PPVT4W      A1WJAPW       A1CSR         R1ATTUDE      R1MOTIVE
              ________      ________      ________      ________      ________
      1        10.845        38.170        63.253        51.947        52.518


           Means
              R1PRSIST      A2PPVT4W      A2WJAPW       A2CSR         R2ATTUDE
              ________      ________      ________      ________      ________
      1        52.295        11.844        39.924        62.104        52.374


           Means
              R2MOTIVE      R2PRSIST      A3PPVT4W      A3WJAPW       A3CSR
              ________      ________      ________      ________      ________
      1        52.808        52.681        13.552        42.704        65.938


           Means
              KR3ATUDE      KR3MOTIV      KR3PRSST
              ________      ________      ________
      1        50.708        50.250        49.368


           Covariances
              A1PPVT4W      A1WJAPW       A1CSR         R1ATTUDE      R1MOTIVE
              ________      ________      ________      ________      ________
 A1PPVT4W       2.671
 A1WJAPW        1.177         6.161
 A1CSR         12.027        10.783       300.333
 R1ATTUDE       2.344         2.784        38.475        77.991
 R1MOTIVE       3.625         3.899        25.205        41.182        85.624
 R1PRSIST       3.696         4.396        49.753        62.675        48.344
 A2PPVT4W       1.593         0.966         7.549         1.811         3.129
 A2WJAPW        1.918         1.977        12.000         3.177         4.741
 A2CSR          7.646         8.299       109.665        40.713        28.611
 R2ATTUDE       1.640         1.296        38.807        48.506        25.086
 R2MOTIVE       3.398         3.546        49.551        33.514        49.049
 R2PRSIST       3.144         2.874        54.938        45.242        30.264
 A3PPVT4W       1.263         0.776         6.904         1.904         2.962
 A3WJAPW        1.673         1.519        11.006         3.766         5.627
 A3CSR          7.016         5.429        84.558        44.337        28.295
 KR3ATUDE       2.382         0.205        41.641        32.325        15.377
 KR3MOTIV       4.818         5.561        50.552        27.041        36.093
 KR3PRSST       5.140         3.821        68.265        32.474        21.057


           Covariances
              R1PRSIST      A2PPVT4W      A2WJAPW       A2CSR         R2ATTUDE
              ________      ________      ________      ________      ________
 R1PRSIST      84.322
 A2PPVT4W       3.080         2.023
 A2WJAPW        5.499         1.819         3.959
 A2CSR         49.244         7.941        11.931       294.414
 R2ATTUDE      44.161         1.704         2.361        48.126        86.504
 R2MOTIVE      41.100         2.858         4.594        45.364        53.738
 R2PRSIST      56.091         2.799         4.730        52.609        67.517
 A3PPVT4W       2.797         1.352         1.379         7.160         2.248
 A3WJAPW        5.232         1.599         2.708        11.569         3.416
 A3CSR         55.328         5.636         9.833       103.277        46.019
 KR3ATUDE      35.311         1.333         4.100        38.870        29.007
 KR3MOTIV      38.303         2.991         6.840        43.415        19.746
 KR3PRSST      41.520         3.290         7.455        63.876        30.656


           Covariances
              R2MOTIVE      R2PRSIST      A3PPVT4W      A3WJAPW       A3CSR
              ________      ________      ________      ________      ________
 R2MOTIVE      93.668
 R2PRSIST      61.764        88.411
 A3PPVT4W       3.112         2.448         1.907
 A3WJAPW        5.617         4.889         1.708         4.598
 A3CSR         50.955        49.170         6.473        10.113       293.370
 KR3ATUDE      19.787        30.974         1.998         4.085        51.710
 KR3MOTIV      35.270        27.986         3.673         7.109        51.183
 KR3PRSST      24.852        37.474         3.135         8.015        61.285


           Covariances
              KR3ATUDE      KR3MOTIV      KR3PRSST
              ________      ________      ________
 KR3ATUDE      97.426
 KR3MOTIV      72.748       137.366
 KR3PRSST      85.376        90.168       127.689


           Correlations
              A1PPVT4W      A1WJAPW       A1CSR         R1ATTUDE      R1MOTIVE
              ________      ________      ________      ________      ________
 A1PPVT4W       1.000
 A1WJAPW        0.290         1.000
 A1CSR          0.425         0.251         1.000
 R1ATTUDE       0.162         0.127         0.251         1.000
 R1MOTIVE       0.240         0.170         0.157         0.504         1.000
 R1PRSIST       0.246         0.193         0.313         0.773         0.569
 A2PPVT4W       0.685         0.274         0.306         0.144         0.238
 A2WJAPW        0.590         0.400         0.348         0.181         0.257
 A2CSR          0.273         0.195         0.369         0.269         0.180
 R2ATTUDE       0.108         0.056         0.241         0.591         0.291
 R2MOTIVE       0.215         0.148         0.295         0.392         0.548
 R2PRSIST       0.205         0.123         0.337         0.545         0.348
 A3PPVT4W       0.559         0.226         0.288         0.156         0.232
 A3WJAPW        0.477         0.285         0.296         0.199         0.284
 A3CSR          0.251         0.128         0.285         0.293         0.179
 KR3ATUDE       0.148         0.008         0.243         0.371         0.168
 KR3MOTIV       0.252         0.191         0.249         0.261         0.333
 KR3PRSST       0.278         0.136         0.349         0.325         0.201


           Correlations
              R1PRSIST      A2PPVT4W      A2WJAPW       A2CSR         R2ATTUDE
              ________      ________      ________      ________      ________
 R1PRSIST       1.000
 A2PPVT4W       0.236         1.000
 A2WJAPW        0.301         0.643         1.000
 A2CSR          0.313         0.325         0.349         1.000
 R2ATTUDE       0.517         0.129         0.128         0.302         1.000
 R2MOTIVE       0.462         0.208         0.239         0.273         0.597
 R2PRSIST       0.650         0.209         0.253         0.326         0.772
 A3PPVT4W       0.221         0.688         0.502         0.302         0.175
 A3WJAPW        0.266         0.524         0.635         0.314         0.171
 A3CSR          0.352         0.231         0.289         0.351         0.289
 KR3ATUDE       0.390         0.095         0.209         0.230         0.316
 KR3MOTIV       0.356         0.179         0.293         0.216         0.181
 KR3PRSST       0.400         0.205         0.332         0.329         0.292


           Correlations
              R2MOTIVE      R2PRSIST      A3PPVT4W      A3WJAPW       A3CSR
              ________      ________      ________      ________      ________
 R2MOTIVE       1.000
 R2PRSIST       0.679         1.000
 A3PPVT4W       0.233         0.189         1.000
 A3WJAPW        0.271         0.242         0.577         1.000
 A3CSR          0.307         0.305         0.274         0.275         1.000
 KR3ATUDE       0.207         0.334         0.147         0.193         0.306
 KR3MOTIV       0.311         0.254         0.227         0.283         0.255
 KR3PRSST       0.227         0.353         0.201         0.331         0.317


           Correlations
              KR3ATUDE      KR3MOTIV      KR3PRSST
              ________      ________      ________
 KR3ATUDE       1.000
 KR3MOTIV       0.629         1.000
 KR3PRSST       0.765         0.681         1.000


     MAXIMUM LOG-LIKELIHOOD VALUE FOR THE UNRESTRICTED (H1) MODEL IS -29803.911


UNIVARIATE HIGHER-ORDER MOMENT DESCRIPTIVE STATISTICS


     UNIVARIATE HIGHER-ORDER MOMENT DESCRIPTIVE STATISTICS

         Variable/         Mean/     Skewness/   Minimum/ % with                Percentiles
        Sample Size      Variance    Kurtosis    Maximum  Min/Max      20%/60%    40%/80%    Median

     A1PPVT4W             10.847      -0.557       3.700    0.16%       9.400     10.500     11.000
             608.000       2.664       0.548      14.600    0.16%      11.300     12.200
     A1WJAPW              38.216      -0.360      33.200    8.53%      35.900     37.700     38.200
             586.000       6.121      -0.390      44.400    0.17%      38.800     40.300
     A1CSR                63.208      -1.042       0.000    0.16%      50.000     60.000     65.000
             608.000     300.451       0.586      81.000   14.14%      71.000     79.000
     R1ATTUDE             51.947      -1.019      17.780    0.17%      45.170     53.000     53.000
             597.000      78.419       0.437      60.830   29.82%      56.910     60.830
     R1MOTIVE             52.577      -1.360       7.130    0.17%      46.570     51.820     54.450
             597.000      85.859       2.230      62.340   17.92%      57.080     59.710
     R1PRSIST             52.315      -1.032      15.280    0.17%      43.620     51.350     53.920
             597.000      84.946       0.510      61.650   22.45%      56.500     61.650
     A2PPVT4W             11.850      -0.299       5.700    0.16%      10.600     11.500     11.900
             608.000       2.019       0.449      16.100    0.16%      12.200     13.100
     A2WJAPW              39.968      -0.514      33.200    1.49%      38.800     39.300     40.300
             603.000       3.848       1.239      45.800    0.17%      40.700     41.500
     A2CSR                62.124      -0.690       4.000    0.16%      47.000     56.000     63.000
             611.000     294.331      -0.298      81.000   16.20%      71.000     79.000
     R2ATTUDE             52.435      -1.294      13.860    0.17%      45.170     53.000     56.910
             588.000      85.497       1.308      60.830   30.95%      56.910     60.830
     R2MOTIVE             52.908      -1.233      12.390    0.17%      43.940     51.820     54.450
             588.000      93.270       1.161      62.340   23.13%      57.080     62.340
     R2PRSIST             52.741      -1.138      20.440    0.34%      43.620     53.920     56.500
             588.000      87.325       0.676      61.650   26.87%      56.500     61.650
     A3PPVT4W             13.538      -0.588       5.400    0.18%      12.600     13.200     13.500
             548.000       1.910       2.523      17.000    0.18%      13.800     14.600
     A3WJAPW              42.692      -0.685      33.200    0.18%      40.700     42.300     43.200
             546.000       4.587       1.246      48.100    0.18%      43.600     44.400
     A3CSR                65.926      -1.108       6.000    0.36%      53.000     68.000     74.000
             548.000     292.390       0.313      81.000   25.36%      77.000     81.000
     KR3ATUDE             50.896      -1.118      13.860    0.47%      45.170     53.000     53.000
             424.000      94.978       0.979      60.830   28.54%      56.910     60.830
     KR3MOTIV             50.350      -0.969       9.760    0.24%      41.310     51.820     54.450
             424.000     135.407       0.195      62.340   23.11%      57.080     62.340
     KR3PRSST             49.622      -0.700      20.440    0.71%      38.470     48.770     51.350
             424.000     124.276      -0.465      61.650   27.59%      56.500     61.650


THE MODEL ESTIMATION TERMINATED NORMALLY

     THE STANDARD ERRORS OF THE MODEL PARAMETER ESTIMATES MAY NOT BE
     TRUSTWORTHY FOR SOME PARAMETERS DUE TO A NON-POSITIVE DEFINITE
     FIRST-ORDER DERIVATIVE PRODUCT MATRIX.  THIS MAY BE DUE TO THE STARTING
     VALUES BUT MAY ALSO BE AN INDICATION OF MODEL NONIDENTIFICATION.  THE
     CONDITION NUMBER IS      -0.705D-17.  PROBLEM INVOLVING THE FOLLOWING PARAMETER:
     Parameter 47, A3WJAPW WITH A1WJAPW

     THIS IS MOST LIKELY DUE TO HAVING MORE PARAMETERS THAN THE NUMBER
     OF CLUSTERS MINUS THE NUMBER OF STRATA WITH MORE THAN ONE CLUSTER.




MODEL FIT INFORMATION

Number of Free Parameters                       76

Loglikelihood

          H0 Value                      -29967.610
          H0 Scaling Correction Factor      2.0691
            for MLR
          H1 Value                      -29803.911
          H1 Scaling Correction Factor      1.6847
            for MLR

Information Criteria

          Akaike (AIC)                   60087.221
          Bayesian (BIC)                 60424.002
          Sample-Size Adjusted BIC       60182.714
            (n* = (n + 2) / 24)

Chi-Square Test of Model Fit

          Value                            229.565*
          Degrees of Freedom                   113
          P-Value                           0.0000
          Scaling Correction Factor         1.4262
            for MLR

*   The chi-square value for MLM, MLMV, MLR, ULSMV, WLSM and WLSMV cannot be used
    for chi-square difference testing in the regular way.  MLM, MLR and WLSM
    chi-square difference testing is described on the Mplus website.  MLMV, WLSMV,
    and ULSMV difference testing is done using the DIFFTEST option.

RMSEA (Root Mean Square Error Of Approximation)

          Estimate                           0.041
          90 Percent C.I.                    0.033  0.048
          Probability RMSEA <= .05           0.979

CFI/TLI

          CFI                                0.963
          TLI                                0.950

Chi-Square Test of Model Fit for the Baseline Model

          Value                           3281.763
          Degrees of Freedom                   153
          P-Value                           0.0000

SRMR (Standardized Root Mean Square Residual)

          Value                              0.081



MODEL RESULTS

                                                    Two-Tailed
                    Estimate       S.E.  Est./S.E.    P-Value

 COG1     BY
    A1WJAPW            0.999      0.194      5.144      0.000
    A1PPVT4W           1.287      0.080     16.073      0.000
    A1CSR              9.298      0.860     10.816      0.000

 COG2     BY
    A2WJAPW            2.091      0.121     17.217      0.000
    A2PPVT4W           1.287      0.080     16.073      0.000
    A2CSR              9.298      0.860     10.816      0.000

 COG3     BY
    A3WJAPW            2.091      0.121     17.217      0.000
    A3PPVT4W           1.287      0.080     16.073      0.000
    A3CSR              9.298      0.860     10.816      0.000

 ATL1     BY
    R1ATTUDE           7.066      0.288     24.539      0.000
    R1MOTIVE           6.692      0.310     21.572      0.000
    R1PRSIST           8.462      0.392     21.568      0.000

 ATL2     BY
    R2ATTUDE           7.066      0.288     24.539      0.000
    R2MOTIVE           6.692      0.310     21.572      0.000
    R2PRSIST           8.462      0.392     21.568      0.000

 ATL3     BY
    KR3ATUDE           7.066      0.288     24.539      0.000
    KR3MOTIV           6.692      0.310     21.572      0.000
    KR3PRSST           8.462      0.392     21.568      0.000

 COG2     ON
    COG1               0.682      0.078      8.716      0.000
    ATL1               0.052      0.049      1.063      0.288

 ATL2     ON
    COG1               0.075      0.052      1.429      0.153
    ATL1               0.702      0.052     13.610      0.000

 COG3     ON
    COG2               0.790      0.047     16.958      0.000
    ATL2               0.060      0.033      1.838      0.066

 ATL3     ON
    COG2               0.435      0.121      3.581      0.000
    ATL2               0.345      0.082      4.224      0.000

 ATL1     WITH
    COG1               0.398      0.055      7.204      0.000

 ATL2     WITH
    COG2               0.009      0.025      0.375      0.707

 ATL3     WITH
    COG3               0.053      0.039      1.382      0.167

 A1WJAPW  WITH
    A2WJAPW            0.474      0.186      2.550      0.011
    A3WJAPW            0.212      0.285      0.742      0.458

 A2WJAPW  WITH
    A3WJAPW            0.324      0.187      1.735      0.083

 A1PPVT4W WITH
    A2PPVT4W           0.428      0.078      5.487      0.000
    A3PPVT4W           0.322      0.075      4.319      0.000

 A2PPVT4W WITH
    A3PPVT4W           0.473      0.052      9.003      0.000

 A1CSR    WITH
    A2CSR             51.803     14.112      3.671      0.000
    A3CSR             31.321     18.180      1.723      0.085

 A2CSR    WITH
    A3CSR             53.562     16.218      3.303      0.001

 R1ATTUDE WITH
    R2ATTUDE          11.354      2.178      5.212      0.000
    KR3ATUDE           6.540      2.197      2.977      0.003

 R2ATTUDE WITH
    KR3ATUDE           5.733      2.337      2.453      0.014

 R1MOTIVE WITH
    R2MOTIVE          25.231      3.876      6.510      0.000
    KR3MOTIV          16.952      4.498      3.769      0.000

 R2MOTIVE WITH
    KR3MOTIV          17.578      3.513      5.004      0.000

 R1PRSIST WITH
    R2PRSIST           3.050      3.193      0.955      0.340
    KR3PRSST          -1.532      2.634     -0.581      0.561

 R2PRSIST WITH
    KR3PRSST          -1.360      2.593     -0.524      0.600

 Intercepts
    A1PPVT4W          10.844      0.089    122.161      0.000
    A1WJAPW           38.173      0.164    232.472      0.000
    A1CSR             63.214      0.841     75.197      0.000
    R1ATTUDE          51.943      0.340    152.907      0.000
    R1MOTIVE          52.536      0.412    127.569      0.000
    R1PRSIST          52.295      0.389    134.430      0.000
    A2PPVT4W          11.844      0.099    119.835      0.000
    A2WJAPW           39.918      0.123    324.979      0.000
    A2CSR             62.110      1.035     60.012      0.000
    R2ATTUDE          52.345      0.544     96.166      0.000
    R2MOTIVE          52.785      0.588     89.723      0.000
    R2PRSIST          52.656      0.577     91.218      0.000
    A3PPVT4W          13.546      0.096    141.286      0.000
    A3WJAPW           42.700      0.131    324.804      0.000
    A3CSR             65.981      1.288     51.239      0.000
    KR3ATUDE          50.701      0.550     92.110      0.000
    KR3MOTIV          50.357      0.756     66.597      0.000
    KR3PRSST          49.376      0.725     68.067      0.000

 Variances
    COG1               1.000      0.000    999.000    999.000
    ATL1               1.000      0.000    999.000    999.000

 Residual Variances
    A1PPVT4W           1.028      0.142      7.242      0.000
    A1WJAPW            5.167      0.418     12.366      0.000
    A1CSR            212.817     15.376     13.841      0.000
    R1ATTUDE          25.233      2.271     11.113      0.000
    R1MOTIVE          53.603      5.832      9.192      0.000
    R1PRSIST          11.330      2.886      3.926      0.000
    A2PPVT4W           0.909      0.057     16.033      0.000
    A2WJAPW            1.139      0.160      7.119      0.000
    A2CSR            236.293     16.601     14.234      0.000
    R2ATTUDE          29.248      3.299      8.866      0.000
    R2MOTIVE          45.174      3.959     11.410      0.000
    R2PRSIST           8.745      5.059      1.729      0.084
    A3PPVT4W           0.940      0.099      9.459      0.000
    A3WJAPW            1.849      0.347      5.322      0.000
    A3CSR            243.119     26.999      9.005      0.000
    KR3ATUDE          28.671      3.666      7.820      0.000
    KR3MOTIV          62.554      6.481      9.651      0.000
    KR3PRSST          20.069      4.983      4.027      0.000
    COG2               0.165      0.054      3.049      0.002
    COG3               0.155      0.050      3.083      0.002
    ATL2               0.590      0.066      8.927      0.000
    ATL3               1.132      0.125      9.081      0.000


STANDARDIZED MODEL RESULTS


STDYX Standardization

                                                    Two-Tailed
                    Estimate       S.E.  Est./S.E.    P-Value

 COG1     BY
    A1WJAPW            0.402      0.074      5.415      0.000
    A1PPVT4W           0.786      0.032     24.348      0.000
    A1CSR              0.537      0.044     12.136      0.000

 COG2     BY
    A2WJAPW            0.847      0.024     35.484      0.000
    A2PPVT4W           0.739      0.028     26.716      0.000
    A2CSR              0.441      0.039     11.257      0.000

 COG3     BY
    A3WJAPW            0.766      0.038     20.013      0.000
    A3PPVT4W           0.717      0.033     22.026      0.000
    A3CSR              0.419      0.038     10.949      0.000

 ATL1     BY
    R1ATTUDE           0.815      0.018     44.675      0.000
    R1MOTIVE           0.675      0.029     23.106      0.000
    R1PRSIST           0.929      0.020     47.265      0.000

 ATL2     BY
    R2ATTUDE           0.811      0.019     42.174      0.000
    R2MOTIVE           0.727      0.026     27.673      0.000
    R2PRSIST           0.950      0.030     31.811      0.000

 ATL3     BY
    KR3ATUDE           0.849      0.016     51.709      0.000
    KR3MOTIV           0.717      0.027     26.104      0.000
    KR3PRSST           0.917      0.023     39.573      0.000

 COG2     ON
    COG1               0.839      0.069     12.139      0.000
    ATL1               0.064      0.061      1.042      0.297

 ATL2     ON
    COG1               0.070      0.049      1.442      0.149
    ATL1               0.660      0.043     15.240      0.000

 COG3     ON
    COG2               0.829      0.049     16.976      0.000
    ATL2               0.083      0.044      1.891      0.059

 ATL3     ON
    COG2               0.291      0.071      4.087      0.000
    ATL2               0.302      0.071      4.272      0.000

 ATL1     WITH
    COG1               0.398      0.055      7.204      0.000

 ATL2     WITH
    COG2               0.030      0.079      0.382      0.703

 ATL3     WITH
    COG3               0.127      0.093      1.362      0.173

 A1WJAPW  WITH
    A2WJAPW            0.196      0.072      2.710      0.007
    A3WJAPW            0.068      0.087      0.783      0.434

 A2WJAPW  WITH
    A3WJAPW            0.223      0.106      2.106      0.035

 A1PPVT4W WITH
    A2PPVT4W           0.442      0.067      6.607      0.000
    A3PPVT4W           0.328      0.075      4.356      0.000

 A2PPVT4W WITH
    A3PPVT4W           0.511      0.037     13.920      0.000

 A1CSR    WITH
    A2CSR              0.231      0.056      4.118      0.000
    A3CSR              0.138      0.077      1.777      0.076

 A2CSR    WITH
    A3CSR              0.223      0.057      3.902      0.000

 R1ATTUDE WITH
    R2ATTUDE           0.418      0.063      6.623      0.000
    KR3ATUDE           0.243      0.081      2.995      0.003

 R2ATTUDE WITH
    KR3ATUDE           0.198      0.075      2.650      0.008

 R1MOTIVE WITH
    R2MOTIVE           0.513      0.045     11.378      0.000
    KR3MOTIV           0.293      0.077      3.794      0.000

 R2MOTIVE WITH
    KR3MOTIV           0.331      0.059      5.622      0.000

 R1PRSIST WITH
    R2PRSIST           0.306      0.218      1.406      0.160
    KR3PRSST          -0.102      0.179     -0.568      0.570

 R2PRSIST WITH
    KR3PRSST          -0.103      0.208     -0.493      0.622

 Intercepts
    A1PPVT4W           6.617      0.282     23.499      0.000
    A1WJAPW           15.375      0.456     33.698      0.000
    A1CSR              3.654      0.118     30.978      0.000
    R1ATTUDE           5.992      0.188     31.822      0.000
    R1MOTIVE           5.296      0.183     28.928      0.000
    R1PRSIST           5.743      0.215     26.660      0.000
    A2PPVT4W           8.366      0.280     29.855      0.000
    A2WJAPW           19.888      0.786     25.304      0.000
    A2CSR              3.626      0.125     29.114      0.000
    R2ATTUDE           5.656      0.242     23.382      0.000
    R2MOTIVE           5.394      0.205     26.361      0.000
    R2PRSIST           5.562      0.238     23.413      0.000
    A3PPVT4W           9.740      0.471     20.693      0.000
    A3WJAPW           20.192      0.880     22.947      0.000
    A3CSR              3.842      0.243     15.832      0.000
    KR3ATUDE           5.008      0.237     21.128      0.000
    KR3MOTIV           4.438      0.193     23.032      0.000
    KR3PRSST           4.400      0.201     21.871      0.000

 Variances
    COG1               1.000      0.000    999.000    999.000
    ATL1               1.000      0.000    999.000    999.000

 Residual Variances
    A1PPVT4W           0.383      0.051      7.554      0.000
    A1WJAPW            0.838      0.060     14.028      0.000
    A1CSR              0.711      0.048     14.938      0.000
    R1ATTUDE           0.336      0.030     11.290      0.000
    R1MOTIVE           0.545      0.039     13.828      0.000
    R1PRSIST           0.137      0.037      3.740      0.000
    A2PPVT4W           0.454      0.041     11.093      0.000
    A2WJAPW            0.283      0.040      6.998      0.000
    A2CSR              0.805      0.035     23.288      0.000
    R2ATTUDE           0.342      0.031     10.937      0.000
    R2MOTIVE           0.472      0.038     12.355      0.000
    R2PRSIST           0.098      0.057      1.720      0.085
    A3PPVT4W           0.486      0.047     10.418      0.000
    A3WJAPW            0.414      0.059      7.056      0.000
    A3CSR              0.824      0.032     25.673      0.000
    KR3ATUDE           0.280      0.028     10.044      0.000
    KR3MOTIV           0.486      0.039     12.331      0.000
    KR3PRSST           0.159      0.042      3.751      0.000
    COG2               0.250      0.086      2.911      0.004
    COG3               0.259      0.076      3.431      0.001
    ATL2               0.522      0.049     10.627      0.000
    ATL3               0.766      0.055     14.047      0.000


STDY Standardization

                                                    Two-Tailed
                    Estimate       S.E.  Est./S.E.    P-Value

 COG1     BY
    A1WJAPW            0.402      0.074      5.415      0.000
    A1PPVT4W           0.786      0.032     24.348      0.000
    A1CSR              0.537      0.044     12.136      0.000

 COG2     BY
    A2WJAPW            0.847      0.024     35.484      0.000
    A2PPVT4W           0.739      0.028     26.716      0.000
    A2CSR              0.441      0.039     11.257      0.000

 COG3     BY
    A3WJAPW            0.766      0.038     20.013      0.000
    A3PPVT4W           0.717      0.033     22.026      0.000
    A3CSR              0.419      0.038     10.949      0.000

 ATL1     BY
    R1ATTUDE           0.815      0.018     44.675      0.000
    R1MOTIVE           0.675      0.029     23.106      0.000
    R1PRSIST           0.929      0.020     47.265      0.000

 ATL2     BY
    R2ATTUDE           0.811      0.019     42.174      0.000
    R2MOTIVE           0.727      0.026     27.673      0.000
    R2PRSIST           0.950      0.030     31.811      0.000

 ATL3     BY
    KR3ATUDE           0.849      0.016     51.709      0.000
    KR3MOTIV           0.717      0.027     26.104      0.000
    KR3PRSST           0.917      0.023     39.573      0.000

 COG2     ON
    COG1               0.839      0.069     12.139      0.000
    ATL1               0.064      0.061      1.042      0.297

 ATL2     ON
    COG1               0.070      0.049      1.442      0.149
    ATL1               0.660      0.043     15.240      0.000

 COG3     ON
    COG2               0.829      0.049     16.976      0.000
    ATL2               0.083      0.044      1.891      0.059

 ATL3     ON
    COG2               0.291      0.071      4.087      0.000
    ATL2               0.302      0.071      4.272      0.000

 ATL1     WITH
    COG1               0.398      0.055      7.204      0.000

 ATL2     WITH
    COG2               0.030      0.079      0.382      0.703

 ATL3     WITH
    COG3               0.127      0.093      1.362      0.173

 A1WJAPW  WITH
    A2WJAPW            0.196      0.072      2.710      0.007
    A3WJAPW            0.068      0.087      0.783      0.434

 A2WJAPW  WITH
    A3WJAPW            0.223      0.106      2.106      0.035

 A1PPVT4W WITH
    A2PPVT4W           0.442      0.067      6.607      0.000
    A3PPVT4W           0.328      0.075      4.356      0.000

 A2PPVT4W WITH
    A3PPVT4W           0.511      0.037     13.920      0.000

 A1CSR    WITH
    A2CSR              0.231      0.056      4.118      0.000
    A3CSR              0.138      0.077      1.777      0.076

 A2CSR    WITH
    A3CSR              0.223      0.057      3.902      0.000

 R1ATTUDE WITH
    R2ATTUDE           0.418      0.063      6.623      0.000
    KR3ATUDE           0.243      0.081      2.995      0.003

 R2ATTUDE WITH
    KR3ATUDE           0.198      0.075      2.650      0.008

 R1MOTIVE WITH
    R2MOTIVE           0.513      0.045     11.378      0.000
    KR3MOTIV           0.293      0.077      3.794      0.000

 R2MOTIVE WITH
    KR3MOTIV           0.331      0.059      5.622      0.000

 R1PRSIST WITH
    R2PRSIST           0.306      0.218      1.406      0.160
    KR3PRSST          -0.102      0.179     -0.568      0.570

 R2PRSIST WITH
    KR3PRSST          -0.103      0.208     -0.493      0.622

 Intercepts
    A1PPVT4W           6.617      0.282     23.499      0.000
    A1WJAPW           15.375      0.456     33.698      0.000
    A1CSR              3.654      0.118     30.978      0.000
    R1ATTUDE           5.992      0.188     31.822      0.000
    R1MOTIVE           5.296      0.183     28.928      0.000
    R1PRSIST           5.743      0.215     26.660      0.000
    A2PPVT4W           8.366      0.280     29.855      0.000
    A2WJAPW           19.888      0.786     25.304      0.000
    A2CSR              3.626      0.125     29.114      0.000
    R2ATTUDE           5.656      0.242     23.382      0.000
    R2MOTIVE           5.394      0.205     26.361      0.000
    R2PRSIST           5.562      0.238     23.413      0.000
    A3PPVT4W           9.740      0.471     20.693      0.000
    A3WJAPW           20.192      0.880     22.947      0.000
    A3CSR              3.842      0.243     15.832      0.000
    KR3ATUDE           5.008      0.237     21.128      0.000
    KR3MOTIV           4.438      0.193     23.032      0.000
    KR3PRSST           4.400      0.201     21.871      0.000

 Variances
    COG1               1.000      0.000    999.000    999.000
    ATL1               1.000      0.000    999.000    999.000

 Residual Variances
    A1PPVT4W           0.383      0.051      7.554      0.000
    A1WJAPW            0.838      0.060     14.028      0.000
    A1CSR              0.711      0.048     14.938      0.000
    R1ATTUDE           0.336      0.030     11.290      0.000
    R1MOTIVE           0.545      0.039     13.828      0.000
    R1PRSIST           0.137      0.037      3.740      0.000
    A2PPVT4W           0.454      0.041     11.093      0.000
    A2WJAPW            0.283      0.040      6.998      0.000
    A2CSR              0.805      0.035     23.288      0.000
    R2ATTUDE           0.342      0.031     10.937      0.000
    R2MOTIVE           0.472      0.038     12.355      0.000
    R2PRSIST           0.098      0.057      1.720      0.085
    A3PPVT4W           0.486      0.047     10.418      0.000
    A3WJAPW            0.414      0.059      7.056      0.000
    A3CSR              0.824      0.032     25.673      0.000
    KR3ATUDE           0.280      0.028     10.044      0.000
    KR3MOTIV           0.486      0.039     12.331      0.000
    KR3PRSST           0.159      0.042      3.751      0.000
    COG2               0.250      0.086      2.911      0.004
    COG3               0.259      0.076      3.431      0.001
    ATL2               0.522      0.049     10.627      0.000
    ATL3               0.766      0.055     14.047      0.000


STD Standardization

                                                    Two-Tailed
                    Estimate       S.E.  Est./S.E.    P-Value

 COG1     BY
    A1WJAPW            0.999      0.194      5.144      0.000
    A1PPVT4W           1.287      0.080     16.073      0.000
    A1CSR              9.298      0.860     10.816      0.000

 COG2     BY
    A2WJAPW            1.700      0.094     18.136      0.000
    A2PPVT4W           1.046      0.069     15.146      0.000
    A2CSR              7.557      0.697     10.848      0.000

 COG3     BY
    A3WJAPW            1.619      0.090     18.051      0.000
    A3PPVT4W           0.997      0.075     13.211      0.000
    A3CSR              7.200      0.679     10.606      0.000

 ATL1     BY
    R1ATTUDE           7.066      0.288     24.539      0.000
    R1MOTIVE           6.692      0.310     21.572      0.000
    R1PRSIST           8.462      0.392     21.568      0.000

 ATL2     BY
    R2ATTUDE           7.510      0.325     23.134      0.000
    R2MOTIVE           7.113      0.381     18.652      0.000
    R2PRSIST           8.993      0.446     20.165      0.000

 ATL3     BY
    KR3ATUDE           8.591      0.386     22.244      0.000
    KR3MOTIV           8.137      0.416     19.544      0.000
    KR3PRSST          10.289      0.577     17.832      0.000

 COG2     ON
    COG1               0.839      0.069     12.139      0.000
    ATL1               0.064      0.061      1.042      0.297

 ATL2     ON
    COG1               0.070      0.049      1.442      0.149
    ATL1               0.660      0.043     15.240      0.000

 COG3     ON
    COG2               0.829      0.049     16.976      0.000
    ATL2               0.083      0.044      1.891      0.059

 ATL3     ON
    COG2               0.291      0.071      4.087      0.000
    ATL2               0.302      0.071      4.272      0.000

 ATL1     WITH
    COG1               0.398      0.055      7.204      0.000

 ATL2     WITH
    COG2               0.030      0.079      0.382      0.703

 ATL3     WITH
    COG3               0.127      0.093      1.362      0.173

 A1WJAPW  WITH
    A2WJAPW            0.474      0.186      2.550      0.011
    A3WJAPW            0.212      0.285      0.742      0.458

 A2WJAPW  WITH
    A3WJAPW            0.324      0.187      1.735      0.083

 A1PPVT4W WITH
    A2PPVT4W           0.428      0.078      5.487      0.000
    A3PPVT4W           0.322      0.075      4.319      0.000

 A2PPVT4W WITH
    A3PPVT4W           0.473      0.052      9.003      0.000

 A1CSR    WITH
    A2CSR             51.803     14.112      3.671      0.000
    A3CSR             31.321     18.180      1.723      0.085

 A2CSR    WITH
    A3CSR             53.562     16.218      3.303      0.001

 R1ATTUDE WITH
    R2ATTUDE          11.354      2.178      5.212      0.000
    KR3ATUDE           6.540      2.197      2.977      0.003

 R2ATTUDE WITH
    KR3ATUDE           5.733      2.337      2.453      0.014

 R1MOTIVE WITH
    R2MOTIVE          25.231      3.876      6.510      0.000
    KR3MOTIV          16.952      4.498      3.769      0.000

 R2MOTIVE WITH
    KR3MOTIV          17.578      3.513      5.004      0.000

 R1PRSIST WITH
    R2PRSIST           3.050      3.193      0.955      0.340
    KR3PRSST          -1.532      2.634     -0.581      0.561

 R2PRSIST WITH
    KR3PRSST          -1.360      2.593     -0.524      0.600

 Intercepts
    A1PPVT4W          10.844      0.089    122.161      0.000
    A1WJAPW           38.173      0.164    232.472      0.000
    A1CSR             63.214      0.841     75.197      0.000
    R1ATTUDE          51.943      0.340    152.907      0.000
    R1MOTIVE          52.536      0.412    127.569      0.000
    R1PRSIST          52.295      0.389    134.430      0.000
    A2PPVT4W          11.844      0.099    119.835      0.000
    A2WJAPW           39.918      0.123    324.979      0.000
    A2CSR             62.110      1.035     60.012      0.000
    R2ATTUDE          52.345      0.544     96.166      0.000
    R2MOTIVE          52.785      0.588     89.723      0.000
    R2PRSIST          52.656      0.577     91.218      0.000
    A3PPVT4W          13.546      0.096    141.286      0.000
    A3WJAPW           42.700      0.131    324.804      0.000
    A3CSR             65.981      1.288     51.239      0.000
    KR3ATUDE          50.701      0.550     92.110      0.000
    KR3MOTIV          50.357      0.756     66.597      0.000
    KR3PRSST          49.376      0.725     68.067      0.000

 Variances
    COG1               1.000      0.000    999.000    999.000
    ATL1               1.000      0.000    999.000    999.000

 Residual Variances
    A1PPVT4W           1.028      0.142      7.242      0.000
    A1WJAPW            5.167      0.418     12.366      0.000
    A1CSR            212.817     15.376     13.841      0.000
    R1ATTUDE          25.233      2.271     11.113      0.000
    R1MOTIVE          53.603      5.832      9.192      0.000
    R1PRSIST          11.330      2.886      3.926      0.000
    A2PPVT4W           0.909      0.057     16.033      0.000
    A2WJAPW            1.139      0.160      7.119      0.000
    A2CSR            236.293     16.601     14.234      0.000
    R2ATTUDE          29.248      3.299      8.866      0.000
    R2MOTIVE          45.174      3.959     11.410      0.000
    R2PRSIST           8.745      5.059      1.729      0.084
    A3PPVT4W           0.940      0.099      9.459      0.000
    A3WJAPW            1.849      0.347      5.322      0.000
    A3CSR            243.119     26.999      9.005      0.000
    KR3ATUDE          28.671      3.666      7.820      0.000
    KR3MOTIV          62.554      6.481      9.651      0.000
    KR3PRSST          20.069      4.983      4.027      0.000
    COG2               0.250      0.086      2.911      0.004
    COG3               0.259      0.076      3.431      0.001
    ATL2               0.522      0.049     10.627      0.000
    ATL3               0.766      0.055     14.047      0.000


R-SQUARE

    Observed                                        Two-Tailed
    Variable        Estimate       S.E.  Est./S.E.    P-Value

    A1PPVT4W           0.617      0.051     12.174      0.000
    A1WJAPW            0.162      0.060      2.708      0.007
    A1CSR              0.289      0.048      6.068      0.000
    R1ATTUDE           0.664      0.030     22.337      0.000
    R1MOTIVE           0.455      0.039     11.553      0.000
    R1PRSIST           0.863      0.037     23.632      0.000
    A2PPVT4W           0.546      0.041     13.358      0.000
    A2WJAPW            0.717      0.040     17.742      0.000
    A2CSR              0.195      0.035      5.629      0.000
    R2ATTUDE           0.658      0.031     21.087      0.000
    R2MOTIVE           0.528      0.038     13.836      0.000
    R2PRSIST           0.902      0.057     15.906      0.000
    A3PPVT4W           0.514      0.047     11.013      0.000
    A3WJAPW            0.586      0.059     10.007      0.000
    A3CSR              0.176      0.032      5.475      0.000
    KR3ATUDE           0.720      0.028     25.854      0.000
    KR3MOTIV           0.514      0.039     13.052      0.000
    KR3PRSST           0.841      0.042     19.786      0.000

     Latent                                         Two-Tailed
    Variable        Estimate       S.E.  Est./S.E.    P-Value

    COG2               0.750      0.086      8.732      0.000
    COG3               0.741      0.076      9.810      0.000
    ATL2               0.478      0.049      9.718      0.000
    ATL3               0.234      0.055      4.296      0.000


QUALITY OF NUMERICAL RESULTS

     Condition Number for the Information Matrix              0.817E-06
       (ratio of smallest to largest eigenvalue)


MODEL MODIFICATION INDICES

NOTE:  Modification indices for direct effects of observed dependent variables
regressed on covariates may not be included.  To include these, request
MODINDICES (ALL).

Minimum M.I. value for printing the modification index    10.000

                                   M.I.     E.P.C.  Std E.P.C.  StdYX E.P.C.

BY Statements

COG1     BY KR3ATUDE              11.022    -1.375     -1.375       -0.136
ATL1     BY R1MOTIVE              15.184    -0.940     -0.940       -0.095
ATL1     BY A3CSR                 10.469     2.787      2.787        0.162
ATL2     BY A1CSR                 10.671     2.515      2.673        0.155
ATL2     BY R1MOTIVE              15.129    -1.280     -1.361       -0.137
ATL2     BY A2CSR                 11.501     2.498      2.655        0.155
ATL3     BY R1PRSIST              12.864     0.960      1.167        0.128

ON/BY Statements

ATL2     ON ATL3     /
ATL3     BY ATL2                  10.940    -0.264     -0.302       -0.302
ATL3     ON ATL1     /
ATL1     BY ATL3                  10.295     0.343      0.282        0.282

WITH Statements

ATL3     WITH ATL2                10.522    -0.292     -0.357       -0.357


TECHNICAL 1 OUTPUT


     PARAMETER SPECIFICATION


           NU
              A1PPVT4W      A1WJAPW       A1CSR         R1ATTUDE      R1MOTIVE
              ________      ________      ________      ________      ________
      1           1             2             3             4             5


           NU
              R1PRSIST      A2PPVT4W      A2WJAPW       A2CSR         R2ATTUDE
              ________      ________      ________      ________      ________
      1           6             7             8             9            10


           NU
              R2MOTIVE      R2PRSIST      A3PPVT4W      A3WJAPW       A3CSR
              ________      ________      ________      ________      ________
      1          11            12            13            14            15


           NU
              KR3ATUDE      KR3MOTIV      KR3PRSST
              ________      ________      ________
      1          16            17            18


           LAMBDA
              COG1          COG2          COG3          ATL1          ATL2
              ________      ________      ________      ________      ________
 A1PPVT4W          19             0             0             0             0
 A1WJAPW           20             0             0             0             0
 A1CSR             21             0             0             0             0
 R1ATTUDE           0             0             0            22             0
 R1MOTIVE           0             0             0            23             0
 R1PRSIST           0             0             0            24             0
 A2PPVT4W           0            19             0             0             0
 A2WJAPW            0            25             0             0             0
 A2CSR              0            21             0             0             0
 R2ATTUDE           0             0             0             0            22
 R2MOTIVE           0             0             0             0            23
 R2PRSIST           0             0             0             0            24
 A3PPVT4W           0             0            19             0             0
 A3WJAPW            0             0            25             0             0
 A3CSR              0             0            21             0             0
 KR3ATUDE           0             0             0             0             0
 KR3MOTIV           0             0             0             0             0
 KR3PRSST           0             0             0             0             0


           LAMBDA
              ATL3
              ________
 A1PPVT4W           0
 A1WJAPW            0
 A1CSR              0
 R1ATTUDE           0
 R1MOTIVE           0
 R1PRSIST           0
 A2PPVT4W           0
 A2WJAPW            0
 A2CSR              0
 R2ATTUDE           0
 R2MOTIVE           0
 R2PRSIST           0
 A3PPVT4W           0
 A3WJAPW            0
 A3CSR              0
 KR3ATUDE          22
 KR3MOTIV          23
 KR3PRSST          24


           THETA
              A1PPVT4W      A1WJAPW       A1CSR         R1ATTUDE      R1MOTIVE
              ________      ________      ________      ________      ________
 A1PPVT4W          26
 A1WJAPW            0            27
 A1CSR              0             0            28
 R1ATTUDE           0             0             0            29
 R1MOTIVE           0             0             0             0            30
 R1PRSIST           0             0             0             0             0
 A2PPVT4W          32             0             0             0             0
 A2WJAPW            0            34             0             0             0
 A2CSR              0             0            36             0             0
 R2ATTUDE           0             0             0            38             0
 R2MOTIVE           0             0             0             0            40
 R2PRSIST           0             0             0             0             0
 A3PPVT4W          44             0             0             0             0
 A3WJAPW            0            47             0             0             0
 A3CSR              0             0            50             0             0
 KR3ATUDE           0             0             0            53             0
 KR3MOTIV           0             0             0             0            56
 KR3PRSST           0             0             0             0             0


           THETA
              R1PRSIST      A2PPVT4W      A2WJAPW       A2CSR         R2ATTUDE
              ________      ________      ________      ________      ________
 R1PRSIST          31
 A2PPVT4W           0            33
 A2WJAPW            0             0            35
 A2CSR              0             0             0            37
 R2ATTUDE           0             0             0             0            39
 R2MOTIVE           0             0             0             0             0
 R2PRSIST          42             0             0             0             0
 A3PPVT4W           0            45             0             0             0
 A3WJAPW            0             0            48             0             0
 A3CSR              0             0             0            51             0
 KR3ATUDE           0             0             0             0            54
 KR3MOTIV           0             0             0             0             0
 KR3PRSST          59             0             0             0             0


           THETA
              R2MOTIVE      R2PRSIST      A3PPVT4W      A3WJAPW       A3CSR
              ________      ________      ________      ________      ________
 R2MOTIVE          41
 R2PRSIST           0            43
 A3PPVT4W           0             0            46
 A3WJAPW            0             0             0            49
 A3CSR              0             0             0             0            52
 KR3ATUDE           0             0             0             0             0
 KR3MOTIV          57             0             0             0             0
 KR3PRSST           0            60             0             0             0


           THETA
              KR3ATUDE      KR3MOTIV      KR3PRSST
              ________      ________      ________
 KR3ATUDE          55
 KR3MOTIV           0            58
 KR3PRSST           0             0            61


           ALPHA
              COG1          COG2          COG3          ATL1          ATL2
              ________      ________      ________      ________      ________
      1           0             0             0             0             0


           ALPHA
              ATL3
              ________
      1           0


           BETA
              COG1          COG2          COG3          ATL1          ATL2
              ________      ________      ________      ________      ________
 COG1               0             0             0             0             0
 COG2              62             0             0            63             0
 COG3               0            64             0             0            65
 ATL1               0             0             0             0             0
 ATL2              66             0             0            67             0
 ATL3               0            68             0             0            69


           BETA
              ATL3
              ________
 COG1               0
 COG2               0
 COG3               0
 ATL1               0
 ATL2               0
 ATL3               0


           PSI
              COG1          COG2          COG3          ATL1          ATL2
              ________      ________      ________      ________      ________
 COG1               0
 COG2               0            70
 COG3               0             0            71
 ATL1              72             0             0             0
 ATL2               0            73             0             0            74
 ATL3               0             0            75             0             0


           PSI
              ATL3
              ________
 ATL3              76


     STARTING VALUES


           NU
              A1PPVT4W      A1WJAPW       A1CSR         R1ATTUDE      R1MOTIVE
              ________      ________      ________      ________      ________
      1        10.847        38.216        63.208        51.947        52.577


           NU
              R1PRSIST      A2PPVT4W      A2WJAPW       A2CSR         R2ATTUDE
              ________      ________      ________      ________      ________
      1        52.315        11.850        39.968        62.124        52.435


           NU
              R2MOTIVE      R2PRSIST      A3PPVT4W      A3WJAPW       A3CSR
              ________      ________      ________      ________      ________
      1        52.908        52.741        13.538        42.692        65.926


           NU
              KR3ATUDE      KR3MOTIV      KR3PRSST
              ________      ________      ________
      1        50.896        50.350        49.622


           LAMBDA
              COG1          COG2          COG3          ATL1          ATL2
              ________      ________      ________      ________      ________
 A1PPVT4W       1.000         0.000         0.000         0.000         0.000
 A1WJAPW        1.000         0.000         0.000         0.000         0.000
 A1CSR          1.000         0.000         0.000         0.000         0.000
 R1ATTUDE       0.000         0.000         0.000         1.000         0.000
 R1MOTIVE       0.000         0.000         0.000         1.000         0.000
 R1PRSIST       0.000         0.000         0.000         1.000         0.000
 A2PPVT4W       0.000         1.100         0.000         0.000         0.000
 A2WJAPW        0.000         1.653         0.000         0.000         0.000
 A2CSR          0.000         7.216         0.000         0.000         0.000
 R2ATTUDE       0.000         0.000         0.000         0.000         7.664
 R2MOTIVE       0.000         0.000         0.000         0.000         7.011
 R2PRSIST       0.000         0.000         0.000         0.000         8.809
 A3PPVT4W       0.000         0.000         1.046         0.000         0.000
 A3WJAPW        0.000         0.000         1.634         0.000         0.000
 A3CSR          0.000         0.000         6.190         0.000         0.000
 KR3ATUDE       0.000         0.000         0.000         0.000         0.000
 KR3MOTIV       0.000         0.000         0.000         0.000         0.000
 KR3PRSST       0.000         0.000         0.000         0.000         0.000


           LAMBDA
              ATL3
              ________
 A1PPVT4W       0.000
 A1WJAPW        0.000
 A1CSR          0.000
 R1ATTUDE       0.000
 R1MOTIVE       0.000
 R1PRSIST       0.000
 A2PPVT4W       0.000
 A2WJAPW        0.000
 A2CSR          0.000
 R2ATTUDE       0.000
 R2MOTIVE       0.000
 R2PRSIST       0.000
 A3PPVT4W       0.000
 A3WJAPW        0.000
 A3CSR          0.000
 KR3ATUDE       8.299
 KR3MOTIV       8.765
 KR3PRSST      10.287


           THETA
              A1PPVT4W      A1WJAPW       A1CSR         R1ATTUDE      R1MOTIVE
              ________      ________      ________      ________      ________
 A1PPVT4W       1.332
 A1WJAPW        0.000         3.061
 A1CSR          0.000         0.000       150.226
 R1ATTUDE       0.000         0.000         0.000        39.209
 R1MOTIVE       0.000         0.000         0.000         0.000        42.930
 R1PRSIST       0.000         0.000         0.000         0.000         0.000
 A2PPVT4W       0.000         0.000         0.000         0.000         0.000
 A2WJAPW        0.000         0.000         0.000         0.000         0.000
 A2CSR          0.000         0.000         0.000         0.000         0.000
 R2ATTUDE       0.000         0.000         0.000         0.000         0.000
 R2MOTIVE       0.000         0.000         0.000         0.000         0.000
 R2PRSIST       0.000         0.000         0.000         0.000         0.000
 A3PPVT4W       0.000         0.000         0.000         0.000         0.000
 A3WJAPW        0.000         0.000         0.000         0.000         0.000
 A3CSR          0.000         0.000         0.000         0.000         0.000
 KR3ATUDE       0.000         0.000         0.000         0.000         0.000
 KR3MOTIV       0.000         0.000         0.000         0.000         0.000
 KR3PRSST       0.000         0.000         0.000         0.000         0.000


           THETA
              R1PRSIST      A2PPVT4W      A2WJAPW       A2CSR         R2ATTUDE
              ________      ________      ________      ________      ________
 R1PRSIST      42.473
 A2PPVT4W       0.000         1.009
 A2WJAPW        0.000         0.000         1.924
 A2CSR          0.000         0.000         0.000       147.166
 R2ATTUDE       0.000         0.000         0.000         0.000        42.749
 R2MOTIVE       0.000         0.000         0.000         0.000         0.000
 R2PRSIST       0.000         0.000         0.000         0.000         0.000
 A3PPVT4W       0.000         0.000         0.000         0.000         0.000
 A3WJAPW        0.000         0.000         0.000         0.000         0.000
 A3CSR          0.000         0.000         0.000         0.000         0.000
 KR3ATUDE       0.000         0.000         0.000         0.000         0.000
 KR3MOTIV       0.000         0.000         0.000         0.000         0.000
 KR3PRSST       0.000         0.000         0.000         0.000         0.000


           THETA
              R2MOTIVE      R2PRSIST      A3PPVT4W      A3WJAPW       A3CSR
              ________      ________      ________      ________      ________
 R2MOTIVE      46.635
 R2PRSIST       0.000        43.662
 A3PPVT4W       0.000         0.000         0.955
 A3WJAPW        0.000         0.000         0.000         2.294
 A3CSR          0.000         0.000         0.000         0.000       146.195
 KR3ATUDE       0.000         0.000         0.000         0.000         0.000
 KR3MOTIV       0.000         0.000         0.000         0.000         0.000
 KR3PRSST       0.000         0.000         0.000         0.000         0.000


           THETA
              KR3ATUDE      KR3MOTIV      KR3PRSST
              ________      ________      ________
 KR3ATUDE      47.489
 KR3MOTIV       0.000        67.704
 KR3PRSST       0.000         0.000        62.138


           ALPHA
              COG1          COG2          COG3          ATL1          ATL2
              ________      ________      ________      ________      ________
      1         0.000         0.000         0.000         0.000         0.000


           ALPHA
              ATL3
              ________
      1         0.000


           BETA
              COG1          COG2          COG3          ATL1          ATL2
              ________      ________      ________      ________      ________
 COG1           0.000         0.000         0.000         0.000         0.000
 COG2           0.000         0.000         0.000         0.000         0.000
 COG3           0.000         0.000         0.000         0.000         0.000
 ATL1           0.000         0.000         0.000         0.000         0.000
 ATL2           0.000         0.000         0.000         0.000         0.000
 ATL3           0.000         0.000         0.000         0.000         0.000


           BETA
              ATL3
              ________
 COG1           0.000
 COG2           0.000
 COG3           0.000
 ATL1           0.000
 ATL2           0.000
 ATL3           0.000


           PSI
              COG1          COG2          COG3          ATL1          ATL2
              ________      ________      ________      ________      ________
 COG1           1.000
 COG2           0.000         0.050
 COG3           0.000         0.000         0.050
 ATL1           0.000         0.000         0.000         1.000
 ATL2           0.000         0.000         0.000         0.000         0.050
 ATL3           0.000         0.000         0.000         0.000         0.000


           PSI
              ATL3
              ________
 ATL3           0.050


TECHNICAL 4 OUTPUT


     ESTIMATES DERIVED FROM THE MODEL


           ESTIMATED MEANS FOR THE LATENT VARIABLES
              COG1          COG2          COG3          ATL1          ATL2
              ________      ________      ________      ________      ________
      1         0.000         0.000         0.000         0.000         0.000


           ESTIMATED MEANS FOR THE LATENT VARIABLES
              ATL3
              ________
      1         0.000


           S.E. FOR ESTIMATED MEANS FOR THE LATENT VARIABLES
              COG1          COG2          COG3          ATL1          ATL2
              ________      ________      ________      ________      ________
      1         0.000         0.000         0.000         0.000         0.000


           S.E. FOR ESTIMATED MEANS FOR THE LATENT VARIABLES
              ATL3
              ________
      1         0.000


           EST./S.E. FOR ESTIMATED MEANS FOR THE LATENT VARIABLES
              COG1          COG2          COG3          ATL1          ATL2
              ________      ________      ________      ________      ________
      1         0.000         0.000         0.000         0.000         0.000


           EST./S.E. FOR ESTIMATED MEANS FOR THE LATENT VARIABLES
              ATL3
              ________
      1         0.000


           TWO-TAILED P-VALUE FOR ESTIMATED MEANS FOR THE LATENT VARIABLES
              COG1          COG2          COG3          ATL1          ATL2
              ________      ________      ________      ________      ________
      1         1.000         1.000         1.000         1.000         1.000


           TWO-TAILED P-VALUE FOR ESTIMATED MEANS FOR THE LATENT VARIABLES
              ATL3
              ________
      1         1.000


           ESTIMATED COVARIANCE MATRIX FOR THE LATENT VARIABLES
              COG1          COG2          COG3          ATL1          ATL2
              ________      ________      ________      ________      ________
 COG1           1.000
 COG2           0.702         0.661
 COG3           0.576         0.540         0.600
 ATL1           0.398         0.323         0.300         1.000
 ATL2           0.354         0.289         0.296         0.731         1.130
 ATL3           0.428         0.387         0.390         0.393         0.515


           ESTIMATED COVARIANCE MATRIX FOR THE LATENT VARIABLES
              ATL3
              ________
 ATL3           1.478


           S.E. FOR ESTIMATED COVARIANCE MATRIX FOR THE LATENT VARIABLES
              COG1          COG2          COG3          ATL1          ATL2
              ________      ________      ________      ________      ________
 COG1           0.000
 COG2           0.067         0.075
 COG3           0.059         0.063         0.068
 ATL1           0.055         0.047         0.046         0.000
 ATL2           0.067         0.050         0.059         0.047         0.078
 ATL3           0.080         0.069         0.066         0.071         0.086


           S.E. FOR ESTIMATED COVARIANCE MATRIX FOR THE LATENT VARIABLES
              ATL3
              ________
 ATL3           0.134


           EST./S.E. FOR ESTIMATED COVARIANCE MATRIX FOR THE LATENT VARIABLES
              COG1          COG2          COG3          ATL1          ATL2
              ________      ________      ________      ________      ________
 COG1     ***********
 COG2          10.538         8.810
 COG3           9.702         8.525         8.824
 ATL1           7.204         6.856         6.485   ***********
 ATL2           5.260         5.807         4.988        15.404        14.445
 ATL3           5.342         5.647         5.899         5.525         5.970


           EST./S.E. FOR ESTIMATED COVARIANCE MATRIX FOR THE LATENT VARIABLES
              ATL3
              ________
 ATL3          11.038


           TWO-TAILED P-VALUE FOR ESTIMATED COVARIANCE MATRIX FOR THE LATENT VARIABLES
              COG1          COG2          COG3          ATL1          ATL2
              ________      ________      ________      ________      ________
 COG1           0.000
 COG2           0.000         0.000
 COG3           0.000         0.000         0.000
 ATL1           0.000         0.000         0.000         0.000
 ATL2           0.000         0.000         0.000         0.000         0.000
 ATL3           0.000         0.000         0.000         0.000         0.000


           TWO-TAILED P-VALUE FOR ESTIMATED COVARIANCE MATRIX FOR THE LATENT VARIABLES
              ATL3
              ________
 ATL3           0.000


           ESTIMATED CORRELATION MATRIX FOR THE LATENT VARIABLES
              COG1          COG2          COG3          ATL1          ATL2
              ________      ________      ________      ________      ________
 COG1           1.000
 COG2           0.864         1.000
 COG3           0.744         0.857         1.000
 ATL1           0.398         0.398         0.387         1.000
 ATL2           0.333         0.334         0.360         0.688         1.000
 ATL3           0.352         0.392         0.415         0.323         0.399


           ESTIMATED CORRELATION MATRIX FOR THE LATENT VARIABLES
              ATL3
              ________
 ATL3           1.000


           S.E. FOR ESTIMATED CORRELATION MATRIX FOR THE LATENT VARIABLES
              COG1          COG2          COG3          ATL1          ATL2
              ________      ________      ________      ________      ________
 COG1           0.000
 COG2           0.052         0.000
 COG3           0.071         0.044         0.000
 ATL1           0.055         0.050         0.052         0.000
 ATL2           0.061         0.048         0.059         0.036         0.000
 ATL3           0.060         0.066         0.069         0.057         0.063


           S.E. FOR ESTIMATED CORRELATION MATRIX FOR THE LATENT VARIABLES
              ATL3
              ________
 ATL3           0.000


           EST./S.E. FOR ESTIMATED CORRELATION MATRIX FOR THE LATENT VARIABLES
              COG1          COG2          COG3          ATL1          ATL2
              ________      ________      ________      ________      ________
 COG1         999.000
 COG2          16.559       999.000
 COG3          10.422        19.299       999.000
 ATL1           7.204         7.885         7.445       999.000
 ATL2           5.499         6.958         6.054        18.961       999.000
 ATL3           5.823         5.964         6.020         5.641         6.349


           EST./S.E. FOR ESTIMATED CORRELATION MATRIX FOR THE LATENT VARIABLES
              ATL3
              ________
 ATL3         999.000


           TWO-TAILED P-VALUE FOR ESTIMATED CORRELATION MATRIX FOR THE LATENT VARIABLES
              COG1          COG2          COG3          ATL1          ATL2
              ________      ________      ________      ________      ________
 COG1           0.000
 COG2           0.000         0.000
 COG3           0.000         0.000         0.000
 ATL1           0.000         0.000         0.000         0.000
 ATL2           0.000         0.000         0.000         0.000         0.000
 ATL3           0.000         0.000         0.000         0.000         0.000


           TWO-TAILED P-VALUE FOR ESTIMATED CORRELATION MATRIX FOR THE LATENT VARIABLES
              ATL3
              ________
 ATL3           0.000


DIAGRAM INFORMATION

  Use View Diagram under the Diagram menu in the Mplus Editor to view the diagram.
  If running Mplus from the Mplus Diagrammer, the diagram opens automatically.

  Diagram output
    c:\users\bfoste01\dropbox\new_faces\faces_project_r\weighted_3\all-set-10-30-14\weighted-10-30-1

     Beginning Time:  10:56:05
        Ending Time:  10:56:06
       Elapsed Time:  00:00:01



MUTHEN & MUTHEN
3463 Stoner Ave.
Los Angeles, CA  90066

Tel: (310) 391-9971
Fax: (310) 391-8971
Web: www.StatModel.com
Support: Support@StatModel.com

Copyright (c) 1998-2014 Muthen & Muthen
