Mplus VERSION 7.3
MUTHEN & MUTHEN
10/30/2014  11:02 AM

INPUT INSTRUCTIONS

  TITLE:
      Cross-lag model, no controls, no problem BeH
    DATA: FILE = "moderation.4.dat";
    DEFINE: A1PPVT4W = A1PPVT4W/10;
            A1WJLWW = A1WJLWW/10;
            A2PPVT4W = A2PPVT4W/10;
            A2WJLWW = A2WJLWW/10;
            A3PPVT4W = A3PPVT4W/10;
            A3WJLWW = A3WJLWW/10;
            A1WJAPW = A1WJAPW/10;
            A2WJAPW = A2WJAPW/10;
            A3WJAPW = A3WJAPW/10;
    VARIABLE:
    NAMES = A1PPVT4W A1WJAPW A1WJLWW A1CSR A1ECMIRT A1WJSW R1ATTUDE R1MOTIVE R1PRSIST
         A2PPVT4W A2WJAPW A2WJLWW A2CSR A2ECMIRT A2WJSW R2ATTUDE R2MOTIVE R2PRSIST
         A3PPVT4W A3WJAPW A3WJLWW A3CSR A3ECMIRT A3WJSW KR3ATUDE KR3MOTIV KR3PRSST
         R1TPLBS R2TPLBS KR3TPLBS STRAT PSU PRA12OTW CHGENDER P1RMOMED A1CAGE A2CAGE
         A3CAGE CRACE P1PRGTYP P2PRGTYP P3PRGTYP O2CLSSCD O2CLSSIS O2CLSSLM O2CLSSQF
         CLS1_ID CLS2_ID CLS3_ID R1BAGGR R1BWITH R1BHYPER R1ATTUDE_1 R2BAGGR R2BWITH
         R2BHYPER KR3BAGGR KR3BHYPE KR3BWITH BINAGGR1 BINWITH1 BINHYP1 BINAGGR2 BINWITH2
         BINHYP2 BINAGGR3 BINWITH3 BINHYP3;
    USEVARIABLES = A1PPVT4W A1WJAPW A1CSR
         R1ATTUDE R1MOTIVE R1PRSIST
         A2PPVT4W A2WJAPW A2CSR
         R2ATTUDE R2MOTIVE R2PRSIST
         A3PPVT4W A3WJAPW A3CSR
         KR3ATUDE KR3MOTIV KR3PRSST;
    MISSING=.;
    ANALYSIS:
      ITERATIONS = 10000;
      ESTIMATOR = BAYES;
      PROCESSORS = 5;
    MODEL:
      cog1 BY A1WJAPW*(1)
      A1PPVT4W(2)
      A1CSR(3);
      cog2 BY A2WJAPW*(1)
      A2PPVT4W(2)
      A2CSR(3);
      cog3 BY A3WJAPW*(1)
      A3PPVT4W(2)
      A3CSR(3);
      cog1@1.0;

      atl1 BY R1ATTUDE*(4)
      R1MOTIVE(5)
      R1PRSIST(6);
      atl2 BY R2ATTUDE*(4)
      R2MOTIVE(5)
      R2PRSIST(6);
      atl3 BY KR3ATUDE*(4)
      KR3MOTIV(5)
      KR3PRSST(6);
      atl1@1.0;

      !allow some correlated residuals
      !auto-correlations
      A1WJAPW WITH A2WJAPW A3WJAPW;
      A2WJAPW WITH A3WJAPW;
      A1PPVT4W WITH A2PPVT4W A3PPVT4W;
      A2PPVT4W WITH A3PPVT4W;
      A1CSR WITH A2CSR A3CSR;
      A2CSR WITH A3CSR;
      R1ATTUDE WITH R2ATTUDE KR3ATUDE;
      R2ATTUDE WITH KR3ATUDE;
      R1MOTIVE WITH R2MOTIVE KR3MOTIV;
      R2MOTIVE WITH KR3MOTIV;
      R1PRSIST WITH R2PRSIST KR3PRSST;
      R2PRSIST WITH KR3PRSST;

     !allowing only concurrent non-directional paths
      atl1 WITH cog1;
      atl2 WITH cog2;
      atl3 WITH cog3;

     !cross-lagged paths
      cog2 ON cog1;
      atl2 ON cog1;
      atl2 ON atl1;
      cog2 ON atl1;
      cog3 ON cog2;
      cog3 ON atl2;
      atl3 ON cog2;
      atl3 ON atl2;


      OUTPUT:
        TECH1 TECH4
        SAMPSTAT
        modindices;
        STANDARDIZED;




*** WARNING in ANALYSIS command
  For ESTIMATOR=BAYES, the actual number of PROCESSORS used is equal to the number
  of MCMC chains.  One processor will be used for each MCMC chain.
*** WARNING in OUTPUT command
  SAMPSTAT option is not available for ESTIMATOR=BAYES.  Use TYPE=BASIC.
  Request for SAMPSTAT is ignored.
*** WARNING in OUTPUT command
  MODINDICES option is not available for ESTIMATOR=BAYES.
  Request for MODINDICES is ignored.
   3 WARNING(S) FOUND IN THE INPUT INSTRUCTIONS




Cross-lag model, no controls, no problem BeH

SUMMARY OF ANALYSIS

Number of groups                                                 1
Number of observations                                         621

Number of dependent variables                                   18
Number of independent variables                                  0
Number of continuous latent variables                            6

Observed dependent variables

  Continuous
   A1PPVT4W    A1WJAPW     A1CSR       R1ATTUDE    R1MOTIVE    R1PRSIST
   A2PPVT4W    A2WJAPW     A2CSR       R2ATTUDE    R2MOTIVE    R2PRSIST
   A3PPVT4W    A3WJAPW     A3CSR       KR3ATUDE    KR3MOTIV    KR3PRSST

Continuous latent variables
   COG1        COG2        COG3        ATL1        ATL2        ATL3


Estimator                                                    BAYES
Specifications for Bayesian Estimation
  Point estimate                                            MEDIAN
  Number of Markov chain Monte Carlo (MCMC) chains               2
  Random seed for the first chain                                0
  Starting value information                           UNPERTURBED
  Treatment of categorical mediator                         LATENT
  Algorithm used for Markov chain Monte Carlo           GIBBS(PX1)
  Convergence criterion                                  0.500D-01
  Maximum number of iterations                               50000
  K-th iteration used for thinning                               1

Input data file(s)
  moderation.4.dat
Input data format  FREE


SUMMARY OF DATA



COVARIANCE COVERAGE OF DATA

Minimum covariance coverage value   0.100

     Number of missing data patterns            36


     PROPORTION OF DATA PRESENT


           Covariance Coverage
              A1PPVT4W      A1WJAPW       A1CSR         R1ATTUDE      R1MOTIVE
              ________      ________      ________      ________      ________
 A1PPVT4W       0.979
 A1WJAPW        0.944         0.944
 A1CSR          0.979         0.944         0.979
 R1ATTUDE       0.944         0.910         0.944         0.961
 R1MOTIVE       0.944         0.910         0.944         0.961         0.961
 R1PRSIST       0.944         0.910         0.944         0.961         0.961
 A2PPVT4W       0.961         0.926         0.961         0.942         0.942
 A2WJAPW        0.953         0.921         0.953         0.934         0.934
 A2CSR          0.966         0.931         0.966         0.947         0.947
 R2ATTUDE       0.926         0.890         0.926         0.921         0.921
 R2MOTIVE       0.926         0.890         0.926         0.921         0.921
 R2PRSIST       0.926         0.890         0.926         0.921         0.921
 A3PPVT4W       0.865         0.831         0.865         0.845         0.845
 A3WJAPW        0.862         0.828         0.862         0.842         0.842
 A3CSR          0.865         0.831         0.865         0.845         0.845
 KR3ATUDE       0.676         0.657         0.676         0.667         0.667
 KR3MOTIV       0.676         0.657         0.676         0.667         0.667
 KR3PRSST       0.676         0.657         0.676         0.667         0.667


           Covariance Coverage
              R1PRSIST      A2PPVT4W      A2WJAPW       A2CSR         R2ATTUDE
              ________      ________      ________      ________      ________
 R1PRSIST       0.961
 A2PPVT4W       0.942         0.979
 A2WJAPW        0.934         0.968         0.971
 A2CSR          0.947         0.979         0.971         0.984
 R2ATTUDE       0.921         0.928         0.919         0.932         0.947
 R2MOTIVE       0.921         0.928         0.919         0.932         0.947
 R2PRSIST       0.921         0.928         0.919         0.932         0.947
 A3PPVT4W       0.845         0.862         0.855         0.866         0.837
 A3WJAPW        0.842         0.858         0.852         0.863         0.836
 A3CSR          0.845         0.862         0.855         0.866         0.837
 KR3ATUDE       0.667         0.668         0.663         0.671         0.647
 KR3MOTIV       0.667         0.668         0.663         0.671         0.647
 KR3PRSST       0.667         0.668         0.663         0.671         0.647


           Covariance Coverage
              R2MOTIVE      R2PRSIST      A3PPVT4W      A3WJAPW       A3CSR
              ________      ________      ________      ________      ________
 R2MOTIVE       0.947
 R2PRSIST       0.947         0.947
 A3PPVT4W       0.837         0.837         0.882
 A3WJAPW        0.836         0.836         0.879         0.879
 A3CSR          0.837         0.837         0.882         0.879         0.882
 KR3ATUDE       0.647         0.647         0.589         0.586         0.589
 KR3MOTIV       0.647         0.647         0.589         0.586         0.589
 KR3PRSST       0.647         0.647         0.589         0.586         0.589


           Covariance Coverage
              KR3ATUDE      KR3MOTIV      KR3PRSST
              ________      ________      ________
 KR3ATUDE       0.683
 KR3MOTIV       0.683         0.683
 KR3PRSST       0.683         0.683         0.683


     THE MODEL ESTIMATION DID NOT TERMINATE NORMALLY.
     THE PSI MATRIX IS NOT POSITIVE DEFINITE.

     THE PROBLEM OCCURRED IN CHAIN 2.

     PROBLEM INVOLVING VARIABLES A1PPVT4W AND ATL1.






MODEL RESULTS

                    Estimate

 COG1     BY
    A1WJAPW            0.714
    A1PPVT4W           0.434
    A1CSR              3.922

 COG2     BY
    A2WJAPW            0.714
    A2PPVT4W           0.434
    A2CSR              3.922

 COG3     BY
    A3WJAPW            0.714
    A3PPVT4W           0.434
    A3CSR              3.922

 ATL1     BY
    R1ATTUDE           7.164
    R1MOTIVE           6.986
    R1PRSIST           8.893

 ATL2     BY
    R2ATTUDE           7.164
    R2MOTIVE           6.986
    R2PRSIST           8.893

 ATL3     BY
    KR3ATUDE           7.164
    KR3MOTIV           6.986
    KR3PRSST           8.893

 COG2       ON
    COG1            1827.369
    ATL1           -1826.380

 ATL2       ON
    COG1             233.052
    ATL1            -232.298

 COG3       ON
    COG2               0.726
    ATL2               0.207

 ATL3       ON
    COG2               0.226
    ATL2               0.292

 ATL1     WITH
    COG1               0.990

 ATL2     WITH
    COG2               0.063

 ATL3     WITH
    COG3               0.319

 A1WJAPW  WITH
    A2WJAPW            1.173
    A3WJAPW            0.871

 A2WJAPW  WITH
    A3WJAPW            1.438

 A1PPVT4W WITH
    A2PPVT4W           1.153
    A3PPVT4W           0.959

 A2PPVT4W WITH
    A3PPVT4W           0.695

 A1CSR    WITH
    A2CSR             65.097
    A3CSR             19.482

 A2CSR    WITH
    A3CSR              6.534

 R1ATTUDE WITH
    R2ATTUDE          14.411
    KR3ATUDE           6.823

 R2ATTUDE WITH
    KR3ATUDE           4.976

 R1MOTIVE WITH
    R2MOTIVE          28.516
    KR3MOTIV          16.989

 R2MOTIVE WITH
    KR3MOTIV          14.192

 R1PRSIST WITH
    R2PRSIST          -1.058
    KR3PRSST          -3.807

 R2PRSIST WITH
    KR3PRSST          -1.415

 Intercepts
    A1PPVT4W          10.896
    A1WJAPW           38.104
    A1CSR             62.077
    R1ATTUDE          51.910
    R1MOTIVE          52.020
    R1PRSIST          51.839
    A2PPVT4W          11.868
    A2WJAPW           39.860
    A2CSR             61.313
    R2ATTUDE          52.880
    R2MOTIVE          52.360
    R2PRSIST          52.924
    A3PPVT4W          13.612
    A3WJAPW           42.726
    A3CSR             67.495
    KR3ATUDE          51.630
    KR3MOTIV          51.130
    KR3PRSST          49.472

 Variances
    COG1               1.000
    ATL1               1.000

 Residual Variances
    A1PPVT4W           2.598
    A1WJAPW            5.847
    A1CSR            272.393
    R1ATTUDE          28.599
    R1MOTIVE          55.038
    R1PRSIST           8.180
    A2PPVT4W           1.214
    A2WJAPW            2.513
    A2CSR            234.901
    R2ATTUDE          33.178
    R2MOTIVE          51.983
    R2PRSIST           3.485
    A3PPVT4W           1.062
    A3WJAPW            2.814
    A3CSR            219.745
    KR3ATUDE          28.595
    KR3MOTIV          58.918
    KR3PRSST          15.363
    COG2               1.680
    COG3               1.365
    ATL2               0.617
    ATL3               1.102


MODEL COMMAND WITH FINAL ESTIMATES USED AS STARTING VALUES

     cog1 BY a1wjapw*0.71378 (20);
     cog1 BY a1ppvt4w*0.43354 (19);
     cog1 BY a1csr*3.92187 (21);
     cog2 BY a2wjapw*0.71378 (20);
     cog2 BY a2ppvt4w*0.43354 (19);
     cog2 BY a2csr*3.92187 (21);
     cog3 BY a3wjapw*0.71378 (20);
     cog3 BY a3ppvt4w*0.43354 (19);
     cog3 BY a3csr*3.92187 (21);
     atl1 BY r1attude*7.16414 (22);
     atl1 BY r1motive*6.98615 (23);
     atl1 BY r1prsist*8.89283 (24);
     atl2 BY r2attude*7.16414 (22);
     atl2 BY r2motive*6.98615 (23);
     atl2 BY r2prsist*8.89283 (24);
     atl3 BY kr3atude*7.16414 (22);
     atl3 BY kr3motiv*6.98615 (23);
     atl3 BY kr3prsst*8.89283 (24);

     cog2 ON cog1*1827.36865;
     cog2 ON atl1*-1826.38037;
     atl2 ON cog1*233.05211;
     atl2 ON atl1*-232.29796;
     cog3 ON cog2*0.72607;
     cog3 ON atl2*0.20692;
     atl3 ON cog2*0.22604;
     atl3 ON atl2*0.29239;

     a1wjapw WITH a2wjapw*1.17254;
     a1wjapw WITH a3wjapw*0.87069;
     a2wjapw WITH a3wjapw*1.43829;
     a1ppvt4w WITH a2ppvt4w*1.15283;
     a1ppvt4w WITH a3ppvt4w*0.95898;
     a2ppvt4w WITH a3ppvt4w*0.69461;
     a1csr WITH a2csr*65.09710;
     a1csr WITH a3csr*19.48212;
     a2csr WITH a3csr*6.53385;
     r1attude WITH r2attude*14.41054;
     r1attude WITH kr3atude*6.82349;
     r2attude WITH kr3atude*4.97629;
     r1motive WITH r2motive*28.51644;
     r1motive WITH kr3motiv*16.98950;
     r2motive WITH kr3motiv*14.19198;
     r1prsist WITH r2prsist*-1.05839;
     r1prsist WITH kr3prsst*-3.80690;
     r2prsist WITH kr3prsst*-1.41482;
     atl1 WITH cog1*0.99000;
     atl2 WITH cog2*0.06323;
     atl3 WITH cog3*0.31930;

     [ a1ppvt4w*10.89643 ];
     [ a1wjapw*38.10369 ];
     [ a1csr*62.07732 ];
     [ r1attude*51.91026 ];
     [ r1motive*52.01956 ];
     [ r1prsist*51.83879 ];
     [ a2ppvt4w*11.86826 ];
     [ a2wjapw*39.86005 ];
     [ a2csr*61.31263 ];
     [ r2attude*52.87963 ];
     [ r2motive*52.36031 ];
     [ r2prsist*52.92387 ];
     [ a3ppvt4w*13.61172 ];
     [ a3wjapw*42.72600 ];
     [ a3csr*67.49486 ];
     [ kr3atude*51.63036 ];
     [ kr3motiv*51.13013 ];
     [ kr3prsst*49.47174 ];

     a1ppvt4w*2.59765;
     a1wjapw*5.84728;
     a1csr*272.39255;
     r1attude*28.59901;
     r1motive*55.03815;
     r1prsist*8.18026;
     a2ppvt4w*1.21365;
     a2wjapw*2.51342;
     a2csr*234.90051;
     r2attude*33.17812;
     r2motive*51.98259;
     r2prsist*3.48459;
     a3ppvt4w*1.06236;
     a3wjapw*2.81430;
     a3csr*219.74458;
     kr3atude*28.59533;
     kr3motiv*58.91802;
     kr3prsst*15.36288;
     cog1@1;
     cog2*1.67977;
     cog3*1.36465;
     atl1@1;
     atl2*0.61682;
     atl3*1.10194;



TECHNICAL 1 OUTPUT


     PARAMETER SPECIFICATION


           NU
              A1PPVT4W      A1WJAPW       A1CSR         R1ATTUDE      R1MOTIVE
              ________      ________      ________      ________      ________
 1                  1             2             3             4             5


           NU
              R1PRSIST      A2PPVT4W      A2WJAPW       A2CSR         R2ATTUDE
              ________      ________      ________      ________      ________
 1                  6             7             8             9            10


           NU
              R2MOTIVE      R2PRSIST      A3PPVT4W      A3WJAPW       A3CSR
              ________      ________      ________      ________      ________
 1                 11            12            13            14            15


           NU
              KR3ATUDE      KR3MOTIV      KR3PRSST
              ________      ________      ________
 1                 16            17            18


           LAMBDA
              COG1          COG2          COG3          ATL1          ATL2
              ________      ________      ________      ________      ________
 A1PPVT4W          19             0             0             0             0
 A1WJAPW           20             0             0             0             0
 A1CSR             21             0             0             0             0
 R1ATTUDE           0             0             0            22             0
 R1MOTIVE           0             0             0            23             0
 R1PRSIST           0             0             0            24             0
 A2PPVT4W           0            19             0             0             0
 A2WJAPW            0            20             0             0             0
 A2CSR              0            21             0             0             0
 R2ATTUDE           0             0             0             0            22
 R2MOTIVE           0             0             0             0            23
 R2PRSIST           0             0             0             0            24
 A3PPVT4W           0             0            19             0             0
 A3WJAPW            0             0            20             0             0
 A3CSR              0             0            21             0             0
 KR3ATUDE           0             0             0             0             0
 KR3MOTIV           0             0             0             0             0
 KR3PRSST           0             0             0             0             0


           LAMBDA
              ATL3
              ________
 A1PPVT4W           0
 A1WJAPW            0
 A1CSR              0
 R1ATTUDE           0
 R1MOTIVE           0
 R1PRSIST           0
 A2PPVT4W           0
 A2WJAPW            0
 A2CSR              0
 R2ATTUDE           0
 R2MOTIVE           0
 R2PRSIST           0
 A3PPVT4W           0
 A3WJAPW            0
 A3CSR              0
 KR3ATUDE          22
 KR3MOTIV          23
 KR3PRSST          24


           THETA
              A1PPVT4W      A1WJAPW       A1CSR         R1ATTUDE      R1MOTIVE
              ________      ________      ________      ________      ________
 A1PPVT4W          25
 A1WJAPW            0            26
 A1CSR              0             0            27
 R1ATTUDE           0             0             0            28
 R1MOTIVE           0             0             0             0            29
 R1PRSIST           0             0             0             0             0
 A2PPVT4W          31             0             0             0             0
 A2WJAPW            0            33             0             0             0
 A2CSR              0             0            35             0             0
 R2ATTUDE           0             0             0            37             0
 R2MOTIVE           0             0             0             0            39
 R2PRSIST           0             0             0             0             0
 A3PPVT4W          43             0             0             0             0
 A3WJAPW            0            46             0             0             0
 A3CSR              0             0            49             0             0
 KR3ATUDE           0             0             0            52             0
 KR3MOTIV           0             0             0             0            55
 KR3PRSST           0             0             0             0             0


           THETA
              R1PRSIST      A2PPVT4W      A2WJAPW       A2CSR         R2ATTUDE
              ________      ________      ________      ________      ________
 R1PRSIST          30
 A2PPVT4W           0            32
 A2WJAPW            0             0            34
 A2CSR              0             0             0            36
 R2ATTUDE           0             0             0             0            38
 R2MOTIVE           0             0             0             0             0
 R2PRSIST          41             0             0             0             0
 A3PPVT4W           0            44             0             0             0
 A3WJAPW            0             0            47             0             0
 A3CSR              0             0             0            50             0
 KR3ATUDE           0             0             0             0            53
 KR3MOTIV           0             0             0             0             0
 KR3PRSST          58             0             0             0             0


           THETA
              R2MOTIVE      R2PRSIST      A3PPVT4W      A3WJAPW       A3CSR
              ________      ________      ________      ________      ________
 R2MOTIVE          40
 R2PRSIST           0            42
 A3PPVT4W           0             0            45
 A3WJAPW            0             0             0            48
 A3CSR              0             0             0             0            51
 KR3ATUDE           0             0             0             0             0
 KR3MOTIV          56             0             0             0             0
 KR3PRSST           0            59             0             0             0


           THETA
              KR3ATUDE      KR3MOTIV      KR3PRSST
              ________      ________      ________
 KR3ATUDE          54
 KR3MOTIV           0            57
 KR3PRSST           0             0            60


           ALPHA
              COG1          COG2          COG3          ATL1          ATL2
              ________      ________      ________      ________      ________
 1                  0             0             0             0             0


           ALPHA
              ATL3
              ________
 1                  0


           BETA
              COG1          COG2          COG3          ATL1          ATL2
              ________      ________      ________      ________      ________
 COG1               0             0             0             0             0
 COG2              61             0             0            62             0
 COG3               0            63             0             0            64
 ATL1               0             0             0             0             0
 ATL2              65             0             0            66             0
 ATL3               0            67             0             0            68


           BETA
              ATL3
              ________
 COG1               0
 COG2               0
 COG3               0
 ATL1               0
 ATL2               0
 ATL3               0


           PSI
              COG1          COG2          COG3          ATL1          ATL2
              ________      ________      ________      ________      ________
 COG1               0
 COG2               0            69
 COG3               0             0            70
 ATL1              71             0             0             0
 ATL2               0            72             0             0            73
 ATL3               0             0            74             0             0


           PSI
              ATL3
              ________
 ATL3              75


     STARTING VALUES


           NU
              A1PPVT4W      A1WJAPW       A1CSR         R1ATTUDE      R1MOTIVE
              ________      ________      ________      ________      ________
 1             10.804        38.121        62.168        51.949        52.088


           NU
              R1PRSIST      A2PPVT4W      A2WJAPW       A2CSR         R2ATTUDE
              ________      ________      ________      ________      ________
 1             52.102        11.802        39.944        61.538        52.133


           NU
              R2MOTIVE      R2PRSIST      A3PPVT4W      A3WJAPW       A3CSR
              ________      ________      ________      ________      ________
 1             52.543        52.498        13.497        42.654        66.500


           NU
              KR3ATUDE      KR3MOTIV      KR3PRSST
              ________      ________      ________
 1             51.523        50.682        49.786


           LAMBDA
              COG1          COG2          COG3          ATL1          ATL2
              ________      ________      ________      ________      ________
 A1PPVT4W       1.000         0.000         0.000         0.000         0.000
 A1WJAPW        1.000         0.000         0.000         0.000         0.000
 A1CSR          1.000         0.000         0.000         0.000         0.000
 R1ATTUDE       0.000         0.000         0.000         1.000         0.000
 R1MOTIVE       0.000         0.000         0.000         1.000         0.000
 R1PRSIST       0.000         0.000         0.000         1.000         0.000
 A2PPVT4W       0.000         1.000         0.000         0.000         0.000
 A2WJAPW        0.000         1.000         0.000         0.000         0.000
 A2CSR          0.000         1.000         0.000         0.000         0.000
 R2ATTUDE       0.000         0.000         0.000         0.000         1.000
 R2MOTIVE       0.000         0.000         0.000         0.000         1.000
 R2PRSIST       0.000         0.000         0.000         0.000         1.000
 A3PPVT4W       0.000         0.000         1.000         0.000         0.000
 A3WJAPW        0.000         0.000         1.000         0.000         0.000
 A3CSR          0.000         0.000         1.000         0.000         0.000
 KR3ATUDE       0.000         0.000         0.000         0.000         0.000
 KR3MOTIV       0.000         0.000         0.000         0.000         0.000
 KR3PRSST       0.000         0.000         0.000         0.000         0.000


           LAMBDA
              ATL3
              ________
 A1PPVT4W       0.000
 A1WJAPW        0.000
 A1CSR          0.000
 R1ATTUDE       0.000
 R1MOTIVE       0.000
 R1PRSIST       0.000
 A2PPVT4W       0.000
 A2WJAPW        0.000
 A2CSR          0.000
 R2ATTUDE       0.000
 R2MOTIVE       0.000
 R2PRSIST       0.000
 A3PPVT4W       0.000
 A3WJAPW        0.000
 A3CSR          0.000
 KR3ATUDE       1.000
 KR3MOTIV       1.000
 KR3PRSST       1.000


           THETA
              A1PPVT4W      A1WJAPW       A1CSR         R1ATTUDE      R1MOTIVE
              ________      ________      ________      ________      ________
 A1PPVT4W       1.441
 A1WJAPW        0.000         3.018
 A1CSR          0.000         0.000       154.466
 R1ATTUDE       0.000         0.000         0.000        41.892
 R1MOTIVE       0.000         0.000         0.000         0.000        43.873
 R1PRSIST       0.000         0.000         0.000         0.000         0.000
 A2PPVT4W       0.000         0.000         0.000         0.000         0.000
 A2WJAPW        0.000         0.000         0.000         0.000         0.000
 A2CSR          0.000         0.000         0.000         0.000         0.000
 R2ATTUDE       0.000         0.000         0.000         0.000         0.000
 R2MOTIVE       0.000         0.000         0.000         0.000         0.000
 R2PRSIST       0.000         0.000         0.000         0.000         0.000
 A3PPVT4W       0.000         0.000         0.000         0.000         0.000
 A3WJAPW        0.000         0.000         0.000         0.000         0.000
 A3CSR          0.000         0.000         0.000         0.000         0.000
 KR3ATUDE       0.000         0.000         0.000         0.000         0.000
 KR3MOTIV       0.000         0.000         0.000         0.000         0.000
 KR3PRSST       0.000         0.000         0.000         0.000         0.000


           THETA
              R1PRSIST      A2PPVT4W      A2WJAPW       A2CSR         R2ATTUDE
              ________      ________      ________      ________      ________
 R1PRSIST      44.552
 A2PPVT4W       0.000         1.105
 A2WJAPW        0.000         0.000         2.043
 A2CSR          0.000         0.000         0.000       144.281
 R2ATTUDE       0.000         0.000         0.000         0.000        44.282
 R2MOTIVE       0.000         0.000         0.000         0.000         0.000
 R2PRSIST       0.000         0.000         0.000         0.000         0.000
 A3PPVT4W       0.000         0.000         0.000         0.000         0.000
 A3WJAPW        0.000         0.000         0.000         0.000         0.000
 A3CSR          0.000         0.000         0.000         0.000         0.000
 KR3ATUDE       0.000         0.000         0.000         0.000         0.000
 KR3MOTIV       0.000         0.000         0.000         0.000         0.000
 KR3PRSST       0.000         0.000         0.000         0.000         0.000


           THETA
              R2MOTIVE      R2PRSIST      A3PPVT4W      A3WJAPW       A3CSR
              ________      ________      ________      ________      ________
 R2MOTIVE      48.514
 R2PRSIST       0.000        46.411
 A3PPVT4W       0.000         0.000         0.982
 A3WJAPW        0.000         0.000         0.000         2.262
 A3CSR          0.000         0.000         0.000         0.000       138.187
 KR3ATUDE       0.000         0.000         0.000         0.000         0.000
 KR3MOTIV       0.000         0.000         0.000         0.000         0.000
 KR3PRSST       0.000         0.000         0.000         0.000         0.000


           THETA
              KR3ATUDE      KR3MOTIV      KR3PRSST
              ________      ________      ________
 KR3ATUDE      48.661
 KR3MOTIV       0.000        67.030
 KR3PRSST       0.000         0.000        64.399


           ALPHA
              COG1          COG2          COG3          ATL1          ATL2
              ________      ________      ________      ________      ________
 1              0.000         0.000         0.000         0.000         0.000


           ALPHA
              ATL3
              ________
 1              0.000


           BETA
              COG1          COG2          COG3          ATL1          ATL2
              ________      ________      ________      ________      ________
 COG1           0.000         0.000         0.000         0.000         0.000
 COG2           0.000         0.000         0.000         0.000         0.000
 COG3           0.000         0.000         0.000         0.000         0.000
 ATL1           0.000         0.000         0.000         0.000         0.000
 ATL2           0.000         0.000         0.000         0.000         0.000
 ATL3           0.000         0.000         0.000         0.000         0.000


           BETA
              ATL3
              ________
 COG1           0.000
 COG2           0.000
 COG3           0.000
 ATL1           0.000
 ATL2           0.000
 ATL3           0.000


           PSI
              COG1          COG2          COG3          ATL1          ATL2
              ________      ________      ________      ________      ________
 COG1           1.000
 COG2           0.000         1.000
 COG3           0.000         0.000         1.000
 ATL1           0.000         0.000         0.000         1.000
 ATL2           0.000         0.000         0.000         0.000         1.000
 ATL3           0.000         0.000         0.000         0.000         0.000


           PSI
              ATL3
              ________
 ATL3           1.000



     PRIORS FOR ALL PARAMETERS            PRIOR MEAN      PRIOR VARIANCE     PRIOR STD. DEV.

     Parameter 1~N(0.000,infinity)           0.0000            infinity            infinity
     Parameter 2~N(0.000,infinity)           0.0000            infinity            infinity
     Parameter 3~N(0.000,infinity)           0.0000            infinity            infinity
     Parameter 4~N(0.000,infinity)           0.0000            infinity            infinity
     Parameter 5~N(0.000,infinity)           0.0000            infinity            infinity
     Parameter 6~N(0.000,infinity)           0.0000            infinity            infinity
     Parameter 7~N(0.000,infinity)           0.0000            infinity            infinity
     Parameter 8~N(0.000,infinity)           0.0000            infinity            infinity
     Parameter 9~N(0.000,infinity)           0.0000            infinity            infinity
     Parameter 10~N(0.000,infinity)          0.0000            infinity            infinity
     Parameter 11~N(0.000,infinity)          0.0000            infinity            infinity
     Parameter 12~N(0.000,infinity)          0.0000            infinity            infinity
     Parameter 13~N(0.000,infinity)          0.0000            infinity            infinity
     Parameter 14~N(0.000,infinity)          0.0000            infinity            infinity
     Parameter 15~N(0.000,infinity)          0.0000            infinity            infinity
     Parameter 16~N(0.000,infinity)          0.0000            infinity            infinity
     Parameter 17~N(0.000,infinity)          0.0000            infinity            infinity
     Parameter 18~N(0.000,infinity)          0.0000            infinity            infinity
     Parameter 19~N(0.000,infinity)          0.0000            infinity            infinity
     Parameter 20~N(0.000,infinity)          0.0000            infinity            infinity
     Parameter 21~N(0.000,infinity)          0.0000            infinity            infinity
     Parameter 22~N(0.000,infinity)          0.0000            infinity            infinity
     Parameter 23~N(0.000,infinity)          0.0000            infinity            infinity
     Parameter 24~N(0.000,infinity)          0.0000            infinity            infinity
     Parameter 25~IW(0.000,-4)             infinity            infinity            infinity
     Parameter 26~IW(0.000,-4)             infinity            infinity            infinity
     Parameter 27~IW(0.000,-4)             infinity            infinity            infinity
     Parameter 28~IW(0.000,-4)             infinity            infinity            infinity
     Parameter 29~IW(0.000,-4)             infinity            infinity            infinity
     Parameter 30~IW(0.000,-4)             infinity            infinity            infinity
     Parameter 31~IW(0.000,-4)             infinity            infinity            infinity
     Parameter 32~IW(0.000,-4)             infinity            infinity            infinity
     Parameter 33~IW(0.000,-4)             infinity            infinity            infinity
     Parameter 34~IW(0.000,-4)             infinity            infinity            infinity
     Parameter 35~IW(0.000,-4)             infinity            infinity            infinity
     Parameter 36~IW(0.000,-4)             infinity            infinity            infinity
     Parameter 37~IW(0.000,-4)             infinity            infinity            infinity
     Parameter 38~IW(0.000,-4)             infinity            infinity            infinity
     Parameter 39~IW(0.000,-4)             infinity            infinity            infinity
     Parameter 40~IW(0.000,-4)             infinity            infinity            infinity
     Parameter 41~IW(0.000,-4)             infinity            infinity            infinity
     Parameter 42~IW(0.000,-4)             infinity            infinity            infinity
     Parameter 43~IW(0.000,-4)             infinity            infinity            infinity
     Parameter 44~IW(0.000,-4)             infinity            infinity            infinity
     Parameter 45~IW(0.000,-4)             infinity            infinity            infinity
     Parameter 46~IW(0.000,-4)             infinity            infinity            infinity
     Parameter 47~IW(0.000,-4)             infinity            infinity            infinity
     Parameter 48~IW(0.000,-4)             infinity            infinity            infinity
     Parameter 49~IW(0.000,-4)             infinity            infinity            infinity
     Parameter 50~IW(0.000,-4)             infinity            infinity            infinity
     Parameter 51~IW(0.000,-4)             infinity            infinity            infinity
     Parameter 52~IW(0.000,-4)             infinity            infinity            infinity
     Parameter 53~IW(0.000,-4)             infinity            infinity            infinity
     Parameter 54~IW(0.000,-4)             infinity            infinity            infinity
     Parameter 55~IW(0.000,-4)             infinity            infinity            infinity
     Parameter 56~IW(0.000,-4)             infinity            infinity            infinity
     Parameter 57~IW(0.000,-4)             infinity            infinity            infinity
     Parameter 58~IW(0.000,-4)             infinity            infinity            infinity
     Parameter 59~IW(0.000,-4)             infinity            infinity            infinity
     Parameter 60~IW(0.000,-4)             infinity            infinity            infinity
     Parameter 61~N(0.000,infinity)          0.0000            infinity            infinity
     Parameter 62~N(0.000,infinity)          0.0000            infinity            infinity
     Parameter 63~N(0.000,infinity)          0.0000            infinity            infinity
     Parameter 64~N(0.000,infinity)          0.0000            infinity            infinity
     Parameter 65~N(0.000,infinity)          0.0000            infinity            infinity
     Parameter 66~N(0.000,infinity)          0.0000            infinity            infinity
     Parameter 67~N(0.000,infinity)          0.0000            infinity            infinity
     Parameter 68~N(0.000,infinity)          0.0000            infinity            infinity
     Parameter 69~IW(0.000,-3)             infinity            infinity            infinity
     Parameter 70~IW(0.000,-3)             infinity            infinity            infinity
     Parameter 71~IW(0.000,-3)
     Parameter 72~IW(0.000,-3)             infinity            infinity            infinity
     Parameter 73~IW(0.000,-3)             infinity            infinity            infinity
     Parameter 74~IW(0.000,-3)             infinity            infinity            infinity
     Parameter 75~IW(0.000,-3)             infinity            infinity            infinity


DIAGRAM INFORMATION

  Use View Diagram under the Diagram menu in the Mplus Editor to view the diagram.
  If running Mplus from the Mplus Diagrammer, the diagram opens automatically.

  Diagram output
    c:\users\bfoste01\dropbox\new_faces\faces_project_r\weighted_3\all-set-10-30-14\bayes-10-30-14\1

     Beginning Time:  11:02:11
        Ending Time:  11:02:13
       Elapsed Time:  00:00:02



MUTHEN & MUTHEN
3463 Stoner Ave.
Los Angeles, CA  90066

Tel: (310) 391-9971
Fax: (310) 391-8971
Web: www.StatModel.com
Support: Support@StatModel.com

Copyright (c) 1998-2014 Muthen & Muthen
