Mplus VERSION 7.2
MUTHEN & MUTHEN
10/01/2014   4:24 PM

INPUT INSTRUCTIONS


  TITLE: Longitudinal Invariance Testing for New Cognitive Measures & AtL for 4-Year Olds
  No Weights
  DATA: FILE = "context.4.dat";
  DEFINE:
  A1WJAPW = A1WJAPW/100;
  A2WJAPW = A2WJAPW/100;
  A3WJAPW = A3WJAPW/100;
  A1PPVT4W = A1PPVT4W/10;
  A2PPVT4W = A2PPVT4W/10;
  A3PPVT4W = A3PPVT4W/10;
  A1CSR = A1CSR/10;
  A2CSR = A2CSR/10;
  A3CSR = A3CSR/10;
  VARIABLE:
  NAMES = A1PPVT4W A1WJAPW A1WJLWW A1CSR A1ECMIRT A1WJSW R1ATTUDE R1MOTIVE R1PRSIST
       A2PPVT4W A2WJAPW A2WJLWW A2CSR A2ECMIRT A2WJSW R2ATTUDE R2MOTIVE R2PRSIST
       A3PPVT4W A3WJAPW A3WJLWW A3CSR A3ECMIRT A3WJSW KR3ATUDE KR3MOTIV KR3PRSST
       R1TPLBS R2TPLBS KR3TPLBS STRAT PSU PRA12OTW CHGENDER P1RMOMED P1RCAGE CRACE
       P1PRGTYP P2PRGTYP P3PRGTYP GEN1 GEN0 P1MOMED1 P1MOMED2 CRACE3 CRACE4 CRACE1
       CRACE2 CRACE3_1 CRACE4_1 CRACE5 CRACE6 CRACE7 PRG11 PRG12 PRG13 PRG21 PRG22
       PRG23 PRG34 PRG35;
  USEVARIABLES = A1WJAPW A2WJAPW A3WJAPW A1PPVT4W A2PPVT4W A3PPVT4W A1CSR A2CSR A3CSR
       R1ATTUDE R1MOTIVE R1PRSIST R2ATTUDE R2MOTIVE R2PRSIST KR3MOTIV KR3PRSST
       KR3ATUDE STRAT PSU PRA12OTW;
  STRATIFICATION = STRAT;
  CLUSTER = PSU;
  WEIGHT = PRA12OTW;
  MISSING=.;
  ANALYSIS:
    TYPE = COMPLEX;
    ITERATIONS = 10000;
    ESTIMATOR =MLR;
  MODEL:
    cog1 BY A1WJAPW*(1)
    A1PPVT4W(2)
    A1CSR(3);
    cog2 BY A2WJAPW*(1)
    A2PPVT4W(2)
    A2CSR(3);
    cog3 BY A3WJAPW*(1)
    A3PPVT4W(2)
    A3CSR(3);
    cog1@1.0;

    atl1 BY R1ATTUDE*(4)
    R1MOTIVE(5)
    R1PRSIST(6);
    atl2 BY R2ATTUDE*(4)
    R2MOTIVE(5)
    R2PRSIST(6);
    atl3 BY KR3ATUDE*(4)
    KR3MOTIV(5)
    KR3PRSST(6);
    atl1@1.0;

    !correlateed residuals for cognitive skills
    A1WJAPW WITH A2WJAPW A3WJAPW;
    A2WJAPW WITH A3WJAPW;
    A1PPVT4W WITH A2PPVT4W A3PPVT4W;
    A2PPVT4W WITH A3PPVT4W;
    A1CSR WITH A2CSR A3CSR;
    A2CSR WITH A3CSR;

    !correlated residuals for AtL
    R1ATTUDE WITH R2ATTUDE KR3ATUDE;
    R2ATTUDE WITH KR3ATUDE;
    R1MOTIVE WITH R2MOTIVE KR3MOTIV;
    R2MOTIVE WITH KR3MOTIV;
    R1PRSIST WITH R2PRSIST KR3PRSST;
    R2PRSIST WITH KR3PRSST;

    !intercept invariance
    [cog2 cog3];
    [atl2 atl3];
    [A1WJAPW A2WJAPW A3WJAPW](7);
    [A1PPVT4W A2PPVT4W A3PPVT4W](8);
    [A1CSR A2CSR A3CSR](9);

    [R1ATTUDE R2ATTUDE KR3ATUDE](10);
    [R1MOTIVE R2MOTIVE KR3MOTIV](11);
    [R1PRSIST R2PRSIST KR3PRSST](12);

  OUTPUT:
    TECH1
    SAMPSTAT
    modindices;
    STANDARDIZED;




INPUT READING TERMINATED NORMALLY



Longitudinal Invariance Testing for New Cognitive Measures & AtL for 4-Year Olds
No Weights

SUMMARY OF ANALYSIS

Number of groups                                                 1
Number of observations                                         621

Number of dependent variables                                   18
Number of independent variables                                  0
Number of continuous latent variables                            6

Observed dependent variables

  Continuous
   A1WJAPW     A2WJAPW     A3WJAPW     A1PPVT4W    A2PPVT4W    A3PPVT4W
   A1CSR       A2CSR       A3CSR       R1ATTUDE    R1MOTIVE    R1PRSIST
   R2ATTUDE    R2MOTIVE    R2PRSIST    KR3MOTIV    KR3PRSST    KR3ATUDE

Continuous latent variables
   COG1        COG2        COG3        ATL1        ATL2        ATL3

Variables with special functions

  Stratification        STRAT
  Cluster variable      PSU
  Weight variable       PRA12OTW

Estimator                                                      MLR
Information matrix                                        OBSERVED
Maximum number of iterations                                 10000
Convergence criterion                                    0.500D-04
Maximum number of steepest descent iterations                   20
Maximum number of iterations for H1                           2000
Convergence criterion for H1                             0.100D-03

Input data file(s)
  context.4.dat

Input data format  FREE


SUMMARY OF DATA

     Number of missing data patterns            36
     Number of strata                      14
     Number of clusters                    60


COVARIANCE COVERAGE OF DATA

Minimum covariance coverage value   0.100


     PROPORTION OF DATA PRESENT


           Covariance Coverage
              A1WJAPW       A2WJAPW       A3WJAPW       A1PPVT4W      A2PPVT4W
              ________      ________      ________      ________      ________
 A1WJAPW        0.944
 A2WJAPW        0.921         0.971
 A3WJAPW        0.828         0.852         0.879
 A1PPVT4W       0.944         0.953         0.862         0.979
 A2PPVT4W       0.926         0.968         0.858         0.961         0.979
 A3PPVT4W       0.831         0.855         0.879         0.865         0.862
 A1CSR          0.944         0.953         0.862         0.979         0.961
 A2CSR          0.931         0.971         0.863         0.966         0.979
 A3CSR          0.831         0.855         0.879         0.865         0.862
 R1ATTUDE       0.910         0.934         0.842         0.944         0.942
 R1MOTIVE       0.910         0.934         0.842         0.944         0.942
 R1PRSIST       0.910         0.934         0.842         0.944         0.942
 R2ATTUDE       0.890         0.919         0.836         0.926         0.928
 R2MOTIVE       0.890         0.919         0.836         0.926         0.928
 R2PRSIST       0.890         0.919         0.836         0.926         0.928
 KR3MOTIV       0.657         0.663         0.586         0.676         0.668
 KR3PRSST       0.657         0.663         0.586         0.676         0.668
 KR3ATUDE       0.657         0.663         0.586         0.676         0.668


           Covariance Coverage
              A3PPVT4W      A1CSR         A2CSR         A3CSR         R1ATTUDE
              ________      ________      ________      ________      ________
 A3PPVT4W       0.882
 A1CSR          0.865         0.979
 A2CSR          0.866         0.966         0.984
 A3CSR          0.882         0.865         0.866         0.882
 R1ATTUDE       0.845         0.944         0.947         0.845         0.961
 R1MOTIVE       0.845         0.944         0.947         0.845         0.961
 R1PRSIST       0.845         0.944         0.947         0.845         0.961
 R2ATTUDE       0.837         0.926         0.932         0.837         0.921
 R2MOTIVE       0.837         0.926         0.932         0.837         0.921
 R2PRSIST       0.837         0.926         0.932         0.837         0.921
 KR3MOTIV       0.589         0.676         0.671         0.589         0.667
 KR3PRSST       0.589         0.676         0.671         0.589         0.667
 KR3ATUDE       0.589         0.676         0.671         0.589         0.667


           Covariance Coverage
              R1MOTIVE      R1PRSIST      R2ATTUDE      R2MOTIVE      R2PRSIST
              ________      ________      ________      ________      ________
 R1MOTIVE       0.961
 R1PRSIST       0.961         0.961
 R2ATTUDE       0.921         0.921         0.947
 R2MOTIVE       0.921         0.921         0.947         0.947
 R2PRSIST       0.921         0.921         0.947         0.947         0.947
 KR3MOTIV       0.667         0.667         0.647         0.647         0.647
 KR3PRSST       0.667         0.667         0.647         0.647         0.647
 KR3ATUDE       0.667         0.667         0.647         0.647         0.647


           Covariance Coverage
              KR3MOTIV      KR3PRSST      KR3ATUDE
              ________      ________      ________
 KR3MOTIV       0.683
 KR3PRSST       0.683         0.683
 KR3ATUDE       0.683         0.683         0.683


SAMPLE STATISTICS


     ESTIMATED SAMPLE STATISTICS


           Means
              A1WJAPW       A2WJAPW       A3WJAPW       A1PPVT4W      A2PPVT4W
              ________      ________      ________      ________      ________
      1         3.817         3.992         4.270        10.845        11.844


           Means
              A3PPVT4W      A1CSR         A2CSR         A3CSR         R1ATTUDE
              ________      ________      ________      ________      ________
      1        13.552         6.325         6.210         6.594        51.947


           Means
              R1MOTIVE      R1PRSIST      R2ATTUDE      R2MOTIVE      R2PRSIST
              ________      ________      ________      ________      ________
      1        52.518        52.295        52.374        52.808        52.681


           Means
              KR3MOTIV      KR3PRSST      KR3ATUDE
              ________      ________      ________
      1        50.250        49.368        50.708


           Covariances
              A1WJAPW       A2WJAPW       A3WJAPW       A1PPVT4W      A2PPVT4W
              ________      ________      ________      ________      ________
 A1WJAPW        0.062
 A2WJAPW        0.020         0.040
 A3WJAPW        0.015         0.027         0.046
 A1PPVT4W       0.118         0.192         0.167         2.671
 A2PPVT4W       0.097         0.182         0.160         1.593         2.023
 A3PPVT4W       0.078         0.138         0.171         1.263         1.352
 A1CSR          0.108         0.120         0.110         1.203         0.755
 A2CSR          0.083         0.119         0.116         0.765         0.794
 A3CSR          0.054         0.098         0.101         0.702         0.564
 R1ATTUDE       0.278         0.318         0.377         2.344         1.811
 R1MOTIVE       0.390         0.474         0.563         3.625         3.129
 R1PRSIST       0.440         0.550         0.523         3.696         3.080
 R2ATTUDE       0.130         0.236         0.342         1.640         1.704
 R2MOTIVE       0.355         0.459         0.562         3.398         2.858
 R2PRSIST       0.287         0.473         0.489         3.144         2.799
 KR3MOTIV       0.556         0.684         0.711         4.818         2.991
 KR3PRSST       0.382         0.746         0.801         5.140         3.290
 KR3ATUDE       0.020         0.410         0.408         2.382         1.333


           Covariances
              A3PPVT4W      A1CSR         A2CSR         A3CSR         R1ATTUDE
              ________      ________      ________      ________      ________
 A3PPVT4W       1.907
 A1CSR          0.690         3.003
 A2CSR          0.716         1.097         2.944
 A3CSR          0.647         0.846         1.033         2.934
 R1ATTUDE       1.904         3.848         4.071         4.434        77.991
 R1MOTIVE       2.962         2.521         2.861         2.829        41.182
 R1PRSIST       2.797         4.975         4.924         5.533        62.675
 R2ATTUDE       2.248         3.881         4.813         4.602        48.506
 R2MOTIVE       3.112         4.955         4.536         5.095        33.514
 R2PRSIST       2.448         5.494         5.261         4.917        45.242
 KR3MOTIV       3.673         5.055         4.341         5.118        27.041
 KR3PRSST       3.135         6.827         6.388         6.128        32.474
 KR3ATUDE       1.998         4.164         3.887         5.171        32.325


           Covariances
              R1MOTIVE      R1PRSIST      R2ATTUDE      R2MOTIVE      R2PRSIST
              ________      ________      ________      ________      ________
 R1MOTIVE      85.624
 R1PRSIST      48.344        84.322
 R2ATTUDE      25.086        44.161        86.504
 R2MOTIVE      49.049        41.100        53.738        93.668
 R2PRSIST      30.264        56.091        67.517        61.764        88.411
 KR3MOTIV      36.093        38.303        19.746        35.270        27.986
 KR3PRSST      21.057        41.520        30.656        24.852        37.474
 KR3ATUDE      15.377        35.311        29.007        19.787        30.974


           Covariances
              KR3MOTIV      KR3PRSST      KR3ATUDE
              ________      ________      ________
 KR3MOTIV     137.366
 KR3PRSST      90.168       127.689
 KR3ATUDE      72.748        85.376        97.426


           Correlations
              A1WJAPW       A2WJAPW       A3WJAPW       A1PPVT4W      A2PPVT4W
              ________      ________      ________      ________      ________
 A1WJAPW        1.000
 A2WJAPW        0.400         1.000
 A3WJAPW        0.285         0.635         1.000
 A1PPVT4W       0.290         0.590         0.477         1.000
 A2PPVT4W       0.274         0.643         0.524         0.685         1.000
 A3PPVT4W       0.226         0.502         0.577         0.559         0.688
 A1CSR          0.251         0.348         0.296         0.425         0.306
 A2CSR          0.195         0.349         0.314         0.273         0.325
 A3CSR          0.128         0.289         0.275         0.251         0.231
 R1ATTUDE       0.127         0.181         0.199         0.162         0.144
 R1MOTIVE       0.170         0.257         0.284         0.240         0.238
 R1PRSIST       0.193         0.301         0.266         0.246         0.236
 R2ATTUDE       0.056         0.128         0.171         0.108         0.129
 R2MOTIVE       0.148         0.239         0.271         0.215         0.208
 R2PRSIST       0.123         0.253         0.242         0.205         0.209
 KR3MOTIV       0.191         0.293         0.283         0.252         0.179
 KR3PRSST       0.136         0.332         0.331         0.278         0.205
 KR3ATUDE       0.008         0.209         0.193         0.148         0.095


           Correlations
              A3PPVT4W      A1CSR         A2CSR         A3CSR         R1ATTUDE
              ________      ________      ________      ________      ________
 A3PPVT4W       1.000
 A1CSR          0.288         1.000
 A2CSR          0.302         0.369         1.000
 A3CSR          0.274         0.285         0.351         1.000
 R1ATTUDE       0.156         0.251         0.269         0.293         1.000
 R1MOTIVE       0.232         0.157         0.180         0.179         0.504
 R1PRSIST       0.221         0.313         0.313         0.352         0.773
 R2ATTUDE       0.175         0.241         0.302         0.289         0.591
 R2MOTIVE       0.233         0.295         0.273         0.307         0.392
 R2PRSIST       0.189         0.337         0.326         0.305         0.545
 KR3MOTIV       0.227         0.249         0.216         0.255         0.261
 KR3PRSST       0.201         0.349         0.329         0.317         0.325
 KR3ATUDE       0.147         0.243         0.230         0.306         0.371


           Correlations
              R1MOTIVE      R1PRSIST      R2ATTUDE      R2MOTIVE      R2PRSIST
              ________      ________      ________      ________      ________
 R1MOTIVE       1.000
 R1PRSIST       0.569         1.000
 R2ATTUDE       0.291         0.517         1.000
 R2MOTIVE       0.548         0.462         0.597         1.000
 R2PRSIST       0.348         0.650         0.772         0.679         1.000
 KR3MOTIV       0.333         0.356         0.181         0.311         0.254
 KR3PRSST       0.201         0.400         0.292         0.227         0.353
 KR3ATUDE       0.168         0.390         0.316         0.207         0.334


           Correlations
              KR3MOTIV      KR3PRSST      KR3ATUDE
              ________      ________      ________
 KR3MOTIV       1.000
 KR3PRSST       0.681         1.000
 KR3ATUDE       0.629         0.765         1.000


     MAXIMUM LOG-LIKELIHOOD VALUE FOR THE UNRESTRICTED (H1) MODEL IS -21725.470


THE MODEL ESTIMATION TERMINATED NORMALLY

     THE STANDARD ERRORS OF THE MODEL PARAMETER ESTIMATES MAY NOT BE
     TRUSTWORTHY FOR SOME PARAMETERS DUE TO A NON-POSITIVE DEFINITE
     FIRST-ORDER DERIVATIVE PRODUCT MATRIX.  THIS MAY BE DUE TO THE STARTING
     VALUES BUT MAY ALSO BE AN INDICATION OF MODEL NONIDENTIFICATION.  THE
     CONDITION NUMBER IS      -0.494D-18.  PROBLEM INVOLVING THE FOLLOWING PARAMETER:
     Parameter 47, KR3ATUDE WITH R2ATTUDE

     THIS IS MOST LIKELY DUE TO HAVING MORE PARAMETERS THAN THE NUMBER
     OF CLUSTERS MINUS THE NUMBER OF STRATA WITH MORE THAN ONE CLUSTER.




MODEL FIT INFORMATION

Number of Free Parameters                       71

Loglikelihood

          H0 Value                      -21976.797
          H0 Scaling Correction Factor      2.0748
            for MLR
          H1 Value                      -21725.470
          H1 Scaling Correction Factor      1.6847
            for MLR

Information Criteria

          Akaike (AIC)                   44095.594
          Bayesian (BIC)                 44410.218
          Sample-Size Adjusted BIC       44184.805
            (n* = (n + 2) / 24)

Chi-Square Test of Model Fit

          Value                            346.667*
          Degrees of Freedom                   118
          P-Value                           0.0000
          Scaling Correction Factor         1.4500
            for MLR

*   The chi-square value for MLM, MLMV, MLR, ULSMV, WLSM and WLSMV cannot be used
    for chi-square difference testing in the regular way.  MLM, MLR and WLSM
    chi-square difference testing is described on the Mplus website.  MLMV, WLSMV,
    and ULSMV difference testing is done using the DIFFTEST option.

RMSEA (Root Mean Square Error Of Approximation)

          Estimate                           0.056
          90 Percent C.I.                    0.049  0.063
          Probability RMSEA <= .05           0.076

CFI/TLI

          CFI                                0.927
          TLI                                0.905

Chi-Square Test of Model Fit for the Baseline Model

          Value                           3281.758
          Degrees of Freedom                   153
          P-Value                           0.0000

SRMR (Standardized Root Mean Square Residual)

          Value                              0.165



MODEL RESULTS

                                                    Two-Tailed
                    Estimate       S.E.  Est./S.E.    P-Value

 COG1     BY
    A1WJAPW            0.170      0.011     15.794      0.000
    A1PPVT4W           1.034      0.079     13.125      0.000
    A1CSR              0.307      0.063      4.884      0.000

 COG2     BY
    A2WJAPW            0.170      0.011     15.794      0.000
    A2PPVT4W           1.034      0.079     13.125      0.000
    A2CSR              0.307      0.063      4.884      0.000

 COG3     BY
    A3WJAPW            0.170      0.011     15.794      0.000
    A3PPVT4W           1.034      0.079     13.125      0.000
    A3CSR              0.307      0.063      4.884      0.000

 ATL1     BY
    R1ATTUDE           6.985      0.294     23.786      0.000
    R1MOTIVE           6.698      0.305     21.933      0.000
    R1PRSIST           8.524      0.379     22.488      0.000

 ATL2     BY
    R2ATTUDE           6.985      0.294     23.786      0.000
    R2MOTIVE           6.698      0.305     21.933      0.000
    R2PRSIST           8.524      0.379     22.488      0.000

 ATL3     BY
    KR3ATUDE           6.985      0.294     23.786      0.000
    KR3MOTIV           6.698      0.305     21.933      0.000
    KR3PRSST           8.524      0.379     22.488      0.000

 COG2     WITH
    COG1               0.963      0.082     11.697      0.000

 COG3     WITH
    COG1               0.794      0.072     11.072      0.000
    COG2               0.845      0.111      7.583      0.000

 ATL1     WITH
    COG1               0.405      0.045      9.097      0.000
    COG2               0.367      0.053      6.915      0.000
    COG3               0.356      0.059      6.033      0.000

 ATL2     WITH
    COG1               0.323      0.066      4.915      0.000
    COG2               0.319      0.056      5.685      0.000
    COG3               0.328      0.071      4.624      0.000
    ATL1               0.725      0.047     15.490      0.000

 ATL3     WITH
    COG1               0.476      0.096      4.987      0.000
    COG2               0.418      0.084      4.992      0.000
    COG3               0.449      0.089      5.067      0.000
    ATL1               0.564      0.066      8.506      0.000
    ATL2               0.519      0.085      6.142      0.000

 A1WJAPW  WITH
    A2WJAPW           -0.002      0.002     -1.117      0.264
    A3WJAPW           -0.003      0.003     -1.194      0.232

 A2WJAPW  WITH
    A3WJAPW            0.001      0.002      0.486      0.627

 A1PPVT4W WITH
    A2PPVT4W           0.534      0.085      6.256      0.000
    A3PPVT4W           0.405      0.076      5.333      0.000

 A2PPVT4W WITH
    A3PPVT4W           0.540      0.058      9.358      0.000

 A1CSR    WITH
    A2CSR              0.752      0.187      4.028      0.000
    A3CSR              0.471      0.236      1.997      0.046

 A2CSR    WITH
    A3CSR              0.784      0.195      4.025      0.000

 R1ATTUDE WITH
    R2ATTUDE          11.684      2.256      5.178      0.000
    KR3ATUDE           6.393      2.273      2.813      0.005

 R2ATTUDE WITH
    KR3ATUDE           5.429      2.458      2.208      0.027

 R1MOTIVE WITH
    R2MOTIVE          25.497      3.880      6.572      0.000
    KR3MOTIV          17.261      4.442      3.886      0.000

 R2MOTIVE WITH
    KR3MOTIV          17.893      3.552      5.037      0.000

 R1PRSIST WITH
    R2PRSIST           2.676      3.268      0.819      0.413
    KR3PRSST          -2.957      2.594     -1.140      0.254

 R2PRSIST WITH
    KR3PRSST          -1.641      2.538     -0.647      0.518

 Means
    COG2               0.966      0.086     11.186      0.000
    COG3               2.601      0.177     14.692      0.000
    ATL2               0.049      0.044      1.111      0.267
    ATL3              -0.295      0.100     -2.946      0.003

 Intercepts
    A1WJAPW            3.826      0.012    325.829      0.000
    A2WJAPW            3.826      0.012    325.829      0.000
    A3WJAPW            3.826      0.012    325.829      0.000
    A1PPVT4W          10.849      0.084    128.735      0.000
    A2PPVT4W          10.849      0.084    128.735      0.000
    A3PPVT4W          10.849      0.084    128.735      0.000
    A1CSR              6.024      0.082     73.687      0.000
    A2CSR              6.024      0.082     73.687      0.000
    A3CSR              6.024      0.082     73.687      0.000
    R1ATTUDE          52.184      0.343    152.198      0.000
    R1MOTIVE          52.445      0.380    138.010      0.000
    R1PRSIST          52.175      0.395    132.187      0.000
    R2ATTUDE          52.184      0.343    152.198      0.000
    R2MOTIVE          52.445      0.380    138.010      0.000
    R2PRSIST          52.175      0.395    132.187      0.000
    KR3MOTIV          52.445      0.380    138.010      0.000
    KR3PRSST          52.175      0.395    132.187      0.000
    KR3ATUDE          52.184      0.343    152.198      0.000

 Variances
    COG1               1.000      0.000    999.000    999.000
    COG2               1.051      0.131      8.048      0.000
    COG3               0.956      0.155      6.177      0.000
    ATL1               1.000      0.000    999.000    999.000
    ATL2               1.122      0.075     14.885      0.000
    ATL3               1.496      0.133     11.274      0.000

 Residual Variances
    A1WJAPW            0.046      0.005      9.592      0.000
    A2WJAPW            0.008      0.002      5.028      0.000
    A3WJAPW            0.016      0.003      4.589      0.000
    A1PPVT4W           1.468      0.161      9.124      0.000
    A2PPVT4W           0.980      0.066     14.884      0.000
    A3PPVT4W           0.983      0.100      9.806      0.000
    A1CSR              2.737      0.154     17.821      0.000
    A2CSR              2.637      0.191     13.807      0.000
    A3CSR              2.712      0.300      9.040      0.000
    R1ATTUDE          26.041      2.215     11.755      0.000
    R1MOTIVE          54.258      5.754      9.430      0.000
    R1PRSIST          10.246      2.855      3.588      0.000
    R2ATTUDE          29.739      3.341      8.901      0.000
    R2MOTIVE          45.502      3.964     11.479      0.000
    R2PRSIST           8.076      5.221      1.547      0.122
    KR3MOTIV          62.426      6.471      9.648      0.000
    KR3PRSST          19.277      5.015      3.844      0.000
    KR3ATUDE          29.706      3.753      7.916      0.000


STANDARDIZED MODEL RESULTS


STDYX Standardization

                                                    Two-Tailed
                    Estimate       S.E.  Est./S.E.    P-Value

 COG1     BY
    A1WJAPW            0.622      0.035     17.687      0.000
    A1PPVT4W           0.649      0.041     15.977      0.000
    A1CSR              0.182      0.037      4.934      0.000

 COG2     BY
    A2WJAPW            0.886      0.023     38.130      0.000
    A2PPVT4W           0.731      0.022     32.625      0.000
    A2CSR              0.190      0.042      4.526      0.000

 COG3     BY
    A3WJAPW            0.797      0.039     20.453      0.000
    A3PPVT4W           0.714      0.023     30.395      0.000
    A3CSR              0.179      0.041      4.361      0.000

 ATL1     BY
    R1ATTUDE           0.807      0.019     42.961      0.000
    R1MOTIVE           0.673      0.029     23.396      0.000
    R1PRSIST           0.936      0.019     48.977      0.000

 ATL2     BY
    R2ATTUDE           0.805      0.020     40.286      0.000
    R2MOTIVE           0.725      0.026     28.177      0.000
    R2PRSIST           0.954      0.031     31.234      0.000

 ATL3     BY
    KR3ATUDE           0.843      0.017     49.047      0.000
    KR3MOTIV           0.720      0.027     26.860      0.000
    KR3PRSST           0.922      0.023     40.231      0.000

 COG2     WITH
    COG1               0.940      0.051     18.401      0.000

 COG3     WITH
    COG1               0.812      0.071     11.422      0.000
    COG2               0.843      0.048     17.553      0.000

 ATL1     WITH
    COG1               0.405      0.045      9.097      0.000
    COG2               0.358      0.046      7.711      0.000
    COG3               0.364      0.058      6.252      0.000

 ATL2     WITH
    COG1               0.305      0.059      5.191      0.000
    COG2               0.293      0.046      6.427      0.000
    COG3               0.316      0.057      5.568      0.000
    ATL1               0.685      0.036     19.023      0.000

 ATL3     WITH
    COG1               0.389      0.072      5.379      0.000
    COG2               0.334      0.065      5.159      0.000
    COG3               0.375      0.069      5.406      0.000
    ATL1               0.461      0.050      9.210      0.000
    ATL2               0.401      0.061      6.602      0.000

 A1WJAPW  WITH
    A2WJAPW           -0.109      0.102     -1.062      0.288
    A3WJAPW           -0.126      0.114     -1.106      0.269

 A2WJAPW  WITH
    A3WJAPW            0.073      0.141      0.518      0.604

 A1PPVT4W WITH
    A2PPVT4W           0.445      0.061      7.341      0.000
    A3PPVT4W           0.337      0.067      5.039      0.000

 A2PPVT4W WITH
    A3PPVT4W           0.550      0.036     15.119      0.000

 A1CSR    WITH
    A2CSR              0.280      0.062      4.487      0.000
    A3CSR              0.173      0.083      2.095      0.036

 A2CSR    WITH
    A3CSR              0.293      0.058      5.050      0.000

 R1ATTUDE WITH
    R2ATTUDE           0.420      0.063      6.612      0.000
    KR3ATUDE           0.230      0.081      2.842      0.004

 R2ATTUDE WITH
    KR3ATUDE           0.183      0.077      2.382      0.017

 R1MOTIVE WITH
    R2MOTIVE           0.513      0.045     11.299      0.000
    KR3MOTIV           0.297      0.076      3.912      0.000

 R2MOTIVE WITH
    KR3MOTIV           0.336      0.059      5.705      0.000

 R1PRSIST WITH
    R2PRSIST           0.294      0.246      1.194      0.233
    KR3PRSST          -0.210      0.201     -1.048      0.295

 R2PRSIST WITH
    KR3PRSST          -0.132      0.222     -0.591      0.554

 Means
    COG2               0.943      0.074     12.769      0.000
    COG3               2.659      0.166     16.042      0.000
    ATL2               0.046      0.043      1.090      0.276
    ATL3              -0.241      0.076     -3.182      0.001

 Intercepts
    A1WJAPW           14.002      0.490     28.588      0.000
    A2WJAPW           19.471      0.724     26.910      0.000
    A3WJAPW           18.349      0.813     22.568      0.000
    A1PPVT4W           6.811      0.276     24.649      0.000
    A2PPVT4W           7.479      0.233     32.134      0.000
    A3PPVT4W           7.659      0.384     19.969      0.000
    A1CSR              3.580      0.122     29.230      0.000
    A2CSR              3.642      0.124     29.262      0.000
    A3CSR              3.599      0.183     19.630      0.000
    R1ATTUDE           6.032      0.189     31.947      0.000
    R1MOTIVE           5.268      0.168     31.395      0.000
    R1PRSIST           5.730      0.212     27.059      0.000
    R2ATTUDE           5.678      0.220     25.845      0.000
    R2MOTIVE           5.357      0.179     29.891      0.000
    R2PRSIST           5.512      0.214     25.739      0.000
    KR3MOTIV           4.608      0.162     28.477      0.000
    KR3PRSST           4.613      0.184     25.058      0.000
    KR3ATUDE           5.150      0.197     26.100      0.000

 Variances
    COG1               1.000      0.000    999.000    999.000
    COG2               1.000      0.000    999.000    999.000
    COG3               1.000      0.000    999.000    999.000
    ATL1               1.000      0.000    999.000    999.000
    ATL2               1.000      0.000    999.000    999.000
    ATL3               1.000      0.000    999.000    999.000

 Residual Variances
    A1WJAPW            0.613      0.044     14.027      0.000
    A2WJAPW            0.214      0.041      5.205      0.000
    A3WJAPW            0.365      0.062      5.875      0.000
    A1PPVT4W           0.578      0.053     10.957      0.000
    A2PPVT4W           0.466      0.033     14.225      0.000
    A3PPVT4W           0.490      0.034     14.601      0.000
    A1CSR              0.967      0.013     71.699      0.000
    A2CSR              0.964      0.016     60.319      0.000
    A3CSR              0.968      0.015     65.646      0.000
    R1ATTUDE           0.348      0.030     11.465      0.000
    R1MOTIVE           0.547      0.039     14.147      0.000
    R1PRSIST           0.124      0.036      3.453      0.001
    R2ATTUDE           0.352      0.032     10.944      0.000
    R2MOTIVE           0.475      0.037     12.735      0.000
    R2PRSIST           0.090      0.058      1.547      0.122
    KR3MOTIV           0.482      0.039     12.493      0.000
    KR3PRSST           0.151      0.042      3.568      0.000
    KR3ATUDE           0.289      0.029      9.983      0.000


STDY Standardization

                                                    Two-Tailed
                    Estimate       S.E.  Est./S.E.    P-Value

 COG1     BY
    A1WJAPW            0.622      0.035     17.687      0.000
    A1PPVT4W           0.649      0.041     15.977      0.000
    A1CSR              0.182      0.037      4.934      0.000

 COG2     BY
    A2WJAPW            0.886      0.023     38.130      0.000
    A2PPVT4W           0.731      0.022     32.625      0.000
    A2CSR              0.190      0.042      4.526      0.000

 COG3     BY
    A3WJAPW            0.797      0.039     20.453      0.000
    A3PPVT4W           0.714      0.023     30.395      0.000
    A3CSR              0.179      0.041      4.361      0.000

 ATL1     BY
    R1ATTUDE           0.807      0.019     42.961      0.000
    R1MOTIVE           0.673      0.029     23.396      0.000
    R1PRSIST           0.936      0.019     48.977      0.000

 ATL2     BY
    R2ATTUDE           0.805      0.020     40.286      0.000
    R2MOTIVE           0.725      0.026     28.177      0.000
    R2PRSIST           0.954      0.031     31.234      0.000

 ATL3     BY
    KR3ATUDE           0.843      0.017     49.047      0.000
    KR3MOTIV           0.720      0.027     26.860      0.000
    KR3PRSST           0.922      0.023     40.231      0.000

 COG2     WITH
    COG1               0.940      0.051     18.401      0.000

 COG3     WITH
    COG1               0.812      0.071     11.422      0.000
    COG2               0.843      0.048     17.553      0.000

 ATL1     WITH
    COG1               0.405      0.045      9.097      0.000
    COG2               0.358      0.046      7.711      0.000
    COG3               0.364      0.058      6.252      0.000

 ATL2     WITH
    COG1               0.305      0.059      5.191      0.000
    COG2               0.293      0.046      6.427      0.000
    COG3               0.316      0.057      5.568      0.000
    ATL1               0.685      0.036     19.023      0.000

 ATL3     WITH
    COG1               0.389      0.072      5.379      0.000
    COG2               0.334      0.065      5.159      0.000
    COG3               0.375      0.069      5.406      0.000
    ATL1               0.461      0.050      9.210      0.000
    ATL2               0.401      0.061      6.602      0.000

 A1WJAPW  WITH
    A2WJAPW           -0.109      0.102     -1.062      0.288
    A3WJAPW           -0.126      0.114     -1.106      0.269

 A2WJAPW  WITH
    A3WJAPW            0.073      0.141      0.518      0.604

 A1PPVT4W WITH
    A2PPVT4W           0.445      0.061      7.341      0.000
    A3PPVT4W           0.337      0.067      5.039      0.000

 A2PPVT4W WITH
    A3PPVT4W           0.550      0.036     15.119      0.000

 A1CSR    WITH
    A2CSR              0.280      0.062      4.487      0.000
    A3CSR              0.173      0.083      2.095      0.036

 A2CSR    WITH
    A3CSR              0.293      0.058      5.050      0.000

 R1ATTUDE WITH
    R2ATTUDE           0.420      0.063      6.612      0.000
    KR3ATUDE           0.230      0.081      2.842      0.004

 R2ATTUDE WITH
    KR3ATUDE           0.183      0.077      2.382      0.017

 R1MOTIVE WITH
    R2MOTIVE           0.513      0.045     11.299      0.000
    KR3MOTIV           0.297      0.076      3.912      0.000

 R2MOTIVE WITH
    KR3MOTIV           0.336      0.059      5.705      0.000

 R1PRSIST WITH
    R2PRSIST           0.294      0.246      1.194      0.233
    KR3PRSST          -0.210      0.201     -1.048      0.295

 R2PRSIST WITH
    KR3PRSST          -0.132      0.222     -0.591      0.554

 Means
    COG2               0.943      0.074     12.769      0.000
    COG3               2.659      0.166     16.042      0.000
    ATL2               0.046      0.043      1.090      0.276
    ATL3              -0.241      0.076     -3.182      0.001

 Intercepts
    A1WJAPW           14.002      0.490     28.588      0.000
    A2WJAPW           19.471      0.724     26.910      0.000
    A3WJAPW           18.349      0.813     22.568      0.000
    A1PPVT4W           6.811      0.276     24.649      0.000
    A2PPVT4W           7.479      0.233     32.134      0.000
    A3PPVT4W           7.659      0.384     19.969      0.000
    A1CSR              3.580      0.122     29.230      0.000
    A2CSR              3.642      0.124     29.262      0.000
    A3CSR              3.599      0.183     19.630      0.000
    R1ATTUDE           6.032      0.189     31.947      0.000
    R1MOTIVE           5.268      0.168     31.395      0.000
    R1PRSIST           5.730      0.212     27.059      0.000
    R2ATTUDE           5.678      0.220     25.845      0.000
    R2MOTIVE           5.357      0.179     29.891      0.000
    R2PRSIST           5.512      0.214     25.739      0.000
    KR3MOTIV           4.608      0.162     28.477      0.000
    KR3PRSST           4.613      0.184     25.058      0.000
    KR3ATUDE           5.150      0.197     26.100      0.000

 Variances
    COG1               1.000      0.000    999.000    999.000
    COG2               1.000      0.000    999.000    999.000
    COG3               1.000      0.000    999.000    999.000
    ATL1               1.000      0.000    999.000    999.000
    ATL2               1.000      0.000    999.000    999.000
    ATL3               1.000      0.000    999.000    999.000

 Residual Variances
    A1WJAPW            0.613      0.044     14.027      0.000
    A2WJAPW            0.214      0.041      5.205      0.000
    A3WJAPW            0.365      0.062      5.875      0.000
    A1PPVT4W           0.578      0.053     10.957      0.000
    A2PPVT4W           0.466      0.033     14.225      0.000
    A3PPVT4W           0.490      0.034     14.601      0.000
    A1CSR              0.967      0.013     71.699      0.000
    A2CSR              0.964      0.016     60.319      0.000
    A3CSR              0.968      0.015     65.646      0.000
    R1ATTUDE           0.348      0.030     11.465      0.000
    R1MOTIVE           0.547      0.039     14.147      0.000
    R1PRSIST           0.124      0.036      3.453      0.001
    R2ATTUDE           0.352      0.032     10.944      0.000
    R2MOTIVE           0.475      0.037     12.735      0.000
    R2PRSIST           0.090      0.058      1.547      0.122
    KR3MOTIV           0.482      0.039     12.493      0.000
    KR3PRSST           0.151      0.042      3.568      0.000
    KR3ATUDE           0.289      0.029      9.983      0.000


STD Standardization

                                                    Two-Tailed
                    Estimate       S.E.  Est./S.E.    P-Value

 COG1     BY
    A1WJAPW            0.170      0.011     15.794      0.000
    A1PPVT4W           1.034      0.079     13.125      0.000
    A1CSR              0.307      0.063      4.884      0.000

 COG2     BY
    A2WJAPW            0.174      0.008     20.763      0.000
    A2PPVT4W           1.060      0.057     18.764      0.000
    A2CSR              0.315      0.066      4.791      0.000

 COG3     BY
    A3WJAPW            0.166      0.009     18.806      0.000
    A3PPVT4W           1.012      0.063     16.086      0.000
    A3CSR              0.300      0.061      4.908      0.000

 ATL1     BY
    R1ATTUDE           6.985      0.294     23.786      0.000
    R1MOTIVE           6.698      0.305     21.933      0.000
    R1PRSIST           8.524      0.379     22.488      0.000

 ATL2     BY
    R2ATTUDE           7.399      0.326     22.676      0.000
    R2MOTIVE           7.095      0.368     19.272      0.000
    R2PRSIST           9.028      0.439     20.561      0.000

 ATL3     BY
    KR3ATUDE           8.543      0.373     22.897      0.000
    KR3MOTIV           8.192      0.411     19.946      0.000
    KR3PRSST          10.425      0.574     18.154      0.000

 COG2     WITH
    COG1               0.940      0.051     18.401      0.000

 COG3     WITH
    COG1               0.812      0.071     11.422      0.000
    COG2               0.843      0.048     17.553      0.000

 ATL1     WITH
    COG1               0.405      0.045      9.097      0.000
    COG2               0.358      0.046      7.711      0.000
    COG3               0.364      0.058      6.252      0.000

 ATL2     WITH
    COG1               0.305      0.059      5.191      0.000
    COG2               0.293      0.046      6.427      0.000
    COG3               0.316      0.057      5.568      0.000
    ATL1               0.685      0.036     19.023      0.000

 ATL3     WITH
    COG1               0.389      0.072      5.379      0.000
    COG2               0.334      0.065      5.159      0.000
    COG3               0.375      0.069      5.406      0.000
    ATL1               0.461      0.050      9.210      0.000
    ATL2               0.401      0.061      6.602      0.000

 A1WJAPW  WITH
    A2WJAPW           -0.002      0.002     -1.117      0.264
    A3WJAPW           -0.003      0.003     -1.194      0.232

 A2WJAPW  WITH
    A3WJAPW            0.001      0.002      0.486      0.627

 A1PPVT4W WITH
    A2PPVT4W           0.534      0.085      6.256      0.000
    A3PPVT4W           0.405      0.076      5.333      0.000

 A2PPVT4W WITH
    A3PPVT4W           0.540      0.058      9.358      0.000

 A1CSR    WITH
    A2CSR              0.752      0.187      4.028      0.000
    A3CSR              0.471      0.236      1.997      0.046

 A2CSR    WITH
    A3CSR              0.784      0.195      4.025      0.000

 R1ATTUDE WITH
    R2ATTUDE          11.684      2.256      5.178      0.000
    KR3ATUDE           6.393      2.273      2.813      0.005

 R2ATTUDE WITH
    KR3ATUDE           5.429      2.458      2.208      0.027

 R1MOTIVE WITH
    R2MOTIVE          25.497      3.880      6.572      0.000
    KR3MOTIV          17.261      4.442      3.886      0.000

 R2MOTIVE WITH
    KR3MOTIV          17.893      3.552      5.037      0.000

 R1PRSIST WITH
    R2PRSIST           2.676      3.268      0.819      0.413
    KR3PRSST          -2.957      2.594     -1.140      0.254

 R2PRSIST WITH
    KR3PRSST          -1.641      2.538     -0.647      0.518

 Means
    COG2               0.943      0.074     12.769      0.000
    COG3               2.659      0.166     16.042      0.000
    ATL2               0.046      0.043      1.090      0.276
    ATL3              -0.241      0.076     -3.182      0.001

 Intercepts
    A1WJAPW            3.826      0.012    325.829      0.000
    A2WJAPW            3.826      0.012    325.829      0.000
    A3WJAPW            3.826      0.012    325.829      0.000
    A1PPVT4W          10.849      0.084    128.735      0.000
    A2PPVT4W          10.849      0.084    128.735      0.000
    A3PPVT4W          10.849      0.084    128.735      0.000
    A1CSR              6.024      0.082     73.687      0.000
    A2CSR              6.024      0.082     73.687      0.000
    A3CSR              6.024      0.082     73.687      0.000
    R1ATTUDE          52.184      0.343    152.198      0.000
    R1MOTIVE          52.445      0.380    138.010      0.000
    R1PRSIST          52.175      0.395    132.187      0.000
    R2ATTUDE          52.184      0.343    152.198      0.000
    R2MOTIVE          52.445      0.380    138.010      0.000
    R2PRSIST          52.175      0.395    132.187      0.000
    KR3MOTIV          52.445      0.380    138.010      0.000
    KR3PRSST          52.175      0.395    132.187      0.000
    KR3ATUDE          52.184      0.343    152.198      0.000

 Variances
    COG1               1.000      0.000    999.000    999.000
    COG2               1.000      0.000    999.000    999.000
    COG3               1.000      0.000    999.000    999.000
    ATL1               1.000      0.000    999.000    999.000
    ATL2               1.000      0.000    999.000    999.000
    ATL3               1.000      0.000    999.000    999.000

 Residual Variances
    A1WJAPW            0.046      0.005      9.592      0.000
    A2WJAPW            0.008      0.002      5.028      0.000
    A3WJAPW            0.016      0.003      4.589      0.000
    A1PPVT4W           1.468      0.161      9.124      0.000
    A2PPVT4W           0.980      0.066     14.884      0.000
    A3PPVT4W           0.983      0.100      9.806      0.000
    A1CSR              2.737      0.154     17.821      0.000
    A2CSR              2.637      0.191     13.807      0.000
    A3CSR              2.712      0.300      9.040      0.000
    R1ATTUDE          26.041      2.215     11.755      0.000
    R1MOTIVE          54.258      5.754      9.430      0.000
    R1PRSIST          10.246      2.855      3.588      0.000
    R2ATTUDE          29.739      3.341      8.901      0.000
    R2MOTIVE          45.502      3.964     11.479      0.000
    R2PRSIST           8.076      5.221      1.547      0.122
    KR3MOTIV          62.426      6.471      9.648      0.000
    KR3PRSST          19.277      5.015      3.844      0.000
    KR3ATUDE          29.706      3.753      7.916      0.000


R-SQUARE

    Observed                                        Two-Tailed
    Variable        Estimate       S.E.  Est./S.E.    P-Value

    A1WJAPW            0.387      0.044      8.844      0.000
    A2WJAPW            0.786      0.041     19.065      0.000
    A3WJAPW            0.635      0.062     10.226      0.000
    A1PPVT4W           0.422      0.053      7.989      0.000
    A2PPVT4W           0.534      0.033     16.313      0.000
    A3PPVT4W           0.510      0.034     15.197      0.000
    A1CSR              0.033      0.013      2.467      0.014
    A2CSR              0.036      0.016      2.263      0.024
    A3CSR              0.032      0.015      2.180      0.029
    R1ATTUDE           0.652      0.030     21.481      0.000
    R1MOTIVE           0.453      0.039     11.698      0.000
    R1PRSIST           0.876      0.036     24.488      0.000
    R2ATTUDE           0.648      0.032     20.143      0.000
    R2MOTIVE           0.525      0.037     14.088      0.000
    R2PRSIST           0.910      0.058     15.617      0.000
    KR3MOTIV           0.518      0.039     13.430      0.000
    KR3PRSST           0.849      0.042     20.115      0.000
    KR3ATUDE           0.711      0.029     24.523      0.000


QUALITY OF NUMERICAL RESULTS

     Condition Number for the Information Matrix              0.861E-07
       (ratio of smallest to largest eigenvalue)


MODEL MODIFICATION INDICES

NOTE:  Modification indices for direct effects of observed dependent variables
regressed on covariates may not be included.  To include these, request
MODINDICES (ALL).

Minimum M.I. value for printing the modification index    10.000

                                   M.I.     E.P.C.  Std E.P.C.  StdYX E.P.C.

BY Statements

COG1     BY A1WJAPW               32.506    -0.068     -0.068       -0.250
COG1     BY A1PPVT4W              14.838     0.151      0.151        0.095
COG1     BY A1CSR                 21.827     0.365      0.365        0.217
COG1     BY KR3ATUDE              10.839    -1.357     -1.357       -0.134
COG2     BY A1WJAPW               25.026    -0.061     -0.063       -0.231
COG2     BY A1CSR                 42.402     0.410      0.420        0.250
COG3     BY A1WJAPW               10.441    -0.020     -0.020       -0.072
COG3     BY A1CSR                 51.025     0.263      0.257        0.153
COG3     BY A3CSR                 12.877    -0.036     -0.036       -0.021
ATL1     BY A1CSR                 14.689     0.319      0.319        0.190
ATL1     BY A2CSR                 11.617     0.268      0.268        0.162
ATL1     BY A3CSR                 17.170     0.357      0.357        0.213
ATL1     BY R1MOTIVE              15.646    -0.973     -0.973       -0.098
ATL2     BY A1CSR                 21.781     0.363      0.384        0.228
ATL2     BY A2CSR                 14.881     0.284      0.301        0.182
ATL2     BY A3CSR                 10.593     0.264      0.280        0.167
ATL2     BY R1MOTIVE              14.788    -1.283     -1.359       -0.136
ATL3     BY A1WJAPW               10.713    -0.044     -0.053       -0.196
ATL3     BY A2CSR                 14.006     0.262      0.320        0.193
ATL3     BY A3CSR                 17.897     0.325      0.397        0.237
ATL3     BY R1MOTIVE              10.431    -1.014     -1.240       -0.125

WITH Statements

A1PPVT4W WITH A1WJAPW             17.252    -0.176     -0.176       -0.678
A1CSR    WITH A1PPVT4W            23.989     0.441      0.441        0.220

Means/Intercepts/Thresholds

[ A1CSR    ]                      42.998     0.271      0.271        0.161
[ A3CSR    ]                      23.099    -0.681     -0.681       -0.407


TECHNICAL 1 OUTPUT


     PARAMETER SPECIFICATION


           NU
              A1WJAPW       A2WJAPW       A3WJAPW       A1PPVT4W      A2PPVT4W
              ________      ________      ________      ________      ________
      1           1             1             1             2             2


           NU
              A3PPVT4W      A1CSR         A2CSR         A3CSR         R1ATTUDE
              ________      ________      ________      ________      ________
      1           2             3             3             3             4


           NU
              R1MOTIVE      R1PRSIST      R2ATTUDE      R2MOTIVE      R2PRSIST
              ________      ________      ________      ________      ________
      1           5             6             4             5             6


           NU
              KR3MOTIV      KR3PRSST      KR3ATUDE
              ________      ________      ________
      1           5             6             4


           LAMBDA
              COG1          COG2          COG3          ATL1          ATL2
              ________      ________      ________      ________      ________
 A1WJAPW            7             0             0             0             0
 A2WJAPW            0             7             0             0             0
 A3WJAPW            0             0             7             0             0
 A1PPVT4W           8             0             0             0             0
 A2PPVT4W           0             8             0             0             0
 A3PPVT4W           0             0             8             0             0
 A1CSR              9             0             0             0             0
 A2CSR              0             9             0             0             0
 A3CSR              0             0             9             0             0
 R1ATTUDE           0             0             0            10             0
 R1MOTIVE           0             0             0            11             0
 R1PRSIST           0             0             0            12             0
 R2ATTUDE           0             0             0             0            10
 R2MOTIVE           0             0             0             0            11
 R2PRSIST           0             0             0             0            12
 KR3MOTIV           0             0             0             0             0
 KR3PRSST           0             0             0             0             0
 KR3ATUDE           0             0             0             0             0


           LAMBDA
              ATL3
              ________
 A1WJAPW            0
 A2WJAPW            0
 A3WJAPW            0
 A1PPVT4W           0
 A2PPVT4W           0
 A3PPVT4W           0
 A1CSR              0
 A2CSR              0
 A3CSR              0
 R1ATTUDE           0
 R1MOTIVE           0
 R1PRSIST           0
 R2ATTUDE           0
 R2MOTIVE           0
 R2PRSIST           0
 KR3MOTIV          11
 KR3PRSST          12
 KR3ATUDE          10


           THETA
              A1WJAPW       A2WJAPW       A3WJAPW       A1PPVT4W      A2PPVT4W
              ________      ________      ________      ________      ________
 A1WJAPW           13
 A2WJAPW           14            15
 A3WJAPW           16            17            18
 A1PPVT4W           0             0             0            19
 A2PPVT4W           0             0             0            20            21
 A3PPVT4W           0             0             0            22            23
 A1CSR              0             0             0             0             0
 A2CSR              0             0             0             0             0
 A3CSR              0             0             0             0             0
 R1ATTUDE           0             0             0             0             0
 R1MOTIVE           0             0             0             0             0
 R1PRSIST           0             0             0             0             0
 R2ATTUDE           0             0             0             0             0
 R2MOTIVE           0             0             0             0             0
 R2PRSIST           0             0             0             0             0
 KR3MOTIV           0             0             0             0             0
 KR3PRSST           0             0             0             0             0
 KR3ATUDE           0             0             0             0             0


           THETA
              A3PPVT4W      A1CSR         A2CSR         A3CSR         R1ATTUDE
              ________      ________      ________      ________      ________
 A3PPVT4W          24
 A1CSR              0            25
 A2CSR              0            26            27
 A3CSR              0            28            29            30
 R1ATTUDE           0             0             0             0            31
 R1MOTIVE           0             0             0             0             0
 R1PRSIST           0             0             0             0             0
 R2ATTUDE           0             0             0             0            34
 R2MOTIVE           0             0             0             0             0
 R2PRSIST           0             0             0             0             0
 KR3MOTIV           0             0             0             0             0
 KR3PRSST           0             0             0             0             0
 KR3ATUDE           0             0             0             0            46


           THETA
              R1MOTIVE      R1PRSIST      R2ATTUDE      R2MOTIVE      R2PRSIST
              ________      ________      ________      ________      ________
 R1MOTIVE          32
 R1PRSIST           0            33
 R2ATTUDE           0             0            35
 R2MOTIVE          36             0             0            37
 R2PRSIST           0            38             0             0            39
 KR3MOTIV          40             0             0            41             0
 KR3PRSST           0            43             0             0            44
 KR3ATUDE           0             0            47             0             0


           THETA
              KR3MOTIV      KR3PRSST      KR3ATUDE
              ________      ________      ________
 KR3MOTIV          42
 KR3PRSST           0            45
 KR3ATUDE           0             0            48


           ALPHA
              COG1          COG2          COG3          ATL1          ATL2
              ________      ________      ________      ________      ________
      1           0            49            50             0            51


           ALPHA
              ATL3
              ________
      1          52


           BETA
              COG1          COG2          COG3          ATL1          ATL2
              ________      ________      ________      ________      ________
 COG1               0             0             0             0             0
 COG2               0             0             0             0             0
 COG3               0             0             0             0             0
 ATL1               0             0             0             0             0
 ATL2               0             0             0             0             0
 ATL3               0             0             0             0             0


           BETA
              ATL3
              ________
 COG1               0
 COG2               0
 COG3               0
 ATL1               0
 ATL2               0
 ATL3               0


           PSI
              COG1          COG2          COG3          ATL1          ATL2
              ________      ________      ________      ________      ________
 COG1               0
 COG2              53            54
 COG3              55            56            57
 ATL1              58            59            60             0
 ATL2              61            62            63            64            65
 ATL3              66            67            68            69            70


           PSI
              ATL3
              ________
 ATL3              71


     STARTING VALUES


           NU
              A1WJAPW       A2WJAPW       A3WJAPW       A1PPVT4W      A2PPVT4W
              ________      ________      ________      ________      ________
      1         3.822         3.997         4.269        10.847        11.850


           NU
              A3PPVT4W      A1CSR         A2CSR         A3CSR         R1ATTUDE
              ________      ________      ________      ________      ________
      1        13.538         6.321         6.212         6.593        51.947


           NU
              R1MOTIVE      R1PRSIST      R2ATTUDE      R2MOTIVE      R2PRSIST
              ________      ________      ________      ________      ________
      1        52.577        52.315        52.435        52.908        52.741


           NU
              KR3MOTIV      KR3PRSST      KR3ATUDE
              ________      ________      ________
      1        50.350        49.622        50.896


           LAMBDA
              COG1          COG2          COG3          ATL1          ATL2
              ________      ________      ________      ________      ________
 A1WJAPW        1.000         0.000         0.000         0.000         0.000
 A2WJAPW        0.000         0.165         0.000         0.000         0.000
 A3WJAPW        0.000         0.000         0.163         0.000         0.000
 A1PPVT4W       1.000         0.000         0.000         0.000         0.000
 A2PPVT4W       0.000         1.100         0.000         0.000         0.000
 A3PPVT4W       0.000         0.000         1.046         0.000         0.000
 A1CSR          1.000         0.000         0.000         0.000         0.000
 A2CSR          0.000         0.722         0.000         0.000         0.000
 A3CSR          0.000         0.000         0.619         0.000         0.000
 R1ATTUDE       0.000         0.000         0.000         1.000         0.000
 R1MOTIVE       0.000         0.000         0.000         1.000         0.000
 R1PRSIST       0.000         0.000         0.000         1.000         0.000
 R2ATTUDE       0.000         0.000         0.000         0.000         7.664
 R2MOTIVE       0.000         0.000         0.000         0.000         7.011
 R2PRSIST       0.000         0.000         0.000         0.000         8.809
 KR3MOTIV       0.000         0.000         0.000         0.000         0.000
 KR3PRSST       0.000         0.000         0.000         0.000         0.000
 KR3ATUDE       0.000         0.000         0.000         0.000         0.000


           LAMBDA
              ATL3
              ________
 A1WJAPW        0.000
 A2WJAPW        0.000
 A3WJAPW        0.000
 A1PPVT4W       0.000
 A2PPVT4W       0.000
 A3PPVT4W       0.000
 A1CSR          0.000
 A2CSR          0.000
 A3CSR          0.000
 R1ATTUDE       0.000
 R1MOTIVE       0.000
 R1PRSIST       0.000
 R2ATTUDE       0.000
 R2MOTIVE       0.000
 R2PRSIST       0.000
 KR3MOTIV       8.765
 KR3PRSST      10.287
 KR3ATUDE       8.299


           THETA
              A1WJAPW       A2WJAPW       A3WJAPW       A1PPVT4W      A2PPVT4W
              ________      ________      ________      ________      ________
 A1WJAPW        0.031
 A2WJAPW        0.000         0.019
 A3WJAPW        0.000         0.000         0.023
 A1PPVT4W       0.000         0.000         0.000         1.332
 A2PPVT4W       0.000         0.000         0.000         0.000         1.009
 A3PPVT4W       0.000         0.000         0.000         0.000         0.000
 A1CSR          0.000         0.000         0.000         0.000         0.000
 A2CSR          0.000         0.000         0.000         0.000         0.000
 A3CSR          0.000         0.000         0.000         0.000         0.000
 R1ATTUDE       0.000         0.000         0.000         0.000         0.000
 R1MOTIVE       0.000         0.000         0.000         0.000         0.000
 R1PRSIST       0.000         0.000         0.000         0.000         0.000
 R2ATTUDE       0.000         0.000         0.000         0.000         0.000
 R2MOTIVE       0.000         0.000         0.000         0.000         0.000
 R2PRSIST       0.000         0.000         0.000         0.000         0.000
 KR3MOTIV       0.000         0.000         0.000         0.000         0.000
 KR3PRSST       0.000         0.000         0.000         0.000         0.000
 KR3ATUDE       0.000         0.000         0.000         0.000         0.000


           THETA
              A3PPVT4W      A1CSR         A2CSR         A3CSR         R1ATTUDE
              ________      ________      ________      ________      ________
 A3PPVT4W       0.955
 A1CSR          0.000         1.502
 A2CSR          0.000         0.000         1.472
 A3CSR          0.000         0.000         0.000         1.462
 R1ATTUDE       0.000         0.000         0.000         0.000        39.209
 R1MOTIVE       0.000         0.000         0.000         0.000         0.000
 R1PRSIST       0.000         0.000         0.000         0.000         0.000
 R2ATTUDE       0.000         0.000         0.000         0.000         0.000
 R2MOTIVE       0.000         0.000         0.000         0.000         0.000
 R2PRSIST       0.000         0.000         0.000         0.000         0.000
 KR3MOTIV       0.000         0.000         0.000         0.000         0.000
 KR3PRSST       0.000         0.000         0.000         0.000         0.000
 KR3ATUDE       0.000         0.000         0.000         0.000         0.000


           THETA
              R1MOTIVE      R1PRSIST      R2ATTUDE      R2MOTIVE      R2PRSIST
              ________      ________      ________      ________      ________
 R1MOTIVE      42.930
 R1PRSIST       0.000        42.473
 R2ATTUDE       0.000         0.000        42.749
 R2MOTIVE       0.000         0.000         0.000        46.635
 R2PRSIST       0.000         0.000         0.000         0.000        43.662
 KR3MOTIV       0.000         0.000         0.000         0.000         0.000
 KR3PRSST       0.000         0.000         0.000         0.000         0.000
 KR3ATUDE       0.000         0.000         0.000         0.000         0.000


           THETA
              KR3MOTIV      KR3PRSST      KR3ATUDE
              ________      ________      ________
 KR3MOTIV      67.704
 KR3PRSST       0.000        62.138
 KR3ATUDE       0.000         0.000        47.489


           ALPHA
              COG1          COG2          COG3          ATL1          ATL2
              ________      ________      ________      ________      ________
      1         0.000         0.000         0.000         0.000         0.000


           ALPHA
              ATL3
              ________
      1         0.000


           BETA
              COG1          COG2          COG3          ATL1          ATL2
              ________      ________      ________      ________      ________
 COG1           0.000         0.000         0.000         0.000         0.000
 COG2           0.000         0.000         0.000         0.000         0.000
 COG3           0.000         0.000         0.000         0.000         0.000
 ATL1           0.000         0.000         0.000         0.000         0.000
 ATL2           0.000         0.000         0.000         0.000         0.000
 ATL3           0.000         0.000         0.000         0.000         0.000


           BETA
              ATL3
              ________
 COG1           0.000
 COG2           0.000
 COG3           0.000
 ATL1           0.000
 ATL2           0.000
 ATL3           0.000


           PSI
              COG1          COG2          COG3          ATL1          ATL2
              ________      ________      ________      ________      ________
 COG1           1.000
 COG2           0.000         0.050
 COG3           0.000         0.000         0.050
 ATL1           0.000         0.000         0.000         1.000
 ATL2           0.000         0.000         0.000         0.000         0.050
 ATL3           0.000         0.000         0.000         0.000         0.000


           PSI
              ATL3
              ________
 ATL3           0.050


DIAGRAM INFORMATION

  Use View Diagram under the Diagram menu in the Mplus Editor to view the diagram.
  If running Mplus from the Mplus Diagrammer, the diagram opens automatically.

  Diagram output
    c:\users\bfoste01\dropbox\faces_edm_mplus\covariates_sem\4-year-olds\strong-4.dgm

     Beginning Time:  16:24:48
        Ending Time:  16:24:48
       Elapsed Time:  00:00:00



MUTHEN & MUTHEN
3463 Stoner Ave.
Los Angeles, CA  90066

Tel: (310) 391-9971
Fax: (310) 391-8971
Web: www.StatModel.com
Support: Support@StatModel.com

Copyright (c) 1998-2014 Muthen & Muthen
