Mplus VERSION 7.2
MUTHEN & MUTHEN
10/01/2014   3:48 PM

INPUT INSTRUCTIONS


  TITLE: Longitudinal Invariance Testing for New Cognitive Measures & AtL for 4-Year Olds

  No Covariates
  DATA: FILE = "context.4.dat";
  DEFINE:
  A1WJAPW = A1WJAPW/100;
  A2WJAPW = A2WJAPW/100;
  A3WJAPW = A3WJAPW/100;
  A1PPVT4W = A1PPVT4W/10;
  A2PPVT4W = A2PPVT4W/10;
  A3PPVT4W = A3PPVT4W/10;
  A1CSR = A1CSR/10;
  A2CSR = A2CSR/10;
  A3CSR = A3CSR/10;
  VARIABLE:
  NAMES = A1PPVT4W A1WJAPW A1WJLWW A1CSR A1ECMIRT A1WJSW R1ATTUDE R1MOTIVE R1PRSIST
       A2PPVT4W A2WJAPW A2WJLWW A2CSR A2ECMIRT A2WJSW R2ATTUDE R2MOTIVE R2PRSIST
       A3PPVT4W A3WJAPW A3WJLWW A3CSR A3ECMIRT A3WJSW KR3ATUDE KR3MOTIV KR3PRSST
       R1TPLBS R2TPLBS KR3TPLBS STRAT PSU PRA12OTW CHGENDER P1RMOMED P1RCAGE CRACE
       P1PRGTYP P2PRGTYP P3PRGTYP GEN1 GEN0 P1MOMED1 P1MOMED2 CRACE3 CRACE4 CRACE1
       CRACE2 CRACE3_1 CRACE4_1 CRACE5 CRACE6 CRACE7 PRG11 PRG12 PRG13 PRG21 PRG22
       PRG23 PRG34 PRG35;
  USEVARIABLES = A1WJAPW A2WJAPW A3WJAPW A1PPVT4W A2PPVT4W A3PPVT4W A1CSR A2CSR A3CSR
       R1ATTUDE R1MOTIVE R1PRSIST R2ATTUDE R2MOTIVE R2PRSIST KR3MOTIV KR3PRSST
       KR3ATUDE STRAT PSU PRA12OTW;
  STRATIFICATION = STRAT;
  CLUSTER = PSU;
  WEIGHT = PRA12OTW;
  MISSING=.;
  ANALYSIS:
    TYPE = COMPLEX;
    ITERATIONS = 10000;
    ESTIMATOR =MLR;
  MODEL:
    cog1 BY A1WJAPW*(1)
    A1PPVT4W(2)
    A1CSR(3);
    cog2 BY A2WJAPW*(1)
    A2PPVT4W(2)
    A2CSR(3);
    cog3 BY A3WJAPW*(1)
    A3PPVT4W(2)
    A3CSR(3);
    cog1@1.0;

    atl1 BY R1ATTUDE*(4)
    R1MOTIVE(5)
    R1PRSIST(6);
    atl2 BY R2ATTUDE*(4)
    R2MOTIVE(5)
    R2PRSIST(6);
    atl4 BY KR3ATUDE*(4)
    KR3MOTIV(5)
    KR3PRSST(6);
    atl1@1.0;

    !correlateed residuals for cognitive skills
    A1WJAPW WITH A2WJAPW A3WJAPW;
    A2WJAPW WITH A3WJAPW;
    A1PPVT4W WITH A2PPVT4W A3PPVT4W;
    A2PPVT4W WITH A3PPVT4W;
    A1CSR WITH A2CSR A3CSR;
    A2CSR WITH A3CSR;

    !correlated residuals for AtL
    R1ATTUDE WITH R2ATTUDE KR3ATUDE;
    R2ATTUDE WITH KR3ATUDE;
    R1MOTIVE WITH R2MOTIVE KR3MOTIV;
    R2MOTIVE WITH KR3MOTIV;
    R1PRSIST WITH R2PRSIST KR3PRSST;
    R2PRSIST WITH KR3PRSST;

  OUTPUT:
    TECH1
    SAMPSTAT
    modindices;
    STANDARDIZED;




INPUT READING TERMINATED NORMALLY



Longitudinal Invariance Testing for New Cognitive Measures & AtL for 4-Year Olds

No Covariates

SUMMARY OF ANALYSIS

Number of groups                                                 1
Number of observations                                         621

Number of dependent variables                                   18
Number of independent variables                                  0
Number of continuous latent variables                            6

Observed dependent variables

  Continuous
   A1WJAPW     A2WJAPW     A3WJAPW     A1PPVT4W    A2PPVT4W    A3PPVT4W
   A1CSR       A2CSR       A3CSR       R1ATTUDE    R1MOTIVE    R1PRSIST
   R2ATTUDE    R2MOTIVE    R2PRSIST    KR3MOTIV    KR3PRSST    KR3ATUDE

Continuous latent variables
   COG1        COG2        COG3        ATL1        ATL2        ATL4

Variables with special functions

  Stratification        STRAT
  Cluster variable      PSU
  Weight variable       PRA12OTW

Estimator                                                      MLR
Information matrix                                        OBSERVED
Maximum number of iterations                                 10000
Convergence criterion                                    0.500D-04
Maximum number of steepest descent iterations                   20
Maximum number of iterations for H1                           2000
Convergence criterion for H1                             0.100D-03

Input data file(s)
  context.4.dat

Input data format  FREE


SUMMARY OF DATA

     Number of missing data patterns            36
     Number of strata                      14
     Number of clusters                    60


COVARIANCE COVERAGE OF DATA

Minimum covariance coverage value   0.100


     PROPORTION OF DATA PRESENT


           Covariance Coverage
              A1WJAPW       A2WJAPW       A3WJAPW       A1PPVT4W      A2PPVT4W
              ________      ________      ________      ________      ________
 A1WJAPW        0.944
 A2WJAPW        0.921         0.971
 A3WJAPW        0.828         0.852         0.879
 A1PPVT4W       0.944         0.953         0.862         0.979
 A2PPVT4W       0.926         0.968         0.858         0.961         0.979
 A3PPVT4W       0.831         0.855         0.879         0.865         0.862
 A1CSR          0.944         0.953         0.862         0.979         0.961
 A2CSR          0.931         0.971         0.863         0.966         0.979
 A3CSR          0.831         0.855         0.879         0.865         0.862
 R1ATTUDE       0.910         0.934         0.842         0.944         0.942
 R1MOTIVE       0.910         0.934         0.842         0.944         0.942
 R1PRSIST       0.910         0.934         0.842         0.944         0.942
 R2ATTUDE       0.890         0.919         0.836         0.926         0.928
 R2MOTIVE       0.890         0.919         0.836         0.926         0.928
 R2PRSIST       0.890         0.919         0.836         0.926         0.928
 KR3MOTIV       0.657         0.663         0.586         0.676         0.668
 KR3PRSST       0.657         0.663         0.586         0.676         0.668
 KR3ATUDE       0.657         0.663         0.586         0.676         0.668


           Covariance Coverage
              A3PPVT4W      A1CSR         A2CSR         A3CSR         R1ATTUDE
              ________      ________      ________      ________      ________
 A3PPVT4W       0.882
 A1CSR          0.865         0.979
 A2CSR          0.866         0.966         0.984
 A3CSR          0.882         0.865         0.866         0.882
 R1ATTUDE       0.845         0.944         0.947         0.845         0.961
 R1MOTIVE       0.845         0.944         0.947         0.845         0.961
 R1PRSIST       0.845         0.944         0.947         0.845         0.961
 R2ATTUDE       0.837         0.926         0.932         0.837         0.921
 R2MOTIVE       0.837         0.926         0.932         0.837         0.921
 R2PRSIST       0.837         0.926         0.932         0.837         0.921
 KR3MOTIV       0.589         0.676         0.671         0.589         0.667
 KR3PRSST       0.589         0.676         0.671         0.589         0.667
 KR3ATUDE       0.589         0.676         0.671         0.589         0.667


           Covariance Coverage
              R1MOTIVE      R1PRSIST      R2ATTUDE      R2MOTIVE      R2PRSIST
              ________      ________      ________      ________      ________
 R1MOTIVE       0.961
 R1PRSIST       0.961         0.961
 R2ATTUDE       0.921         0.921         0.947
 R2MOTIVE       0.921         0.921         0.947         0.947
 R2PRSIST       0.921         0.921         0.947         0.947         0.947
 KR3MOTIV       0.667         0.667         0.647         0.647         0.647
 KR3PRSST       0.667         0.667         0.647         0.647         0.647
 KR3ATUDE       0.667         0.667         0.647         0.647         0.647


           Covariance Coverage
              KR3MOTIV      KR3PRSST      KR3ATUDE
              ________      ________      ________
 KR3MOTIV       0.683
 KR3PRSST       0.683         0.683
 KR3ATUDE       0.683         0.683         0.683


SAMPLE STATISTICS


     ESTIMATED SAMPLE STATISTICS


           Means
              A1WJAPW       A2WJAPW       A3WJAPW       A1PPVT4W      A2PPVT4W
              ________      ________      ________      ________      ________
      1         3.817         3.992         4.270        10.845        11.844


           Means
              A3PPVT4W      A1CSR         A2CSR         A3CSR         R1ATTUDE
              ________      ________      ________      ________      ________
      1        13.552         6.325         6.210         6.594        51.947


           Means
              R1MOTIVE      R1PRSIST      R2ATTUDE      R2MOTIVE      R2PRSIST
              ________      ________      ________      ________      ________
      1        52.518        52.295        52.374        52.808        52.681


           Means
              KR3MOTIV      KR3PRSST      KR3ATUDE
              ________      ________      ________
      1        50.250        49.368        50.708


           Covariances
              A1WJAPW       A2WJAPW       A3WJAPW       A1PPVT4W      A2PPVT4W
              ________      ________      ________      ________      ________
 A1WJAPW        0.062
 A2WJAPW        0.020         0.040
 A3WJAPW        0.015         0.027         0.046
 A1PPVT4W       0.118         0.192         0.167         2.671
 A2PPVT4W       0.097         0.182         0.160         1.593         2.023
 A3PPVT4W       0.078         0.138         0.171         1.263         1.352
 A1CSR          0.108         0.120         0.110         1.203         0.755
 A2CSR          0.083         0.119         0.116         0.765         0.794
 A3CSR          0.054         0.098         0.101         0.702         0.564
 R1ATTUDE       0.278         0.318         0.377         2.344         1.811
 R1MOTIVE       0.390         0.474         0.563         3.625         3.129
 R1PRSIST       0.440         0.550         0.523         3.696         3.080
 R2ATTUDE       0.130         0.236         0.342         1.640         1.704
 R2MOTIVE       0.355         0.459         0.562         3.398         2.858
 R2PRSIST       0.287         0.473         0.489         3.144         2.799
 KR3MOTIV       0.556         0.684         0.711         4.818         2.991
 KR3PRSST       0.382         0.746         0.801         5.140         3.290
 KR3ATUDE       0.020         0.410         0.408         2.382         1.333


           Covariances
              A3PPVT4W      A1CSR         A2CSR         A3CSR         R1ATTUDE
              ________      ________      ________      ________      ________
 A3PPVT4W       1.907
 A1CSR          0.690         3.003
 A2CSR          0.716         1.097         2.944
 A3CSR          0.647         0.846         1.033         2.934
 R1ATTUDE       1.904         3.848         4.071         4.434        77.991
 R1MOTIVE       2.962         2.521         2.861         2.829        41.182
 R1PRSIST       2.797         4.975         4.924         5.533        62.675
 R2ATTUDE       2.248         3.881         4.813         4.602        48.506
 R2MOTIVE       3.112         4.955         4.536         5.095        33.514
 R2PRSIST       2.448         5.494         5.261         4.917        45.242
 KR3MOTIV       3.673         5.055         4.341         5.118        27.041
 KR3PRSST       3.135         6.827         6.388         6.128        32.474
 KR3ATUDE       1.998         4.164         3.887         5.171        32.325


           Covariances
              R1MOTIVE      R1PRSIST      R2ATTUDE      R2MOTIVE      R2PRSIST
              ________      ________      ________      ________      ________
 R1MOTIVE      85.624
 R1PRSIST      48.344        84.322
 R2ATTUDE      25.086        44.161        86.504
 R2MOTIVE      49.049        41.100        53.738        93.668
 R2PRSIST      30.264        56.091        67.517        61.764        88.411
 KR3MOTIV      36.093        38.303        19.746        35.270        27.986
 KR3PRSST      21.057        41.520        30.656        24.852        37.474
 KR3ATUDE      15.377        35.311        29.007        19.787        30.974


           Covariances
              KR3MOTIV      KR3PRSST      KR3ATUDE
              ________      ________      ________
 KR3MOTIV     137.366
 KR3PRSST      90.168       127.689
 KR3ATUDE      72.748        85.376        97.426


           Correlations
              A1WJAPW       A2WJAPW       A3WJAPW       A1PPVT4W      A2PPVT4W
              ________      ________      ________      ________      ________
 A1WJAPW        1.000
 A2WJAPW        0.400         1.000
 A3WJAPW        0.285         0.635         1.000
 A1PPVT4W       0.290         0.590         0.477         1.000
 A2PPVT4W       0.274         0.643         0.524         0.685         1.000
 A3PPVT4W       0.226         0.502         0.577         0.559         0.688
 A1CSR          0.251         0.348         0.296         0.425         0.306
 A2CSR          0.195         0.349         0.314         0.273         0.325
 A3CSR          0.128         0.289         0.275         0.251         0.231
 R1ATTUDE       0.127         0.181         0.199         0.162         0.144
 R1MOTIVE       0.170         0.257         0.284         0.240         0.238
 R1PRSIST       0.193         0.301         0.266         0.246         0.236
 R2ATTUDE       0.056         0.128         0.171         0.108         0.129
 R2MOTIVE       0.148         0.239         0.271         0.215         0.208
 R2PRSIST       0.123         0.253         0.242         0.205         0.209
 KR3MOTIV       0.191         0.293         0.283         0.252         0.179
 KR3PRSST       0.136         0.332         0.331         0.278         0.205
 KR3ATUDE       0.008         0.209         0.193         0.148         0.095


           Correlations
              A3PPVT4W      A1CSR         A2CSR         A3CSR         R1ATTUDE
              ________      ________      ________      ________      ________
 A3PPVT4W       1.000
 A1CSR          0.288         1.000
 A2CSR          0.302         0.369         1.000
 A3CSR          0.274         0.285         0.351         1.000
 R1ATTUDE       0.156         0.251         0.269         0.293         1.000
 R1MOTIVE       0.232         0.157         0.180         0.179         0.504
 R1PRSIST       0.221         0.313         0.313         0.352         0.773
 R2ATTUDE       0.175         0.241         0.302         0.289         0.591
 R2MOTIVE       0.233         0.295         0.273         0.307         0.392
 R2PRSIST       0.189         0.337         0.326         0.305         0.545
 KR3MOTIV       0.227         0.249         0.216         0.255         0.261
 KR3PRSST       0.201         0.349         0.329         0.317         0.325
 KR3ATUDE       0.147         0.243         0.230         0.306         0.371


           Correlations
              R1MOTIVE      R1PRSIST      R2ATTUDE      R2MOTIVE      R2PRSIST
              ________      ________      ________      ________      ________
 R1MOTIVE       1.000
 R1PRSIST       0.569         1.000
 R2ATTUDE       0.291         0.517         1.000
 R2MOTIVE       0.548         0.462         0.597         1.000
 R2PRSIST       0.348         0.650         0.772         0.679         1.000
 KR3MOTIV       0.333         0.356         0.181         0.311         0.254
 KR3PRSST       0.201         0.400         0.292         0.227         0.353
 KR3ATUDE       0.168         0.390         0.316         0.207         0.334


           Correlations
              KR3MOTIV      KR3PRSST      KR3ATUDE
              ________      ________      ________
 KR3MOTIV       1.000
 KR3PRSST       0.681         1.000
 KR3ATUDE       0.629         0.765         1.000


     MAXIMUM LOG-LIKELIHOOD VALUE FOR THE UNRESTRICTED (H1) MODEL IS -21725.470


THE MODEL ESTIMATION TERMINATED NORMALLY

     THE STANDARD ERRORS OF THE MODEL PARAMETER ESTIMATES MAY NOT BE
     TRUSTWORTHY FOR SOME PARAMETERS DUE TO A NON-POSITIVE DEFINITE
     FIRST-ORDER DERIVATIVE PRODUCT MATRIX.  THIS MAY BE DUE TO THE STARTING
     VALUES BUT MAY ALSO BE AN INDICATION OF MODEL NONIDENTIFICATION.  THE
     CONDITION NUMBER IS      -0.111D-17.  PROBLEM INVOLVING THE FOLLOWING PARAMETER:
     Parameter 47, R2ATTUDE

     THIS IS MOST LIKELY DUE TO HAVING MORE PARAMETERS THAN THE NUMBER
     OF CLUSTERS MINUS THE NUMBER OF STRATA WITH MORE THAN ONE CLUSTER.




MODEL FIT INFORMATION

Number of Free Parameters                       79

Loglikelihood

          H0 Value                      -21903.424
          H0 Scaling Correction Factor      2.0423
            for MLR
          H1 Value                      -21725.470
          H1 Scaling Correction Factor      1.6847
            for MLR

Information Criteria

          Akaike (AIC)                   43964.848
          Bayesian (BIC)                 44314.923
          Sample-Size Adjusted BIC       44064.111
            (n* = (n + 2) / 24)

Chi-Square Test of Model Fit

          Value                            249.263*
          Degrees of Freedom                   110
          P-Value                           0.0000
          Scaling Correction Factor         1.4278
            for MLR

*   The chi-square value for MLM, MLMV, MLR, ULSMV, WLSM and WLSMV cannot be used
    for chi-square difference testing in the regular way.  MLM, MLR and WLSM
    chi-square difference testing is described on the Mplus website.  MLMV, WLSMV,
    and ULSMV difference testing is done using the DIFFTEST option.

RMSEA (Root Mean Square Error Of Approximation)

          Estimate                           0.045
          90 Percent C.I.                    0.038  0.053
          Probability RMSEA <= .05           0.854

CFI/TLI

          CFI                                0.955
          TLI                                0.938

Chi-Square Test of Model Fit for the Baseline Model

          Value                           3281.758
          Degrees of Freedom                   153
          P-Value                           0.0000

SRMR (Standardized Root Mean Square Residual)

          Value                              0.143



MODEL RESULTS

                                                    Two-Tailed
                    Estimate       S.E.  Est./S.E.    P-Value

 COG1     BY
    A1WJAPW            0.162      0.010     15.841      0.000
    A1PPVT4W           1.117      0.074     15.012      0.000
    A1CSR              0.846      0.090      9.375      0.000

 COG2     BY
    A2WJAPW            0.162      0.010     15.841      0.000
    A2PPVT4W           1.117      0.074     15.012      0.000
    A2CSR              0.846      0.090      9.375      0.000

 COG3     BY
    A3WJAPW            0.162      0.010     15.841      0.000
    A3PPVT4W           1.117      0.074     15.012      0.000
    A3CSR              0.846      0.090      9.375      0.000

 ATL1     BY
    R1ATTUDE           7.062      0.288     24.562      0.000
    R1MOTIVE           6.697      0.313     21.368      0.000
    R1PRSIST           8.476      0.388     21.838      0.000

 ATL2     BY
    R2ATTUDE           7.062      0.288     24.562      0.000
    R2MOTIVE           6.697      0.313     21.368      0.000
    R2PRSIST           8.476      0.388     21.838      0.000

 ATL4     BY
    KR3ATUDE           7.062      0.288     24.562      0.000
    KR3MOTIV           6.697      0.313     21.368      0.000
    KR3PRSST           8.476      0.388     21.838      0.000

 COG2     WITH
    COG1               0.872      0.080     10.962      0.000

 COG3     WITH
    COG1               0.727      0.068     10.679      0.000
    COG2               0.767      0.096      8.014      0.000

 ATL1     WITH
    COG1               0.429      0.047      9.147      0.000
    COG2               0.388      0.054      7.137      0.000
    COG3               0.378      0.057      6.621      0.000

 ATL2     WITH
    COG1               0.375      0.065      5.812      0.000
    COG2               0.355      0.058      6.126      0.000
    COG3               0.356      0.071      4.999      0.000
    ATL1               0.724      0.047     15.313      0.000

 ATL4     WITH
    COG1               0.514      0.093      5.534      0.000
    COG2               0.435      0.082      5.304      0.000
    COG3               0.462      0.081      5.706      0.000
    ATL1               0.561      0.067      8.363      0.000
    ATL2               0.515      0.085      6.041      0.000

 A1WJAPW  WITH
    A2WJAPW            0.002      0.002      0.855      0.393
    A3WJAPW            0.000      0.003     -0.124      0.901

 A2WJAPW  WITH
    A3WJAPW            0.005      0.002      2.628      0.009

 A1PPVT4W WITH
    A2PPVT4W           0.464      0.085      5.448      0.000
    A3PPVT4W           0.336      0.077      4.373      0.000

 A2PPVT4W WITH
    A3PPVT4W           0.454      0.053      8.567      0.000

 A1CSR    WITH
    A2CSR              0.480      0.139      3.449      0.001
    A3CSR              0.293      0.185      1.582      0.114

 A2CSR    WITH
    A3CSR              0.515      0.169      3.051      0.002

 R1ATTUDE WITH
    R2ATTUDE          11.379      2.170      5.244      0.000
    KR3ATUDE           6.431      2.187      2.940      0.003

 R2ATTUDE WITH
    KR3ATUDE           5.584      2.329      2.397      0.017

 R1MOTIVE WITH
    R2MOTIVE          25.247      3.861      6.539      0.000
    KR3MOTIV          16.907      4.423      3.823      0.000

 R2MOTIVE WITH
    KR3MOTIV          17.532      3.525      4.973      0.000

 R1PRSIST WITH
    R2PRSIST           3.083      3.171      0.972      0.331
    KR3PRSST          -2.275      2.662     -0.854      0.393

 R2PRSIST WITH
    KR3PRSST          -1.056      2.481     -0.426      0.670

 Intercepts
    A1WJAPW            3.815      0.017    228.569      0.000
    A2WJAPW            3.992      0.012    325.341      0.000
    A3WJAPW            4.270      0.013    325.405      0.000
    A1PPVT4W          10.844      0.089    122.156      0.000
    A2PPVT4W          11.844      0.099    119.978      0.000
    A3PPVT4W          13.547      0.096    140.834      0.000
    A1CSR              6.321      0.084     75.189      0.000
    A2CSR              6.211      0.104     59.991      0.000
    A3CSR              6.599      0.128     51.389      0.000
    R1ATTUDE          51.943      0.340    152.574      0.000
    R1MOTIVE          52.535      0.412    127.509      0.000
    R1PRSIST          52.296      0.391    133.911      0.000
    R2ATTUDE          52.349      0.543     96.331      0.000
    R2MOTIVE          52.789      0.588     89.729      0.000
    R2PRSIST          52.660      0.575     91.515      0.000
    KR3MOTIV          50.324      0.749     67.158      0.000
    KR3PRSST          49.340      0.707     69.820      0.000
    KR3ATUDE          50.666      0.544     93.162      0.000

 Variances
    COG1               1.000      0.000    999.000    999.000
    COG2               0.955      0.114      8.366      0.000
    COG3               0.849      0.118      7.210      0.000
    ATL1               1.000      0.000    999.000    999.000
    ATL2               1.122      0.076     14.705      0.000
    ATL4               1.494      0.133     11.205      0.000

 Residual Variances
    A1WJAPW            0.048      0.004     10.966      0.000
    A2WJAPW            0.013      0.002      8.043      0.000
    A3WJAPW            0.021      0.003      6.352      0.000
    A1PPVT4W           1.298      0.155      8.350      0.000
    A2PPVT4W           0.872      0.057     15.195      0.000
    A3PPVT4W           0.910      0.098      9.249      0.000
    A1CSR              2.169      0.153     14.177      0.000
    A2CSR              2.321      0.173     13.451      0.000
    A3CSR              2.403      0.279      8.612      0.000
    R1ATTUDE          25.524      2.202     11.591      0.000
    R1MOTIVE          53.988      5.842      9.242      0.000
    R1PRSIST          10.791      2.712      3.979      0.000
    R2ATTUDE          29.277      3.240      9.035      0.000
    R2MOTIVE          45.125      3.958     11.401      0.000
    R2PRSIST           8.716      5.034      1.731      0.083
    KR3MOTIV          62.172      6.330      9.822      0.000
    KR3PRSST          19.905      4.919      4.047      0.000
    KR3ATUDE          28.832      3.495      8.250      0.000


STANDARDIZED MODEL RESULTS


STDYX Standardization

                                                    Two-Tailed
                    Estimate       S.E.  Est./S.E.    P-Value

 COG1     BY
    A1WJAPW            0.594      0.033     18.108      0.000
    A1PPVT4W           0.700      0.036     19.638      0.000
    A1CSR              0.498      0.049     10.196      0.000

 COG2     BY
    A2WJAPW            0.811      0.027     30.252      0.000
    A2PPVT4W           0.760      0.026     29.303      0.000
    A2CSR              0.477      0.039     12.157      0.000

 COG3     BY
    A3WJAPW            0.721      0.035     20.488      0.000
    A3PPVT4W           0.733      0.032     23.231      0.000
    A3CSR              0.449      0.040     11.224      0.000

 ATL1     BY
    R1ATTUDE           0.813      0.018     45.320      0.000
    R1MOTIVE           0.674      0.030     22.730      0.000
    R1PRSIST           0.932      0.019     49.826      0.000

 ATL2     BY
    R2ATTUDE           0.810      0.019     42.309      0.000
    R2MOTIVE           0.726      0.027     27.337      0.000
    R2PRSIST           0.950      0.030     31.928      0.000

 ATL4     BY
    KR3ATUDE           0.849      0.016     53.260      0.000
    KR3MOTIV           0.720      0.028     26.132      0.000
    KR3PRSST           0.918      0.023     40.215      0.000

 COG2     WITH
    COG1               0.893      0.054     16.534      0.000

 COG3     WITH
    COG1               0.789      0.072     10.900      0.000
    COG2               0.852      0.043     19.585      0.000

 ATL1     WITH
    COG1               0.429      0.047      9.147      0.000
    COG2               0.398      0.051      7.843      0.000
    COG3               0.410      0.060      6.831      0.000

 ATL2     WITH
    COG1               0.354      0.058      6.163      0.000
    COG2               0.342      0.049      6.981      0.000
    COG3               0.364      0.060      6.117      0.000
    ATL1               0.684      0.036     18.895      0.000

 ATL4     WITH
    COG1               0.421      0.070      6.020      0.000
    COG2               0.364      0.067      5.410      0.000
    COG3               0.411      0.069      5.940      0.000
    ATL1               0.459      0.051      9.066      0.000
    ATL2               0.398      0.061      6.521      0.000

 A1WJAPW  WITH
    A2WJAPW            0.063      0.072      0.865      0.387
    A3WJAPW           -0.012      0.098     -0.123      0.902

 A2WJAPW  WITH
    A3WJAPW            0.281      0.085      3.298      0.001

 A1PPVT4W WITH
    A2PPVT4W           0.436      0.066      6.564      0.000
    A3PPVT4W           0.309      0.070      4.418      0.000

 A2PPVT4W WITH
    A3PPVT4W           0.510      0.038     13.452      0.000

 A1CSR    WITH
    A2CSR              0.214      0.056      3.833      0.000
    A3CSR              0.128      0.079      1.631      0.103

 A2CSR    WITH
    A3CSR              0.218      0.060      3.631      0.000

 R1ATTUDE WITH
    R2ATTUDE           0.416      0.064      6.537      0.000
    KR3ATUDE           0.237      0.080      2.972      0.003

 R2ATTUDE WITH
    KR3ATUDE           0.192      0.075      2.555      0.011

 R1MOTIVE WITH
    R2MOTIVE           0.512      0.045     11.379      0.000
    KR3MOTIV           0.292      0.076      3.823      0.000

 R2MOTIVE WITH
    KR3MOTIV           0.331      0.059      5.575      0.000

 R1PRSIST WITH
    R2PRSIST           0.318      0.220      1.442      0.149
    KR3PRSST          -0.155      0.190     -0.815      0.415

 R2PRSIST WITH
    KR3PRSST          -0.080      0.197     -0.407      0.684

 Intercepts
    A1WJAPW           14.024      0.471     29.743      0.000
    A2WJAPW           20.498      0.748     27.399      0.000
    A3WJAPW           20.663      0.931     22.185      0.000
    A1PPVT4W           6.796      0.292     23.289      0.000
    A2PPVT4W           8.243      0.271     30.468      0.000
    A3PPVT4W           9.653      0.462     20.880      0.000
    A1CSR              3.721      0.117     31.813      0.000
    A2CSR              3.583      0.120     29.878      0.000
    A3CSR              3.803      0.241     15.779      0.000
    R1ATTUDE           5.982      0.186     32.100      0.000
    R1MOTIVE           5.284      0.180     29.437      0.000
    R1PRSIST           5.753      0.214     26.917      0.000
    R2ATTUDE           5.670      0.243     23.330      0.000
    R2MOTIVE           5.403      0.205     26.359      0.000
    R2PRSIST           5.571      0.238     23.423      0.000
    KR3MOTIV           4.428      0.191     23.173      0.000
    KR3PRSST           4.374      0.196     22.281      0.000
    KR3ATUDE           4.984      0.230     21.696      0.000

 Variances
    COG1               1.000      0.000    999.000    999.000
    COG2               1.000      0.000    999.000    999.000
    COG3               1.000      0.000    999.000    999.000
    ATL1               1.000      0.000    999.000    999.000
    ATL2               1.000      0.000    999.000    999.000
    ATL4               1.000      0.000    999.000    999.000

 Residual Variances
    A1WJAPW            0.647      0.039     16.581      0.000
    A2WJAPW            0.342      0.044      7.861      0.000
    A3WJAPW            0.481      0.051      9.479      0.000
    A1PPVT4W           0.510      0.050     10.210      0.000
    A2PPVT4W           0.423      0.039     10.719      0.000
    A3PPVT4W           0.462      0.046      9.978      0.000
    A1CSR              0.752      0.049     15.441      0.000
    A2CSR              0.772      0.037     20.625      0.000
    A3CSR              0.798      0.036     22.190      0.000
    R1ATTUDE           0.339      0.029     11.597      0.000
    R1MOTIVE           0.546      0.040     13.681      0.000
    R1PRSIST           0.131      0.035      3.742      0.000
    R2ATTUDE           0.343      0.031     11.065      0.000
    R2MOTIVE           0.473      0.039     12.254      0.000
    R2PRSIST           0.098      0.057      1.726      0.084
    KR3MOTIV           0.481      0.040     12.126      0.000
    KR3PRSST           0.156      0.042      3.730      0.000
    KR3ATUDE           0.279      0.027     10.306      0.000


STDY Standardization

                                                    Two-Tailed
                    Estimate       S.E.  Est./S.E.    P-Value

 COG1     BY
    A1WJAPW            0.594      0.033     18.108      0.000
    A1PPVT4W           0.700      0.036     19.638      0.000
    A1CSR              0.498      0.049     10.196      0.000

 COG2     BY
    A2WJAPW            0.811      0.027     30.252      0.000
    A2PPVT4W           0.760      0.026     29.303      0.000
    A2CSR              0.477      0.039     12.157      0.000

 COG3     BY
    A3WJAPW            0.721      0.035     20.488      0.000
    A3PPVT4W           0.733      0.032     23.231      0.000
    A3CSR              0.449      0.040     11.224      0.000

 ATL1     BY
    R1ATTUDE           0.813      0.018     45.320      0.000
    R1MOTIVE           0.674      0.030     22.730      0.000
    R1PRSIST           0.932      0.019     49.826      0.000

 ATL2     BY
    R2ATTUDE           0.810      0.019     42.309      0.000
    R2MOTIVE           0.726      0.027     27.337      0.000
    R2PRSIST           0.950      0.030     31.928      0.000

 ATL4     BY
    KR3ATUDE           0.849      0.016     53.260      0.000
    KR3MOTIV           0.720      0.028     26.132      0.000
    KR3PRSST           0.918      0.023     40.215      0.000

 COG2     WITH
    COG1               0.893      0.054     16.534      0.000

 COG3     WITH
    COG1               0.789      0.072     10.900      0.000
    COG2               0.852      0.043     19.585      0.000

 ATL1     WITH
    COG1               0.429      0.047      9.147      0.000
    COG2               0.398      0.051      7.843      0.000
    COG3               0.410      0.060      6.831      0.000

 ATL2     WITH
    COG1               0.354      0.058      6.163      0.000
    COG2               0.342      0.049      6.981      0.000
    COG3               0.364      0.060      6.117      0.000
    ATL1               0.684      0.036     18.895      0.000

 ATL4     WITH
    COG1               0.421      0.070      6.020      0.000
    COG2               0.364      0.067      5.410      0.000
    COG3               0.411      0.069      5.940      0.000
    ATL1               0.459      0.051      9.066      0.000
    ATL2               0.398      0.061      6.521      0.000

 A1WJAPW  WITH
    A2WJAPW            0.063      0.072      0.865      0.387
    A3WJAPW           -0.012      0.098     -0.123      0.902

 A2WJAPW  WITH
    A3WJAPW            0.281      0.085      3.298      0.001

 A1PPVT4W WITH
    A2PPVT4W           0.436      0.066      6.564      0.000
    A3PPVT4W           0.309      0.070      4.418      0.000

 A2PPVT4W WITH
    A3PPVT4W           0.510      0.038     13.452      0.000

 A1CSR    WITH
    A2CSR              0.214      0.056      3.833      0.000
    A3CSR              0.128      0.079      1.631      0.103

 A2CSR    WITH
    A3CSR              0.218      0.060      3.631      0.000

 R1ATTUDE WITH
    R2ATTUDE           0.416      0.064      6.537      0.000
    KR3ATUDE           0.237      0.080      2.972      0.003

 R2ATTUDE WITH
    KR3ATUDE           0.192      0.075      2.555      0.011

 R1MOTIVE WITH
    R2MOTIVE           0.512      0.045     11.379      0.000
    KR3MOTIV           0.292      0.076      3.823      0.000

 R2MOTIVE WITH
    KR3MOTIV           0.331      0.059      5.575      0.000

 R1PRSIST WITH
    R2PRSIST           0.318      0.220      1.442      0.149
    KR3PRSST          -0.155      0.190     -0.815      0.415

 R2PRSIST WITH
    KR3PRSST          -0.080      0.197     -0.407      0.684

 Intercepts
    A1WJAPW           14.024      0.471     29.743      0.000
    A2WJAPW           20.498      0.748     27.399      0.000
    A3WJAPW           20.663      0.931     22.185      0.000
    A1PPVT4W           6.796      0.292     23.289      0.000
    A2PPVT4W           8.243      0.271     30.468      0.000
    A3PPVT4W           9.653      0.462     20.880      0.000
    A1CSR              3.721      0.117     31.813      0.000
    A2CSR              3.583      0.120     29.878      0.000
    A3CSR              3.803      0.241     15.779      0.000
    R1ATTUDE           5.982      0.186     32.100      0.000
    R1MOTIVE           5.284      0.180     29.437      0.000
    R1PRSIST           5.753      0.214     26.917      0.000
    R2ATTUDE           5.670      0.243     23.330      0.000
    R2MOTIVE           5.403      0.205     26.359      0.000
    R2PRSIST           5.571      0.238     23.423      0.000
    KR3MOTIV           4.428      0.191     23.173      0.000
    KR3PRSST           4.374      0.196     22.281      0.000
    KR3ATUDE           4.984      0.230     21.696      0.000

 Variances
    COG1               1.000      0.000    999.000    999.000
    COG2               1.000      0.000    999.000    999.000
    COG3               1.000      0.000    999.000    999.000
    ATL1               1.000      0.000    999.000    999.000
    ATL2               1.000      0.000    999.000    999.000
    ATL4               1.000      0.000    999.000    999.000

 Residual Variances
    A1WJAPW            0.647      0.039     16.581      0.000
    A2WJAPW            0.342      0.044      7.861      0.000
    A3WJAPW            0.481      0.051      9.479      0.000
    A1PPVT4W           0.510      0.050     10.210      0.000
    A2PPVT4W           0.423      0.039     10.719      0.000
    A3PPVT4W           0.462      0.046      9.978      0.000
    A1CSR              0.752      0.049     15.441      0.000
    A2CSR              0.772      0.037     20.625      0.000
    A3CSR              0.798      0.036     22.190      0.000
    R1ATTUDE           0.339      0.029     11.597      0.000
    R1MOTIVE           0.546      0.040     13.681      0.000
    R1PRSIST           0.131      0.035      3.742      0.000
    R2ATTUDE           0.343      0.031     11.065      0.000
    R2MOTIVE           0.473      0.039     12.254      0.000
    R2PRSIST           0.098      0.057      1.726      0.084
    KR3MOTIV           0.481      0.040     12.126      0.000
    KR3PRSST           0.156      0.042      3.730      0.000
    KR3ATUDE           0.279      0.027     10.306      0.000


STD Standardization

                                                    Two-Tailed
                    Estimate       S.E.  Est./S.E.    P-Value

 COG1     BY
    A1WJAPW            0.162      0.010     15.841      0.000
    A1PPVT4W           1.117      0.074     15.012      0.000
    A1CSR              0.846      0.090      9.375      0.000

 COG2     BY
    A2WJAPW            0.158      0.009     17.594      0.000
    A2PPVT4W           1.092      0.068     16.081      0.000
    A2CSR              0.827      0.070     11.836      0.000

 COG3     BY
    A3WJAPW            0.149      0.008     17.742      0.000
    A3PPVT4W           1.029      0.075     13.641      0.000
    A3CSR              0.780      0.072     10.889      0.000

 ATL1     BY
    R1ATTUDE           7.062      0.288     24.562      0.000
    R1MOTIVE           6.697      0.313     21.368      0.000
    R1PRSIST           8.476      0.388     21.838      0.000

 ATL2     BY
    R2ATTUDE           7.481      0.327     22.871      0.000
    R2MOTIVE           7.094      0.385     18.449      0.000
    R2PRSIST           8.979      0.441     20.344      0.000

 ATL4     BY
    KR3ATUDE           8.631      0.385     22.406      0.000
    KR3MOTIV           8.185      0.426     19.196      0.000
    KR3PRSST          10.359      0.575     18.017      0.000

 COG2     WITH
    COG1               0.893      0.054     16.534      0.000

 COG3     WITH
    COG1               0.789      0.072     10.900      0.000
    COG2               0.852      0.043     19.585      0.000

 ATL1     WITH
    COG1               0.429      0.047      9.147      0.000
    COG2               0.398      0.051      7.843      0.000
    COG3               0.410      0.060      6.831      0.000

 ATL2     WITH
    COG1               0.354      0.058      6.163      0.000
    COG2               0.342      0.049      6.981      0.000
    COG3               0.364      0.060      6.117      0.000
    ATL1               0.684      0.036     18.895      0.000

 ATL4     WITH
    COG1               0.421      0.070      6.020      0.000
    COG2               0.364      0.067      5.410      0.000
    COG3               0.411      0.069      5.940      0.000
    ATL1               0.459      0.051      9.066      0.000
    ATL2               0.398      0.061      6.521      0.000

 A1WJAPW  WITH
    A2WJAPW            0.002      0.002      0.855      0.393
    A3WJAPW            0.000      0.003     -0.124      0.901

 A2WJAPW  WITH
    A3WJAPW            0.005      0.002      2.628      0.009

 A1PPVT4W WITH
    A2PPVT4W           0.464      0.085      5.448      0.000
    A3PPVT4W           0.336      0.077      4.373      0.000

 A2PPVT4W WITH
    A3PPVT4W           0.454      0.053      8.567      0.000

 A1CSR    WITH
    A2CSR              0.480      0.139      3.449      0.001
    A3CSR              0.293      0.185      1.582      0.114

 A2CSR    WITH
    A3CSR              0.515      0.169      3.051      0.002

 R1ATTUDE WITH
    R2ATTUDE          11.379      2.170      5.244      0.000
    KR3ATUDE           6.431      2.187      2.940      0.003

 R2ATTUDE WITH
    KR3ATUDE           5.584      2.329      2.397      0.017

 R1MOTIVE WITH
    R2MOTIVE          25.247      3.861      6.539      0.000
    KR3MOTIV          16.907      4.423      3.823      0.000

 R2MOTIVE WITH
    KR3MOTIV          17.532      3.525      4.973      0.000

 R1PRSIST WITH
    R2PRSIST           3.083      3.171      0.972      0.331
    KR3PRSST          -2.275      2.662     -0.854      0.393

 R2PRSIST WITH
    KR3PRSST          -1.056      2.481     -0.426      0.670

 Intercepts
    A1WJAPW            3.815      0.017    228.569      0.000
    A2WJAPW            3.992      0.012    325.341      0.000
    A3WJAPW            4.270      0.013    325.405      0.000
    A1PPVT4W          10.844      0.089    122.156      0.000
    A2PPVT4W          11.844      0.099    119.978      0.000
    A3PPVT4W          13.547      0.096    140.834      0.000
    A1CSR              6.321      0.084     75.189      0.000
    A2CSR              6.211      0.104     59.991      0.000
    A3CSR              6.599      0.128     51.389      0.000
    R1ATTUDE          51.943      0.340    152.574      0.000
    R1MOTIVE          52.535      0.412    127.509      0.000
    R1PRSIST          52.296      0.391    133.911      0.000
    R2ATTUDE          52.349      0.543     96.331      0.000
    R2MOTIVE          52.789      0.588     89.729      0.000
    R2PRSIST          52.660      0.575     91.515      0.000
    KR3MOTIV          50.324      0.749     67.158      0.000
    KR3PRSST          49.340      0.707     69.820      0.000
    KR3ATUDE          50.666      0.544     93.162      0.000

 Variances
    COG1               1.000      0.000    999.000    999.000
    COG2               1.000      0.000    999.000    999.000
    COG3               1.000      0.000    999.000    999.000
    ATL1               1.000      0.000    999.000    999.000
    ATL2               1.000      0.000    999.000    999.000
    ATL4               1.000      0.000    999.000    999.000

 Residual Variances
    A1WJAPW            0.048      0.004     10.966      0.000
    A2WJAPW            0.013      0.002      8.043      0.000
    A3WJAPW            0.021      0.003      6.352      0.000
    A1PPVT4W           1.298      0.155      8.350      0.000
    A2PPVT4W           0.872      0.057     15.195      0.000
    A3PPVT4W           0.910      0.098      9.249      0.000
    A1CSR              2.169      0.153     14.177      0.000
    A2CSR              2.321      0.173     13.451      0.000
    A3CSR              2.403      0.279      8.612      0.000
    R1ATTUDE          25.524      2.202     11.591      0.000
    R1MOTIVE          53.988      5.842      9.242      0.000
    R1PRSIST          10.791      2.712      3.979      0.000
    R2ATTUDE          29.277      3.240      9.035      0.000
    R2MOTIVE          45.125      3.958     11.401      0.000
    R2PRSIST           8.716      5.034      1.731      0.083
    KR3MOTIV          62.172      6.330      9.822      0.000
    KR3PRSST          19.905      4.919      4.047      0.000
    KR3ATUDE          28.832      3.495      8.250      0.000


R-SQUARE

    Observed                                        Two-Tailed
    Variable        Estimate       S.E.  Est./S.E.    P-Value

    A1WJAPW            0.353      0.039      9.054      0.000
    A2WJAPW            0.658      0.044     15.126      0.000
    A3WJAPW            0.519      0.051     10.244      0.000
    A1PPVT4W           0.490      0.050      9.819      0.000
    A2PPVT4W           0.577      0.039     14.652      0.000
    A3PPVT4W           0.538      0.046     11.615      0.000
    A1CSR              0.248      0.049      5.098      0.000
    A2CSR              0.228      0.037      6.078      0.000
    A3CSR              0.202      0.036      5.612      0.000
    R1ATTUDE           0.661      0.029     22.660      0.000
    R1MOTIVE           0.454      0.040     11.365      0.000
    R1PRSIST           0.869      0.035     24.913      0.000
    R2ATTUDE           0.657      0.031     21.155      0.000
    R2MOTIVE           0.527      0.039     13.668      0.000
    R2PRSIST           0.902      0.057     15.964      0.000
    KR3MOTIV           0.519      0.040     13.066      0.000
    KR3PRSST           0.844      0.042     20.108      0.000
    KR3ATUDE           0.721      0.027     26.630      0.000


QUALITY OF NUMERICAL RESULTS

     Condition Number for the Information Matrix              0.762E-07
       (ratio of smallest to largest eigenvalue)


MODEL MODIFICATION INDICES

NOTE:  Modification indices for direct effects of observed dependent variables
regressed on covariates may not be included.  To include these, request
MODINDICES (ALL).

Minimum M.I. value for printing the modification index    10.000

                                   M.I.     E.P.C.  Std E.P.C.  StdYX E.P.C.

BY Statements

COG1     BY A1WJAPW               28.735    -0.055     -0.055       -0.203
COG1     BY A1PPVT4W              11.774     0.109      0.109        0.069
COG1     BY KR3ATUDE              13.591    -1.561     -1.561       -0.154
COG2     BY A1WJAPW               22.490    -0.079     -0.077       -0.283
COG2     BY A1PPVT4W              13.285     0.364      0.356        0.223
COG2     BY KR3ATUDE              10.363    -1.343     -1.313       -0.129
COG3     BY A1WJAPW               21.094    -0.083     -0.076       -0.281
COG3     BY A1PPVT4W              10.354     0.352      0.324        0.203
ATL1     BY R1MOTIVE              15.792    -0.964     -0.964       -0.097
ATL2     BY A1CSR                 12.910     0.280      0.297        0.175
ATL2     BY R1MOTIVE              15.122    -1.289     -1.366       -0.137
ATL4     BY A1WJAPW               14.315    -0.048     -0.058       -0.214
ATL4     BY R1MOTIVE              10.491    -1.045     -1.277       -0.128

WITH Statements

A1PPVT4W WITH A2WJAPW             13.744     0.038      0.038        0.294
A1CSR    WITH A1PPVT4W            11.102     0.328      0.328        0.195


TECHNICAL 1 OUTPUT


     PARAMETER SPECIFICATION


           NU
              A1WJAPW       A2WJAPW       A3WJAPW       A1PPVT4W      A2PPVT4W
              ________      ________      ________      ________      ________
      1           1             2             3             4             5


           NU
              A3PPVT4W      A1CSR         A2CSR         A3CSR         R1ATTUDE
              ________      ________      ________      ________      ________
      1           6             7             8             9            10


           NU
              R1MOTIVE      R1PRSIST      R2ATTUDE      R2MOTIVE      R2PRSIST
              ________      ________      ________      ________      ________
      1          11            12            13            14            15


           NU
              KR3MOTIV      KR3PRSST      KR3ATUDE
              ________      ________      ________
      1          16            17            18


           LAMBDA
              COG1          COG2          COG3          ATL1          ATL2
              ________      ________      ________      ________      ________
 A1WJAPW           19             0             0             0             0
 A2WJAPW            0            19             0             0             0
 A3WJAPW            0             0            19             0             0
 A1PPVT4W          20             0             0             0             0
 A2PPVT4W           0            20             0             0             0
 A3PPVT4W           0             0            20             0             0
 A1CSR             21             0             0             0             0
 A2CSR              0            21             0             0             0
 A3CSR              0             0            21             0             0
 R1ATTUDE           0             0             0            22             0
 R1MOTIVE           0             0             0            23             0
 R1PRSIST           0             0             0            24             0
 R2ATTUDE           0             0             0             0            22
 R2MOTIVE           0             0             0             0            23
 R2PRSIST           0             0             0             0            24
 KR3MOTIV           0             0             0             0             0
 KR3PRSST           0             0             0             0             0
 KR3ATUDE           0             0             0             0             0


           LAMBDA
              ATL4
              ________
 A1WJAPW            0
 A2WJAPW            0
 A3WJAPW            0
 A1PPVT4W           0
 A2PPVT4W           0
 A3PPVT4W           0
 A1CSR              0
 A2CSR              0
 A3CSR              0
 R1ATTUDE           0
 R1MOTIVE           0
 R1PRSIST           0
 R2ATTUDE           0
 R2MOTIVE           0
 R2PRSIST           0
 KR3MOTIV          23
 KR3PRSST          24
 KR3ATUDE          22


           THETA
              A1WJAPW       A2WJAPW       A3WJAPW       A1PPVT4W      A2PPVT4W
              ________      ________      ________      ________      ________
 A1WJAPW           25
 A2WJAPW           26            27
 A3WJAPW           28            29            30
 A1PPVT4W           0             0             0            31
 A2PPVT4W           0             0             0            32            33
 A3PPVT4W           0             0             0            34            35
 A1CSR              0             0             0             0             0
 A2CSR              0             0             0             0             0
 A3CSR              0             0             0             0             0
 R1ATTUDE           0             0             0             0             0
 R1MOTIVE           0             0             0             0             0
 R1PRSIST           0             0             0             0             0
 R2ATTUDE           0             0             0             0             0
 R2MOTIVE           0             0             0             0             0
 R2PRSIST           0             0             0             0             0
 KR3MOTIV           0             0             0             0             0
 KR3PRSST           0             0             0             0             0
 KR3ATUDE           0             0             0             0             0


           THETA
              A3PPVT4W      A1CSR         A2CSR         A3CSR         R1ATTUDE
              ________      ________      ________      ________      ________
 A3PPVT4W          36
 A1CSR              0            37
 A2CSR              0            38            39
 A3CSR              0            40            41            42
 R1ATTUDE           0             0             0             0            43
 R1MOTIVE           0             0             0             0             0
 R1PRSIST           0             0             0             0             0
 R2ATTUDE           0             0             0             0            46
 R2MOTIVE           0             0             0             0             0
 R2PRSIST           0             0             0             0             0
 KR3MOTIV           0             0             0             0             0
 KR3PRSST           0             0             0             0             0
 KR3ATUDE           0             0             0             0            58


           THETA
              R1MOTIVE      R1PRSIST      R2ATTUDE      R2MOTIVE      R2PRSIST
              ________      ________      ________      ________      ________
 R1MOTIVE          44
 R1PRSIST           0            45
 R2ATTUDE           0             0            47
 R2MOTIVE          48             0             0            49
 R2PRSIST           0            50             0             0            51
 KR3MOTIV          52             0             0            53             0
 KR3PRSST           0            55             0             0            56
 KR3ATUDE           0             0            59             0             0


           THETA
              KR3MOTIV      KR3PRSST      KR3ATUDE
              ________      ________      ________
 KR3MOTIV          54
 KR3PRSST           0            57
 KR3ATUDE           0             0            60


           ALPHA
              COG1          COG2          COG3          ATL1          ATL2
              ________      ________      ________      ________      ________
      1           0             0             0             0             0


           ALPHA
              ATL4
              ________
      1           0


           BETA
              COG1          COG2          COG3          ATL1          ATL2
              ________      ________      ________      ________      ________
 COG1               0             0             0             0             0
 COG2               0             0             0             0             0
 COG3               0             0             0             0             0
 ATL1               0             0             0             0             0
 ATL2               0             0             0             0             0
 ATL4               0             0             0             0             0


           BETA
              ATL4
              ________
 COG1               0
 COG2               0
 COG3               0
 ATL1               0
 ATL2               0
 ATL4               0


           PSI
              COG1          COG2          COG3          ATL1          ATL2
              ________      ________      ________      ________      ________
 COG1               0
 COG2              61            62
 COG3              63            64            65
 ATL1              66            67            68             0
 ATL2              69            70            71            72            73
 ATL4              74            75            76            77            78


           PSI
              ATL4
              ________
 ATL4              79


     STARTING VALUES


           NU
              A1WJAPW       A2WJAPW       A3WJAPW       A1PPVT4W      A2PPVT4W
              ________      ________      ________      ________      ________
      1         3.822         3.997         4.269        10.847        11.850


           NU
              A3PPVT4W      A1CSR         A2CSR         A3CSR         R1ATTUDE
              ________      ________      ________      ________      ________
      1        13.538         6.321         6.212         6.593        51.947


           NU
              R1MOTIVE      R1PRSIST      R2ATTUDE      R2MOTIVE      R2PRSIST
              ________      ________      ________      ________      ________
      1        52.577        52.315        52.435        52.908        52.741


           NU
              KR3MOTIV      KR3PRSST      KR3ATUDE
              ________      ________      ________
      1        50.350        49.622        50.896


           LAMBDA
              COG1          COG2          COG3          ATL1          ATL2
              ________      ________      ________      ________      ________
 A1WJAPW        1.000         0.000         0.000         0.000         0.000
 A2WJAPW        0.000         0.165         0.000         0.000         0.000
 A3WJAPW        0.000         0.000         0.163         0.000         0.000
 A1PPVT4W       1.000         0.000         0.000         0.000         0.000
 A2PPVT4W       0.000         1.100         0.000         0.000         0.000
 A3PPVT4W       0.000         0.000         1.046         0.000         0.000
 A1CSR          1.000         0.000         0.000         0.000         0.000
 A2CSR          0.000         0.722         0.000         0.000         0.000
 A3CSR          0.000         0.000         0.619         0.000         0.000
 R1ATTUDE       0.000         0.000         0.000         1.000         0.000
 R1MOTIVE       0.000         0.000         0.000         1.000         0.000
 R1PRSIST       0.000         0.000         0.000         1.000         0.000
 R2ATTUDE       0.000         0.000         0.000         0.000         7.664
 R2MOTIVE       0.000         0.000         0.000         0.000         7.011
 R2PRSIST       0.000         0.000         0.000         0.000         8.809
 KR3MOTIV       0.000         0.000         0.000         0.000         0.000
 KR3PRSST       0.000         0.000         0.000         0.000         0.000
 KR3ATUDE       0.000         0.000         0.000         0.000         0.000


           LAMBDA
              ATL4
              ________
 A1WJAPW        0.000
 A2WJAPW        0.000
 A3WJAPW        0.000
 A1PPVT4W       0.000
 A2PPVT4W       0.000
 A3PPVT4W       0.000
 A1CSR          0.000
 A2CSR          0.000
 A3CSR          0.000
 R1ATTUDE       0.000
 R1MOTIVE       0.000
 R1PRSIST       0.000
 R2ATTUDE       0.000
 R2MOTIVE       0.000
 R2PRSIST       0.000
 KR3MOTIV       8.765
 KR3PRSST      10.287
 KR3ATUDE       8.299


           THETA
              A1WJAPW       A2WJAPW       A3WJAPW       A1PPVT4W      A2PPVT4W
              ________      ________      ________      ________      ________
 A1WJAPW        0.031
 A2WJAPW        0.000         0.019
 A3WJAPW        0.000         0.000         0.023
 A1PPVT4W       0.000         0.000         0.000         1.332
 A2PPVT4W       0.000         0.000         0.000         0.000         1.009
 A3PPVT4W       0.000         0.000         0.000         0.000         0.000
 A1CSR          0.000         0.000         0.000         0.000         0.000
 A2CSR          0.000         0.000         0.000         0.000         0.000
 A3CSR          0.000         0.000         0.000         0.000         0.000
 R1ATTUDE       0.000         0.000         0.000         0.000         0.000
 R1MOTIVE       0.000         0.000         0.000         0.000         0.000
 R1PRSIST       0.000         0.000         0.000         0.000         0.000
 R2ATTUDE       0.000         0.000         0.000         0.000         0.000
 R2MOTIVE       0.000         0.000         0.000         0.000         0.000
 R2PRSIST       0.000         0.000         0.000         0.000         0.000
 KR3MOTIV       0.000         0.000         0.000         0.000         0.000
 KR3PRSST       0.000         0.000         0.000         0.000         0.000
 KR3ATUDE       0.000         0.000         0.000         0.000         0.000


           THETA
              A3PPVT4W      A1CSR         A2CSR         A3CSR         R1ATTUDE
              ________      ________      ________      ________      ________
 A3PPVT4W       0.955
 A1CSR          0.000         1.502
 A2CSR          0.000         0.000         1.472
 A3CSR          0.000         0.000         0.000         1.462
 R1ATTUDE       0.000         0.000         0.000         0.000        39.209
 R1MOTIVE       0.000         0.000         0.000         0.000         0.000
 R1PRSIST       0.000         0.000         0.000         0.000         0.000
 R2ATTUDE       0.000         0.000         0.000         0.000         0.000
 R2MOTIVE       0.000         0.000         0.000         0.000         0.000
 R2PRSIST       0.000         0.000         0.000         0.000         0.000
 KR3MOTIV       0.000         0.000         0.000         0.000         0.000
 KR3PRSST       0.000         0.000         0.000         0.000         0.000
 KR3ATUDE       0.000         0.000         0.000         0.000         0.000


           THETA
              R1MOTIVE      R1PRSIST      R2ATTUDE      R2MOTIVE      R2PRSIST
              ________      ________      ________      ________      ________
 R1MOTIVE      42.930
 R1PRSIST       0.000        42.473
 R2ATTUDE       0.000         0.000        42.749
 R2MOTIVE       0.000         0.000         0.000        46.635
 R2PRSIST       0.000         0.000         0.000         0.000        43.662
 KR3MOTIV       0.000         0.000         0.000         0.000         0.000
 KR3PRSST       0.000         0.000         0.000         0.000         0.000
 KR3ATUDE       0.000         0.000         0.000         0.000         0.000


           THETA
              KR3MOTIV      KR3PRSST      KR3ATUDE
              ________      ________      ________
 KR3MOTIV      67.704
 KR3PRSST       0.000        62.138
 KR3ATUDE       0.000         0.000        47.489


           ALPHA
              COG1          COG2          COG3          ATL1          ATL2
              ________      ________      ________      ________      ________
      1         0.000         0.000         0.000         0.000         0.000


           ALPHA
              ATL4
              ________
      1         0.000


           BETA
              COG1          COG2          COG3          ATL1          ATL2
              ________      ________      ________      ________      ________
 COG1           0.000         0.000         0.000         0.000         0.000
 COG2           0.000         0.000         0.000         0.000         0.000
 COG3           0.000         0.000         0.000         0.000         0.000
 ATL1           0.000         0.000         0.000         0.000         0.000
 ATL2           0.000         0.000         0.000         0.000         0.000
 ATL4           0.000         0.000         0.000         0.000         0.000


           BETA
              ATL4
              ________
 COG1           0.000
 COG2           0.000
 COG3           0.000
 ATL1           0.000
 ATL2           0.000
 ATL4           0.000


           PSI
              COG1          COG2          COG3          ATL1          ATL2
              ________      ________      ________      ________      ________
 COG1           1.000
 COG2           0.000         0.050
 COG3           0.000         0.000         0.050
 ATL1           0.000         0.000         0.000         1.000
 ATL2           0.000         0.000         0.000         0.000         0.050
 ATL4           0.000         0.000         0.000         0.000         0.000


           PSI
              ATL4
              ________
 ATL4           0.050


DIAGRAM INFORMATION

  Use View Diagram under the Diagram menu in the Mplus Editor to view the diagram.
  If running Mplus from the Mplus Diagrammer, the diagram opens automatically.

  Diagram output
    c:\users\bfoste01\dropbox\faces_edm_mplus\covariates_sem\4-year-olds\weak-4.dgm

     Beginning Time:  15:48:53
        Ending Time:  15:48:53
       Elapsed Time:  00:00:00



MUTHEN & MUTHEN
3463 Stoner Ave.
Los Angeles, CA  90066

Tel: (310) 391-9971
Fax: (310) 391-8971
Web: www.StatModel.com
Support: Support@StatModel.com

Copyright (c) 1998-2014 Muthen & Muthen
