Mplus VERSION 7.3
MUTHEN & MUTHEN
10/23/2014   9:42 AM

INPUT INSTRUCTIONS

    TITLE:
      Cross-lag model, w/controls, no problem BeH
    DATA: FILE = "moderation.4.dat";
    DEFINE: A1PPVT4W = A1PPVT4W/10;
            A1WJLWW = A1WJLWW/10;
            A2PPVT4W = A2PPVT4W/10;
            A2WJLWW = A2WJLWW/10;
            A3PPVT4W = A3PPVT4W/10;
            A3WJLWW = A3WJLWW/10;
    VARIABLE:
    NAMES = A1PPVT4W A1WJAPW A1WJLWW A1CSR A1ECMIRT A1WJSW R1ATTUDE R1MOTIVE R1PRSIST
         A2PPVT4W A2WJAPW A2WJLWW A2CSR A2ECMIRT A2WJSW R2ATTUDE R2MOTIVE R2PRSIST
         A3PPVT4W A3WJAPW A3WJLWW A3CSR A3ECMIRT A3WJSW KR3ATUDE KR3MOTIV KR3PRSST
         R1TPLBS R2TPLBS KR3TPLBS STRAT PSU PRA12OTW CHGENDER P1RMOMED A1CAGE A2CAGE
         A3CAGE CRACE P1PRGTYP P2PRGTYP P3PRGTYP O2CLSSCD O2CLSSIS O2CLSSLM O2CLSSQF
         CLS1_ID CLS2_ID CLS3_ID R1BAGGR R1BWITH R1BHYPER R1ATTUDE_1 R2BAGGR R2BWITH
         R2BHYPER KR3BAGGR KR3BHYPE KR3BWITH BINAGGR1 BINWITH1 BINHYP1 BINAGGR2 BINWITH2
         BINHYP2 BINAGGR3 BINWITH3 BINHYP3;
    USEVARIABLES = A1PPVT4W A1WJAPW A1CSR
         R1ATTUDE R1MOTIVE R1PRSIST
         A2PPVT4W A2WJAPW A2CSR
         R2ATTUDE R2MOTIVE R2PRSIST
         A3PPVT4W A3WJAPW A3CSR
         KR3ATUDE KR3MOTIV KR3PRSST
         CHGENDER P1RMOMED A1CAGE  P1PRGTYP P3PRGTYP;
    MISSING=.;
    ANALYSIS:
      ITERATIONS = 10000;
      ESTIMATOR = MLR;
      PROCESSORS = 5;
    MODEL:
      cog1 BY A1WJAPW*(1)
      A1PPVT4W(2)
      A1CSR(3);
      cog2 BY A2WJAPW*(1)
      A2PPVT4W(2)
      A2CSR(3);
      cog3 BY A3WJAPW*(1)
      A3PPVT4W(2)
      A3CSR(3);
      cog1@1.0;

      atl1 BY R1ATTUDE*(4)
      R1MOTIVE(5)
      R1PRSIST(6);
      atl2 BY R2ATTUDE*(4)
      R2MOTIVE(5)
      R2PRSIST(6);
      atl3 BY KR3ATUDE*(4)
      KR3MOTIV(5)
      KR3PRSST(6);
      atl1@1.0;

      !allow some correlated residuals
      !auto-correlations
      A1WJAPW WITH A2WJAPW A3WJAPW;
      A2WJAPW WITH A3WJAPW;
      A1PPVT4W WITH A2PPVT4W A3PPVT4W;
      A2PPVT4W WITH A3PPVT4W;
      A1CSR WITH A2CSR A3CSR;
      A2CSR WITH A3CSR;
      R1ATTUDE WITH R2ATTUDE KR3ATUDE;
      R2ATTUDE WITH KR3ATUDE;
      R1MOTIVE WITH R2MOTIVE KR3MOTIV;
      R2MOTIVE WITH KR3MOTIV;
      R1PRSIST WITH R2PRSIST KR3PRSST;
      R2PRSIST WITH KR3PRSST;

     !allowing only concurrent non-directional paths
      atl1 WITH cog1;
      atl2 WITH cog2;
      atl3 WITH cog3;

     !cross-lagged paths
      cog2 ON cog1;
      atl2 ON cog1;
      atl2 ON atl1;
      cog2 ON atl1;
      cog3 ON cog2;
      cog3 ON atl2;
      atl3 ON cog2;
      atl3 ON atl2;

      cog1 ON CHGENDER;
      cog1 ON P1RMOMED;
      cog1 ON P1PRGTYP;
      cog3 ON P3PRGTYP;
      atl1 ON P1PRGTYP;
      atl3 ON P3PRGTYP;
      atl1 ON CHGENDER;
      atl1 ON P1RMOMED;
      cog1 ON A1CAGE;
      atl1 ON A1CAGE;


      OUTPUT:
        TECH1
        SAMPSTAT
        modindices;
        STANDARDIZED;




*** WARNING
  Data set contains cases with missing on x-variables.
  These cases were not included in the analysis.
  Number of cases with missing on x-variables:  58
   1 WARNING(S) FOUND IN THE INPUT INSTRUCTIONS




Cross-lag model, w/controls, no problem BeH

SUMMARY OF ANALYSIS

Number of groups                                                 1
Number of observations                                         563

Number of dependent variables                                   18
Number of independent variables                                  5
Number of continuous latent variables                            6

Observed dependent variables

  Continuous
   A1PPVT4W    A1WJAPW     A1CSR       R1ATTUDE    R1MOTIVE    R1PRSIST
   A2PPVT4W    A2WJAPW     A2CSR       R2ATTUDE    R2MOTIVE    R2PRSIST
   A3PPVT4W    A3WJAPW     A3CSR       KR3ATUDE    KR3MOTIV    KR3PRSST

Observed independent variables
   CHGENDER    P1RMOMED    A1CAGE      P1PRGTYP    P3PRGTYP

Continuous latent variables
   COG1        COG2        COG3        ATL1        ATL2        ATL3


Estimator                                                      MLR
Information matrix                                        OBSERVED
Maximum number of iterations                                 10000
Convergence criterion                                    0.500D-04
Maximum number of steepest descent iterations                   20
Maximum number of iterations for H1                           2000
Convergence criterion for H1                             0.100D-03

Input data file(s)
  moderation.4.dat

Input data format  FREE


SUMMARY OF DATA

     Number of missing data patterns            28


COVARIANCE COVERAGE OF DATA

Minimum covariance coverage value   0.100


     PROPORTION OF DATA PRESENT


           Covariance Coverage
              A1PPVT4W      A1WJAPW       A1CSR         R1ATTUDE      R1MOTIVE
              ________      ________      ________      ________      ________
 A1PPVT4W       1.000
 A1WJAPW        0.964         0.964
 A1CSR          1.000         0.964         1.000
 R1ATTUDE       0.963         0.929         0.963         0.963
 R1MOTIVE       0.963         0.929         0.963         0.963         0.963
 R1PRSIST       0.963         0.929         0.963         0.963         0.963
 A2PPVT4W       0.980         0.945         0.980         0.943         0.943
 A2WJAPW        0.973         0.940         0.973         0.936         0.936
 A2CSR          0.986         0.950         0.986         0.948         0.948
 R2ATTUDE       0.943         0.908         0.943         0.920         0.920
 R2MOTIVE       0.943         0.908         0.943         0.920         0.920
 R2PRSIST       0.943         0.908         0.943         0.920         0.920
 A3PPVT4W       0.885         0.849         0.885         0.849         0.849
 A3WJAPW        0.881         0.845         0.881         0.845         0.845
 A3CSR          0.885         0.849         0.885         0.849         0.849
 KR3ATUDE       0.687         0.670         0.687         0.671         0.671
 KR3MOTIV       0.687         0.670         0.687         0.671         0.671
 KR3PRSST       0.687         0.670         0.687         0.671         0.671
 CHGENDER       1.000         0.964         1.000         0.963         0.963
 P1RMOMED       1.000         0.964         1.000         0.963         0.963
 A1CAGE         1.000         0.964         1.000         0.963         0.963
 P1PRGTYP       1.000         0.964         1.000         0.963         0.963
 P3PRGTYP       1.000         0.964         1.000         0.963         0.963


           Covariance Coverage
              R1PRSIST      A2PPVT4W      A2WJAPW       A2CSR         R2ATTUDE
              ________      ________      ________      ________      ________
 R1PRSIST       0.963
 A2PPVT4W       0.943         0.980
 A2WJAPW        0.936         0.970         0.973
 A2CSR          0.948         0.980         0.973         0.986
 R2ATTUDE       0.920         0.925         0.918         0.931         0.943
 R2MOTIVE       0.920         0.925         0.918         0.931         0.943
 R2PRSIST       0.920         0.925         0.918         0.931         0.943
 A3PPVT4W       0.849         0.865         0.860         0.870         0.837
 A3WJAPW        0.845         0.861         0.856         0.867         0.835
 A3CSR          0.849         0.865         0.860         0.870         0.837
 KR3ATUDE       0.671         0.671         0.668         0.675         0.648
 KR3MOTIV       0.671         0.671         0.668         0.675         0.648
 KR3PRSST       0.671         0.671         0.668         0.675         0.648
 CHGENDER       0.963         0.980         0.973         0.986         0.943
 P1RMOMED       0.963         0.980         0.973         0.986         0.943
 A1CAGE         0.963         0.980         0.973         0.986         0.943
 P1PRGTYP       0.963         0.980         0.973         0.986         0.943
 P3PRGTYP       0.963         0.980         0.973         0.986         0.943


           Covariance Coverage
              R2MOTIVE      R2PRSIST      A3PPVT4W      A3WJAPW       A3CSR
              ________      ________      ________      ________      ________
 R2MOTIVE       0.943
 R2PRSIST       0.943         0.943
 A3PPVT4W       0.837         0.837         0.885
 A3WJAPW        0.835         0.835         0.881         0.881
 A3CSR          0.837         0.837         0.885         0.881         0.885
 KR3ATUDE       0.648         0.648         0.595         0.591         0.595
 KR3MOTIV       0.648         0.648         0.595         0.591         0.595
 KR3PRSST       0.648         0.648         0.595         0.591         0.595
 CHGENDER       0.943         0.943         0.885         0.881         0.885
 P1RMOMED       0.943         0.943         0.885         0.881         0.885
 A1CAGE         0.943         0.943         0.885         0.881         0.885
 P1PRGTYP       0.943         0.943         0.885         0.881         0.885
 P3PRGTYP       0.943         0.943         0.885         0.881         0.885


           Covariance Coverage
              KR3ATUDE      KR3MOTIV      KR3PRSST      CHGENDER      P1RMOMED
              ________      ________      ________      ________      ________
 KR3ATUDE       0.687
 KR3MOTIV       0.687         0.687
 KR3PRSST       0.687         0.687         0.687
 CHGENDER       0.687         0.687         0.687         1.000
 P1RMOMED       0.687         0.687         0.687         1.000         1.000
 A1CAGE         0.687         0.687         0.687         1.000         1.000
 P1PRGTYP       0.687         0.687         0.687         1.000         1.000
 P3PRGTYP       0.687         0.687         0.687         1.000         1.000


           Covariance Coverage
              A1CAGE        P1PRGTYP      P3PRGTYP
              ________      ________      ________
 A1CAGE         1.000
 P1PRGTYP       1.000         1.000
 P3PRGTYP       1.000         1.000         1.000


SAMPLE STATISTICS


     ESTIMATED SAMPLE STATISTICS


           Means
              A1PPVT4W      A1WJAPW       A1CSR         R1ATTUDE      R1MOTIVE
              ________      ________      ________      ________      ________
      1        10.773       380.382        62.156        52.037        52.174


           Means
              R1PRSIST      A2PPVT4W      A2WJAPW       A2CSR         R2ATTUDE
              ________      ________      ________      ________      ________
      1        52.232        11.770       398.690        61.738        51.993


           Means
              R2MOTIVE      R2PRSIST      A3PPVT4W      A3WJAPW       A3CSR
              ________      ________      ________      ________      ________
      1        52.389        52.407        13.468       426.022        66.354


           Means
              KR3ATUDE      KR3MOTIV      KR3PRSST      CHGENDER      P1RMOMED
              ________      ________      ________      ________      ________
      1        51.143        50.188        49.403         0.536         2.107


           Means
              A1CAGE        P1PRGTYP      P3PRGTYP
              ________      ________      ________
      1        53.600         1.540         4.147


           Covariances
              A1PPVT4W      A1WJAPW       A1CSR         R1ATTUDE      R1MOTIVE
              ________      ________      ________      ________      ________
 A1PPVT4W       2.893
 A1WJAPW       12.220       611.417
 A1CSR         13.212        97.404       315.748
 R1ATTUDE       2.648        25.662        38.640        84.257
 R1MOTIVE       4.117        33.217        27.064        45.958        86.896
 R1PRSIST       3.816        43.286        46.982        68.176        55.772
 A2PPVT4W       1.808        10.872         9.444         2.268         3.387
 A2WJAPW       20.141       192.259       128.493        36.326        54.622
 A2CSR          8.731        69.275       114.416        36.900        26.926
 R2ATTUDE       2.080        22.055        42.602        52.423        30.359
 R2MOTIVE       3.686        35.674        48.889        34.890        51.474
 R2PRSIST       3.428        36.921        60.260        50.856        37.897
 A3PPVT4W       1.363         7.532         8.249         2.175         2.705
 A3WJAPW       18.447       153.007       135.341        44.242        51.360
 A3CSR          5.894        50.643        80.094        32.873        27.606
 KR3ATUDE       2.391         0.935        37.677        32.855        17.980
 KR3MOTIV       4.939        56.867        45.855        26.832        36.385
 KR3PRSST       4.843        38.704        56.594        32.595        24.427
 CHGENDER      -0.066        -0.668        -1.819        -0.910        -0.866
 P1RMOMED       0.255         1.740         0.857         0.389         0.376
 A1CAGE         1.692        13.502         4.238         0.997         3.472
 P1PRGTYP      -0.004        -0.063         0.736         0.360         0.360
 P3PRGTYP       0.005         0.111         0.155        -0.160        -0.184


           Covariances
              R1PRSIST      A2PPVT4W      A2WJAPW       A2CSR         R2ATTUDE
              ________      ________      ________      ________      ________
 R1PRSIST      87.658
 A2PPVT4W       3.522         2.241
 A2WJAPW       63.259        20.254       431.005
 A2CSR         45.896         9.170       118.674       295.176
 R2ATTUDE      49.716         2.327        32.875        45.894        88.496
 R2MOTIVE      45.062         3.758        57.530        43.283        54.656
 R2PRSIST      61.770         3.778        59.934        54.709        73.804
 A3PPVT4W       3.302         1.409        14.934         7.777         2.487
 A3WJAPW       63.025        17.154       287.341       112.577        43.419
 A3CSR         42.277         6.442        91.752        85.849        41.387
 KR3ATUDE      36.319         2.012        39.348        48.847        34.407
 KR3MOTIV      39.166         4.469        79.026        50.762        26.295
 KR3PRSST      40.816         3.871        67.778        63.787        35.780
 CHGENDER      -1.267        -0.069        -0.429        -1.793        -0.968
 P1RMOMED       0.522         0.234         2.516         1.600         0.359
 A1CAGE         3.035         1.525        14.463         5.670         2.098
 P1PRGTYP       0.384         0.056         0.435        -0.301         0.743
 P3PRGTYP      -0.055         0.012         0.343        -0.286        -0.077


           Covariances
              R2MOTIVE      R2PRSIST      A3PPVT4W      A3WJAPW       A3CSR
              ________      ________      ________      ________      ________
 R2MOTIVE      98.470
 R2PRSIST      68.644        96.639
 A3PPVT4W       2.972         2.970         1.997
 A3WJAPW       61.794        61.586        17.519       464.459
 A3CSR         47.012        43.220         7.840       102.749       270.960
 KR3ATUDE      21.949        36.221         3.021        47.183        50.794
 KR3MOTIV      37.402        36.503         4.069        79.605        49.282
 KR3PRSST      29.231        43.752         4.024        79.316        52.992
 CHGENDER      -0.832        -1.132        -0.035        -0.333        -1.447
 P1RMOMED       0.778         0.278         0.234         2.940         1.783
 A1CAGE         3.191         3.042         1.028        14.606        -1.852
 P1PRGTYP       0.587         0.699         0.071         0.859         1.420
 P3PRGTYP      -0.416        -0.144         0.013        -0.078         0.097


           Covariances
              KR3ATUDE      KR3MOTIV      KR3PRSST      CHGENDER      P1RMOMED
              ________      ________      ________      ________      ________
 KR3ATUDE     100.516
 KR3MOTIV      73.384       136.287
 KR3PRSST      89.015        93.412       129.993
 CHGENDER      -0.848        -1.064        -1.158         0.249
 P1RMOMED      -0.039         0.033        -0.149        -0.004         0.767
 A1CAGE         4.817         6.991         6.956         0.078        -0.009
 P1PRGTYP       0.295        -0.057        -0.008        -0.005        -0.006
 P3PRGTYP      -0.113        -0.334        -0.148         0.003        -0.019


           Covariances
              A1CAGE        P1PRGTYP      P3PRGTYP
              ________      ________      ________
 A1CAGE        13.554
 P1PRGTYP       0.022         0.248
 P3PRGTYP       0.062         0.031         0.126


           Correlations
              A1PPVT4W      A1WJAPW       A1CSR         R1ATTUDE      R1MOTIVE
              ________      ________      ________      ________      ________
 A1PPVT4W       1.000
 A1WJAPW        0.291         1.000
 A1CSR          0.437         0.222         1.000
 R1ATTUDE       0.170         0.113         0.237         1.000
 R1MOTIVE       0.260         0.144         0.163         0.537         1.000
 R1PRSIST       0.240         0.187         0.282         0.793         0.639
 A2PPVT4W       0.710         0.294         0.355         0.165         0.243
 A2WJAPW        0.570         0.375         0.348         0.191         0.282
 A2CSR          0.299         0.163         0.375         0.234         0.168
 R2ATTUDE       0.130         0.095         0.255         0.607         0.346
 R2MOTIVE       0.218         0.145         0.277         0.383         0.556
 R2PRSIST       0.205         0.152         0.345         0.564         0.414
 A3PPVT4W       0.567         0.216         0.328         0.168         0.205
 A3WJAPW        0.503         0.287         0.353         0.224         0.256
 A3CSR          0.211         0.124         0.274         0.218         0.180
 KR3ATUDE       0.140         0.004         0.211         0.357         0.192
 KR3MOTIV       0.249         0.197         0.221         0.250         0.334
 KR3PRSST       0.250         0.137         0.279         0.311         0.230
 CHGENDER      -0.078        -0.054        -0.205        -0.199        -0.186
 P1RMOMED       0.171         0.080         0.055         0.048         0.046
 A1CAGE         0.270         0.148         0.065         0.030         0.101
 P1PRGTYP      -0.005        -0.005         0.083         0.079         0.077
 P3PRGTYP       0.008         0.013         0.025        -0.049        -0.056


           Correlations
              R1PRSIST      A2PPVT4W      A2WJAPW       A2CSR         R2ATTUDE
              ________      ________      ________      ________      ________
 R1PRSIST       1.000
 A2PPVT4W       0.251         1.000
 A2WJAPW        0.325         0.652         1.000
 A2CSR          0.285         0.357         0.333         1.000
 R2ATTUDE       0.564         0.165         0.168         0.284         1.000
 R2MOTIVE       0.485         0.253         0.279         0.254         0.585
 R2PRSIST       0.671         0.257         0.294         0.324         0.798
 A3PPVT4W       0.250         0.666         0.509         0.320         0.187
 A3WJAPW        0.312         0.532         0.642         0.304         0.214
 A3CSR          0.274         0.261         0.268         0.304         0.267
 KR3ATUDE       0.387         0.134         0.189         0.284         0.365
 KR3MOTIV       0.358         0.256         0.326         0.253         0.239
 KR3PRSST       0.382         0.227         0.286         0.326         0.334
 CHGENDER      -0.271        -0.092        -0.041        -0.209        -0.206
 P1RMOMED       0.064         0.179         0.138         0.106         0.044
 A1CAGE         0.088         0.277         0.189         0.090         0.061
 P1PRGTYP       0.082         0.076         0.042        -0.035         0.158
 P3PRGTYP      -0.017         0.023         0.047        -0.047        -0.023


           Correlations
              R2MOTIVE      R2PRSIST      A3PPVT4W      A3WJAPW       A3CSR
              ________      ________      ________      ________      ________
 R2MOTIVE       1.000
 R2PRSIST       0.704         1.000
 A3PPVT4W       0.212         0.214         1.000
 A3WJAPW        0.289         0.291         0.575         1.000
 A3CSR          0.288         0.267         0.337         0.290         1.000
 KR3ATUDE       0.221         0.368         0.213         0.218         0.308
 KR3MOTIV       0.323         0.318         0.247         0.316         0.256
 KR3PRSST       0.258         0.390         0.250         0.323         0.282
 CHGENDER      -0.168        -0.231        -0.049        -0.031        -0.176
 P1RMOMED       0.090         0.032         0.190         0.156         0.124
 A1CAGE         0.087         0.084         0.198         0.184        -0.031
 P1PRGTYP       0.119         0.143         0.100         0.080         0.173
 P3PRGTYP      -0.118        -0.041         0.025        -0.010         0.017


           Correlations
              KR3ATUDE      KR3MOTIV      KR3PRSST      CHGENDER      P1RMOMED
              ________      ________      ________      ________      ________
 KR3ATUDE       1.000
 KR3MOTIV       0.627         1.000
 KR3PRSST       0.779         0.702         1.000
 CHGENDER      -0.170        -0.183        -0.204         1.000
 P1RMOMED      -0.004         0.003        -0.015        -0.009         1.000
 A1CAGE         0.131         0.163         0.166         0.042        -0.003
 P1PRGTYP       0.059        -0.010        -0.001        -0.022        -0.014
 P3PRGTYP      -0.032        -0.081        -0.037         0.015        -0.062


           Correlations
              A1CAGE        P1PRGTYP      P3PRGTYP
              ________      ________      ________
 A1CAGE         1.000
 P1PRGTYP       0.012         1.000
 P3PRGTYP       0.048         0.173         1.000


     MAXIMUM LOG-LIKELIHOOD VALUE FOR THE UNRESTRICTED (H1) MODEL IS -33858.461


UNIVARIATE HIGHER-ORDER MOMENT DESCRIPTIVE STATISTICS


     UNIVARIATE HIGHER-ORDER MOMENT DESCRIPTIVE STATISTICS

         Variable/         Mean/     Skewness/   Minimum/ % with                Percentiles
        Sample Size      Variance    Kurtosis    Maximum  Min/Max      20%/60%    40%/80%    Median

     A1PPVT4W             10.773      -0.646       3.700    0.18%       9.300     10.500     11.000
             563.000       2.893       0.753      14.600    0.18%      11.300     12.200
     A1WJAPW             380.827      -0.361     332.000    8.66%     359.000    377.000    382.000
             543.000     607.233      -0.501     444.000    0.18%     388.000    403.000
     A1CSR                62.156      -1.045       0.000    0.18%      50.000     60.000     66.000
             563.000     315.748       0.707      81.000   14.39%      71.000     79.000
     R1ATTUDE             52.045      -1.121      17.780    0.18%      45.170     53.000     53.000
             542.000      84.789       0.672      60.830   30.26%      56.910     60.830
     R1MOTIVE             52.217      -1.336       7.130    0.18%      46.570     51.820     54.450
             542.000      87.303       2.148      62.340   18.27%      57.080     59.710
     R1PRSIST             52.246      -1.162      15.280    0.18%      46.200     51.350     53.920
             542.000      88.475       0.981      61.650   22.88%      56.500     61.650
     A2PPVT4W             11.773      -0.393       5.700    0.18%      10.500     11.500     11.850
             552.000       2.243       0.551      16.100    0.18%      12.200     13.100
     A2WJAPW             398.949      -0.550     332.000    1.64%     382.000    393.000    400.500
             548.000     421.534       1.110     458.000    0.18%     407.000    415.000
     A2CSR                61.724      -0.689       4.000    0.18%      47.000     56.000     64.000
             555.000     295.652      -0.308      81.000   17.12%      71.000     80.000
     R2ATTUDE             52.084      -1.222      13.860    0.19%      45.170     53.000     53.000
             531.000      87.505       1.067      60.830   30.51%      56.910     60.830
     R2MOTIVE             52.487      -1.196      12.390    0.19%      43.940     51.820     54.450
             531.000      98.068       1.053      62.340   22.60%      57.080     62.340
     R2PRSIST             52.496      -1.138      20.440    0.38%      43.620     53.920     56.500
             531.000      95.386       0.610      61.650   27.87%      56.500     61.650
     A3PPVT4W             13.465      -0.821       5.400    0.20%      12.500     13.200     13.500
             498.000       1.991       3.439      16.900    0.40%      13.800     14.600
     A3WJAPW             425.974      -0.564     332.000    0.20%     407.000    419.000    427.000
             496.000     457.179       0.754     481.000    0.20%     436.000    444.000
     A3CSR                66.359      -1.118       6.000    0.40%      53.000     68.000     73.000
             498.000     271.616       0.424      81.000   24.10%      77.000     81.000
     KR3ATUDE             51.453      -1.274      13.860    0.52%      41.260     53.000     53.000
             387.000      98.586       1.323      60.830   27.91%      56.910     60.830
     KR3MOTIV             50.464      -1.016       9.760    0.26%      41.310     51.820     54.450
             387.000     134.599       0.299      62.340   21.96%      57.080     62.340
     KR3PRSST             49.777      -0.690      20.440    0.78%      38.470     48.770     51.350
             387.000     127.411      -0.563      61.650   26.87%      56.500     61.650
     CHGENDER              0.536      -0.146       0.000   46.36%       0.000      0.000      1.000
             563.000       0.249      -1.979       1.000   53.64%       1.000      1.000
     P1RMOMED              2.107       0.236       1.000   28.60%       1.000      2.000      2.000
             563.000       0.767      -0.865       4.000    4.97%       2.000      3.000
     A1CAGE               53.600      -0.024      37.000    0.18%      50.000     52.000     53.000
             563.000      13.554      -0.329      62.000    0.18%      55.000     57.000
     P1PRGTYP              1.540      -0.160       1.000   46.00%       1.000      1.000      2.000
             563.000       0.248      -1.974       2.000   54.00%       2.000      2.000
     P3PRGTYP              4.147       1.989       4.000   85.26%       4.000      4.000      4.000
             563.000       0.126       1.956       5.000   14.74%       4.000      4.000


THE MODEL ESTIMATION TERMINATED NORMALLY



MODEL FIT INFORMATION

Number of Free Parameters                       85

Loglikelihood

          H0 Value                      -30797.957
          H0 Scaling Correction Factor      1.2704
            for MLR
          H1 Value                      -30583.783
          H1 Scaling Correction Factor      1.1146
            for MLR

Information Criteria

          Akaike (AIC)                   61765.913
          Bayesian (BIC)                 62134.242
          Sample-Size Adjusted BIC       61864.409
            (n* = (n + 2) / 24)

Chi-Square Test of Model Fit

          Value                            409.411*
          Degrees of Freedom                   194
          P-Value                           0.0000
          Scaling Correction Factor         1.0463
            for MLR

*   The chi-square value for MLM, MLMV, MLR, ULSMV, WLSM and WLSMV cannot be used
    for chi-square difference testing in the regular way.  MLM, MLR and WLSM
    chi-square difference testing is described on the Mplus website.  MLMV, WLSMV,
    and ULSMV difference testing is done using the DIFFTEST option.

RMSEA (Root Mean Square Error Of Approximation)

          Estimate                           0.044
          90 Percent C.I.                    0.038  0.050
          Probability RMSEA <= .05           0.937

CFI/TLI

          CFI                                0.954
          TLI                                0.942

Chi-Square Test of Model Fit for the Baseline Model

          Value                           4877.506
          Degrees of Freedom                   243
          P-Value                           0.0000

SRMR (Standardized Root Mean Square Residual)

          Value                              0.118



MODEL RESULTS

                                                    Two-Tailed
                    Estimate       S.E.  Est./S.E.    P-Value

 COG1     BY
    A1WJAPW           14.161      0.946     14.967      0.000
    A1PPVT4W           1.106      0.064     17.371      0.000
    A1CSR              7.727      0.726     10.643      0.000

 COG2     BY
    A2WJAPW           14.161      0.946     14.967      0.000
    A2PPVT4W           1.106      0.064     17.371      0.000
    A2CSR              7.727      0.726     10.643      0.000

 COG3     BY
    A3WJAPW           14.161      0.946     14.967      0.000
    A3PPVT4W           1.106      0.064     17.371      0.000
    A3CSR              7.727      0.726     10.643      0.000

 ATL1     BY
    R1ATTUDE           6.878      0.334     20.608      0.000
    R1MOTIVE           6.521      0.337     19.356      0.000
    R1PRSIST           8.614      0.353     24.395      0.000

 ATL2     BY
    R2ATTUDE           6.878      0.334     20.608      0.000
    R2MOTIVE           6.521      0.337     19.356      0.000
    R2PRSIST           8.614      0.353     24.395      0.000

 ATL3     BY
    KR3ATUDE           6.878      0.334     20.608      0.000
    KR3MOTIV           6.521      0.337     19.356      0.000
    KR3PRSST           8.614      0.353     24.395      0.000

 COG2     ON
    COG1               0.892      0.064     13.894      0.000
    ATL1               0.041      0.048      0.860      0.390

 ATL2     ON
    COG1               0.095      0.046      2.056      0.040
    ATL1               0.714      0.044     16.130      0.000

 COG3     ON
    COG2               0.780      0.047     16.692      0.000
    ATL2               0.047      0.038      1.236      0.216

 ATL3     ON
    COG2               0.281      0.075      3.748      0.000
    ATL2               0.392      0.073      5.374      0.000

 COG3     ON
    P3PRGTYP          -0.022      0.109     -0.200      0.842

 ATL3     ON
    P3PRGTYP          -0.160      0.161     -0.992      0.321

 COG1     ON
    CHGENDER          -0.328      0.108     -3.038      0.002
    P1RMOMED           0.263      0.061      4.305      0.000
    P1PRGTYP           0.113      0.105      1.071      0.284
    A1CAGE             0.092      0.015      6.006      0.000

 ATL1     ON
    P1PRGTYP           0.174      0.089      1.964      0.050
    CHGENDER          -0.599      0.084     -7.115      0.000
    P1RMOMED           0.068      0.051      1.336      0.181
    A1CAGE             0.028      0.012      2.378      0.017

 ATL1     WITH
    COG1               0.371      0.055      6.703      0.000

 ATL2     WITH
    COG2               0.036      0.033      1.103      0.270

 ATL3     WITH
    COG3               0.132      0.052      2.547      0.011

 A1WJAPW  WITH
    A2WJAPW           24.315     16.407      1.482      0.138
    A3WJAPW            4.431     18.299      0.242      0.809

 A2WJAPW  WITH
    A3WJAPW           63.803     15.459      4.127      0.000

 A1PPVT4W WITH
    A2PPVT4W           0.419      0.095      4.426      0.000
    A3PPVT4W           0.284      0.082      3.479      0.001

 A2PPVT4W WITH
    A3PPVT4W           0.312      0.069      4.489      0.000

 A1CSR    WITH
    A2CSR             47.950     12.228      3.921      0.000
    A3CSR             28.516     12.225      2.333      0.020

 A2CSR    WITH
    A3CSR             37.361     12.055      3.099      0.002

 R1ATTUDE WITH
    R2ATTUDE          11.988      2.002      5.987      0.000
    KR3ATUDE           6.730      2.336      2.880      0.004

 R2ATTUDE WITH
    KR3ATUDE           7.447      2.324      3.205      0.001

 R1MOTIVE WITH
    R2MOTIVE          24.338      3.124      7.791      0.000
    KR3MOTIV          15.234      3.544      4.299      0.000

 R2MOTIVE WITH
    KR3MOTIV          14.767      3.789      3.897      0.000

 R1PRSIST WITH
    R2PRSIST          -0.491      1.959     -0.251      0.802
    KR3PRSST          -4.511      2.133     -2.115      0.034

 R2PRSIST WITH
    KR3PRSST          -2.888      2.279     -1.268      0.205

 Intercepts
    A1PPVT4W           4.684      0.953      4.916      0.000
    A1WJAPW          302.168     11.308     26.723      0.000
    A1CSR             19.611      6.296      3.115      0.002
    R1ATTUDE          41.017      4.543      9.029      0.000
    R1MOTIVE          41.748      4.355      9.586      0.000
    R1PRSIST          38.435      5.668      6.781      0.000
    A2PPVT4W           6.264      0.886      7.072      0.000
    A2WJAPW          328.193     10.814     30.350      0.000
    A2CSR             23.274      5.583      4.168      0.000
    R2ATTUDE          40.504      3.776     10.728      0.000
    R2MOTIVE          41.479      3.629     11.431      0.000
    R2PRSIST          38.017      4.685      8.115      0.000
    A3PPVT4W           9.181      0.899     10.207      0.000
    A3WJAPW          371.194     11.225     33.070      0.000
    A3CSR             36.396      5.950      6.117      0.000
    KR3ATUDE          41.552      5.736      7.244      0.000
    KR3MOTIV          41.222      5.494      7.504      0.000
    KR3PRSST          37.418      7.138      5.242      0.000

 Residual Variances
    A1PPVT4W           1.294      0.155      8.339      0.000
    A1WJAPW          492.446     36.388     13.533      0.000
    A1CSR            231.696     16.305     14.210      0.000
    R1ATTUDE          28.449      2.322     12.251      0.000
    R1MOTIVE          49.768      4.123     12.071      0.000
    R1PRSIST           4.839      2.382      2.032      0.042
    A2PPVT4W           0.805      0.105      7.633      0.000
    A2WJAPW          170.640     20.252      8.426      0.000
    A2CSR            230.943     13.904     16.610      0.000
    R2ATTUDE          29.692      2.903     10.228      0.000
    R2MOTIVE          47.695      3.715     12.839      0.000
    R2PRSIST           3.908      2.732      1.430      0.153
    A3PPVT4W           0.821      0.129      6.389      0.000
    A3WJAPW          218.209     21.969      9.932      0.000
    A3CSR            219.037     15.372     14.249      0.000
    KR3ATUDE          30.279      3.621      8.361      0.000
    KR3MOTIV          60.480      5.465     11.067      0.000
    KR3PRSST          15.702      4.020      3.906      0.000
    COG1               1.000      0.000    999.000    999.000
    COG2               0.201      0.063      3.168      0.002
    COG3               0.268      0.108      2.493      0.013
    ATL1               1.000      0.000    999.000    999.000
    ATL2               0.617      0.074      8.347      0.000
    ATL3               1.178      0.135      8.730      0.000


STANDARDIZED MODEL RESULTS


STDYX Standardization

                                                    Two-Tailed
                    Estimate       S.E.  Est./S.E.    P-Value

 COG1     BY
    A1WJAPW            0.572      0.029     19.816      0.000
    A1PPVT4W           0.728      0.033     22.041      0.000
    A1CSR              0.485      0.038     12.781      0.000

 COG2     BY
    A2WJAPW            0.763      0.030     25.742      0.000
    A2PPVT4W           0.802      0.027     30.182      0.000
    A2CSR              0.485      0.032     15.041      0.000

 COG3     BY
    A3WJAPW            0.697      0.037     18.629      0.000
    A3PPVT4W           0.778      0.034     22.947      0.000
    A3CSR              0.468      0.038     12.398      0.000

 ATL1     BY
    R1ATTUDE           0.805      0.019     43.319      0.000
    R1MOTIVE           0.698      0.021     32.819      0.000
    R1PRSIST           0.972      0.014     68.316      0.000

 ATL2     BY
    R2ATTUDE           0.817      0.017     47.811      0.000
    R2MOTIVE           0.727      0.021     33.913      0.000
    R2PRSIST           0.980      0.014     68.252      0.000

 ATL3     BY
    KR3ATUDE           0.843      0.016     51.735      0.000
    KR3MOTIV           0.724      0.025     28.769      0.000
    KR3PRSST           0.939      0.016     58.340      0.000

 COG2     ON
    COG1               0.895      0.041     21.736      0.000
    ATL1               0.040      0.046      0.855      0.393

 ATL2     ON
    COG1               0.093      0.045      2.078      0.038
    ATL1               0.671      0.035     18.909      0.000

 COG3     ON
    COG2               0.838      0.050     16.842      0.000
    ATL2               0.052      0.042      1.229      0.219

 ATL3     ON
    COG2               0.244      0.061      3.996      0.000
    ATL2               0.351      0.063      5.591      0.000

 COG3     ON
    P3PRGTYP          -0.008      0.038     -0.200      0.842

 ATL3     ON
    P3PRGTYP          -0.045      0.046     -0.990      0.322

 COG1     ON
    CHGENDER          -0.150      0.048     -3.110      0.002
    P1RMOMED           0.211      0.047      4.459      0.000
    P1PRGTYP           0.051      0.048      1.073      0.283
    A1CAGE             0.311      0.048      6.542      0.000

 ATL1     ON
    P1PRGTYP           0.082      0.042      1.981      0.048
    CHGENDER          -0.283      0.037     -7.757      0.000
    P1RMOMED           0.056      0.042      1.338      0.181
    A1CAGE             0.099      0.041      2.402      0.016

 ATL1     WITH
    COG1               0.371      0.055      6.703      0.000

 ATL2     WITH
    COG2               0.103      0.091      1.130      0.258

 ATL3     WITH
    COG3               0.235      0.073      3.200      0.001

 A1WJAPW  WITH
    A2WJAPW            0.084      0.054      1.558      0.119
    A3WJAPW            0.014      0.056      0.243      0.808

 A2WJAPW  WITH
    A3WJAPW            0.331      0.059      5.582      0.000

 A1PPVT4W WITH
    A2PPVT4W           0.410      0.070      5.897      0.000
    A3PPVT4W           0.275      0.073      3.771      0.000

 A2PPVT4W WITH
    A3PPVT4W           0.384      0.064      6.040      0.000

 A1CSR    WITH
    A2CSR              0.207      0.048      4.301      0.000
    A3CSR              0.127      0.053      2.409      0.016

 A2CSR    WITH
    A3CSR              0.166      0.051      3.246      0.001

 R1ATTUDE WITH
    R2ATTUDE           0.412      0.051      8.097      0.000
    KR3ATUDE           0.229      0.078      2.941      0.003

 R2ATTUDE WITH
    KR3ATUDE           0.248      0.071      3.477      0.001

 R1MOTIVE WITH
    R2MOTIVE           0.500      0.044     11.426      0.000
    KR3MOTIV           0.278      0.059      4.728      0.000

 R2MOTIVE WITH
    KR3MOTIV           0.275      0.062      4.412      0.000

 R1PRSIST WITH
    R2PRSIST          -0.113      0.501     -0.225      0.822
    KR3PRSST          -0.517      0.305     -1.697      0.090

 R2PRSIST WITH
    KR3PRSST          -0.369      0.354     -1.041      0.298

 Intercepts
    A1PPVT4W           2.822      0.612      4.607      0.000
    A1WJAPW           11.168      0.621     17.973      0.000
    A1CSR              1.127      0.375      3.006      0.003
    R1ATTUDE           4.559      0.565      8.064      0.000
    R1MOTIVE           4.240      0.509      8.337      0.000
    R1PRSIST           4.116      0.667      6.173      0.000
    A2PPVT4W           4.169      0.652      6.395      0.000
    A2WJAPW           16.230      0.938     17.311      0.000
    A2CSR              1.340      0.335      4.001      0.000
    R2ATTUDE           4.289      0.469      9.151      0.000
    R2MOTIVE           4.124      0.433      9.530      0.000
    R2PRSIST           3.855      0.540      7.141      0.000
    A3PPVT4W           6.366      0.761      8.360      0.000
    A3WJAPW           18.015      0.963     18.700      0.000
    A3CSR              2.173      0.382      5.683      0.000
    KR3ATUDE           4.063      0.631      6.437      0.000
    KR3MOTIV           3.654      0.538      6.788      0.000
    KR3PRSST           3.253      0.655      4.963      0.000

 Residual Variances
    A1PPVT4W           0.470      0.048      9.757      0.000
    A1WJAPW            0.673      0.033     20.364      0.000
    A1CSR              0.765      0.037     20.754      0.000
    R1ATTUDE           0.351      0.030     11.736      0.000
    R1MOTIVE           0.513      0.030     17.306      0.000
    R1PRSIST           0.055      0.028      2.007      0.045
    A2PPVT4W           0.356      0.043      8.357      0.000
    A2WJAPW            0.417      0.045      9.218      0.000
    A2CSR              0.765      0.031     24.479      0.000
    R2ATTUDE           0.333      0.028     11.929      0.000
    R2MOTIVE           0.471      0.031     15.122      0.000
    R2PRSIST           0.040      0.028      1.429      0.153
    A3PPVT4W           0.395      0.053      7.487      0.000
    A3WJAPW            0.514      0.052      9.849      0.000
    A3CSR              0.781      0.035     22.097      0.000
    KR3ATUDE           0.289      0.027     10.537      0.000
    KR3MOTIV           0.475      0.036     13.022      0.000
    KR3PRSST           0.119      0.030      3.928      0.000
    COG1               0.837      0.035     23.885      0.000
    COG2               0.169      0.054      3.139      0.002
    COG3               0.261      0.079      3.308      0.001
    ATL1               0.901      0.024     37.785      0.000
    ATL2               0.491      0.041     12.028      0.000
    ATL3               0.750      0.048     15.472      0.000


STDY Standardization

                                                    Two-Tailed
                    Estimate       S.E.  Est./S.E.    P-Value

 COG1     BY
    A1WJAPW            0.572      0.029     19.816      0.000
    A1PPVT4W           0.728      0.033     22.041      0.000
    A1CSR              0.485      0.038     12.781      0.000

 COG2     BY
    A2WJAPW            0.763      0.030     25.742      0.000
    A2PPVT4W           0.802      0.027     30.182      0.000
    A2CSR              0.485      0.032     15.041      0.000

 COG3     BY
    A3WJAPW            0.697      0.037     18.629      0.000
    A3PPVT4W           0.778      0.034     22.947      0.000
    A3CSR              0.468      0.038     12.398      0.000

 ATL1     BY
    R1ATTUDE           0.805      0.019     43.319      0.000
    R1MOTIVE           0.698      0.021     32.819      0.000
    R1PRSIST           0.972      0.014     68.316      0.000

 ATL2     BY
    R2ATTUDE           0.817      0.017     47.811      0.000
    R2MOTIVE           0.727      0.021     33.913      0.000
    R2PRSIST           0.980      0.014     68.252      0.000

 ATL3     BY
    KR3ATUDE           0.843      0.016     51.735      0.000
    KR3MOTIV           0.724      0.025     28.769      0.000
    KR3PRSST           0.939      0.016     58.340      0.000

 COG2     ON
    COG1               0.895      0.041     21.736      0.000
    ATL1               0.040      0.046      0.855      0.393

 ATL2     ON
    COG1               0.093      0.045      2.078      0.038
    ATL1               0.671      0.035     18.909      0.000

 COG3     ON
    COG2               0.838      0.050     16.842      0.000
    ATL2               0.052      0.042      1.229      0.219

 ATL3     ON
    COG2               0.244      0.061      3.996      0.000
    ATL2               0.351      0.063      5.591      0.000

 COG3     ON
    P3PRGTYP          -0.021      0.107     -0.200      0.842

 ATL3     ON
    P3PRGTYP          -0.127      0.129     -0.991      0.322

 COG1     ON
    CHGENDER          -0.300      0.096     -3.111      0.002
    P1RMOMED           0.241      0.054      4.480      0.000
    P1PRGTYP           0.103      0.096      1.073      0.283
    A1CAGE             0.085      0.013      6.632      0.000

 ATL1     ON
    P1PRGTYP           0.165      0.083      1.981      0.048
    CHGENDER          -0.568      0.073     -7.759      0.000
    P1RMOMED           0.064      0.048      1.339      0.181
    A1CAGE             0.027      0.011      2.407      0.016

 ATL1     WITH
    COG1               0.371      0.055      6.703      0.000

 ATL2     WITH
    COG2               0.103      0.091      1.130      0.258

 ATL3     WITH
    COG3               0.235      0.073      3.200      0.001

 A1WJAPW  WITH
    A2WJAPW            0.084      0.054      1.558      0.119
    A3WJAPW            0.014      0.056      0.243      0.808

 A2WJAPW  WITH
    A3WJAPW            0.331      0.059      5.582      0.000

 A1PPVT4W WITH
    A2PPVT4W           0.410      0.070      5.897      0.000
    A3PPVT4W           0.275      0.073      3.771      0.000

 A2PPVT4W WITH
    A3PPVT4W           0.384      0.064      6.040      0.000

 A1CSR    WITH
    A2CSR              0.207      0.048      4.301      0.000
    A3CSR              0.127      0.053      2.409      0.016

 A2CSR    WITH
    A3CSR              0.166      0.051      3.246      0.001

 R1ATTUDE WITH
    R2ATTUDE           0.412      0.051      8.097      0.000
    KR3ATUDE           0.229      0.078      2.941      0.003

 R2ATTUDE WITH
    KR3ATUDE           0.248      0.071      3.477      0.001

 R1MOTIVE WITH
    R2MOTIVE           0.500      0.044     11.426      0.000
    KR3MOTIV           0.278      0.059      4.728      0.000

 R2MOTIVE WITH
    KR3MOTIV           0.275      0.062      4.412      0.000

 R1PRSIST WITH
    R2PRSIST          -0.113      0.501     -0.225      0.822
    KR3PRSST          -0.517      0.305     -1.697      0.090

 R2PRSIST WITH
    KR3PRSST          -0.369      0.354     -1.041      0.298

 Intercepts
    A1PPVT4W           2.822      0.612      4.607      0.000
    A1WJAPW           11.168      0.621     17.973      0.000
    A1CSR              1.127      0.375      3.006      0.003
    R1ATTUDE           4.559      0.565      8.064      0.000
    R1MOTIVE           4.240      0.509      8.337      0.000
    R1PRSIST           4.116      0.667      6.173      0.000
    A2PPVT4W           4.169      0.652      6.395      0.000
    A2WJAPW           16.230      0.938     17.311      0.000
    A2CSR              1.340      0.335      4.001      0.000
    R2ATTUDE           4.289      0.469      9.151      0.000
    R2MOTIVE           4.124      0.433      9.530      0.000
    R2PRSIST           3.855      0.540      7.141      0.000
    A3PPVT4W           6.366      0.761      8.360      0.000
    A3WJAPW           18.015      0.963     18.700      0.000
    A3CSR              2.173      0.382      5.683      0.000
    KR3ATUDE           4.063      0.631      6.437      0.000
    KR3MOTIV           3.654      0.538      6.788      0.000
    KR3PRSST           3.253      0.655      4.963      0.000

 Residual Variances
    A1PPVT4W           0.470      0.048      9.757      0.000
    A1WJAPW            0.673      0.033     20.364      0.000
    A1CSR              0.765      0.037     20.754      0.000
    R1ATTUDE           0.351      0.030     11.736      0.000
    R1MOTIVE           0.513      0.030     17.306      0.000
    R1PRSIST           0.055      0.028      2.007      0.045
    A2PPVT4W           0.356      0.043      8.357      0.000
    A2WJAPW            0.417      0.045      9.218      0.000
    A2CSR              0.765      0.031     24.479      0.000
    R2ATTUDE           0.333      0.028     11.929      0.000
    R2MOTIVE           0.471      0.031     15.122      0.000
    R2PRSIST           0.040      0.028      1.429      0.153
    A3PPVT4W           0.395      0.053      7.487      0.000
    A3WJAPW            0.514      0.052      9.849      0.000
    A3CSR              0.781      0.035     22.097      0.000
    KR3ATUDE           0.289      0.027     10.537      0.000
    KR3MOTIV           0.475      0.036     13.022      0.000
    KR3PRSST           0.119      0.030      3.928      0.000
    COG1               0.837      0.035     23.885      0.000
    COG2               0.169      0.054      3.139      0.002
    COG3               0.261      0.079      3.308      0.001
    ATL1               0.901      0.024     37.785      0.000
    ATL2               0.491      0.041     12.028      0.000
    ATL3               0.750      0.048     15.472      0.000


STD Standardization

                                                    Two-Tailed
                    Estimate       S.E.  Est./S.E.    P-Value

 COG1     BY
    A1WJAPW           15.479      0.964     16.053      0.000
    A1PPVT4W           1.209      0.071     16.993      0.000
    A1CSR              8.447      0.768     11.005      0.000

 COG2     BY
    A2WJAPW           15.436      0.890     17.345      0.000
    A2PPVT4W           1.206      0.059     20.499      0.000
    A2CSR              8.423      0.653     12.901      0.000

 COG3     BY
    A3WJAPW           14.365      1.067     13.459      0.000
    A3PPVT4W           1.122      0.082     13.765      0.000
    A3CSR              7.839      0.741     10.574      0.000

 ATL1     BY
    R1ATTUDE           7.246      0.361     20.084      0.000
    R1MOTIVE           6.869      0.368     18.673      0.000
    R1PRSIST           9.075      0.380     23.902      0.000

 ATL2     BY
    R2ATTUDE           7.714      0.346     22.322      0.000
    R2MOTIVE           7.313      0.380     19.221      0.000
    R2PRSIST           9.661      0.374     25.833      0.000

 ATL3     BY
    KR3ATUDE           8.622      0.399     21.596      0.000
    KR3MOTIV           8.174      0.451     18.104      0.000
    KR3PRSST          10.798      0.410     26.364      0.000

 COG2     ON
    COG1               0.895      0.041     21.736      0.000
    ATL1               0.040      0.046      0.855      0.393

 ATL2     ON
    COG1               0.093      0.045      2.078      0.038
    ATL1               0.671      0.035     18.909      0.000

 COG3     ON
    COG2               0.838      0.050     16.842      0.000
    ATL2               0.052      0.042      1.229      0.219

 ATL3     ON
    COG2               0.244      0.061      3.996      0.000
    ATL2               0.351      0.063      5.591      0.000

 COG3     ON
    P3PRGTYP          -0.021      0.107     -0.200      0.842

 ATL3     ON
    P3PRGTYP          -0.127      0.129     -0.991      0.322

 COG1     ON
    CHGENDER          -0.300      0.096     -3.111      0.002
    P1RMOMED           0.241      0.054      4.480      0.000
    P1PRGTYP           0.103      0.096      1.073      0.283
    A1CAGE             0.085      0.013      6.632      0.000

 ATL1     ON
    P1PRGTYP           0.165      0.083      1.981      0.048
    CHGENDER          -0.568      0.073     -7.759      0.000
    P1RMOMED           0.064      0.048      1.339      0.181
    A1CAGE             0.027      0.011      2.407      0.016

 ATL1     WITH
    COG1               0.371      0.055      6.703      0.000

 ATL2     WITH
    COG2               0.103      0.091      1.130      0.258

 ATL3     WITH
    COG3               0.235      0.073      3.200      0.001

 A1WJAPW  WITH
    A2WJAPW           24.315     16.407      1.482      0.138
    A3WJAPW            4.431     18.299      0.242      0.809

 A2WJAPW  WITH
    A3WJAPW           63.803     15.459      4.127      0.000

 A1PPVT4W WITH
    A2PPVT4W           0.419      0.095      4.426      0.000
    A3PPVT4W           0.284      0.082      3.479      0.001

 A2PPVT4W WITH
    A3PPVT4W           0.312      0.069      4.489      0.000

 A1CSR    WITH
    A2CSR             47.950     12.228      3.921      0.000
    A3CSR             28.516     12.225      2.333      0.020

 A2CSR    WITH
    A3CSR             37.361     12.055      3.099      0.002

 R1ATTUDE WITH
    R2ATTUDE          11.988      2.002      5.987      0.000
    KR3ATUDE           6.730      2.336      2.880      0.004

 R2ATTUDE WITH
    KR3ATUDE           7.447      2.324      3.205      0.001

 R1MOTIVE WITH
    R2MOTIVE          24.338      3.124      7.791      0.000
    KR3MOTIV          15.234      3.544      4.299      0.000

 R2MOTIVE WITH
    KR3MOTIV          14.767      3.789      3.897      0.000

 R1PRSIST WITH
    R2PRSIST          -0.491      1.959     -0.251      0.802
    KR3PRSST          -4.511      2.133     -2.115      0.034

 R2PRSIST WITH
    KR3PRSST          -2.888      2.279     -1.268      0.205

 Intercepts
    A1PPVT4W           4.684      0.953      4.916      0.000
    A1WJAPW          302.168     11.308     26.723      0.000
    A1CSR             19.611      6.296      3.115      0.002
    R1ATTUDE          41.017      4.543      9.029      0.000
    R1MOTIVE          41.748      4.355      9.586      0.000
    R1PRSIST          38.435      5.668      6.781      0.000
    A2PPVT4W           6.264      0.886      7.072      0.000
    A2WJAPW          328.193     10.814     30.350      0.000
    A2CSR             23.274      5.583      4.168      0.000
    R2ATTUDE          40.504      3.776     10.728      0.000
    R2MOTIVE          41.479      3.629     11.431      0.000
    R2PRSIST          38.017      4.685      8.115      0.000
    A3PPVT4W           9.181      0.899     10.207      0.000
    A3WJAPW          371.194     11.225     33.070      0.000
    A3CSR             36.396      5.950      6.117      0.000
    KR3ATUDE          41.552      5.736      7.244      0.000
    KR3MOTIV          41.222      5.494      7.504      0.000
    KR3PRSST          37.418      7.138      5.242      0.000

 Residual Variances
    A1PPVT4W           1.294      0.155      8.339      0.000
    A1WJAPW          492.446     36.388     13.533      0.000
    A1CSR            231.696     16.305     14.210      0.000
    R1ATTUDE          28.449      2.322     12.251      0.000
    R1MOTIVE          49.768      4.123     12.071      0.000
    R1PRSIST           4.839      2.382      2.032      0.042
    A2PPVT4W           0.805      0.105      7.633      0.000
    A2WJAPW          170.640     20.252      8.426      0.000
    A2CSR            230.943     13.904     16.610      0.000
    R2ATTUDE          29.692      2.903     10.228      0.000
    R2MOTIVE          47.695      3.715     12.839      0.000
    R2PRSIST           3.908      2.732      1.430      0.153
    A3PPVT4W           0.821      0.129      6.389      0.000
    A3WJAPW          218.209     21.969      9.932      0.000
    A3CSR            219.037     15.372     14.249      0.000
    KR3ATUDE          30.279      3.621      8.361      0.000
    KR3MOTIV          60.480      5.465     11.067      0.000
    KR3PRSST          15.702      4.020      3.906      0.000
    COG1               0.837      0.035     23.885      0.000
    COG2               0.169      0.054      3.139      0.002
    COG3               0.261      0.079      3.308      0.001
    ATL1               0.901      0.024     37.785      0.000
    ATL2               0.491      0.041     12.028      0.000
    ATL3               0.750      0.048     15.472      0.000


R-SQUARE

    Observed                                        Two-Tailed
    Variable        Estimate       S.E.  Est./S.E.    P-Value

    A1PPVT4W           0.530      0.048     11.021      0.000
    A1WJAPW            0.327      0.033      9.908      0.000
    A1CSR              0.235      0.037      6.391      0.000
    R1ATTUDE           0.649      0.030     21.660      0.000
    R1MOTIVE           0.487      0.030     16.409      0.000
    R1PRSIST           0.945      0.028     34.158      0.000
    A2PPVT4W           0.644      0.043     15.091      0.000
    A2WJAPW            0.583      0.045     12.871      0.000
    A2CSR              0.235      0.031      7.521      0.000
    R2ATTUDE           0.667      0.028     23.906      0.000
    R2MOTIVE           0.529      0.031     16.957      0.000
    R2PRSIST           0.960      0.028     34.126      0.000
    A3PPVT4W           0.605      0.053     11.474      0.000
    A3WJAPW            0.486      0.052      9.314      0.000
    A3CSR              0.219      0.035      6.199      0.000
    KR3ATUDE           0.711      0.027     25.868      0.000
    KR3MOTIV           0.525      0.036     14.385      0.000
    KR3PRSST           0.881      0.030     29.170      0.000

     Latent                                         Two-Tailed
    Variable        Estimate       S.E.  Est./S.E.    P-Value

    COG1               0.163      0.035      4.653      0.000
    COG2               0.831      0.054     15.452      0.000
    COG3               0.739      0.079      9.384      0.000
    ATL1               0.099      0.024      4.151      0.000
    ATL2               0.509      0.041     12.482      0.000
    ATL3               0.250      0.048      5.170      0.000


QUALITY OF NUMERICAL RESULTS

     Condition Number for the Information Matrix              0.707E-08
       (ratio of smallest to largest eigenvalue)


MODEL MODIFICATION INDICES

NOTE:  Modification indices for direct effects of observed dependent variables
regressed on covariates may not be included.  To include these, request
MODINDICES (ALL).

Minimum M.I. value for printing the modification index    10.000

                                   M.I.     E.P.C.  Std E.P.C.  StdYX E.P.C.

BY Statements

COG1     BY A1PPVT4W              11.530     0.089      0.097        0.059
COG1     BY A1WJAPW               32.560    -4.718     -5.157       -0.191
COG1     BY A3WJAPW               12.718     3.278      3.583        0.174
COG2     BY A1PPVT4W              10.827     0.279      0.304        0.183
COG2     BY A1WJAPW               28.640    -6.810     -7.424       -0.274
COG3     BY A1PPVT4W              10.100     0.283      0.287        0.173
COG3     BY A1WJAPW               25.812    -7.000     -7.101       -0.262
ATL2     BY A1CSR                 16.836     2.673      2.998        0.172
ATL2     BY R1MOTIVE              12.009    -0.923     -1.036       -0.105
ATL3     BY R1PRSIST              10.848     0.741      0.929        0.099

WITH Statements

A1CSR    WITH A1PPVT4W            14.932     3.389      3.389        0.196


TECHNICAL 1 OUTPUT


     PARAMETER SPECIFICATION


           NU
              A1PPVT4W      A1WJAPW       A1CSR         R1ATTUDE      R1MOTIVE
              ________      ________      ________      ________      ________
      1           1             2             3             4             5


           NU
              R1PRSIST      A2PPVT4W      A2WJAPW       A2CSR         R2ATTUDE
              ________      ________      ________      ________      ________
      1           6             7             8             9            10


           NU
              R2MOTIVE      R2PRSIST      A3PPVT4W      A3WJAPW       A3CSR
              ________      ________      ________      ________      ________
      1          11            12            13            14            15


           NU
              KR3ATUDE      KR3MOTIV      KR3PRSST      CHGENDER      P1RMOMED
              ________      ________      ________      ________      ________
      1          16            17            18             0             0


           NU
              A1CAGE        P1PRGTYP      P3PRGTYP
              ________      ________      ________
      1           0             0             0


           LAMBDA
              COG1          COG2          COG3          ATL1          ATL2
              ________      ________      ________      ________      ________
 A1PPVT4W          19             0             0             0             0
 A1WJAPW           20             0             0             0             0
 A1CSR             21             0             0             0             0
 R1ATTUDE           0             0             0            22             0
 R1MOTIVE           0             0             0            23             0
 R1PRSIST           0             0             0            24             0
 A2PPVT4W           0            19             0             0             0
 A2WJAPW            0            20             0             0             0
 A2CSR              0            21             0             0             0
 R2ATTUDE           0             0             0             0            22
 R2MOTIVE           0             0             0             0            23
 R2PRSIST           0             0             0             0            24
 A3PPVT4W           0             0            19             0             0
 A3WJAPW            0             0            20             0             0
 A3CSR              0             0            21             0             0
 KR3ATUDE           0             0             0             0             0
 KR3MOTIV           0             0             0             0             0
 KR3PRSST           0             0             0             0             0
 CHGENDER           0             0             0             0             0
 P1RMOMED           0             0             0             0             0
 A1CAGE             0             0             0             0             0
 P1PRGTYP           0             0             0             0             0
 P3PRGTYP           0             0             0             0             0


           LAMBDA
              ATL3          CHGENDER      P1RMOMED      A1CAGE        P1PRGTYP
              ________      ________      ________      ________      ________
 A1PPVT4W           0             0             0             0             0
 A1WJAPW            0             0             0             0             0
 A1CSR              0             0             0             0             0
 R1ATTUDE           0             0             0             0             0
 R1MOTIVE           0             0             0             0             0
 R1PRSIST           0             0             0             0             0
 A2PPVT4W           0             0             0             0             0
 A2WJAPW            0             0             0             0             0
 A2CSR              0             0             0             0             0
 R2ATTUDE           0             0             0             0             0
 R2MOTIVE           0             0             0             0             0
 R2PRSIST           0             0             0             0             0
 A3PPVT4W           0             0             0             0             0
 A3WJAPW            0             0             0             0             0
 A3CSR              0             0             0             0             0
 KR3ATUDE          22             0             0             0             0
 KR3MOTIV          23             0             0             0             0
 KR3PRSST          24             0             0             0             0
 CHGENDER           0             0             0             0             0
 P1RMOMED           0             0             0             0             0
 A1CAGE             0             0             0             0             0
 P1PRGTYP           0             0             0             0             0
 P3PRGTYP           0             0             0             0             0


           LAMBDA
              P3PRGTYP
              ________
 A1PPVT4W           0
 A1WJAPW            0
 A1CSR              0
 R1ATTUDE           0
 R1MOTIVE           0
 R1PRSIST           0
 A2PPVT4W           0
 A2WJAPW            0
 A2CSR              0
 R2ATTUDE           0
 R2MOTIVE           0
 R2PRSIST           0
 A3PPVT4W           0
 A3WJAPW            0
 A3CSR              0
 KR3ATUDE           0
 KR3MOTIV           0
 KR3PRSST           0
 CHGENDER           0
 P1RMOMED           0
 A1CAGE             0
 P1PRGTYP           0
 P3PRGTYP           0


           THETA
              A1PPVT4W      A1WJAPW       A1CSR         R1ATTUDE      R1MOTIVE
              ________      ________      ________      ________      ________
 A1PPVT4W          25
 A1WJAPW            0            26
 A1CSR              0             0            27
 R1ATTUDE           0             0             0            28
 R1MOTIVE           0             0             0             0            29
 R1PRSIST           0             0             0             0             0
 A2PPVT4W          31             0             0             0             0
 A2WJAPW            0            33             0             0             0
 A2CSR              0             0            35             0             0
 R2ATTUDE           0             0             0            37             0
 R2MOTIVE           0             0             0             0            39
 R2PRSIST           0             0             0             0             0
 A3PPVT4W          43             0             0             0             0
 A3WJAPW            0            46             0             0             0
 A3CSR              0             0            49             0             0
 KR3ATUDE           0             0             0            52             0
 KR3MOTIV           0             0             0             0            55
 KR3PRSST           0             0             0             0             0
 CHGENDER           0             0             0             0             0
 P1RMOMED           0             0             0             0             0
 A1CAGE             0             0             0             0             0
 P1PRGTYP           0             0             0             0             0
 P3PRGTYP           0             0             0             0             0


           THETA
              R1PRSIST      A2PPVT4W      A2WJAPW       A2CSR         R2ATTUDE
              ________      ________      ________      ________      ________
 R1PRSIST          30
 A2PPVT4W           0            32
 A2WJAPW            0             0            34
 A2CSR              0             0             0            36
 R2ATTUDE           0             0             0             0            38
 R2MOTIVE           0             0             0             0             0
 R2PRSIST          41             0             0             0             0
 A3PPVT4W           0            44             0             0             0
 A3WJAPW            0             0            47             0             0
 A3CSR              0             0             0            50             0
 KR3ATUDE           0             0             0             0            53
 KR3MOTIV           0             0             0             0             0
 KR3PRSST          58             0             0             0             0
 CHGENDER           0             0             0             0             0
 P1RMOMED           0             0             0             0             0
 A1CAGE             0             0             0             0             0
 P1PRGTYP           0             0             0             0             0
 P3PRGTYP           0             0             0             0             0


           THETA
              R2MOTIVE      R2PRSIST      A3PPVT4W      A3WJAPW       A3CSR
              ________      ________      ________      ________      ________
 R2MOTIVE          40
 R2PRSIST           0            42
 A3PPVT4W           0             0            45
 A3WJAPW            0             0             0            48
 A3CSR              0             0             0             0            51
 KR3ATUDE           0             0             0             0             0
 KR3MOTIV          56             0             0             0             0
 KR3PRSST           0            59             0             0             0
 CHGENDER           0             0             0             0             0
 P1RMOMED           0             0             0             0             0
 A1CAGE             0             0             0             0             0
 P1PRGTYP           0             0             0             0             0
 P3PRGTYP           0             0             0             0             0


           THETA
              KR3ATUDE      KR3MOTIV      KR3PRSST      CHGENDER      P1RMOMED
              ________      ________      ________      ________      ________
 KR3ATUDE          54
 KR3MOTIV           0            57
 KR3PRSST           0             0            60
 CHGENDER           0             0             0             0
 P1RMOMED           0             0             0             0             0
 A1CAGE             0             0             0             0             0
 P1PRGTYP           0             0             0             0             0
 P3PRGTYP           0             0             0             0             0


           THETA
              A1CAGE        P1PRGTYP      P3PRGTYP
              ________      ________      ________
 A1CAGE             0
 P1PRGTYP           0             0
 P3PRGTYP           0             0             0


           ALPHA
              COG1          COG2          COG3          ATL1          ATL2
              ________      ________      ________      ________      ________
      1           0             0             0             0             0


           ALPHA
              ATL3          CHGENDER      P1RMOMED      A1CAGE        P1PRGTYP
              ________      ________      ________      ________      ________
      1           0             0             0             0             0


           ALPHA
              P3PRGTYP
              ________
      1           0


           BETA
              COG1          COG2          COG3          ATL1          ATL2
              ________      ________      ________      ________      ________
 COG1               0             0             0             0             0
 COG2              65             0             0            66             0
 COG3               0            67             0             0            68
 ATL1               0             0             0             0             0
 ATL2              74             0             0            75             0
 ATL3               0            76             0             0            77
 CHGENDER           0             0             0             0             0
 P1RMOMED           0             0             0             0             0
 A1CAGE             0             0             0             0             0
 P1PRGTYP           0             0             0             0             0
 P3PRGTYP           0             0             0             0             0


           BETA
              ATL3          CHGENDER      P1RMOMED      A1CAGE        P1PRGTYP
              ________      ________      ________      ________      ________
 COG1               0            61            62            63            64
 COG2               0             0             0             0             0
 COG3               0             0             0             0             0
 ATL1               0            70            71            72            73
 ATL2               0             0             0             0             0
 ATL3               0             0             0             0             0
 CHGENDER           0             0             0             0             0
 P1RMOMED           0             0             0             0             0
 A1CAGE             0             0             0             0             0
 P1PRGTYP           0             0             0             0             0
 P3PRGTYP           0             0             0             0             0


           BETA
              P3PRGTYP
              ________
 COG1               0
 COG2               0
 COG3              69
 ATL1               0
 ATL2               0
 ATL3              78
 CHGENDER           0
 P1RMOMED           0
 A1CAGE             0
 P1PRGTYP           0
 P3PRGTYP           0


           PSI
              COG1          COG2          COG3          ATL1          ATL2
              ________      ________      ________      ________      ________
 COG1               0
 COG2               0            79
 COG3               0             0            80
 ATL1              81             0             0             0
 ATL2               0            82             0             0            83
 ATL3               0             0            84             0             0
 CHGENDER           0             0             0             0             0
 P1RMOMED           0             0             0             0             0
 A1CAGE             0             0             0             0             0
 P1PRGTYP           0             0             0             0             0
 P3PRGTYP           0             0             0             0             0


           PSI
              ATL3          CHGENDER      P1RMOMED      A1CAGE        P1PRGTYP
              ________      ________      ________      ________      ________
 ATL3              85
 CHGENDER           0             0
 P1RMOMED           0             0             0
 A1CAGE             0             0             0             0
 P1PRGTYP           0             0             0             0             0
 P3PRGTYP           0             0             0             0             0


           PSI
              P3PRGTYP
              ________
 P3PRGTYP           0


     STARTING VALUES


           NU
              A1PPVT4W      A1WJAPW       A1CSR         R1ATTUDE      R1MOTIVE
              ________      ________      ________      ________      ________
      1        10.773       380.827        62.156        52.045        52.217


           NU
              R1PRSIST      A2PPVT4W      A2WJAPW       A2CSR         R2ATTUDE
              ________      ________      ________      ________      ________
      1        52.246        11.773       398.949        61.724        52.084


           NU
              R2MOTIVE      R2PRSIST      A3PPVT4W      A3WJAPW       A3CSR
              ________      ________      ________      ________      ________
      1        52.487        52.496        13.465       425.974        66.359


           NU
              KR3ATUDE      KR3MOTIV      KR3PRSST      CHGENDER      P1RMOMED
              ________      ________      ________      ________      ________
      1        51.453        50.464        49.777         0.000         0.000


           NU
              A1CAGE        P1PRGTYP      P3PRGTYP
              ________      ________      ________
      1         0.000         0.000         0.000


           LAMBDA
              COG1          COG2          COG3          ATL1          ATL2
              ________      ________      ________      ________      ________
 A1PPVT4W       1.000         0.000         0.000         0.000         0.000
 A1WJAPW        1.000         0.000         0.000         0.000         0.000
 A1CSR          1.000         0.000         0.000         0.000         0.000
 R1ATTUDE       0.000         0.000         0.000         1.000         0.000
 R1MOTIVE       0.000         0.000         0.000         1.000         0.000
 R1PRSIST       0.000         0.000         0.000         1.000         0.000
 A2PPVT4W       0.000         1.251         0.000         0.000         0.000
 A2WJAPW        0.000        16.190         0.000         0.000         0.000
 A2CSR          0.000         7.330         0.000         0.000         0.000
 R2ATTUDE       0.000         0.000         0.000         0.000         7.666
 R2MOTIVE       0.000         0.000         0.000         0.000         7.130
 R2PRSIST       0.000         0.000         0.000         0.000         9.628
 A3PPVT4W       0.000         0.000         1.156         0.000         0.000
 A3WJAPW        0.000         0.000        15.153         0.000         0.000
 A3CSR          0.000         0.000         6.781         0.000         0.000
 KR3ATUDE       0.000         0.000         0.000         0.000         0.000
 KR3MOTIV       0.000         0.000         0.000         0.000         0.000
 KR3PRSST       0.000         0.000         0.000         0.000         0.000
 CHGENDER       0.000         0.000         0.000         0.000         0.000
 P1RMOMED       0.000         0.000         0.000         0.000         0.000
 A1CAGE         0.000         0.000         0.000         0.000         0.000
 P1PRGTYP       0.000         0.000         0.000         0.000         0.000
 P3PRGTYP       0.000         0.000         0.000         0.000         0.000


           LAMBDA
              ATL3          CHGENDER      P1RMOMED      A1CAGE        P1PRGTYP
              ________      ________      ________      ________      ________
 A1PPVT4W       0.000         0.000         0.000         0.000         0.000
 A1WJAPW        0.000         0.000         0.000         0.000         0.000
 A1CSR          0.000         0.000         0.000         0.000         0.000
 R1ATTUDE       0.000         0.000         0.000         0.000         0.000
 R1MOTIVE       0.000         0.000         0.000         0.000         0.000
 R1PRSIST       0.000         0.000         0.000         0.000         0.000
 A2PPVT4W       0.000         0.000         0.000         0.000         0.000
 A2WJAPW        0.000         0.000         0.000         0.000         0.000
 A2CSR          0.000         0.000         0.000         0.000         0.000
 R2ATTUDE       0.000         0.000         0.000         0.000         0.000
 R2MOTIVE       0.000         0.000         0.000         0.000         0.000
 R2PRSIST       0.000         0.000         0.000         0.000         0.000
 A3PPVT4W       0.000         0.000         0.000         0.000         0.000
 A3WJAPW        0.000         0.000         0.000         0.000         0.000
 A3CSR          0.000         0.000         0.000         0.000         0.000
 KR3ATUDE       8.362         0.000         0.000         0.000         0.000
 KR3MOTIV       8.775         0.000         0.000         0.000         0.000
 KR3PRSST      10.645         0.000         0.000         0.000         0.000
 CHGENDER       0.000         1.000         0.000         0.000         0.000
 P1RMOMED       0.000         0.000         1.000         0.000         0.000
 A1CAGE         0.000         0.000         0.000         1.000         0.000
 P1PRGTYP       0.000         0.000         0.000         0.000         1.000
 P3PRGTYP       0.000         0.000         0.000         0.000         0.000


           LAMBDA
              P3PRGTYP
              ________
 A1PPVT4W       0.000
 A1WJAPW        0.000
 A1CSR          0.000
 R1ATTUDE       0.000
 R1MOTIVE       0.000
 R1PRSIST       0.000
 A2PPVT4W       0.000
 A2WJAPW        0.000
 A2CSR          0.000
 R2ATTUDE       0.000
 R2MOTIVE       0.000
 R2PRSIST       0.000
 A3PPVT4W       0.000
 A3WJAPW        0.000
 A3CSR          0.000
 KR3ATUDE       0.000
 KR3MOTIV       0.000
 KR3PRSST       0.000
 CHGENDER       0.000
 P1RMOMED       0.000
 A1CAGE         0.000
 P1PRGTYP       0.000
 P3PRGTYP       1.000


           THETA
              A1PPVT4W      A1WJAPW       A1CSR         R1ATTUDE      R1MOTIVE
              ________      ________      ________      ________      ________
 A1PPVT4W       1.446
 A1WJAPW        0.000       303.617
 A1CSR          0.000         0.000       157.874
 R1ATTUDE       0.000         0.000         0.000        42.394
 R1MOTIVE       0.000         0.000         0.000         0.000        43.651
 R1PRSIST       0.000         0.000         0.000         0.000         0.000
 A2PPVT4W       0.000         0.000         0.000         0.000         0.000
 A2WJAPW        0.000         0.000         0.000         0.000         0.000
 A2CSR          0.000         0.000         0.000         0.000         0.000
 R2ATTUDE       0.000         0.000         0.000         0.000         0.000
 R2MOTIVE       0.000         0.000         0.000         0.000         0.000
 R2PRSIST       0.000         0.000         0.000         0.000         0.000
 A3PPVT4W       0.000         0.000         0.000         0.000         0.000
 A3WJAPW        0.000         0.000         0.000         0.000         0.000
 A3CSR          0.000         0.000         0.000         0.000         0.000
 KR3ATUDE       0.000         0.000         0.000         0.000         0.000
 KR3MOTIV       0.000         0.000         0.000         0.000         0.000
 KR3PRSST       0.000         0.000         0.000         0.000         0.000
 CHGENDER       0.000         0.000         0.000         0.000         0.000
 P1RMOMED       0.000         0.000         0.000         0.000         0.000
 A1CAGE         0.000         0.000         0.000         0.000         0.000
 P1PRGTYP       0.000         0.000         0.000         0.000         0.000
 P3PRGTYP       0.000         0.000         0.000         0.000         0.000


           THETA
              R1PRSIST      A2PPVT4W      A2WJAPW       A2CSR         R2ATTUDE
              ________      ________      ________      ________      ________
 R1PRSIST      44.237
 A2PPVT4W       0.000         1.121
 A2WJAPW        0.000         0.000       210.767
 A2CSR          0.000         0.000         0.000       147.826
 R2ATTUDE       0.000         0.000         0.000         0.000        43.752
 R2MOTIVE       0.000         0.000         0.000         0.000         0.000
 R2PRSIST       0.000         0.000         0.000         0.000         0.000
 A3PPVT4W       0.000         0.000         0.000         0.000         0.000
 A3WJAPW        0.000         0.000         0.000         0.000         0.000
 A3CSR          0.000         0.000         0.000         0.000         0.000
 KR3ATUDE       0.000         0.000         0.000         0.000         0.000
 KR3MOTIV       0.000         0.000         0.000         0.000         0.000
 KR3PRSST       0.000         0.000         0.000         0.000         0.000
 CHGENDER       0.000         0.000         0.000         0.000         0.000
 P1RMOMED       0.000         0.000         0.000         0.000         0.000
 A1CAGE         0.000         0.000         0.000         0.000         0.000
 P1PRGTYP       0.000         0.000         0.000         0.000         0.000
 P3PRGTYP       0.000         0.000         0.000         0.000         0.000


           THETA
              R2MOTIVE      R2PRSIST      A3PPVT4W      A3WJAPW       A3CSR
              ________      ________      ________      ________      ________
 R2MOTIVE      49.034
 R2PRSIST       0.000        47.693
 A3PPVT4W       0.000         0.000         0.996
 A3WJAPW        0.000         0.000         0.000       228.589
 A3CSR          0.000         0.000         0.000         0.000       135.808
 KR3ATUDE       0.000         0.000         0.000         0.000         0.000
 KR3MOTIV       0.000         0.000         0.000         0.000         0.000
 KR3PRSST       0.000         0.000         0.000         0.000         0.000
 CHGENDER       0.000         0.000         0.000         0.000         0.000
 P1RMOMED       0.000         0.000         0.000         0.000         0.000
 A1CAGE         0.000         0.000         0.000         0.000         0.000
 P1PRGTYP       0.000         0.000         0.000         0.000         0.000
 P3PRGTYP       0.000         0.000         0.000         0.000         0.000


           THETA
              KR3ATUDE      KR3MOTIV      KR3PRSST      CHGENDER      P1RMOMED
              ________      ________      ________      ________      ________
 KR3ATUDE      49.293
 KR3MOTIV       0.000        67.299
 KR3PRSST       0.000         0.000        63.705
 CHGENDER       0.000         0.000         0.000         0.000
 P1RMOMED       0.000         0.000         0.000         0.000         0.000
 A1CAGE         0.000         0.000         0.000         0.000         0.000
 P1PRGTYP       0.000         0.000         0.000         0.000         0.000
 P3PRGTYP       0.000         0.000         0.000         0.000         0.000


           THETA
              A1CAGE        P1PRGTYP      P3PRGTYP
              ________      ________      ________
 A1CAGE         0.000
 P1PRGTYP       0.000         0.000
 P3PRGTYP       0.000         0.000         0.000


           ALPHA
              COG1          COG2          COG3          ATL1          ATL2
              ________      ________      ________      ________      ________
      1         0.000         0.000         0.000         0.000         0.000


           ALPHA
              ATL3          CHGENDER      P1RMOMED      A1CAGE        P1PRGTYP
              ________      ________      ________      ________      ________
      1         0.000         0.536         2.107        53.600         1.540


           ALPHA
              P3PRGTYP
              ________
      1         4.147


           BETA
              COG1          COG2          COG3          ATL1          ATL2
              ________      ________      ________      ________      ________
 COG1           0.000         0.000         0.000         0.000         0.000
 COG2           0.000         0.000         0.000         0.000         0.000
 COG3           0.000         0.000         0.000         0.000         0.000
 ATL1           0.000         0.000         0.000         0.000         0.000
 ATL2           0.000         0.000         0.000         0.000         0.000
 ATL3           0.000         0.000         0.000         0.000         0.000
 CHGENDER       0.000         0.000         0.000         0.000         0.000
 P1RMOMED       0.000         0.000         0.000         0.000         0.000
 A1CAGE         0.000         0.000         0.000         0.000         0.000
 P1PRGTYP       0.000         0.000         0.000         0.000         0.000
 P3PRGTYP       0.000         0.000         0.000         0.000         0.000


           BETA
              ATL3          CHGENDER      P1RMOMED      A1CAGE        P1PRGTYP
              ________      ________      ________      ________      ________
 COG1           0.000         0.000         0.000         0.000         0.000
 COG2           0.000         0.000         0.000         0.000         0.000
 COG3           0.000         0.000         0.000         0.000         0.000
 ATL1           0.000         0.000         0.000         0.000         0.000
 ATL2           0.000         0.000         0.000         0.000         0.000
 ATL3           0.000         0.000         0.000         0.000         0.000
 CHGENDER       0.000         0.000         0.000         0.000         0.000
 P1RMOMED       0.000         0.000         0.000         0.000         0.000
 A1CAGE         0.000         0.000         0.000         0.000         0.000
 P1PRGTYP       0.000         0.000         0.000         0.000         0.000
 P3PRGTYP       0.000         0.000         0.000         0.000         0.000


           BETA
              P3PRGTYP
              ________
 COG1           0.000
 COG2           0.000
 COG3           0.000
 ATL1           0.000
 ATL2           0.000
 ATL3           0.000
 CHGENDER       0.000
 P1RMOMED       0.000
 A1CAGE         0.000
 P1PRGTYP       0.000
 P3PRGTYP       0.000


           PSI
              COG1          COG2          COG3          ATL1          ATL2
              ________      ________      ________      ________      ________
 COG1           1.000
 COG2           0.000         0.050
 COG3           0.000         0.000         0.050
 ATL1           0.000         0.000         0.000         1.000
 ATL2           0.000         0.000         0.000         0.000         0.050
 ATL3           0.000         0.000         0.000         0.000         0.000
 CHGENDER       0.000         0.000         0.000         0.000         0.000
 P1RMOMED       0.000         0.000         0.000         0.000         0.000
 A1CAGE         0.000         0.000         0.000         0.000         0.000
 P1PRGTYP       0.000         0.000         0.000         0.000         0.000
 P3PRGTYP       0.000         0.000         0.000         0.000         0.000


           PSI
              ATL3          CHGENDER      P1RMOMED      A1CAGE        P1PRGTYP
              ________      ________      ________      ________      ________
 ATL3           0.050
 CHGENDER       0.000         0.249
 P1RMOMED       0.000        -0.004         0.767
 A1CAGE         0.000         0.078        -0.009        13.554
 P1PRGTYP       0.000        -0.005        -0.006         0.022         0.248
 P3PRGTYP       0.000         0.003        -0.019         0.062         0.031


           PSI
              P3PRGTYP
              ________
 P3PRGTYP       0.126


DIAGRAM INFORMATION

  Use View Diagram under the Diagram menu in the Mplus Editor to view the diagram.
  If running Mplus from the Mplus Diagrammer, the diagram opens automatically.

  Diagram output
    c:\users\bfoste01\dropbox\scripts on the go\scripts\10-22-14\no-weights\2.cross-lag-controls-nw.

     Beginning Time:  09:42:45
        Ending Time:  09:42:46
       Elapsed Time:  00:00:01



MUTHEN & MUTHEN
3463 Stoner Ave.
Los Angeles, CA  90066

Tel: (310) 391-9971
Fax: (310) 391-8971
Web: www.StatModel.com
Support: Support@StatModel.com

Copyright (c) 1998-2014 Muthen & Muthen
