Mplus VERSION 7.3
MUTHEN & MUTHEN
10/23/2014   9:45 AM

INPUT INSTRUCTIONS

    TITLE:
      Cross-lag model, no controls, no problem BeH
    DATA: FILE = "moderation.4.dat";
    DEFINE: A1PPVT4W = A1PPVT4W/10;
            A1WJLWW = A1WJLWW/10;
            A2PPVT4W = A2PPVT4W/10;
            A2WJLWW = A2WJLWW/10;
            A3PPVT4W = A3PPVT4W/10;
            A3WJLWW = A3WJLWW/10;
    VARIABLE:
    NAMES = A1PPVT4W A1WJAPW A1WJLWW A1CSR A1ECMIRT A1WJSW R1ATTUDE R1MOTIVE R1PRSIST
         A2PPVT4W A2WJAPW A2WJLWW A2CSR A2ECMIRT A2WJSW R2ATTUDE R2MOTIVE R2PRSIST
         A3PPVT4W A3WJAPW A3WJLWW A3CSR A3ECMIRT A3WJSW KR3ATUDE KR3MOTIV KR3PRSST
         R1TPLBS R2TPLBS KR3TPLBS STRAT PSU PRA12OTW CHGENDER P1RMOMED A1CAGE A2CAGE
         A3CAGE CRACE P1PRGTYP P2PRGTYP P3PRGTYP O2CLSSCD O2CLSSIS O2CLSSLM O2CLSSQF
         CLS1_ID CLS2_ID CLS3_ID R1BAGGR R1BWITH R1BHYPER R1ATTUDE_1 R2BAGGR R2BWITH
         R2BHYPER KR3BAGGR KR3BHYPE KR3BWITH BINAGGR1 BINWITH1 BINHYP1 BINAGGR2 BINWITH2
         BINHYP2 BINAGGR3 BINWITH3 BINHYP3;
    USEVARIABLES = A1PPVT4W A1WJAPW A1CSR
         R1ATTUDE R1MOTIVE R1PRSIST
         A2PPVT4W A2WJAPW A2CSR
         R2ATTUDE R2MOTIVE R2PRSIST
         A3PPVT4W A3WJAPW A3CSR
         KR3ATUDE KR3MOTIV KR3PRSST
         STRAT PSU PRA12OTW
         CHGENDER P1RMOMED A1CAGE  P1PRGTYP P3PRGTYP;
    STRATIFICATION = STRAT;
    CLUSTER = PSU;
    WEIGHT = PRA12OTW;
    MISSING=.;
    ANALYSIS:
      TYPE = COMPLEX;
      ITERATIONS = 10000;
      ESTIMATOR = MLR;
      PROCESSORS = 5;
    MODEL:
      cog1 BY A1WJAPW*(1)
      A1PPVT4W(2)
      A1CSR(3);
      cog2 BY A2WJAPW*(1)
      A2PPVT4W(2)
      A2CSR(3);
      cog3 BY A3WJAPW*(1)
      A3PPVT4W(2)
      A3CSR(3);
      cog1@1.0;

      atl1 BY R1ATTUDE*(4)
      R1MOTIVE(5)
      R1PRSIST(6);
      atl2 BY R2ATTUDE*(4)
      R2MOTIVE(5)
      R2PRSIST(6);
      atl3 BY KR3ATUDE*(4)
      KR3MOTIV(5)
      KR3PRSST(6);
      atl1@1.0;

      !allow some correlated residuals
      !auto-correlations
      A1WJAPW WITH A2WJAPW A3WJAPW;
      A2WJAPW WITH A3WJAPW;
      A1PPVT4W WITH A2PPVT4W A3PPVT4W;
      A2PPVT4W WITH A3PPVT4W;
      A1CSR WITH A2CSR A3CSR;
      A2CSR WITH A3CSR;
      R1ATTUDE WITH R2ATTUDE KR3ATUDE;
      R2ATTUDE WITH KR3ATUDE;
      R1MOTIVE WITH R2MOTIVE KR3MOTIV;
      R2MOTIVE WITH KR3MOTIV;
      R1PRSIST WITH R2PRSIST KR3PRSST;
      R2PRSIST WITH KR3PRSST;

     !allowing only concurrent non-directional paths
      atl1 WITH cog1;
      atl2 WITH cog2;
      atl3 WITH cog3;

     !cross-lagged paths
      cog2 ON cog1;
      atl2 ON cog1;
      atl2 ON atl1;
      cog2 ON atl1;
      cog3 ON cog2;
      cog3 ON atl2;
      atl3 ON cog2;
      atl3 ON atl2;

      cog1 ON CHGENDER;
      cog1 ON P1RMOMED;
      cog1 ON P1PRGTYP;
      cog3 ON P3PRGTYP;
      atl1 ON P1PRGTYP;
      atl3 ON P3PRGTYP;
      atl1 ON CHGENDER;
      atl1 ON P1RMOMED;
      cog1 ON A1CAGE;
      atl1 ON A1CAGE;


      OUTPUT:
        TECH1
        SAMPSTAT
        modindices;
        STANDARDIZED;




*** WARNING
  Data set contains cases with missing on x-variables.
  These cases were not included in the analysis.
  Number of cases with missing on x-variables:  58
   1 WARNING(S) FOUND IN THE INPUT INSTRUCTIONS




Cross-lag model, no controls, no problem BeH

SUMMARY OF ANALYSIS

Number of groups                                                 1
Number of observations                                         563

Number of dependent variables                                   18
Number of independent variables                                  5
Number of continuous latent variables                            6

Observed dependent variables

  Continuous
   A1PPVT4W    A1WJAPW     A1CSR       R1ATTUDE    R1MOTIVE    R1PRSIST
   A2PPVT4W    A2WJAPW     A2CSR       R2ATTUDE    R2MOTIVE    R2PRSIST
   A3PPVT4W    A3WJAPW     A3CSR       KR3ATUDE    KR3MOTIV    KR3PRSST

Observed independent variables
   CHGENDER    P1RMOMED    A1CAGE      P1PRGTYP    P3PRGTYP

Continuous latent variables
   COG1        COG2        COG3        ATL1        ATL2        ATL3

Variables with special functions

  Stratification        STRAT
  Cluster variable      PSU
  Weight variable       PRA12OTW

Estimator                                                      MLR
Information matrix                                        OBSERVED
Maximum number of iterations                                 10000
Convergence criterion                                    0.500D-04
Maximum number of steepest descent iterations                   20
Maximum number of iterations for H1                           2000
Convergence criterion for H1                             0.100D-03

Input data file(s)
  moderation.4.dat

Input data format  FREE


SUMMARY OF DATA

     Number of missing data patterns            28
     Number of strata                      14
     Number of clusters                    60


COVARIANCE COVERAGE OF DATA

Minimum covariance coverage value   0.100


     PROPORTION OF DATA PRESENT


           Covariance Coverage
              A1PPVT4W      A1WJAPW       A1CSR         R1ATTUDE      R1MOTIVE
              ________      ________      ________      ________      ________
 A1PPVT4W       1.000
 A1WJAPW        0.964         0.964
 A1CSR          1.000         0.964         1.000
 R1ATTUDE       0.963         0.929         0.963         0.963
 R1MOTIVE       0.963         0.929         0.963         0.963         0.963
 R1PRSIST       0.963         0.929         0.963         0.963         0.963
 A2PPVT4W       0.980         0.945         0.980         0.943         0.943
 A2WJAPW        0.973         0.940         0.973         0.936         0.936
 A2CSR          0.986         0.950         0.986         0.948         0.948
 R2ATTUDE       0.943         0.908         0.943         0.920         0.920
 R2MOTIVE       0.943         0.908         0.943         0.920         0.920
 R2PRSIST       0.943         0.908         0.943         0.920         0.920
 A3PPVT4W       0.885         0.849         0.885         0.849         0.849
 A3WJAPW        0.881         0.845         0.881         0.845         0.845
 A3CSR          0.885         0.849         0.885         0.849         0.849
 KR3ATUDE       0.687         0.670         0.687         0.671         0.671
 KR3MOTIV       0.687         0.670         0.687         0.671         0.671
 KR3PRSST       0.687         0.670         0.687         0.671         0.671
 CHGENDER       1.000         0.964         1.000         0.963         0.963
 P1RMOMED       1.000         0.964         1.000         0.963         0.963
 A1CAGE         1.000         0.964         1.000         0.963         0.963
 P1PRGTYP       1.000         0.964         1.000         0.963         0.963
 P3PRGTYP       1.000         0.964         1.000         0.963         0.963


           Covariance Coverage
              R1PRSIST      A2PPVT4W      A2WJAPW       A2CSR         R2ATTUDE
              ________      ________      ________      ________      ________
 R1PRSIST       0.963
 A2PPVT4W       0.943         0.980
 A2WJAPW        0.936         0.970         0.973
 A2CSR          0.948         0.980         0.973         0.986
 R2ATTUDE       0.920         0.925         0.918         0.931         0.943
 R2MOTIVE       0.920         0.925         0.918         0.931         0.943
 R2PRSIST       0.920         0.925         0.918         0.931         0.943
 A3PPVT4W       0.849         0.865         0.860         0.870         0.837
 A3WJAPW        0.845         0.861         0.856         0.867         0.835
 A3CSR          0.849         0.865         0.860         0.870         0.837
 KR3ATUDE       0.671         0.671         0.668         0.675         0.648
 KR3MOTIV       0.671         0.671         0.668         0.675         0.648
 KR3PRSST       0.671         0.671         0.668         0.675         0.648
 CHGENDER       0.963         0.980         0.973         0.986         0.943
 P1RMOMED       0.963         0.980         0.973         0.986         0.943
 A1CAGE         0.963         0.980         0.973         0.986         0.943
 P1PRGTYP       0.963         0.980         0.973         0.986         0.943
 P3PRGTYP       0.963         0.980         0.973         0.986         0.943


           Covariance Coverage
              R2MOTIVE      R2PRSIST      A3PPVT4W      A3WJAPW       A3CSR
              ________      ________      ________      ________      ________
 R2MOTIVE       0.943
 R2PRSIST       0.943         0.943
 A3PPVT4W       0.837         0.837         0.885
 A3WJAPW        0.835         0.835         0.881         0.881
 A3CSR          0.837         0.837         0.885         0.881         0.885
 KR3ATUDE       0.648         0.648         0.595         0.591         0.595
 KR3MOTIV       0.648         0.648         0.595         0.591         0.595
 KR3PRSST       0.648         0.648         0.595         0.591         0.595
 CHGENDER       0.943         0.943         0.885         0.881         0.885
 P1RMOMED       0.943         0.943         0.885         0.881         0.885
 A1CAGE         0.943         0.943         0.885         0.881         0.885
 P1PRGTYP       0.943         0.943         0.885         0.881         0.885
 P3PRGTYP       0.943         0.943         0.885         0.881         0.885


           Covariance Coverage
              KR3ATUDE      KR3MOTIV      KR3PRSST      CHGENDER      P1RMOMED
              ________      ________      ________      ________      ________
 KR3ATUDE       0.687
 KR3MOTIV       0.687         0.687
 KR3PRSST       0.687         0.687         0.687
 CHGENDER       0.687         0.687         0.687         1.000
 P1RMOMED       0.687         0.687         0.687         1.000         1.000
 A1CAGE         0.687         0.687         0.687         1.000         1.000
 P1PRGTYP       0.687         0.687         0.687         1.000         1.000
 P3PRGTYP       0.687         0.687         0.687         1.000         1.000


           Covariance Coverage
              A1CAGE        P1PRGTYP      P3PRGTYP
              ________      ________      ________
 A1CAGE         1.000
 P1PRGTYP       1.000         1.000
 P3PRGTYP       1.000         1.000         1.000


SAMPLE STATISTICS


     ESTIMATED SAMPLE STATISTICS


           Means
              A1PPVT4W      A1WJAPW       A1CSR         R1ATTUDE      R1MOTIVE
              ________      ________      ________      ________      ________
      1        10.816       381.635        63.288        52.048        52.542


           Means
              R1PRSIST      A2PPVT4W      A2WJAPW       A2CSR         R2ATTUDE
              ________      ________      ________      ________      ________
      1        52.398        11.831       399.056        62.655        52.339


           Means
              R2MOTIVE      R2PRSIST      A3PPVT4W      A3WJAPW       A3CSR
              ________      ________      ________      ________      ________
      1        52.797        52.746        13.533       426.509        66.167


           Means
              KR3ATUDE      KR3MOTIV      KR3PRSST      CHGENDER      P1RMOMED
              ________      ________      ________      ________      ________
      1        50.556        50.066        49.405         0.526         2.159


           Means
              A1CAGE        P1PRGTYP      P3PRGTYP
              ________      ________      ________
      1        53.604         1.579         4.179


           Covariances
              A1PPVT4W      A1WJAPW       A1CSR         R1ATTUDE      R1MOTIVE
              ________      ________      ________      ________      ________
 A1PPVT4W       2.714
 A1WJAPW       11.955       620.461
 A1CSR         12.763       105.099       308.680
 R1ATTUDE       2.376        27.809        35.805        79.498
 R1MOTIVE       3.894        42.067        28.447        43.151        86.689
 R1PRSIST       3.423        47.373        47.520        62.831        50.454
 A2PPVT4W       1.639        10.266         8.516         2.006         3.140
 A2WJAPW       19.678       204.408       123.238        30.559        49.914
 A2CSR          8.054        87.722       122.159        42.959        28.866
 R2ATTUDE       1.967        10.132        39.695        49.339        25.035
 R2MOTIVE       3.786        39.407        53.544        34.553        50.311
 R2PRSIST       3.212        30.951        57.554        46.709        32.142
 A3PPVT4W       1.282         7.704         7.643         2.046         2.968
 A3WJAPW       17.262       155.093       120.215        40.577        56.310
 A3CSR          6.568        61.765        84.406        41.435        33.325
 KR3ATUDE       1.931        -0.935        38.007        33.154        16.681
 KR3MOTIV       4.360        58.510        46.054        26.092        38.997
 KR3PRSST       4.565        34.370        62.645        31.556        23.014
 CHGENDER      -0.075        -0.998        -1.900        -0.918        -0.915
 P1RMOMED       0.281         2.291         0.950         0.338         0.963
 A1CAGE         1.657        13.642         3.054         0.583         2.263
 P1PRGTYP       0.020        -0.100         0.826         0.423         0.476
 P3PRGTYP      -0.019         0.028         0.060        -0.241        -0.252


           Covariances
              R1PRSIST      A2PPVT4W      A2WJAPW       A2CSR         R2ATTUDE
              ________      ________      ________      ________      ________
 R1PRSIST      83.218
 A2PPVT4W       3.115         2.034
 A2WJAPW       54.050        19.157       409.314
 A2CSR         50.706         8.206       125.643       295.889
 R2ATTUDE      45.294         2.167        24.069        47.825        84.945
 R2MOTIVE      42.573         3.333        47.977        46.597        52.461
 R2PRSIST      57.393         3.241        48.106        52.593        68.757
 A3PPVT4W       3.005         1.373        14.366         7.383         2.272
 A3WJAPW       56.019        16.363       280.432       121.320        37.183
 A3CSR         49.886         5.910        92.028        98.870        44.959
 KR3ATUDE      34.592         1.493        37.724        46.299        31.595
 KR3MOTIV      35.127         3.354        68.710        52.189        20.536
 KR3PRSST      37.612         3.626        71.474        69.713        32.372
 CHGENDER      -1.364        -0.055        -0.573        -1.988        -0.812
 P1RMOMED       0.629         0.225         3.470         1.674         0.126
 A1CAGE         1.426         1.621        15.855         3.490         1.314
 P1PRGTYP       0.478         0.081         0.629        -0.223         0.929
 P3PRGTYP      -0.050         0.006         0.358        -0.318        -0.107


           Covariances
              R2MOTIVE      R2PRSIST      A3PPVT4W      A3WJAPW       A3CSR
              ________      ________      ________      ________      ________
 R2MOTIVE      93.618
 R2PRSIST      62.303        90.648
 A3PPVT4W       3.252         2.692         1.936
 A3WJAPW       60.954        54.294        17.474       477.065
 A3CSR         50.651        42.514         7.213       103.853       272.398
 KR3ATUDE      21.463        32.308         2.020        40.074        53.194
 KR3MOTIV      38.187        29.105         3.478        70.707        49.513
 KR3PRSST      27.316        37.415         2.988        80.722        60.075
 CHGENDER      -0.752        -0.958        -0.014         0.092        -1.598
 P1RMOMED       0.997         0.134         0.272         3.947         2.274
 A1CAGE         3.037         3.605         1.155        16.708        -3.457
 P1PRGTYP       0.736         0.746         0.115         1.328         1.438
 P3PRGTYP      -0.494        -0.059        -0.026        -0.305        -0.314


           Covariances
              KR3ATUDE      KR3MOTIV      KR3PRSST      CHGENDER      P1RMOMED
              ________      ________      ________      ________      ________
 KR3ATUDE      99.672
 KR3MOTIV      71.371       137.834
 KR3PRSST      85.335        88.604       126.273
 CHGENDER      -0.736        -1.037        -1.138         0.249
 P1RMOMED      -0.192         0.128        -0.039        -0.025         0.800
 A1CAGE         3.403         6.148         5.641         0.160        -0.048
 P1PRGTYP       0.520         0.230         0.310        -0.007         0.008
 P3PRGTYP      -0.225        -0.668        -0.083         0.002        -0.030


           Covariances
              A1CAGE        P1PRGTYP      P3PRGTYP
              ________      ________      ________
 A1CAGE        14.306
 P1PRGTYP       0.030         0.244
 P3PRGTYP       0.067         0.038         0.147


           Correlations
              A1PPVT4W      A1WJAPW       A1CSR         R1ATTUDE      R1MOTIVE
              ________      ________      ________      ________      ________
 A1PPVT4W       1.000
 A1WJAPW        0.291         1.000
 A1CSR          0.441         0.240         1.000
 R1ATTUDE       0.162         0.125         0.229         1.000
 R1MOTIVE       0.254         0.181         0.174         0.520         1.000
 R1PRSIST       0.228         0.208         0.296         0.772         0.594
 A2PPVT4W       0.698         0.289         0.340         0.158         0.237
 A2WJAPW        0.590         0.406         0.347         0.169         0.265
 A2CSR          0.284         0.205         0.404         0.280         0.180
 R2ATTUDE       0.130         0.044         0.245         0.600         0.292
 R2MOTIVE       0.238         0.164         0.315         0.401         0.558
 R2PRSIST       0.205         0.131         0.344         0.550         0.363
 A3PPVT4W       0.559         0.222         0.313         0.165         0.229
 A3WJAPW        0.480         0.285         0.313         0.208         0.277
 A3CSR          0.242         0.150         0.291         0.282         0.217
 KR3ATUDE       0.117        -0.004         0.217         0.372         0.179
 KR3MOTIV       0.225         0.200         0.223         0.249         0.357
 KR3PRSST       0.247         0.123         0.317         0.315         0.220
 CHGENDER      -0.091        -0.080        -0.217        -0.206        -0.197
 P1RMOMED       0.191         0.103         0.060         0.042         0.116
 A1CAGE         0.266         0.145         0.046         0.017         0.064
 P1PRGTYP       0.025        -0.008         0.095         0.096         0.104
 P3PRGTYP      -0.030         0.003         0.009        -0.070        -0.070


           Correlations
              R1PRSIST      A2PPVT4W      A2WJAPW       A2CSR         R2ATTUDE
              ________      ________      ________      ________      ________
 R1PRSIST       1.000
 A2PPVT4W       0.239         1.000
 A2WJAPW        0.293         0.664         1.000
 A2CSR          0.323         0.335         0.361         1.000
 R2ATTUDE       0.539         0.165         0.129         0.302         1.000
 R2MOTIVE       0.482         0.242         0.245         0.280         0.588
 R2PRSIST       0.661         0.239         0.250         0.321         0.784
 A3PPVT4W       0.237         0.692         0.510         0.308         0.177
 A3WJAPW        0.281         0.525         0.635         0.323         0.185
 A3CSR          0.331         0.251         0.276         0.348         0.296
 KR3ATUDE       0.380         0.105         0.187         0.270         0.343
 KR3MOTIV       0.328         0.200         0.289         0.258         0.190
 KR3PRSST       0.367         0.226         0.314         0.361         0.313
 CHGENDER      -0.299        -0.077        -0.057        -0.232        -0.176
 P1RMOMED       0.077         0.176         0.192         0.109         0.015
 A1CAGE         0.041         0.300         0.207         0.054         0.038
 P1PRGTYP       0.106         0.114         0.063        -0.026         0.204
 P3PRGTYP      -0.014         0.011         0.046        -0.048        -0.030


           Correlations
              R2MOTIVE      R2PRSIST      A3PPVT4W      A3WJAPW       A3CSR
              ________      ________      ________      ________      ________
 R2MOTIVE       1.000
 R2PRSIST       0.676         1.000
 A3PPVT4W       0.241         0.203         1.000
 A3WJAPW        0.288         0.261         0.575         1.000
 A3CSR          0.317         0.271         0.314         0.288         1.000
 KR3ATUDE       0.222         0.340         0.145         0.184         0.323
 KR3MOTIV       0.336         0.260         0.213         0.276         0.256
 KR3PRSST       0.251         0.350         0.191         0.329         0.324
 CHGENDER      -0.156        -0.202        -0.020         0.008        -0.194
 P1RMOMED       0.115         0.016         0.219         0.202         0.154
 A1CAGE         0.083         0.100         0.219         0.202        -0.055
 P1PRGTYP       0.154         0.159         0.167         0.123         0.176
 P3PRGTYP      -0.133        -0.016        -0.049        -0.036        -0.050


           Correlations
              KR3ATUDE      KR3MOTIV      KR3PRSST      CHGENDER      P1RMOMED
              ________      ________      ________      ________      ________
 KR3ATUDE       1.000
 KR3MOTIV       0.609         1.000
 KR3PRSST       0.761         0.672         1.000
 CHGENDER      -0.148        -0.177        -0.203         1.000
 P1RMOMED      -0.021         0.012        -0.004        -0.055         1.000
 A1CAGE         0.090         0.138         0.133         0.085        -0.014
 P1PRGTYP       0.106         0.040         0.056        -0.027         0.017
 P3PRGTYP      -0.059        -0.148        -0.019         0.011        -0.088


           Correlations
              A1CAGE        P1PRGTYP      P3PRGTYP
              ________      ________      ________
 A1CAGE         1.000
 P1PRGTYP       0.016         1.000
 P3PRGTYP       0.046         0.201         1.000


     MAXIMUM LOG-LIKELIHOOD VALUE FOR THE UNRESTRICTED (H1) MODEL IS -33890.875


UNIVARIATE HIGHER-ORDER MOMENT DESCRIPTIVE STATISTICS


     UNIVARIATE HIGHER-ORDER MOMENT DESCRIPTIVE STATISTICS

         Variable/         Mean/     Skewness/   Minimum/ % with                Percentiles
        Sample Size      Variance    Kurtosis    Maximum  Min/Max      20%/60%    40%/80%    Median

     A1PPVT4W             10.816      -0.542       3.700    0.18%       9.300     10.500     11.000
             563.000       2.714       0.519      14.600    0.18%      11.300     12.200
     A1WJAPW             382.068      -0.356     332.000    8.66%     359.000    377.000    382.000
             543.000     617.700      -0.421     444.000    0.18%     388.000    403.000
     A1CSR                63.288      -1.082       0.000    0.18%      50.000     60.000     66.000
             563.000     308.680       0.646      81.000   14.39%      71.000     79.000
     R1ATTUDE             52.073      -1.081      17.780    0.18%      45.170     53.000     53.000
             542.000      79.957       0.557      60.830   30.26%      56.910     60.830
     R1MOTIVE             52.631      -1.377       7.130    0.18%      46.570     51.820     54.450
             542.000      86.933       2.203      62.340   18.27%      57.080     59.710
     R1PRSIST             52.441      -1.089      15.280    0.18%      46.200     51.350     53.920
             542.000      83.988       0.739      61.650   22.88%      56.500     61.650
     A2PPVT4W             11.830      -0.330       5.700    0.18%      10.500     11.500     11.850
             552.000       2.047       0.483      16.100    0.18%      12.200     13.100
     A2WJAPW             399.429      -0.537     332.000    1.64%     382.000    393.000    400.500
             548.000     400.611       1.178     458.000    0.18%     407.000    415.000
     A2CSR                62.614      -0.756       4.000    0.18%      47.000     56.000     64.000
             555.000     296.703      -0.191      81.000   17.12%      71.000     80.000
     R2ATTUDE             52.442      -1.261      13.860    0.19%      45.170     53.000     53.000
             531.000      83.909       1.242      60.830   30.51%      56.910     60.830
     R2MOTIVE             52.914      -1.249      12.390    0.19%      43.940     51.820     54.450
             531.000      93.380       1.212      62.340   22.60%      57.080     62.340
     R2PRSIST             52.842      -1.172      20.440    0.38%      43.620     53.920     56.500
             531.000      89.432       0.735      61.650   27.87%      56.500     61.650
     A3PPVT4W             13.513      -0.585       5.400    0.20%      12.500     13.200     13.500
             498.000       1.934       2.610      16.900    0.40%      13.800     14.600
     A3WJAPW             426.270      -0.598     332.000    0.20%     407.000    419.000    427.000
             496.000     473.849       1.013     481.000    0.20%     436.000    444.000
     A3CSR                66.056      -1.057       6.000    0.40%      53.000     68.000     73.000
             498.000     271.373       0.250      81.000   24.10%      77.000     81.000
     KR3ATUDE             50.736      -1.117      13.860    0.52%      41.260     53.000     53.000
             387.000      97.829       0.928      60.830   27.91%      56.910     60.830
     KR3MOTIV             50.038      -0.946       9.760    0.26%      41.310     51.820     54.450
             387.000     137.398       0.139      62.340   21.96%      57.080     62.340
     KR3PRSST             49.647      -0.693      20.440    0.78%      38.470     48.770     51.350
             387.000     124.087      -0.486      61.650   26.87%      56.500     61.650
     CHGENDER              0.526      -0.105       0.000   46.36%       0.000      0.000      1.000
             563.000       0.249      -1.989       1.000   53.64%       1.000      1.000
     P1RMOMED              2.159       0.206       1.000   28.60%       1.000      2.000      2.000
             563.000       0.800      -0.881       4.000    4.97%       2.000      3.000
     A1CAGE               53.604      -0.374      37.000    0.18%      50.000     52.000     53.000
             563.000      14.306       0.968      62.000    0.18%      55.000     57.000
     P1PRGTYP              1.579      -0.319       1.000   46.00%       1.000      1.000      2.000
             563.000       0.244      -1.898       2.000   54.00%       2.000      2.000
     P3PRGTYP              4.179       1.671       4.000   85.26%       4.000      4.000      4.000
             563.000       0.147       0.791       5.000   14.74%       4.000      4.000


THE MODEL ESTIMATION TERMINATED NORMALLY

     THE STANDARD ERRORS OF THE MODEL PARAMETER ESTIMATES MAY NOT BE
     TRUSTWORTHY FOR SOME PARAMETERS DUE TO A NON-POSITIVE DEFINITE
     FIRST-ORDER DERIVATIVE PRODUCT MATRIX.  THIS MAY BE DUE TO THE STARTING
     VALUES BUT MAY ALSO BE AN INDICATION OF MODEL NONIDENTIFICATION.  THE
     CONDITION NUMBER IS      -0.387D-17.  PROBLEM INVOLVING THE FOLLOWING PARAMETER:
     Parameter 47, A3WJAPW WITH A2WJAPW

     THIS IS MOST LIKELY DUE TO HAVING MORE PARAMETERS THAN THE NUMBER
     OF CLUSTERS MINUS THE NUMBER OF STRATA WITH MORE THAN ONE CLUSTER.




MODEL FIT INFORMATION

Number of Free Parameters                       85

Loglikelihood

          H0 Value                      -30831.448
          H0 Scaling Correction Factor      1.9585
            for MLR
          H1 Value                      -30555.679
          H1 Scaling Correction Factor      1.5705
            for MLR

Information Criteria

          Akaike (AIC)                   61832.896
          Bayesian (BIC)                 62201.225
          Sample-Size Adjusted BIC       61931.391
            (n* = (n + 2) / 24)

Chi-Square Test of Model Fit

          Value                            393.807*
          Degrees of Freedom                   194
          P-Value                           0.0000
          Scaling Correction Factor         1.4005
            for MLR

*   The chi-square value for MLM, MLMV, MLR, ULSMV, WLSM and WLSMV cannot be used
    for chi-square difference testing in the regular way.  MLM, MLR and WLSM
    chi-square difference testing is described on the Mplus website.  MLMV, WLSMV,
    and ULSMV difference testing is done using the DIFFTEST option.

RMSEA (Root Mean Square Error Of Approximation)

          Estimate                           0.043
          90 Percent C.I.                    0.037  0.049
          Probability RMSEA <= .05           0.976

CFI/TLI

          CFI                                0.939
          TLI                                0.923

Chi-Square Test of Model Fit for the Baseline Model

          Value                           3496.622
          Degrees of Freedom                   243
          P-Value                           0.0000

SRMR (Standardized Root Mean Square Residual)

          Value                              0.117



MODEL RESULTS

                                                    Two-Tailed
                    Estimate       S.E.  Est./S.E.    P-Value

 COG1     BY
    A1WJAPW           14.295      0.937     15.261      0.000
    A1PPVT4W           1.035      0.063     16.378      0.000
    A1CSR              7.453      0.908      8.209      0.000

 COG2     BY
    A2WJAPW           14.295      0.937     15.261      0.000
    A2PPVT4W           1.035      0.063     16.378      0.000
    A2CSR              7.453      0.908      8.209      0.000

 COG3     BY
    A3WJAPW           14.295      0.937     15.261      0.000
    A3PPVT4W           1.035      0.063     16.378      0.000
    A3CSR              7.453      0.908      8.209      0.000

 ATL1     BY
    R1ATTUDE           6.652      0.277     24.035      0.000
    R1MOTIVE           6.277      0.283     22.185      0.000
    R1PRSIST           8.053      0.466     17.267      0.000

 ATL2     BY
    R2ATTUDE           6.652      0.277     24.035      0.000
    R2MOTIVE           6.277      0.283     22.185      0.000
    R2PRSIST           8.053      0.466     17.267      0.000

 ATL3     BY
    KR3ATUDE           6.652      0.277     24.035      0.000
    KR3MOTIV           6.277      0.283     22.185      0.000
    KR3PRSST           8.053      0.466     17.267      0.000

 COG2     ON
    COG1               0.907      0.084     10.845      0.000
    ATL1               0.023      0.060      0.380      0.704

 ATL2     ON
    COG1               0.085      0.061      1.395      0.163
    ATL1               0.712      0.059     12.041      0.000

 COG3     ON
    COG2               0.784      0.051     15.330      0.000
    ATL2               0.069      0.048      1.431      0.153

 ATL3     ON
    COG2               0.297      0.107      2.779      0.005
    ATL2               0.377      0.089      4.249      0.000

 COG3     ON
    P3PRGTYP          -0.213      0.121     -1.751      0.080

 ATL3     ON
    P3PRGTYP          -0.182      0.189     -0.961      0.336

 COG1     ON
    CHGENDER          -0.351      0.111     -3.153      0.002
    P1RMOMED           0.292      0.083      3.526      0.000
    P1PRGTYP           0.183      0.143      1.278      0.201
    A1CAGE             0.094      0.016      5.745      0.000

 ATL1     ON
    P1PRGTYP           0.236      0.123      1.914      0.056
    CHGENDER          -0.661      0.108     -6.103      0.000
    P1RMOMED           0.070      0.053      1.333      0.183
    A1CAGE             0.021      0.015      1.402      0.161

 ATL1     WITH
    COG1               0.381      0.053      7.198      0.000

 ATL2     WITH
    COG2               0.012      0.036      0.326      0.745

 ATL3     WITH
    COG3               0.083      0.056      1.484      0.138

 A1WJAPW  WITH
    A2WJAPW           25.905     19.841      1.306      0.192
    A3WJAPW           -0.331     34.299     -0.010      0.992

 A2WJAPW  WITH
    A3WJAPW           52.553     19.041      2.760      0.006

 A1PPVT4W WITH
    A2PPVT4W           0.375      0.094      3.968      0.000
    A3PPVT4W           0.280      0.094      2.978      0.003

 A2PPVT4W WITH
    A3PPVT4W           0.382      0.072      5.328      0.000

 A1CSR    WITH
    A2CSR             57.925     14.826      3.907      0.000
    A3CSR             31.440     18.208      1.727      0.084

 A2CSR    WITH
    A3CSR             48.479     17.979      2.696      0.007

 R1ATTUDE WITH
    R2ATTUDE          11.455      2.127      5.385      0.000
    KR3ATUDE           7.695      2.508      3.068      0.002

 R2ATTUDE WITH
    KR3ATUDE           6.965      2.411      2.888      0.004

 R1MOTIVE WITH
    R2MOTIVE          25.450      3.992      6.375      0.000
    KR3MOTIV          20.067      4.928      4.072      0.000

 R2MOTIVE WITH
    KR3MOTIV          19.530      4.244      4.602      0.000

 R1PRSIST WITH
    R2PRSIST           2.081      2.920      0.713      0.476
    KR3PRSST          -4.938      2.985     -1.654      0.098

 R2PRSIST WITH
    KR3PRSST          -3.769      2.537     -1.486      0.137

 Intercepts
    A1PPVT4W           4.824      1.062      4.543      0.000
    A1WJAPW          298.688     13.348     22.378      0.000
    A1CSR             20.156      6.786      2.970      0.003
    R1ATTUDE          43.495      4.995      8.708      0.000
    R1MOTIVE          44.490      4.598      9.676      0.000
    R1PRSIST          42.040      6.245      6.732      0.000
    A2PPVT4W           6.366      1.079      5.898      0.000
    A2WJAPW          323.616     14.542     22.254      0.000
    A2CSR             23.317      6.440      3.620      0.000
    R2ATTUDE          42.953      3.743     11.477      0.000
    R2MOTIVE          43.921      3.561     12.333      0.000
    R2PRSIST          41.376      4.693      8.816      0.000
    A3PPVT4W          10.062      1.095      9.189      0.000
    A3WJAPW          378.638     14.453     26.197      0.000
    A3CSR             41.236      7.415      5.561      0.000
    KR3ATUDE          41.624      6.620      6.288      0.000
    KR3MOTIV          41.667      6.296      6.618      0.000
    KR3PRSST          38.653      8.043      4.806      0.000

 Residual Variances
    A1PPVT4W           1.249      0.178      7.023      0.000
    A1WJAPW          490.113     48.792     10.045      0.000
    A1CSR            229.161     14.915     15.365      0.000
    R1ATTUDE          27.025      2.412     11.204      0.000
    R1MOTIVE          52.277      5.676      9.210      0.000
    R1PRSIST           8.962      2.999      2.988      0.003
    A2PPVT4W           0.760      0.077      9.912      0.000
    A2WJAPW          142.592     16.796      8.489      0.000
    A2CSR            232.122     18.744     12.384      0.000
    R2ATTUDE          27.443      3.241      8.468      0.000
    R2MOTIVE          46.162      4.057     11.379      0.000
    R2PRSIST           8.405      4.955      1.696      0.090
    A3PPVT4W           0.843      0.105      8.023      0.000
    A3WJAPW          217.852     37.684      5.781      0.000
    A3CSR            219.243     23.378      9.378      0.000
    KR3ATUDE          30.518      3.792      8.047      0.000
    KR3MOTIV          65.625      6.650      9.868      0.000
    KR3PRSST          18.944      5.715      3.315      0.001
    COG1               1.000      0.000    999.000    999.000
    COG2               0.192      0.098      1.949      0.051
    COG3               0.285      0.101      2.817      0.005
    ATL1               1.000      0.000    999.000    999.000
    ATL2               0.646      0.082      7.831      0.000
    ATL3               1.275      0.148      8.637      0.000


STANDARDIZED MODEL RESULTS


STDYX Standardization

                                                    Two-Tailed
                    Estimate       S.E.  Est./S.E.    P-Value

 COG1     BY
    A1WJAPW            0.582      0.032     18.038      0.000
    A1PPVT4W           0.716      0.039     18.457      0.000
    A1CSR              0.479      0.048     10.074      0.000

 COG2     BY
    A2WJAPW            0.798      0.026     30.244      0.000
    A2PPVT4W           0.796      0.027     29.599      0.000
    A2CSR              0.476      0.043     11.042      0.000

 COG3     BY
    A3WJAPW            0.712      0.039     18.368      0.000
    A3PPVT4W           0.763      0.032     23.574      0.000
    A3CSR              0.466      0.045     10.282      0.000

 ATL1     BY
    R1ATTUDE           0.806      0.019     43.315      0.000
    R1MOTIVE           0.679      0.029     23.534      0.000
    R1PRSIST           0.944      0.021     45.810      0.000

 ATL2     BY
    R2ATTUDE           0.822      0.020     41.657      0.000
    R2MOTIVE           0.724      0.023     31.427      0.000
    R2PRSIST           0.953      0.029     33.343      0.000

 ATL3     BY
    KR3ATUDE           0.841      0.018     46.663      0.000
    KR3MOTIV           0.707      0.026     26.811      0.000
    KR3PRSST           0.923      0.026     36.105      0.000

 COG2     ON
    COG1               0.909      0.064     14.222      0.000
    ATL1               0.022      0.058      0.378      0.705

 ATL2     ON
    COG1               0.083      0.059      1.402      0.161
    ATL1               0.668      0.051     13.161      0.000

 COG3     ON
    COG2               0.828      0.052     15.899      0.000
    ATL2               0.075      0.051      1.461      0.144

 ATL3     ON
    COG2               0.254      0.080      3.163      0.002
    ATL2               0.331      0.078      4.250      0.000

 COG3     ON
    P3PRGTYP          -0.078      0.044     -1.768      0.077

 ATL3     ON
    P3PRGTYP          -0.054      0.057     -0.947      0.344

 COG1     ON
    CHGENDER          -0.158      0.047     -3.343      0.001
    P1RMOMED           0.236      0.061      3.873      0.000
    P1PRGTYP           0.081      0.063      1.293      0.196
    A1CAGE             0.322      0.051      6.259      0.000

 ATL1     ON
    P1PRGTYP           0.110      0.057      1.915      0.055
    CHGENDER          -0.310      0.046     -6.719      0.000
    P1RMOMED           0.059      0.044      1.349      0.177
    A1CAGE             0.073      0.052      1.399      0.162

 ATL1     WITH
    COG1               0.381      0.053      7.198      0.000

 ATL2     WITH
    COG2               0.034      0.101      0.332      0.740

 ATL3     WITH
    COG3               0.137      0.093      1.470      0.142

 A1WJAPW  WITH
    A2WJAPW            0.098      0.072      1.356      0.175
    A3WJAPW           -0.001      0.105     -0.010      0.992

 A2WJAPW  WITH
    A3WJAPW            0.298      0.086      3.476      0.001

 A1PPVT4W WITH
    A2PPVT4W           0.385      0.080      4.792      0.000
    A3PPVT4W           0.273      0.084      3.230      0.001

 A2PPVT4W WITH
    A3PPVT4W           0.478      0.057      8.379      0.000

 A1CSR    WITH
    A2CSR              0.251      0.056      4.516      0.000
    A3CSR              0.140      0.079      1.784      0.075

 A2CSR    WITH
    A3CSR              0.215      0.069      3.126      0.002

 R1ATTUDE WITH
    R2ATTUDE           0.421      0.062      6.770      0.000
    KR3ATUDE           0.268      0.088      3.031      0.002

 R2ATTUDE WITH
    KR3ATUDE           0.241      0.076      3.168      0.002

 R1MOTIVE WITH
    R2MOTIVE           0.518      0.050     10.365      0.000
    KR3MOTIV           0.343      0.082      4.184      0.000

 R2MOTIVE WITH
    KR3MOTIV           0.355      0.068      5.216      0.000

 R1PRSIST WITH
    R2PRSIST           0.240      0.248      0.967      0.334
    KR3PRSST          -0.379      0.254     -1.490      0.136

 R2PRSIST WITH
    KR3PRSST          -0.299      0.248     -1.206      0.228

 Intercepts
    A1PPVT4W           3.012      0.694      4.338      0.000
    A1WJAPW           10.971      0.740     14.836      0.000
    A1CSR              1.169      0.397      2.945      0.003
    R1ATTUDE           4.951      0.611      8.097      0.000
    R1MOTIVE           4.519      0.516      8.755      0.000
    R1PRSIST           4.630      0.765      6.049      0.000
    A2PPVT4W           4.424      0.808      5.474      0.000
    A2WJAPW           16.336      1.116     14.636      0.000
    A2CSR              1.346      0.394      3.416      0.001
    R2ATTUDE           4.673      0.496      9.413      0.000
    R2MOTIVE           4.460      0.436     10.235      0.000
    R2PRSIST           4.313      0.585      7.370      0.000
    A3PPVT4W           7.084      0.854      8.293      0.000
    A3WJAPW           18.015      1.296     13.905      0.000
    A3CSR              2.464      0.500      4.931      0.000
    KR3ATUDE           4.075      0.741      5.497      0.000
    KR3MOTIV           3.635      0.621      5.858      0.000
    KR3PRSST           3.428      0.799      4.290      0.000

 Residual Variances
    A1PPVT4W           0.487      0.056      8.751      0.000
    A1WJAPW            0.661      0.038     17.604      0.000
    A1CSR              0.771      0.046     16.913      0.000
    R1ATTUDE           0.350      0.030     11.673      0.000
    R1MOTIVE           0.539      0.039     13.778      0.000
    R1PRSIST           0.109      0.039      2.794      0.005
    A2PPVT4W           0.367      0.043      8.580      0.000
    A2WJAPW            0.363      0.042      8.630      0.000
    A2CSR              0.774      0.041     18.870      0.000
    R2ATTUDE           0.325      0.032     10.018      0.000
    R2MOTIVE           0.476      0.033     14.278      0.000
    R2PRSIST           0.091      0.055      1.676      0.094
    A3PPVT4W           0.418      0.049      8.464      0.000
    A3WJAPW            0.493      0.055      8.935      0.000
    A3CSR              0.783      0.042     18.519      0.000
    KR3ATUDE           0.292      0.030      9.644      0.000
    KR3MOTIV           0.500      0.037     13.382      0.000
    KR3PRSST           0.149      0.047      3.161      0.002
    COG1               0.814      0.055     14.736      0.000
    COG2               0.157      0.084      1.864      0.062
    COG3               0.260      0.075      3.460      0.001
    ATL1               0.883      0.030     29.425      0.000
    ATL2               0.501      0.050      9.922      0.000
    ATL3               0.764      0.060     12.775      0.000


STDY Standardization

                                                    Two-Tailed
                    Estimate       S.E.  Est./S.E.    P-Value

 COG1     BY
    A1WJAPW            0.582      0.032     18.038      0.000
    A1PPVT4W           0.716      0.039     18.457      0.000
    A1CSR              0.479      0.048     10.074      0.000

 COG2     BY
    A2WJAPW            0.798      0.026     30.244      0.000
    A2PPVT4W           0.796      0.027     29.599      0.000
    A2CSR              0.476      0.043     11.042      0.000

 COG3     BY
    A3WJAPW            0.712      0.039     18.368      0.000
    A3PPVT4W           0.763      0.032     23.574      0.000
    A3CSR              0.466      0.045     10.282      0.000

 ATL1     BY
    R1ATTUDE           0.806      0.019     43.315      0.000
    R1MOTIVE           0.679      0.029     23.534      0.000
    R1PRSIST           0.944      0.021     45.810      0.000

 ATL2     BY
    R2ATTUDE           0.822      0.020     41.657      0.000
    R2MOTIVE           0.724      0.023     31.427      0.000
    R2PRSIST           0.953      0.029     33.343      0.000

 ATL3     BY
    KR3ATUDE           0.841      0.018     46.663      0.000
    KR3MOTIV           0.707      0.026     26.811      0.000
    KR3PRSST           0.923      0.026     36.105      0.000

 COG2     ON
    COG1               0.909      0.064     14.222      0.000
    ATL1               0.022      0.058      0.378      0.705

 ATL2     ON
    COG1               0.083      0.059      1.402      0.161
    ATL1               0.668      0.051     13.161      0.000

 COG3     ON
    COG2               0.828      0.052     15.899      0.000
    ATL2               0.075      0.051      1.461      0.144

 ATL3     ON
    COG2               0.254      0.080      3.163      0.002
    ATL2               0.331      0.078      4.250      0.000

 COG3     ON
    P3PRGTYP          -0.203      0.114     -1.788      0.074

 ATL3     ON
    P3PRGTYP          -0.141      0.148     -0.950      0.342

 COG1     ON
    CHGENDER          -0.316      0.095     -3.343      0.001
    P1RMOMED           0.263      0.068      3.896      0.000
    P1PRGTYP           0.165      0.127      1.294      0.196
    A1CAGE             0.085      0.013      6.704      0.000

 ATL1     ON
    P1PRGTYP           0.222      0.116      1.917      0.055
    CHGENDER          -0.621      0.092     -6.721      0.000
    P1RMOMED           0.066      0.049      1.350      0.177
    A1CAGE             0.019      0.014      1.404      0.160

 ATL1     WITH
    COG1               0.381      0.053      7.198      0.000

 ATL2     WITH
    COG2               0.034      0.101      0.332      0.740

 ATL3     WITH
    COG3               0.137      0.093      1.470      0.142

 A1WJAPW  WITH
    A2WJAPW            0.098      0.072      1.356      0.175
    A3WJAPW           -0.001      0.105     -0.010      0.992

 A2WJAPW  WITH
    A3WJAPW            0.298      0.086      3.476      0.001

 A1PPVT4W WITH
    A2PPVT4W           0.385      0.080      4.792      0.000
    A3PPVT4W           0.273      0.084      3.230      0.001

 A2PPVT4W WITH
    A3PPVT4W           0.478      0.057      8.379      0.000

 A1CSR    WITH
    A2CSR              0.251      0.056      4.516      0.000
    A3CSR              0.140      0.079      1.784      0.075

 A2CSR    WITH
    A3CSR              0.215      0.069      3.126      0.002

 R1ATTUDE WITH
    R2ATTUDE           0.421      0.062      6.770      0.000
    KR3ATUDE           0.268      0.088      3.031      0.002

 R2ATTUDE WITH
    KR3ATUDE           0.241      0.076      3.168      0.002

 R1MOTIVE WITH
    R2MOTIVE           0.518      0.050     10.365      0.000
    KR3MOTIV           0.343      0.082      4.184      0.000

 R2MOTIVE WITH
    KR3MOTIV           0.355      0.068      5.216      0.000

 R1PRSIST WITH
    R2PRSIST           0.240      0.248      0.967      0.334
    KR3PRSST          -0.379      0.254     -1.490      0.136

 R2PRSIST WITH
    KR3PRSST          -0.299      0.248     -1.206      0.228

 Intercepts
    A1PPVT4W           3.012      0.694      4.338      0.000
    A1WJAPW           10.971      0.740     14.836      0.000
    A1CSR              1.169      0.397      2.945      0.003
    R1ATTUDE           4.951      0.611      8.097      0.000
    R1MOTIVE           4.519      0.516      8.755      0.000
    R1PRSIST           4.630      0.765      6.049      0.000
    A2PPVT4W           4.424      0.808      5.474      0.000
    A2WJAPW           16.336      1.116     14.636      0.000
    A2CSR              1.346      0.394      3.416      0.001
    R2ATTUDE           4.673      0.496      9.413      0.000
    R2MOTIVE           4.460      0.436     10.235      0.000
    R2PRSIST           4.313      0.585      7.370      0.000
    A3PPVT4W           7.084      0.854      8.293      0.000
    A3WJAPW           18.015      1.296     13.905      0.000
    A3CSR              2.464      0.500      4.931      0.000
    KR3ATUDE           4.075      0.741      5.497      0.000
    KR3MOTIV           3.635      0.621      5.858      0.000
    KR3PRSST           3.428      0.799      4.290      0.000

 Residual Variances
    A1PPVT4W           0.487      0.056      8.751      0.000
    A1WJAPW            0.661      0.038     17.604      0.000
    A1CSR              0.771      0.046     16.913      0.000
    R1ATTUDE           0.350      0.030     11.673      0.000
    R1MOTIVE           0.539      0.039     13.778      0.000
    R1PRSIST           0.109      0.039      2.794      0.005
    A2PPVT4W           0.367      0.043      8.580      0.000
    A2WJAPW            0.363      0.042      8.630      0.000
    A2CSR              0.774      0.041     18.870      0.000
    R2ATTUDE           0.325      0.032     10.018      0.000
    R2MOTIVE           0.476      0.033     14.278      0.000
    R2PRSIST           0.091      0.055      1.676      0.094
    A3PPVT4W           0.418      0.049      8.464      0.000
    A3WJAPW            0.493      0.055      8.935      0.000
    A3CSR              0.783      0.042     18.519      0.000
    KR3ATUDE           0.292      0.030      9.644      0.000
    KR3MOTIV           0.500      0.037     13.382      0.000
    KR3PRSST           0.149      0.047      3.161      0.002
    COG1               0.814      0.055     14.736      0.000
    COG2               0.157      0.084      1.864      0.062
    COG3               0.260      0.075      3.460      0.001
    ATL1               0.883      0.030     29.425      0.000
    ATL2               0.501      0.050      9.922      0.000
    ATL3               0.764      0.060     12.775      0.000


STD Standardization

                                                    Two-Tailed
                    Estimate       S.E.  Est./S.E.    P-Value

 COG1     BY
    A1WJAPW           15.846      0.951     16.656      0.000
    A1PPVT4W           1.148      0.072     15.879      0.000
    A1CSR              8.261      0.921      8.973      0.000

 COG2     BY
    A2WJAPW           15.807      0.870     18.162      0.000
    A2PPVT4W           1.145      0.068     16.840      0.000
    A2CSR              8.241      0.772     10.682      0.000

 COG3     BY
    A3WJAPW           14.964      0.853     17.544      0.000
    A3PPVT4W           1.084      0.079     13.662      0.000
    A3CSR              7.801      0.749     10.410      0.000

 ATL1     BY
    R1ATTUDE           7.081      0.298     23.723      0.000
    R1MOTIVE           6.682      0.308     21.672      0.000
    R1PRSIST           8.572      0.438     19.588      0.000

 ATL2     BY
    R2ATTUDE           7.553      0.376     20.102      0.000
    R2MOTIVE           7.128      0.351     20.326      0.000
    R2PRSIST           9.144      0.477     19.170      0.000

 ATL3     BY
    KR3ATUDE           8.593      0.429     20.019      0.000
    KR3MOTIV           8.108      0.411     19.721      0.000
    KR3PRSST          10.402      0.631     16.492      0.000

 COG2     ON
    COG1               0.909      0.064     14.222      0.000
    ATL1               0.022      0.058      0.378      0.705

 ATL2     ON
    COG1               0.083      0.059      1.402      0.161
    ATL1               0.668      0.051     13.161      0.000

 COG3     ON
    COG2               0.828      0.052     15.899      0.000
    ATL2               0.075      0.051      1.461      0.144

 ATL3     ON
    COG2               0.254      0.080      3.163      0.002
    ATL2               0.331      0.078      4.250      0.000

 COG3     ON
    P3PRGTYP          -0.203      0.114     -1.788      0.074

 ATL3     ON
    P3PRGTYP          -0.141      0.148     -0.950      0.342

 COG1     ON
    CHGENDER          -0.316      0.095     -3.343      0.001
    P1RMOMED           0.263      0.068      3.896      0.000
    P1PRGTYP           0.165      0.127      1.294      0.196
    A1CAGE             0.085      0.013      6.704      0.000

 ATL1     ON
    P1PRGTYP           0.222      0.116      1.917      0.055
    CHGENDER          -0.621      0.092     -6.721      0.000
    P1RMOMED           0.066      0.049      1.350      0.177
    A1CAGE             0.019      0.014      1.404      0.160

 ATL1     WITH
    COG1               0.381      0.053      7.198      0.000

 ATL2     WITH
    COG2               0.034      0.101      0.332      0.740

 ATL3     WITH
    COG3               0.137      0.093      1.470      0.142

 A1WJAPW  WITH
    A2WJAPW           25.905     19.841      1.306      0.192
    A3WJAPW           -0.331     34.299     -0.010      0.992

 A2WJAPW  WITH
    A3WJAPW           52.553     19.041      2.760      0.006

 A1PPVT4W WITH
    A2PPVT4W           0.375      0.094      3.968      0.000
    A3PPVT4W           0.280      0.094      2.978      0.003

 A2PPVT4W WITH
    A3PPVT4W           0.382      0.072      5.328      0.000

 A1CSR    WITH
    A2CSR             57.925     14.826      3.907      0.000
    A3CSR             31.440     18.208      1.727      0.084

 A2CSR    WITH
    A3CSR             48.479     17.979      2.696      0.007

 R1ATTUDE WITH
    R2ATTUDE          11.455      2.127      5.385      0.000
    KR3ATUDE           7.695      2.508      3.068      0.002

 R2ATTUDE WITH
    KR3ATUDE           6.965      2.411      2.888      0.004

 R1MOTIVE WITH
    R2MOTIVE          25.450      3.992      6.375      0.000
    KR3MOTIV          20.067      4.928      4.072      0.000

 R2MOTIVE WITH
    KR3MOTIV          19.530      4.244      4.602      0.000

 R1PRSIST WITH
    R2PRSIST           2.081      2.920      0.713      0.476
    KR3PRSST          -4.938      2.985     -1.654      0.098

 R2PRSIST WITH
    KR3PRSST          -3.769      2.537     -1.486      0.137

 Intercepts
    A1PPVT4W           4.824      1.062      4.543      0.000
    A1WJAPW          298.688     13.348     22.378      0.000
    A1CSR             20.156      6.786      2.970      0.003
    R1ATTUDE          43.495      4.995      8.708      0.000
    R1MOTIVE          44.490      4.598      9.676      0.000
    R1PRSIST          42.040      6.245      6.732      0.000
    A2PPVT4W           6.366      1.079      5.898      0.000
    A2WJAPW          323.616     14.542     22.254      0.000
    A2CSR             23.317      6.440      3.620      0.000
    R2ATTUDE          42.953      3.743     11.477      0.000
    R2MOTIVE          43.921      3.561     12.333      0.000
    R2PRSIST          41.376      4.693      8.816      0.000
    A3PPVT4W          10.062      1.095      9.189      0.000
    A3WJAPW          378.638     14.453     26.197      0.000
    A3CSR             41.236      7.415      5.561      0.000
    KR3ATUDE          41.624      6.620      6.288      0.000
    KR3MOTIV          41.667      6.296      6.618      0.000
    KR3PRSST          38.653      8.043      4.806      0.000

 Residual Variances
    A1PPVT4W           1.249      0.178      7.023      0.000
    A1WJAPW          490.113     48.792     10.045      0.000
    A1CSR            229.161     14.915     15.365      0.000
    R1ATTUDE          27.025      2.412     11.204      0.000
    R1MOTIVE          52.277      5.676      9.210      0.000
    R1PRSIST           8.962      2.999      2.988      0.003
    A2PPVT4W           0.760      0.077      9.912      0.000
    A2WJAPW          142.592     16.796      8.489      0.000
    A2CSR            232.122     18.744     12.384      0.000
    R2ATTUDE          27.443      3.241      8.468      0.000
    R2MOTIVE          46.162      4.057     11.379      0.000
    R2PRSIST           8.405      4.955      1.696      0.090
    A3PPVT4W           0.843      0.105      8.023      0.000
    A3WJAPW          217.852     37.684      5.781      0.000
    A3CSR            219.243     23.378      9.378      0.000
    KR3ATUDE          30.518      3.792      8.047      0.000
    KR3MOTIV          65.625      6.650      9.868      0.000
    KR3PRSST          18.944      5.715      3.315      0.001
    COG1               0.814      0.055     14.736      0.000
    COG2               0.157      0.084      1.864      0.062
    COG3               0.260      0.075      3.460      0.001
    ATL1               0.883      0.030     29.425      0.000
    ATL2               0.501      0.050      9.922      0.000
    ATL3               0.764      0.060     12.775      0.000


R-SQUARE

    Observed                                        Two-Tailed
    Variable        Estimate       S.E.  Est./S.E.    P-Value

    A1PPVT4W           0.513      0.056      9.229      0.000
    A1WJAPW            0.339      0.038      9.019      0.000
    A1CSR              0.229      0.046      5.037      0.000
    R1ATTUDE           0.650      0.030     21.657      0.000
    R1MOTIVE           0.461      0.039     11.767      0.000
    R1PRSIST           0.891      0.039     22.905      0.000
    A2PPVT4W           0.633      0.043     14.800      0.000
    A2WJAPW            0.637      0.042     15.122      0.000
    A2CSR              0.226      0.041      5.521      0.000
    R2ATTUDE           0.675      0.032     20.829      0.000
    R2MOTIVE           0.524      0.033     15.713      0.000
    R2PRSIST           0.909      0.055     16.671      0.000
    A3PPVT4W           0.582      0.049     11.787      0.000
    A3WJAPW            0.507      0.055      9.184      0.000
    A3CSR              0.217      0.042      5.141      0.000
    KR3ATUDE           0.708      0.030     23.331      0.000
    KR3MOTIV           0.500      0.037     13.406      0.000
    KR3PRSST           0.851      0.047     18.053      0.000

     Latent                                         Two-Tailed
    Variable        Estimate       S.E.  Est./S.E.    P-Value

    COG1               0.186      0.055      3.370      0.001
    COG2               0.843      0.084     10.031      0.000
    COG3               0.740      0.075      9.856      0.000
    ATL1               0.117      0.030      3.913      0.000
    ATL2               0.499      0.050      9.887      0.000
    ATL3               0.236      0.060      3.941      0.000


QUALITY OF NUMERICAL RESULTS

     Condition Number for the Information Matrix              0.146E-08
       (ratio of smallest to largest eigenvalue)


MODEL MODIFICATION INDICES

NOTE:  Modification indices for direct effects of observed dependent variables
regressed on covariates may not be included.  To include these, request
MODINDICES (ALL).

Minimum M.I. value for printing the modification index    10.000

                                   M.I.     E.P.C.  Std E.P.C.  StdYX E.P.C.

BY Statements

COG1     BY A1PPVT4W              10.079     0.093      0.103        0.064
COG1     BY A1WJAPW               24.094    -4.589     -5.087       -0.187
COG2     BY A1PPVT4W              10.100     0.292      0.323        0.202
COG2     BY A1WJAPW               21.570    -6.786     -7.504       -0.276
COG3     BY A1WJAPW               18.567    -6.723     -7.037       -0.258
ATL2     BY A1CSR                 12.565     2.649      3.008        0.174
ATL2     BY R1MOTIVE              12.187    -1.093     -1.241       -0.126

ON Statements

COG3     ON P1PRGTYP              10.776     0.292      0.279        0.138

WITH Statements

A1CSR    WITH A1PPVT4W            15.318     3.761      3.761        0.222
P1PRGTYP WITH COG3                10.628     0.068      0.127        0.257


TECHNICAL 1 OUTPUT


     PARAMETER SPECIFICATION


           NU
              A1PPVT4W      A1WJAPW       A1CSR         R1ATTUDE      R1MOTIVE
              ________      ________      ________      ________      ________
      1           1             2             3             4             5


           NU
              R1PRSIST      A2PPVT4W      A2WJAPW       A2CSR         R2ATTUDE
              ________      ________      ________      ________      ________
      1           6             7             8             9            10


           NU
              R2MOTIVE      R2PRSIST      A3PPVT4W      A3WJAPW       A3CSR
              ________      ________      ________      ________      ________
      1          11            12            13            14            15


           NU
              KR3ATUDE      KR3MOTIV      KR3PRSST      CHGENDER      P1RMOMED
              ________      ________      ________      ________      ________
      1          16            17            18             0             0


           NU
              A1CAGE        P1PRGTYP      P3PRGTYP
              ________      ________      ________
      1           0             0             0


           LAMBDA
              COG1          COG2          COG3          ATL1          ATL2
              ________      ________      ________      ________      ________
 A1PPVT4W          19             0             0             0             0
 A1WJAPW           20             0             0             0             0
 A1CSR             21             0             0             0             0
 R1ATTUDE           0             0             0            22             0
 R1MOTIVE           0             0             0            23             0
 R1PRSIST           0             0             0            24             0
 A2PPVT4W           0            19             0             0             0
 A2WJAPW            0            20             0             0             0
 A2CSR              0            21             0             0             0
 R2ATTUDE           0             0             0             0            22
 R2MOTIVE           0             0             0             0            23
 R2PRSIST           0             0             0             0            24
 A3PPVT4W           0             0            19             0             0
 A3WJAPW            0             0            20             0             0
 A3CSR              0             0            21             0             0
 KR3ATUDE           0             0             0             0             0
 KR3MOTIV           0             0             0             0             0
 KR3PRSST           0             0             0             0             0
 CHGENDER           0             0             0             0             0
 P1RMOMED           0             0             0             0             0
 A1CAGE             0             0             0             0             0
 P1PRGTYP           0             0             0             0             0
 P3PRGTYP           0             0             0             0             0


           LAMBDA
              ATL3          CHGENDER      P1RMOMED      A1CAGE        P1PRGTYP
              ________      ________      ________      ________      ________
 A1PPVT4W           0             0             0             0             0
 A1WJAPW            0             0             0             0             0
 A1CSR              0             0             0             0             0
 R1ATTUDE           0             0             0             0             0
 R1MOTIVE           0             0             0             0             0
 R1PRSIST           0             0             0             0             0
 A2PPVT4W           0             0             0             0             0
 A2WJAPW            0             0             0             0             0
 A2CSR              0             0             0             0             0
 R2ATTUDE           0             0             0             0             0
 R2MOTIVE           0             0             0             0             0
 R2PRSIST           0             0             0             0             0
 A3PPVT4W           0             0             0             0             0
 A3WJAPW            0             0             0             0             0
 A3CSR              0             0             0             0             0
 KR3ATUDE          22             0             0             0             0
 KR3MOTIV          23             0             0             0             0
 KR3PRSST          24             0             0             0             0
 CHGENDER           0             0             0             0             0
 P1RMOMED           0             0             0             0             0
 A1CAGE             0             0             0             0             0
 P1PRGTYP           0             0             0             0             0
 P3PRGTYP           0             0             0             0             0


           LAMBDA
              P3PRGTYP
              ________
 A1PPVT4W           0
 A1WJAPW            0
 A1CSR              0
 R1ATTUDE           0
 R1MOTIVE           0
 R1PRSIST           0
 A2PPVT4W           0
 A2WJAPW            0
 A2CSR              0
 R2ATTUDE           0
 R2MOTIVE           0
 R2PRSIST           0
 A3PPVT4W           0
 A3WJAPW            0
 A3CSR              0
 KR3ATUDE           0
 KR3MOTIV           0
 KR3PRSST           0
 CHGENDER           0
 P1RMOMED           0
 A1CAGE             0
 P1PRGTYP           0
 P3PRGTYP           0


           THETA
              A1PPVT4W      A1WJAPW       A1CSR         R1ATTUDE      R1MOTIVE
              ________      ________      ________      ________      ________
 A1PPVT4W          25
 A1WJAPW            0            26
 A1CSR              0             0            27
 R1ATTUDE           0             0             0            28
 R1MOTIVE           0             0             0             0            29
 R1PRSIST           0             0             0             0             0
 A2PPVT4W          31             0             0             0             0
 A2WJAPW            0            33             0             0             0
 A2CSR              0             0            35             0             0
 R2ATTUDE           0             0             0            37             0
 R2MOTIVE           0             0             0             0            39
 R2PRSIST           0             0             0             0             0
 A3PPVT4W          43             0             0             0             0
 A3WJAPW            0            46             0             0             0
 A3CSR              0             0            49             0             0
 KR3ATUDE           0             0             0            52             0
 KR3MOTIV           0             0             0             0            55
 KR3PRSST           0             0             0             0             0
 CHGENDER           0             0             0             0             0
 P1RMOMED           0             0             0             0             0
 A1CAGE             0             0             0             0             0
 P1PRGTYP           0             0             0             0             0
 P3PRGTYP           0             0             0             0             0


           THETA
              R1PRSIST      A2PPVT4W      A2WJAPW       A2CSR         R2ATTUDE
              ________      ________      ________      ________      ________
 R1PRSIST          30
 A2PPVT4W           0            32
 A2WJAPW            0             0            34
 A2CSR              0             0             0            36
 R2ATTUDE           0             0             0             0            38
 R2MOTIVE           0             0             0             0             0
 R2PRSIST          41             0             0             0             0
 A3PPVT4W           0            44             0             0             0
 A3WJAPW            0             0            47             0             0
 A3CSR              0             0             0            50             0
 KR3ATUDE           0             0             0             0            53
 KR3MOTIV           0             0             0             0             0
 KR3PRSST          58             0             0             0             0
 CHGENDER           0             0             0             0             0
 P1RMOMED           0             0             0             0             0
 A1CAGE             0             0             0             0             0
 P1PRGTYP           0             0             0             0             0
 P3PRGTYP           0             0             0             0             0


           THETA
              R2MOTIVE      R2PRSIST      A3PPVT4W      A3WJAPW       A3CSR
              ________      ________      ________      ________      ________
 R2MOTIVE          40
 R2PRSIST           0            42
 A3PPVT4W           0             0            45
 A3WJAPW            0             0             0            48
 A3CSR              0             0             0             0            51
 KR3ATUDE           0             0             0             0             0
 KR3MOTIV          56             0             0             0             0
 KR3PRSST           0            59             0             0             0
 CHGENDER           0             0             0             0             0
 P1RMOMED           0             0             0             0             0
 A1CAGE             0             0             0             0             0
 P1PRGTYP           0             0             0             0             0
 P3PRGTYP           0             0             0             0             0


           THETA
              KR3ATUDE      KR3MOTIV      KR3PRSST      CHGENDER      P1RMOMED
              ________      ________      ________      ________      ________
 KR3ATUDE          54
 KR3MOTIV           0            57
 KR3PRSST           0             0            60
 CHGENDER           0             0             0             0
 P1RMOMED           0             0             0             0             0
 A1CAGE             0             0             0             0             0
 P1PRGTYP           0             0             0             0             0
 P3PRGTYP           0             0             0             0             0


           THETA
              A1CAGE        P1PRGTYP      P3PRGTYP
              ________      ________      ________
 A1CAGE             0
 P1PRGTYP           0             0
 P3PRGTYP           0             0             0


           ALPHA
              COG1          COG2          COG3          ATL1          ATL2
              ________      ________      ________      ________      ________
      1           0             0             0             0             0


           ALPHA
              ATL3          CHGENDER      P1RMOMED      A1CAGE        P1PRGTYP
              ________      ________      ________      ________      ________
      1           0             0             0             0             0


           ALPHA
              P3PRGTYP
              ________
      1           0


           BETA
              COG1          COG2          COG3          ATL1          ATL2
              ________      ________      ________      ________      ________
 COG1               0             0             0             0             0
 COG2              65             0             0            66             0
 COG3               0            67             0             0            68
 ATL1               0             0             0             0             0
 ATL2              74             0             0            75             0
 ATL3               0            76             0             0            77
 CHGENDER           0             0             0             0             0
 P1RMOMED           0             0             0             0             0
 A1CAGE             0             0             0             0             0
 P1PRGTYP           0             0             0             0             0
 P3PRGTYP           0             0             0             0             0


           BETA
              ATL3          CHGENDER      P1RMOMED      A1CAGE        P1PRGTYP
              ________      ________      ________      ________      ________
 COG1               0            61            62            63            64
 COG2               0             0             0             0             0
 COG3               0             0             0             0             0
 ATL1               0            70            71            72            73
 ATL2               0             0             0             0             0
 ATL3               0             0             0             0             0
 CHGENDER           0             0             0             0             0
 P1RMOMED           0             0             0             0             0
 A1CAGE             0             0             0             0             0
 P1PRGTYP           0             0             0             0             0
 P3PRGTYP           0             0             0             0             0


           BETA
              P3PRGTYP
              ________
 COG1               0
 COG2               0
 COG3              69
 ATL1               0
 ATL2               0
 ATL3              78
 CHGENDER           0
 P1RMOMED           0
 A1CAGE             0
 P1PRGTYP           0
 P3PRGTYP           0


           PSI
              COG1          COG2          COG3          ATL1          ATL2
              ________      ________      ________      ________      ________
 COG1               0
 COG2               0            79
 COG3               0             0            80
 ATL1              81             0             0             0
 ATL2               0            82             0             0            83
 ATL3               0             0            84             0             0
 CHGENDER           0             0             0             0             0
 P1RMOMED           0             0             0             0             0
 A1CAGE             0             0             0             0             0
 P1PRGTYP           0             0             0             0             0
 P3PRGTYP           0             0             0             0             0


           PSI
              ATL3          CHGENDER      P1RMOMED      A1CAGE        P1PRGTYP
              ________      ________      ________      ________      ________
 ATL3              85
 CHGENDER           0             0
 P1RMOMED           0             0             0
 A1CAGE             0             0             0             0
 P1PRGTYP           0             0             0             0             0
 P3PRGTYP           0             0             0             0             0


           PSI
              P3PRGTYP
              ________
 P3PRGTYP           0


     STARTING VALUES


           NU
              A1PPVT4W      A1WJAPW       A1CSR         R1ATTUDE      R1MOTIVE
              ________      ________      ________      ________      ________
      1        10.816       382.068        63.288        52.073        52.631


           NU
              R1PRSIST      A2PPVT4W      A2WJAPW       A2CSR         R2ATTUDE
              ________      ________      ________      ________      ________
      1        52.441        11.830       399.429        62.614        52.442


           NU
              R2MOTIVE      R2PRSIST      A3PPVT4W      A3WJAPW       A3CSR
              ________      ________      ________      ________      ________
      1        52.914        52.842        13.513       426.270        66.056


           NU
              KR3ATUDE      KR3MOTIV      KR3PRSST      CHGENDER      P1RMOMED
              ________      ________      ________      ________      ________
      1        50.736        50.038        49.647         0.000         0.000


           NU
              A1CAGE        P1PRGTYP      P3PRGTYP
              ________      ________      ________
      1         0.000         0.000         0.000


           LAMBDA
              COG1          COG2          COG3          ATL1          ATL2
              ________      ________      ________      ________      ________
 A1PPVT4W       1.000         0.000         0.000         0.000         0.000
 A1WJAPW        1.000         0.000         0.000         0.000         0.000
 A1CSR          1.000         0.000         0.000         0.000         0.000
 R1ATTUDE       0.000         0.000         0.000         1.000         0.000
 R1MOTIVE       0.000         0.000         0.000         1.000         0.000
 R1PRSIST       0.000         0.000         0.000         1.000         0.000
 A2PPVT4W       0.000         1.119         0.000         0.000         0.000
 A2WJAPW        0.000        17.126         0.000         0.000         0.000
 A2CSR          0.000         7.336         0.000         0.000         0.000
 R2ATTUDE       0.000         0.000         0.000         0.000         7.609
 R2MOTIVE       0.000         0.000         0.000         0.000         6.895
 R2PRSIST       0.000         0.000         0.000         0.000         9.036
 A3PPVT4W       0.000         0.000         1.102         0.000         0.000
 A3WJAPW        0.000         0.000        15.861         0.000         0.000
 A3CSR          0.000         0.000         6.548         0.000         0.000
 KR3ATUDE       0.000         0.000         0.000         0.000         0.000
 KR3MOTIV       0.000         0.000         0.000         0.000         0.000
 KR3PRSST       0.000         0.000         0.000         0.000         0.000
 CHGENDER       0.000         0.000         0.000         0.000         0.000
 P1RMOMED       0.000         0.000         0.000         0.000         0.000
 A1CAGE         0.000         0.000         0.000         0.000         0.000
 P1PRGTYP       0.000         0.000         0.000         0.000         0.000
 P3PRGTYP       0.000         0.000         0.000         0.000         0.000


           LAMBDA
              ATL3          CHGENDER      P1RMOMED      A1CAGE        P1PRGTYP
              ________      ________      ________      ________      ________
 A1PPVT4W       0.000         0.000         0.000         0.000         0.000
 A1WJAPW        0.000         0.000         0.000         0.000         0.000
 A1CSR          0.000         0.000         0.000         0.000         0.000
 R1ATTUDE       0.000         0.000         0.000         0.000         0.000
 R1MOTIVE       0.000         0.000         0.000         0.000         0.000
 R1PRSIST       0.000         0.000         0.000         0.000         0.000
 A2PPVT4W       0.000         0.000         0.000         0.000         0.000
 A2WJAPW        0.000         0.000         0.000         0.000         0.000
 A2CSR          0.000         0.000         0.000         0.000         0.000
 R2ATTUDE       0.000         0.000         0.000         0.000         0.000
 R2MOTIVE       0.000         0.000         0.000         0.000         0.000
 R2PRSIST       0.000         0.000         0.000         0.000         0.000
 A3PPVT4W       0.000         0.000         0.000         0.000         0.000
 A3WJAPW        0.000         0.000         0.000         0.000         0.000
 A3CSR          0.000         0.000         0.000         0.000         0.000
 KR3ATUDE       8.291         0.000         0.000         0.000         0.000
 KR3MOTIV       8.608         0.000         0.000         0.000         0.000
 KR3PRSST      10.293         0.000         0.000         0.000         0.000
 CHGENDER       0.000         1.000         0.000         0.000         0.000
 P1RMOMED       0.000         0.000         1.000         0.000         0.000
 A1CAGE         0.000         0.000         0.000         1.000         0.000
 P1PRGTYP       0.000         0.000         0.000         0.000         1.000
 P3PRGTYP       0.000         0.000         0.000         0.000         0.000


           LAMBDA
              P3PRGTYP
              ________
 A1PPVT4W       0.000
 A1WJAPW        0.000
 A1CSR          0.000
 R1ATTUDE       0.000
 R1MOTIVE       0.000
 R1PRSIST       0.000
 A2PPVT4W       0.000
 A2WJAPW        0.000
 A2CSR          0.000
 R2ATTUDE       0.000
 R2MOTIVE       0.000
 R2PRSIST       0.000
 A3PPVT4W       0.000
 A3WJAPW        0.000
 A3CSR          0.000
 KR3ATUDE       0.000
 KR3MOTIV       0.000
 KR3PRSST       0.000
 CHGENDER       0.000
 P1RMOMED       0.000
 A1CAGE         0.000
 P1PRGTYP       0.000
 P3PRGTYP       1.000


           THETA
              A1PPVT4W      A1WJAPW       A1CSR         R1ATTUDE      R1MOTIVE
              ________      ________      ________      ________      ________
 A1PPVT4W       1.357
 A1WJAPW        0.000       308.850
 A1CSR          0.000         0.000       154.340
 R1ATTUDE       0.000         0.000         0.000        39.979
 R1MOTIVE       0.000         0.000         0.000         0.000        43.466
 R1PRSIST       0.000         0.000         0.000         0.000         0.000
 A2PPVT4W       0.000         0.000         0.000         0.000         0.000
 A2WJAPW        0.000         0.000         0.000         0.000         0.000
 A2CSR          0.000         0.000         0.000         0.000         0.000
 R2ATTUDE       0.000         0.000         0.000         0.000         0.000
 R2MOTIVE       0.000         0.000         0.000         0.000         0.000
 R2PRSIST       0.000         0.000         0.000         0.000         0.000
 A3PPVT4W       0.000         0.000         0.000         0.000         0.000
 A3WJAPW        0.000         0.000         0.000         0.000         0.000
 A3CSR          0.000         0.000         0.000         0.000         0.000
 KR3ATUDE       0.000         0.000         0.000         0.000         0.000
 KR3MOTIV       0.000         0.000         0.000         0.000         0.000
 KR3PRSST       0.000         0.000         0.000         0.000         0.000
 CHGENDER       0.000         0.000         0.000         0.000         0.000
 P1RMOMED       0.000         0.000         0.000         0.000         0.000
 A1CAGE         0.000         0.000         0.000         0.000         0.000
 P1PRGTYP       0.000         0.000         0.000         0.000         0.000
 P3PRGTYP       0.000         0.000         0.000         0.000         0.000


           THETA
              R1PRSIST      A2PPVT4W      A2WJAPW       A2CSR         R2ATTUDE
              ________      ________      ________      ________      ________
 R1PRSIST      41.994
 A2PPVT4W       0.000         1.023
 A2WJAPW        0.000         0.000       200.305
 A2CSR          0.000         0.000         0.000       148.351
 R2ATTUDE       0.000         0.000         0.000         0.000        41.954
 R2MOTIVE       0.000         0.000         0.000         0.000         0.000
 R2PRSIST       0.000         0.000         0.000         0.000         0.000
 A3PPVT4W       0.000         0.000         0.000         0.000         0.000
 A3WJAPW        0.000         0.000         0.000         0.000         0.000
 A3CSR          0.000         0.000         0.000         0.000         0.000
 KR3ATUDE       0.000         0.000         0.000         0.000         0.000
 KR3MOTIV       0.000         0.000         0.000         0.000         0.000
 KR3PRSST       0.000         0.000         0.000         0.000         0.000
 CHGENDER       0.000         0.000         0.000         0.000         0.000
 P1RMOMED       0.000         0.000         0.000         0.000         0.000
 A1CAGE         0.000         0.000         0.000         0.000         0.000
 P1PRGTYP       0.000         0.000         0.000         0.000         0.000
 P3PRGTYP       0.000         0.000         0.000         0.000         0.000


           THETA
              R2MOTIVE      R2PRSIST      A3PPVT4W      A3WJAPW       A3CSR
              ________      ________      ________      ________      ________
 R2MOTIVE      46.690
 R2PRSIST       0.000        44.716
 A3PPVT4W       0.000         0.000         0.967
 A3WJAPW        0.000         0.000         0.000       236.924
 A3CSR          0.000         0.000         0.000         0.000       135.687
 KR3ATUDE       0.000         0.000         0.000         0.000         0.000
 KR3MOTIV       0.000         0.000         0.000         0.000         0.000
 KR3PRSST       0.000         0.000         0.000         0.000         0.000
 CHGENDER       0.000         0.000         0.000         0.000         0.000
 P1RMOMED       0.000         0.000         0.000         0.000         0.000
 A1CAGE         0.000         0.000         0.000         0.000         0.000
 P1PRGTYP       0.000         0.000         0.000         0.000         0.000
 P3PRGTYP       0.000         0.000         0.000         0.000         0.000


           THETA
              KR3ATUDE      KR3MOTIV      KR3PRSST      CHGENDER      P1RMOMED
              ________      ________      ________      ________      ________
 KR3ATUDE      48.915
 KR3MOTIV       0.000        68.699
 KR3PRSST       0.000         0.000        62.043
 CHGENDER       0.000         0.000         0.000         0.000
 P1RMOMED       0.000         0.000         0.000         0.000         0.000
 A1CAGE         0.000         0.000         0.000         0.000         0.000
 P1PRGTYP       0.000         0.000         0.000         0.000         0.000
 P3PRGTYP       0.000         0.000         0.000         0.000         0.000


           THETA
              A1CAGE        P1PRGTYP      P3PRGTYP
              ________      ________      ________
 A1CAGE         0.000
 P1PRGTYP       0.000         0.000
 P3PRGTYP       0.000         0.000         0.000


           ALPHA
              COG1          COG2          COG3          ATL1          ATL2
              ________      ________      ________      ________      ________
      1         0.000         0.000         0.000         0.000         0.000


           ALPHA
              ATL3          CHGENDER      P1RMOMED      A1CAGE        P1PRGTYP
              ________      ________      ________      ________      ________
      1         0.000         0.526         2.159        53.604         1.579


           ALPHA
              P3PRGTYP
              ________
      1         4.179


           BETA
              COG1          COG2          COG3          ATL1          ATL2
              ________      ________      ________      ________      ________
 COG1           0.000         0.000         0.000         0.000         0.000
 COG2           0.000         0.000         0.000         0.000         0.000
 COG3           0.000         0.000         0.000         0.000         0.000
 ATL1           0.000         0.000         0.000         0.000         0.000
 ATL2           0.000         0.000         0.000         0.000         0.000
 ATL3           0.000         0.000         0.000         0.000         0.000
 CHGENDER       0.000         0.000         0.000         0.000         0.000
 P1RMOMED       0.000         0.000         0.000         0.000         0.000
 A1CAGE         0.000         0.000         0.000         0.000         0.000
 P1PRGTYP       0.000         0.000         0.000         0.000         0.000
 P3PRGTYP       0.000         0.000         0.000         0.000         0.000


           BETA
              ATL3          CHGENDER      P1RMOMED      A1CAGE        P1PRGTYP
              ________      ________      ________      ________      ________
 COG1           0.000         0.000         0.000         0.000         0.000
 COG2           0.000         0.000         0.000         0.000         0.000
 COG3           0.000         0.000         0.000         0.000         0.000
 ATL1           0.000         0.000         0.000         0.000         0.000
 ATL2           0.000         0.000         0.000         0.000         0.000
 ATL3           0.000         0.000         0.000         0.000         0.000
 CHGENDER       0.000         0.000         0.000         0.000         0.000
 P1RMOMED       0.000         0.000         0.000         0.000         0.000
 A1CAGE         0.000         0.000         0.000         0.000         0.000
 P1PRGTYP       0.000         0.000         0.000         0.000         0.000
 P3PRGTYP       0.000         0.000         0.000         0.000         0.000


           BETA
              P3PRGTYP
              ________
 COG1           0.000
 COG2           0.000
 COG3           0.000
 ATL1           0.000
 ATL2           0.000
 ATL3           0.000
 CHGENDER       0.000
 P1RMOMED       0.000
 A1CAGE         0.000
 P1PRGTYP       0.000
 P3PRGTYP       0.000


           PSI
              COG1          COG2          COG3          ATL1          ATL2
              ________      ________      ________      ________      ________
 COG1           1.000
 COG2           0.000         0.050
 COG3           0.000         0.000         0.050
 ATL1           0.000         0.000         0.000         1.000
 ATL2           0.000         0.000         0.000         0.000         0.050
 ATL3           0.000         0.000         0.000         0.000         0.000
 CHGENDER       0.000         0.000         0.000         0.000         0.000
 P1RMOMED       0.000         0.000         0.000         0.000         0.000
 A1CAGE         0.000         0.000         0.000         0.000         0.000
 P1PRGTYP       0.000         0.000         0.000         0.000         0.000
 P3PRGTYP       0.000         0.000         0.000         0.000         0.000


           PSI
              ATL3          CHGENDER      P1RMOMED      A1CAGE        P1PRGTYP
              ________      ________      ________      ________      ________
 ATL3           0.050
 CHGENDER       0.000         0.249
 P1RMOMED       0.000        -0.025         0.800
 A1CAGE         0.000         0.160        -0.048        14.306
 P1PRGTYP       0.000        -0.007         0.008         0.030         0.244
 P3PRGTYP       0.000         0.002        -0.030         0.067         0.038


           PSI
              P3PRGTYP
              ________
 P3PRGTYP       0.147


DIAGRAM INFORMATION

  Use View Diagram under the Diagram menu in the Mplus Editor to view the diagram.
  If running Mplus from the Mplus Diagrammer, the diagram opens automatically.

  Diagram output
    c:\users\bfoste01\dropbox\scripts on the go\scripts\10-22-14\2.cross-lag-controls.dgm

     Beginning Time:  09:45:21
        Ending Time:  09:45:22
       Elapsed Time:  00:00:01



MUTHEN & MUTHEN
3463 Stoner Ave.
Los Angeles, CA  90066

Tel: (310) 391-9971
Fax: (310) 391-8971
Web: www.StatModel.com
Support: Support@StatModel.com

Copyright (c) 1998-2014 Muthen & Muthen
