Mplus VERSION 7.3
MUTHEN & MUTHEN
10/23/2014  10:39 AM

INPUT INSTRUCTIONS

  TITLE:
      Cross-lag model, no controls, no problem BeH
    DATA: FILE = "moderation.4.dat";
    DEFINE: A1PPVT4W = A1PPVT4W/10;
            A1WJLWW = A1WJLWW/10;
            A2PPVT4W = A2PPVT4W/10;
            A2WJLWW = A2WJLWW/10;
            A3PPVT4W = A3PPVT4W/10;
            A3WJLWW = A3WJLWW/10;
    VARIABLE:
    NAMES = A1PPVT4W A1WJAPW A1WJLWW A1CSR A1ECMIRT A1WJSW R1ATTUDE R1MOTIVE R1PRSIST
         A2PPVT4W A2WJAPW A2WJLWW A2CSR A2ECMIRT A2WJSW R2ATTUDE R2MOTIVE R2PRSIST
         A3PPVT4W A3WJAPW A3WJLWW A3CSR A3ECMIRT A3WJSW KR3ATUDE KR3MOTIV KR3PRSST
         R1TPLBS R2TPLBS KR3TPLBS STRAT PSU PRA12OTW CHGENDER P1RMOMED A1CAGE A2CAGE
         A3CAGE CRACE P1PRGTYP P2PRGTYP P3PRGTYP O2CLSSCD O2CLSSIS O2CLSSLM O2CLSSQF
         CLS1_ID CLS2_ID CLS3_ID R1BAGGR R1BWITH R1BHYPER R1ATTUDE_1 R2BAGGR R2BWITH
         R2BHYPER KR3BAGGR KR3BHYPE KR3BWITH BINAGGR1 BINWITH1 BINHYP1 BINAGGR2 BINWITH2
         BINHYP2 BINAGGR3 BINWITH3 BINHYP3;
    USEVARIABLES = A1PPVT4W A1WJAPW A1CSR
         R1ATTUDE R1MOTIVE R1PRSIST
         A2PPVT4W A2WJAPW A2CSR
         R2ATTUDE R2MOTIVE R2PRSIST
         A3PPVT4W A3WJAPW A3CSR
         KR3ATUDE KR3MOTIV KR3PRSST;
    MISSING=.;
    ANALYSIS:
      ESTIMATOR = BAYES;
      PROCESSORS = 5;
      STVAL = ML;
      FBITER = 300000;
    MODEL:
      cog1 BY A1WJAPW*(1)
      A1PPVT4W(2)
      A1CSR(3);
      cog2 BY A2WJAPW*(1)
      A2PPVT4W(2)
      A2CSR(3);
      cog3 BY A3WJAPW*(1)
      A3PPVT4W(2)
      A3CSR(3);
      cog1@1.0;

      atl1 BY R1ATTUDE*(4)
      R1MOTIVE(5)
      R1PRSIST(6);
      atl2 BY R2ATTUDE*(4)
      R2MOTIVE(5)
      R2PRSIST(6);
      atl3 BY KR3ATUDE*(4)
      KR3MOTIV(5)
      KR3PRSST(6);
      atl1@1.0;

      !allow some correlated residuals
      !auto-correlations
      A1WJAPW WITH A2WJAPW A3WJAPW;
      A2WJAPW WITH A3WJAPW;
      A1PPVT4W WITH A2PPVT4W A3PPVT4W;
      A2PPVT4W WITH A3PPVT4W;
      A1CSR WITH A2CSR A3CSR;
      A2CSR WITH A3CSR;
      R1ATTUDE WITH R2ATTUDE KR3ATUDE;
      R2ATTUDE WITH KR3ATUDE;
      R1MOTIVE WITH R2MOTIVE KR3MOTIV;
      R2MOTIVE WITH KR3MOTIV;
      R1PRSIST WITH R2PRSIST KR3PRSST;
      R2PRSIST WITH KR3PRSST;

     !allowing only concurrent non-directional paths
      atl1 WITH cog1;
      atl2 WITH cog2;
      atl3 WITH cog3;

     !cross-lagged paths
      cog2 ON cog1;
      atl2 ON cog1;
      atl2 ON atl1;
      cog2 ON atl1;
      cog3 ON cog2;
      cog3 ON atl2;
      atl3 ON cog2;
      atl3 ON atl2;


      OUTPUT:
        TECH1 TECH4 TECH8
        SAMPSTAT
        modindices;
        STANDARDIZED;




*** WARNING in OUTPUT command
  SAMPSTAT option is not available for ESTIMATOR=BAYES.  Use TYPE=BASIC.
  Request for SAMPSTAT is ignored.
*** WARNING in OUTPUT command
  MODINDICES option is not available for ESTIMATOR=BAYES.
  Request for MODINDICES is ignored.
   2 WARNING(S) FOUND IN THE INPUT INSTRUCTIONS




Cross-lag model, no controls, no problem BeH

SUMMARY OF ANALYSIS

Number of groups                                                 1
Number of observations                                         621

Number of dependent variables                                   18
Number of independent variables                                  0
Number of continuous latent variables                            6

Observed dependent variables

  Continuous
   A1PPVT4W    A1WJAPW     A1CSR       R1ATTUDE    R1MOTIVE    R1PRSIST
   A2PPVT4W    A2WJAPW     A2CSR       R2ATTUDE    R2MOTIVE    R2PRSIST
   A3PPVT4W    A3WJAPW     A3CSR       KR3ATUDE    KR3MOTIV    KR3PRSST

Continuous latent variables
   COG1        COG2        COG3        ATL1        ATL2        ATL3


Estimator                                                    BAYES
Specifications for Bayesian Estimation
  Point estimate                                            MEDIAN
  Number of Markov chain Monte Carlo (MCMC) chains               2
  Random seed for the first chain                                0
  Starting value information                                    ML
  Treatment of categorical mediator                         LATENT
  Algorithm used for Markov chain Monte Carlo           GIBBS(PX1)
  Fixed number of iterations                                300000
  K-th iteration used for thinning                               1
Integration Specifications
  Type                                                    STANDARD
  Number of integration points                                  15
  Dimensions of numerical integration                            0
  Adaptive quadrature                                           ON
Cholesky                                                       OFF

Input data file(s)
  moderation.4.dat
Input data format  FREE


SUMMARY OF DATA



COVARIANCE COVERAGE OF DATA

Minimum covariance coverage value   0.100

     Number of missing data patterns            36


     PROPORTION OF DATA PRESENT


           Covariance Coverage
              A1PPVT4W      A1WJAPW       A1CSR         R1ATTUDE      R1MOTIVE
              ________      ________      ________      ________      ________
 A1PPVT4W       0.979
 A1WJAPW        0.944         0.944
 A1CSR          0.979         0.944         0.979
 R1ATTUDE       0.944         0.910         0.944         0.961
 R1MOTIVE       0.944         0.910         0.944         0.961         0.961
 R1PRSIST       0.944         0.910         0.944         0.961         0.961
 A2PPVT4W       0.961         0.926         0.961         0.942         0.942
 A2WJAPW        0.953         0.921         0.953         0.934         0.934
 A2CSR          0.966         0.931         0.966         0.947         0.947
 R2ATTUDE       0.926         0.890         0.926         0.921         0.921
 R2MOTIVE       0.926         0.890         0.926         0.921         0.921
 R2PRSIST       0.926         0.890         0.926         0.921         0.921
 A3PPVT4W       0.865         0.831         0.865         0.845         0.845
 A3WJAPW        0.862         0.828         0.862         0.842         0.842
 A3CSR          0.865         0.831         0.865         0.845         0.845
 KR3ATUDE       0.676         0.657         0.676         0.667         0.667
 KR3MOTIV       0.676         0.657         0.676         0.667         0.667
 KR3PRSST       0.676         0.657         0.676         0.667         0.667


           Covariance Coverage
              R1PRSIST      A2PPVT4W      A2WJAPW       A2CSR         R2ATTUDE
              ________      ________      ________      ________      ________
 R1PRSIST       0.961
 A2PPVT4W       0.942         0.979
 A2WJAPW        0.934         0.968         0.971
 A2CSR          0.947         0.979         0.971         0.984
 R2ATTUDE       0.921         0.928         0.919         0.932         0.947
 R2MOTIVE       0.921         0.928         0.919         0.932         0.947
 R2PRSIST       0.921         0.928         0.919         0.932         0.947
 A3PPVT4W       0.845         0.862         0.855         0.866         0.837
 A3WJAPW        0.842         0.858         0.852         0.863         0.836
 A3CSR          0.845         0.862         0.855         0.866         0.837
 KR3ATUDE       0.667         0.668         0.663         0.671         0.647
 KR3MOTIV       0.667         0.668         0.663         0.671         0.647
 KR3PRSST       0.667         0.668         0.663         0.671         0.647


           Covariance Coverage
              R2MOTIVE      R2PRSIST      A3PPVT4W      A3WJAPW       A3CSR
              ________      ________      ________      ________      ________
 R2MOTIVE       0.947
 R2PRSIST       0.947         0.947
 A3PPVT4W       0.837         0.837         0.882
 A3WJAPW        0.836         0.836         0.879         0.879
 A3CSR          0.837         0.837         0.882         0.879         0.882
 KR3ATUDE       0.647         0.647         0.589         0.586         0.589
 KR3MOTIV       0.647         0.647         0.589         0.586         0.589
 KR3PRSST       0.647         0.647         0.589         0.586         0.589


           Covariance Coverage
              KR3ATUDE      KR3MOTIV      KR3PRSST
              ________      ________      ________
 KR3ATUDE       0.683
 KR3MOTIV       0.683         0.683
 KR3PRSST       0.683         0.683         0.683


     THE MODEL ESTIMATION DID NOT TERMINATE NORMALLY.
     THE PSI MATRIX IS NOT POSITIVE DEFINITE.

     THE PROBLEM OCCURRED IN CHAIN 2.

     PROBLEM INVOLVING VARIABLES A1PPVT4W AND ATL1.






MODEL RESULTS

                    Estimate

 COG1     BY
    A1WJAPW           16.702
    A1PPVT4W           1.105
    A1CSR              8.355

 COG2     BY
    A2WJAPW           16.702
    A2PPVT4W           1.105
    A2CSR              8.355

 COG3     BY
    A3WJAPW           16.702
    A3PPVT4W           1.105
    A3CSR              8.355

 ATL1     BY
    R1ATTUDE           7.533
    R1MOTIVE           7.014
    R1PRSIST           8.946

 ATL2     BY
    R2ATTUDE           7.533
    R2MOTIVE           7.014
    R2PRSIST           8.946

 ATL3     BY
    KR3ATUDE           7.533
    KR3MOTIV           7.014
    KR3PRSST           8.946

 COG2       ON
    COG1               0.871
    ATL1               0.002

 ATL2       ON
    COG1               0.100
    ATL1               0.680

 COG3       ON
    COG2               0.737
    ATL2               0.084

 ATL3       ON
    COG2               0.337
    ATL2               0.372

 ATL1     WITH
    COG1               0.510

 ATL2     WITH
    COG2               0.042

 ATL3     WITH
    COG3               0.163

 A1WJAPW  WITH
    A2WJAPW           13.207
    A3WJAPW            7.884

 A2WJAPW  WITH
    A3WJAPW           47.591

 A1PPVT4W WITH
    A2PPVT4W           0.410
    A3PPVT4W           0.324

 A2PPVT4W WITH
    A3PPVT4W           0.365

 A1CSR    WITH
    A2CSR             41.527
    A3CSR              8.651

 A2CSR    WITH
    A3CSR             42.611

 R1ATTUDE WITH
    R2ATTUDE          13.992
    KR3ATUDE           4.773

 R2ATTUDE WITH
    KR3ATUDE           5.382

 R1MOTIVE WITH
    R2MOTIVE          24.515
    KR3MOTIV          17.256

 R2MOTIVE WITH
    KR3MOTIV          13.601

 R1PRSIST WITH
    R2PRSIST           0.355
    KR3PRSST          -4.603

 R2PRSIST WITH
    KR3PRSST          -4.268

 Intercepts
    A1PPVT4W          10.810
    A1WJAPW          380.228
    A1CSR             62.711
    R1ATTUDE          52.179
    R1MOTIVE          52.364
    R1PRSIST          52.494
    A2PPVT4W          11.798
    A2WJAPW          399.839
    A2CSR             61.342
    R2ATTUDE          52.411
    R2MOTIVE          52.393
    R2PRSIST          52.797
    A3PPVT4W          13.487
    A3WJAPW          426.696
    A3CSR             65.947
    KR3ATUDE          51.196
    KR3MOTIV          50.475
    KR3PRSST          49.403

 Variances
    COG1               1.000
    ATL1               1.000

 Residual Variances
    A1PPVT4W           1.268
    A1WJAPW          535.067
    A1CSR            214.966
    R1ATTUDE          26.893
    R1MOTIVE          52.371
    R1PRSIST          10.139
    A2PPVT4W           0.847
    A2WJAPW          168.548
    A2CSR            237.092
    R2ATTUDE          31.429
    R2MOTIVE          46.332
    R2PRSIST           3.582
    A3PPVT4W           0.864
    A3WJAPW          185.673
    A3CSR            249.297
    KR3ATUDE          25.775
    KR3MOTIV          55.250
    KR3PRSST          21.362
    COG2               0.156
    COG3               0.251
    ATL2               0.548
    ATL3               1.144


MODEL COMMAND WITH FINAL ESTIMATES USED AS STARTING VALUES

     cog1 BY a1wjapw*16.70203 (20);
     cog1 BY a1ppvt4w*1.10464 (19);
     cog1 BY a1csr*8.35487 (21);
     cog2 BY a2wjapw*16.70203 (20);
     cog2 BY a2ppvt4w*1.10464 (19);
     cog2 BY a2csr*8.35487 (21);
     cog3 BY a3wjapw*16.70203 (20);
     cog3 BY a3ppvt4w*1.10464 (19);
     cog3 BY a3csr*8.35487 (21);
     atl1 BY r1attude*7.53295 (22);
     atl1 BY r1motive*7.01391 (23);
     atl1 BY r1prsist*8.94556 (24);
     atl2 BY r2attude*7.53295 (22);
     atl2 BY r2motive*7.01391 (23);
     atl2 BY r2prsist*8.94556 (24);
     atl3 BY kr3atude*7.53295 (22);
     atl3 BY kr3motiv*7.01391 (23);
     atl3 BY kr3prsst*8.94556 (24);

     cog2 ON cog1*0.87148;
     cog2 ON atl1*0.00210;
     atl2 ON cog1*0.09983;
     atl2 ON atl1*0.67968;
     cog3 ON cog2*0.73679;
     cog3 ON atl2*0.08441;
     atl3 ON cog2*0.33688;
     atl3 ON atl2*0.37225;

     a1wjapw WITH a2wjapw*13.20712;
     a1wjapw WITH a3wjapw*7.88408;
     a2wjapw WITH a3wjapw*47.59142;
     a1ppvt4w WITH a2ppvt4w*0.41015;
     a1ppvt4w WITH a3ppvt4w*0.32390;
     a2ppvt4w WITH a3ppvt4w*0.36484;
     a1csr WITH a2csr*41.52660;
     a1csr WITH a3csr*8.65088;
     a2csr WITH a3csr*42.61136;
     r1attude WITH r2attude*13.99166;
     r1attude WITH kr3atude*4.77338;
     r2attude WITH kr3atude*5.38183;
     r1motive WITH r2motive*24.51502;
     r1motive WITH kr3motiv*17.25608;
     r2motive WITH kr3motiv*13.60109;
     r1prsist WITH r2prsist*0.35501;
     r1prsist WITH kr3prsst*-4.60349;
     r2prsist WITH kr3prsst*-4.26752;
     atl1 WITH cog1*0.50995;
     atl2 WITH cog2*0.04178;
     atl3 WITH cog3*0.16303;

     [ a1ppvt4w*10.80979 ];
     [ a1wjapw*380.22815 ];
     [ a1csr*62.71122 ];
     [ r1attude*52.17946 ];
     [ r1motive*52.36437 ];
     [ r1prsist*52.49390 ];
     [ a2ppvt4w*11.79833 ];
     [ a2wjapw*399.83878 ];
     [ a2csr*61.34220 ];
     [ r2attude*52.41123 ];
     [ r2motive*52.39332 ];
     [ r2prsist*52.79739 ];
     [ a3ppvt4w*13.48711 ];
     [ a3wjapw*426.69644 ];
     [ a3csr*65.94704 ];
     [ kr3atude*51.19609 ];
     [ kr3motiv*50.47525 ];
     [ kr3prsst*49.40256 ];

     a1ppvt4w*1.26755;
     a1wjapw*535.06738;
     a1csr*214.96646;
     r1attude*26.89345;
     r1motive*52.37146;
     r1prsist*10.13874;
     a2ppvt4w*0.84652;
     a2wjapw*168.54810;
     a2csr*237.09155;
     r2attude*31.42906;
     r2motive*46.33184;
     r2prsist*3.58218;
     a3ppvt4w*0.86423;
     a3wjapw*185.67279;
     a3csr*249.29677;
     kr3atude*25.77539;
     kr3motiv*55.24952;
     kr3prsst*21.36239;
     cog1@1;
     cog2*0.15585;
     cog3*0.25127;
     atl1@1;
     atl2*0.54813;
     atl3*1.14368;



TECHNICAL 1 OUTPUT


     PARAMETER SPECIFICATION


           NU
              A1PPVT4W      A1WJAPW       A1CSR         R1ATTUDE      R1MOTIVE
              ________      ________      ________      ________      ________
 1                  1             2             3             4             5


           NU
              R1PRSIST      A2PPVT4W      A2WJAPW       A2CSR         R2ATTUDE
              ________      ________      ________      ________      ________
 1                  6             7             8             9            10


           NU
              R2MOTIVE      R2PRSIST      A3PPVT4W      A3WJAPW       A3CSR
              ________      ________      ________      ________      ________
 1                 11            12            13            14            15


           NU
              KR3ATUDE      KR3MOTIV      KR3PRSST
              ________      ________      ________
 1                 16            17            18


           LAMBDA
              COG1          COG2          COG3          ATL1          ATL2
              ________      ________      ________      ________      ________
 A1PPVT4W          19             0             0             0             0
 A1WJAPW           20             0             0             0             0
 A1CSR             21             0             0             0             0
 R1ATTUDE           0             0             0            22             0
 R1MOTIVE           0             0             0            23             0
 R1PRSIST           0             0             0            24             0
 A2PPVT4W           0            19             0             0             0
 A2WJAPW            0            20             0             0             0
 A2CSR              0            21             0             0             0
 R2ATTUDE           0             0             0             0            22
 R2MOTIVE           0             0             0             0            23
 R2PRSIST           0             0             0             0            24
 A3PPVT4W           0             0            19             0             0
 A3WJAPW            0             0            20             0             0
 A3CSR              0             0            21             0             0
 KR3ATUDE           0             0             0             0             0
 KR3MOTIV           0             0             0             0             0
 KR3PRSST           0             0             0             0             0


           LAMBDA
              ATL3
              ________
 A1PPVT4W           0
 A1WJAPW            0
 A1CSR              0
 R1ATTUDE           0
 R1MOTIVE           0
 R1PRSIST           0
 A2PPVT4W           0
 A2WJAPW            0
 A2CSR              0
 R2ATTUDE           0
 R2MOTIVE           0
 R2PRSIST           0
 A3PPVT4W           0
 A3WJAPW            0
 A3CSR              0
 KR3ATUDE          22
 KR3MOTIV          23
 KR3PRSST          24


           THETA
              A1PPVT4W      A1WJAPW       A1CSR         R1ATTUDE      R1MOTIVE
              ________      ________      ________      ________      ________
 A1PPVT4W          25
 A1WJAPW            0            26
 A1CSR              0             0            27
 R1ATTUDE           0             0             0            28
 R1MOTIVE           0             0             0             0            29
 R1PRSIST           0             0             0             0             0
 A2PPVT4W          31             0             0             0             0
 A2WJAPW            0            33             0             0             0
 A2CSR              0             0            35             0             0
 R2ATTUDE           0             0             0            37             0
 R2MOTIVE           0             0             0             0            39
 R2PRSIST           0             0             0             0             0
 A3PPVT4W          43             0             0             0             0
 A3WJAPW            0            46             0             0             0
 A3CSR              0             0            49             0             0
 KR3ATUDE           0             0             0            52             0
 KR3MOTIV           0             0             0             0            55
 KR3PRSST           0             0             0             0             0


           THETA
              R1PRSIST      A2PPVT4W      A2WJAPW       A2CSR         R2ATTUDE
              ________      ________      ________      ________      ________
 R1PRSIST          30
 A2PPVT4W           0            32
 A2WJAPW            0             0            34
 A2CSR              0             0             0            36
 R2ATTUDE           0             0             0             0            38
 R2MOTIVE           0             0             0             0             0
 R2PRSIST          41             0             0             0             0
 A3PPVT4W           0            44             0             0             0
 A3WJAPW            0             0            47             0             0
 A3CSR              0             0             0            50             0
 KR3ATUDE           0             0             0             0            53
 KR3MOTIV           0             0             0             0             0
 KR3PRSST          58             0             0             0             0


           THETA
              R2MOTIVE      R2PRSIST      A3PPVT4W      A3WJAPW       A3CSR
              ________      ________      ________      ________      ________
 R2MOTIVE          40
 R2PRSIST           0            42
 A3PPVT4W           0             0            45
 A3WJAPW            0             0             0            48
 A3CSR              0             0             0             0            51
 KR3ATUDE           0             0             0             0             0
 KR3MOTIV          56             0             0             0             0
 KR3PRSST           0            59             0             0             0


           THETA
              KR3ATUDE      KR3MOTIV      KR3PRSST
              ________      ________      ________
 KR3ATUDE          54
 KR3MOTIV           0            57
 KR3PRSST           0             0            60


           ALPHA
              COG1          COG2          COG3          ATL1          ATL2
              ________      ________      ________      ________      ________
 1                  0             0             0             0             0


           ALPHA
              ATL3
              ________
 1                  0


           BETA
              COG1          COG2          COG3          ATL1          ATL2
              ________      ________      ________      ________      ________
 COG1               0             0             0             0             0
 COG2              61             0             0            62             0
 COG3               0            63             0             0            64
 ATL1               0             0             0             0             0
 ATL2              65             0             0            66             0
 ATL3               0            67             0             0            68


           BETA
              ATL3
              ________
 COG1               0
 COG2               0
 COG3               0
 ATL1               0
 ATL2               0
 ATL3               0


           PSI
              COG1          COG2          COG3          ATL1          ATL2
              ________      ________      ________      ________      ________
 COG1               0
 COG2               0            69
 COG3               0             0            70
 ATL1              71             0             0             0
 ATL2               0            72             0             0            73
 ATL3               0             0            74             0             0


           PSI
              ATL3
              ________
 ATL3              75


     STARTING VALUES


           NU
              A1PPVT4W      A1WJAPW       A1CSR         R1ATTUDE      R1MOTIVE
              ________      ________      ________      ________      ________
 1             10.804       381.208        62.168        51.949        52.088


           NU
              R1PRSIST      A2PPVT4W      A2WJAPW       A2CSR         R2ATTUDE
              ________      ________      ________      ________      ________
 1             52.102        11.802       399.438        61.538        52.133


           NU
              R2MOTIVE      R2PRSIST      A3PPVT4W      A3WJAPW       A3CSR
              ________      ________      ________      ________      ________
 1             52.543        52.498        13.497       426.538        66.500


           NU
              KR3ATUDE      KR3MOTIV      KR3PRSST
              ________      ________      ________
 1             51.523        50.682        49.786


           LAMBDA
              COG1          COG2          COG3          ATL1          ATL2
              ________      ________      ________      ________      ________
 A1PPVT4W       1.000         0.000         0.000         0.000         0.000
 A1WJAPW        1.000         0.000         0.000         0.000         0.000
 A1CSR          1.000         0.000         0.000         0.000         0.000
 R1ATTUDE       0.000         0.000         0.000         1.000         0.000
 R1MOTIVE       0.000         0.000         0.000         1.000         0.000
 R1PRSIST       0.000         0.000         0.000         1.000         0.000
 A2PPVT4W       0.000         1.000         0.000         0.000         0.000
 A2WJAPW        0.000         1.000         0.000         0.000         0.000
 A2CSR          0.000         1.000         0.000         0.000         0.000
 R2ATTUDE       0.000         0.000         0.000         0.000         1.000
 R2MOTIVE       0.000         0.000         0.000         0.000         1.000
 R2PRSIST       0.000         0.000         0.000         0.000         1.000
 A3PPVT4W       0.000         0.000         1.000         0.000         0.000
 A3WJAPW        0.000         0.000         1.000         0.000         0.000
 A3CSR          0.000         0.000         1.000         0.000         0.000
 KR3ATUDE       0.000         0.000         0.000         0.000         0.000
 KR3MOTIV       0.000         0.000         0.000         0.000         0.000
 KR3PRSST       0.000         0.000         0.000         0.000         0.000


           LAMBDA
              ATL3
              ________
 A1PPVT4W       0.000
 A1WJAPW        0.000
 A1CSR          0.000
 R1ATTUDE       0.000
 R1MOTIVE       0.000
 R1PRSIST       0.000
 A2PPVT4W       0.000
 A2WJAPW        0.000
 A2CSR          0.000
 R2ATTUDE       0.000
 R2MOTIVE       0.000
 R2PRSIST       0.000
 A3PPVT4W       0.000
 A3WJAPW        0.000
 A3CSR          0.000
 KR3ATUDE       1.000
 KR3MOTIV       1.000
 KR3PRSST       1.000


           THETA
              A1PPVT4W      A1WJAPW       A1CSR         R1ATTUDE      R1MOTIVE
              ________      ________      ________      ________      ________
 A1PPVT4W       1.441
 A1WJAPW        0.000       301.780
 A1CSR          0.000         0.000       154.466
 R1ATTUDE       0.000         0.000         0.000        41.892
 R1MOTIVE       0.000         0.000         0.000         0.000        43.873
 R1PRSIST       0.000         0.000         0.000         0.000         0.000
 A2PPVT4W       0.000         0.000         0.000         0.000         0.000
 A2WJAPW        0.000         0.000         0.000         0.000         0.000
 A2CSR          0.000         0.000         0.000         0.000         0.000
 R2ATTUDE       0.000         0.000         0.000         0.000         0.000
 R2MOTIVE       0.000         0.000         0.000         0.000         0.000
 R2PRSIST       0.000         0.000         0.000         0.000         0.000
 A3PPVT4W       0.000         0.000         0.000         0.000         0.000
 A3WJAPW        0.000         0.000         0.000         0.000         0.000
 A3CSR          0.000         0.000         0.000         0.000         0.000
 KR3ATUDE       0.000         0.000         0.000         0.000         0.000
 KR3MOTIV       0.000         0.000         0.000         0.000         0.000
 KR3PRSST       0.000         0.000         0.000         0.000         0.000


           THETA
              R1PRSIST      A2PPVT4W      A2WJAPW       A2CSR         R2ATTUDE
              ________      ________      ________      ________      ________
 R1PRSIST      44.552
 A2PPVT4W       0.000         1.105
 A2WJAPW        0.000         0.000       204.289
 A2CSR          0.000         0.000         0.000       144.281
 R2ATTUDE       0.000         0.000         0.000         0.000        44.282
 R2MOTIVE       0.000         0.000         0.000         0.000         0.000
 R2PRSIST       0.000         0.000         0.000         0.000         0.000
 A3PPVT4W       0.000         0.000         0.000         0.000         0.000
 A3WJAPW        0.000         0.000         0.000         0.000         0.000
 A3CSR          0.000         0.000         0.000         0.000         0.000
 KR3ATUDE       0.000         0.000         0.000         0.000         0.000
 KR3MOTIV       0.000         0.000         0.000         0.000         0.000
 KR3PRSST       0.000         0.000         0.000         0.000         0.000


           THETA
              R2MOTIVE      R2PRSIST      A3PPVT4W      A3WJAPW       A3CSR
              ________      ________      ________      ________      ________
 R2MOTIVE      48.514
 R2PRSIST       0.000        46.411
 A3PPVT4W       0.000         0.000         0.982
 A3WJAPW        0.000         0.000         0.000       226.207
 A3CSR          0.000         0.000         0.000         0.000       138.187
 KR3ATUDE       0.000         0.000         0.000         0.000         0.000
 KR3MOTIV       0.000         0.000         0.000         0.000         0.000
 KR3PRSST       0.000         0.000         0.000         0.000         0.000


           THETA
              KR3ATUDE      KR3MOTIV      KR3PRSST
              ________      ________      ________
 KR3ATUDE      48.661
 KR3MOTIV       0.000        67.030
 KR3PRSST       0.000         0.000        64.399


           ALPHA
              COG1          COG2          COG3          ATL1          ATL2
              ________      ________      ________      ________      ________
 1              0.000         0.000         0.000         0.000         0.000


           ALPHA
              ATL3
              ________
 1              0.000


           BETA
              COG1          COG2          COG3          ATL1          ATL2
              ________      ________      ________      ________      ________
 COG1           0.000         0.000         0.000         0.000         0.000
 COG2           0.000         0.000         0.000         0.000         0.000
 COG3           0.000         0.000         0.000         0.000         0.000
 ATL1           0.000         0.000         0.000         0.000         0.000
 ATL2           0.000         0.000         0.000         0.000         0.000
 ATL3           0.000         0.000         0.000         0.000         0.000


           BETA
              ATL3
              ________
 COG1           0.000
 COG2           0.000
 COG3           0.000
 ATL1           0.000
 ATL2           0.000
 ATL3           0.000


           PSI
              COG1          COG2          COG3          ATL1          ATL2
              ________      ________      ________      ________      ________
 COG1           1.000
 COG2           0.000         1.000
 COG3           0.000         0.000         1.000
 ATL1           0.000         0.000         0.000         1.000
 ATL2           0.000         0.000         0.000         0.000         1.000
 ATL3           0.000         0.000         0.000         0.000         0.000


           PSI
              ATL3
              ________
 ATL3           1.000



     PRIORS FOR ALL PARAMETERS            PRIOR MEAN      PRIOR VARIANCE     PRIOR STD. DEV.

     Parameter 1~N(0.000,infinity)           0.0000            infinity            infinity
     Parameter 2~N(0.000,infinity)           0.0000            infinity            infinity
     Parameter 3~N(0.000,infinity)           0.0000            infinity            infinity
     Parameter 4~N(0.000,infinity)           0.0000            infinity            infinity
     Parameter 5~N(0.000,infinity)           0.0000            infinity            infinity
     Parameter 6~N(0.000,infinity)           0.0000            infinity            infinity
     Parameter 7~N(0.000,infinity)           0.0000            infinity            infinity
     Parameter 8~N(0.000,infinity)           0.0000            infinity            infinity
     Parameter 9~N(0.000,infinity)           0.0000            infinity            infinity
     Parameter 10~N(0.000,infinity)          0.0000            infinity            infinity
     Parameter 11~N(0.000,infinity)          0.0000            infinity            infinity
     Parameter 12~N(0.000,infinity)          0.0000            infinity            infinity
     Parameter 13~N(0.000,infinity)          0.0000            infinity            infinity
     Parameter 14~N(0.000,infinity)          0.0000            infinity            infinity
     Parameter 15~N(0.000,infinity)          0.0000            infinity            infinity
     Parameter 16~N(0.000,infinity)          0.0000            infinity            infinity
     Parameter 17~N(0.000,infinity)          0.0000            infinity            infinity
     Parameter 18~N(0.000,infinity)          0.0000            infinity            infinity
     Parameter 19~N(0.000,infinity)          0.0000            infinity            infinity
     Parameter 20~N(0.000,infinity)          0.0000            infinity            infinity
     Parameter 21~N(0.000,infinity)          0.0000            infinity            infinity
     Parameter 22~N(0.000,infinity)          0.0000            infinity            infinity
     Parameter 23~N(0.000,infinity)          0.0000            infinity            infinity
     Parameter 24~N(0.000,infinity)          0.0000            infinity            infinity
     Parameter 25~IW(0.000,-4)             infinity            infinity            infinity
     Parameter 26~IW(0.000,-4)             infinity            infinity            infinity
     Parameter 27~IW(0.000,-4)             infinity            infinity            infinity
     Parameter 28~IW(0.000,-4)             infinity            infinity            infinity
     Parameter 29~IW(0.000,-4)             infinity            infinity            infinity
     Parameter 30~IW(0.000,-4)             infinity            infinity            infinity
     Parameter 31~IW(0.000,-4)             infinity            infinity            infinity
     Parameter 32~IW(0.000,-4)             infinity            infinity            infinity
     Parameter 33~IW(0.000,-4)             infinity            infinity            infinity
     Parameter 34~IW(0.000,-4)             infinity            infinity            infinity
     Parameter 35~IW(0.000,-4)             infinity            infinity            infinity
     Parameter 36~IW(0.000,-4)             infinity            infinity            infinity
     Parameter 37~IW(0.000,-4)             infinity            infinity            infinity
     Parameter 38~IW(0.000,-4)             infinity            infinity            infinity
     Parameter 39~IW(0.000,-4)             infinity            infinity            infinity
     Parameter 40~IW(0.000,-4)             infinity            infinity            infinity
     Parameter 41~IW(0.000,-4)             infinity            infinity            infinity
     Parameter 42~IW(0.000,-4)             infinity            infinity            infinity
     Parameter 43~IW(0.000,-4)             infinity            infinity            infinity
     Parameter 44~IW(0.000,-4)             infinity            infinity            infinity
     Parameter 45~IW(0.000,-4)             infinity            infinity            infinity
     Parameter 46~IW(0.000,-4)             infinity            infinity            infinity
     Parameter 47~IW(0.000,-4)             infinity            infinity            infinity
     Parameter 48~IW(0.000,-4)             infinity            infinity            infinity
     Parameter 49~IW(0.000,-4)             infinity            infinity            infinity
     Parameter 50~IW(0.000,-4)             infinity            infinity            infinity
     Parameter 51~IW(0.000,-4)             infinity            infinity            infinity
     Parameter 52~IW(0.000,-4)             infinity            infinity            infinity
     Parameter 53~IW(0.000,-4)             infinity            infinity            infinity
     Parameter 54~IW(0.000,-4)             infinity            infinity            infinity
     Parameter 55~IW(0.000,-4)             infinity            infinity            infinity
     Parameter 56~IW(0.000,-4)             infinity            infinity            infinity
     Parameter 57~IW(0.000,-4)             infinity            infinity            infinity
     Parameter 58~IW(0.000,-4)             infinity            infinity            infinity
     Parameter 59~IW(0.000,-4)             infinity            infinity            infinity
     Parameter 60~IW(0.000,-4)             infinity            infinity            infinity
     Parameter 61~N(0.000,infinity)          0.0000            infinity            infinity
     Parameter 62~N(0.000,infinity)          0.0000            infinity            infinity
     Parameter 63~N(0.000,infinity)          0.0000            infinity            infinity
     Parameter 64~N(0.000,infinity)          0.0000            infinity            infinity
     Parameter 65~N(0.000,infinity)          0.0000            infinity            infinity
     Parameter 66~N(0.000,infinity)          0.0000            infinity            infinity
     Parameter 67~N(0.000,infinity)          0.0000            infinity            infinity
     Parameter 68~N(0.000,infinity)          0.0000            infinity            infinity
     Parameter 69~IW(0.000,-3)             infinity            infinity            infinity
     Parameter 70~IW(0.000,-3)             infinity            infinity            infinity
     Parameter 71~IW(0.000,-3)
     Parameter 72~IW(0.000,-3)             infinity            infinity            infinity
     Parameter 73~IW(0.000,-3)             infinity            infinity            infinity
     Parameter 74~IW(0.000,-3)             infinity            infinity            infinity
     Parameter 75~IW(0.000,-3)             infinity            infinity            infinity


TECHNICAL 8 OUTPUT



   E STEP  ITER  LOGLIKELIHOOD    ABS CHANGE   REL CHANGE  ALGORITHM
              1 -0.37469765D+05    0.0000000    0.0000000  EM
              2 -0.33866818D+05 3602.9472613    0.0961561  EM
              3 -0.33866818D+05    0.0000000    0.0000000  EM

   TECHNICAL 8 OUTPUT FOR BAYES ESTIMATION

     CHAIN    BSEED
     1        0
     2        285380

                     POTENTIAL       PARAMETER WITH
     ITERATION    SCALE REDUCTION      HIGHEST PSR
     100              7.596               71
     200              9.291               71
     300             12.255               71
     400             12.121               71
     500             11.941               71


DIAGRAM INFORMATION

  Use View Diagram under the Diagram menu in the Mplus Editor to view the diagram.
  If running Mplus from the Mplus Diagrammer, the diagram opens automatically.

  Diagram output
    c:\users\bfoste01\dropbox\scripts on the go\scripts\10-22-14\bayes\1.cross-lag-bayes-nw.dgm

     Beginning Time:  10:39:12
        Ending Time:  10:39:13
       Elapsed Time:  00:00:01



MUTHEN & MUTHEN
3463 Stoner Ave.
Los Angeles, CA  90066

Tel: (310) 391-9971
Fax: (310) 391-8971
Web: www.StatModel.com
Support: Support@StatModel.com

Copyright (c) 1998-2014 Muthen & Muthen
