Mplus VERSION 7.3
MUTHEN & MUTHEN
10/30/2014  10:37 AM

INPUT INSTRUCTIONS

   TITLE: Configural Invariance
    DATA: FILE = "moderation.4.dat";
    DEFINE: A1PPVT4W = A1PPVT4W/10;
            A1WJLWW = A1WJLWW/10;
            A2PPVT4W = A2PPVT4W/10;
            A2WJLWW = A2WJLWW/10;
            A3PPVT4W = A3PPVT4W/10;
            A3WJLWW = A3WJLWW/10;
            A1WJAPW = A1WJAPW/10;
            A2WJAPW = A2WJAPW/10;
            A3WJAPW = A3WJAPW/10;
    VARIABLE:
    NAMES = A1PPVT4W A1WJAPW A1WJLWW A1CSR A1ECMIRT A1WJSW R1ATTUDE R1MOTIVE R1PRSIST
         A2PPVT4W A2WJAPW A2WJLWW A2CSR A2ECMIRT A2WJSW R2ATTUDE R2MOTIVE R2PRSIST
         A3PPVT4W A3WJAPW A3WJLWW A3CSR A3ECMIRT A3WJSW KR3ATUDE KR3MOTIV KR3PRSST
         R1TPLBS R2TPLBS KR3TPLBS STRAT PSU PRA12OTW CHGENDER P1RMOMED A1CAGE A2CAGE
         A3CAGE CRACE P1PRGTYP P2PRGTYP P3PRGTYP O2CLSSCD O2CLSSIS O2CLSSLM O2CLSSQF
         CLS1_ID CLS2_ID CLS3_ID R1BAGGR R1BWITH R1BHYPER R1ATTUDE_1 R2BAGGR R2BWITH
         R2BHYPER KR3BAGGR KR3BHYPE KR3BWITH BINAGGR1 BINWITH1 BINHYP1 BINAGGR2 BINWITH2
         BINHYP2 BINAGGR3 BINWITH3 BINHYP3;
    USEVARIABLES = A1WJAPW A2WJAPW A3WJAPW A1PPVT4W A2PPVT4W A3PPVT4W A1CSR A2CSR A3CSR
         R1ATTUDE R1MOTIVE R1PRSIST R2ATTUDE R2MOTIVE R2PRSIST KR3MOTIV KR3PRSST
         KR3ATUDE STRAT PSU PRA12OTW;
    STRATIFICATION = STRAT;
    CLUSTER = PSU;
    WEIGHT = PRA12OTW;
    MISSING=.;
    ANALYSIS:
      TYPE = COMPLEX;
      ITERATIONS = 10000;
      ESTIMATOR =MLR;
    MODEL:
      cog1 BY A1WJAPW* A1PPVT4W A1CSR;
      cog2 BY A2WJAPW* A2PPVT4W A2CSR;
      cog3 BY A3WJAPW* A3PPVT4W A3CSR;
      cog1@1.0;
      cog2@1.0;
      cog3@1.0;

      atl1 BY R1ATTUDE* R1MOTIVE R1PRSIST;
      atl2 BY R2ATTUDE* R2MOTIVE R2PRSIST;
      atl3 BY KR3ATUDE* KR3MOTIV KR3PRSST;
      atl1@1.0;
      atl2@1.0;
      atl3@1.0;

      !correlateed residuals for cognitive skills
      A1WJAPW WITH A2WJAPW A3WJAPW;
      A2WJAPW WITH A3WJAPW;
      A1PPVT4W WITH A2PPVT4W A3PPVT4W;
      A2PPVT4W WITH A3PPVT4W;
      A1CSR WITH A2CSR A3CSR;
      A2CSR WITH A3CSR;

      !correlated residuals for AtL
      R1ATTUDE WITH R2ATTUDE KR3ATUDE;
      R2ATTUDE WITH KR3ATUDE;
      R1MOTIVE WITH R2MOTIVE KR3MOTIV;
      R2MOTIVE WITH KR3MOTIV;
      R1PRSIST WITH R2PRSIST KR3PRSST;
      R2PRSIST WITH KR3PRSST;

     !for same teacher ratings
      R1ATTUDE WITH R2PRSIST R2MOTIVE;
      R1PRSIST WITH R2MOTIVE R2ATTUDE;
      R1MOTIVE WITH R2PRSIST R2ATTUDE;

    OUTPUT:
      TECH1
      SAMPSTAT
      modindices;
      STANDARDIZED;



INPUT READING TERMINATED NORMALLY



Configural Invariance

SUMMARY OF ANALYSIS

Number of groups                                                 1
Number of observations                                         621

Number of dependent variables                                   18
Number of independent variables                                  0
Number of continuous latent variables                            6

Observed dependent variables

  Continuous
   A1WJAPW     A2WJAPW     A3WJAPW     A1PPVT4W    A2PPVT4W    A3PPVT4W
   A1CSR       A2CSR       A3CSR       R1ATTUDE    R1MOTIVE    R1PRSIST
   R2ATTUDE    R2MOTIVE    R2PRSIST    KR3MOTIV    KR3PRSST    KR3ATUDE

Continuous latent variables
   COG1        COG2        COG3        ATL1        ATL2        ATL3

Variables with special functions

  Stratification        STRAT
  Cluster variable      PSU
  Weight variable       PRA12OTW

Estimator                                                      MLR
Information matrix                                        OBSERVED
Maximum number of iterations                                 10000
Convergence criterion                                    0.500D-04
Maximum number of steepest descent iterations                   20
Maximum number of iterations for H1                           2000
Convergence criterion for H1                             0.100D-03

Input data file(s)
  moderation.4.dat

Input data format  FREE


SUMMARY OF DATA

     Number of missing data patterns            36
     Number of strata                      14
     Number of clusters                    60


COVARIANCE COVERAGE OF DATA

Minimum covariance coverage value   0.100


     PROPORTION OF DATA PRESENT


           Covariance Coverage
              A1WJAPW       A2WJAPW       A3WJAPW       A1PPVT4W      A2PPVT4W
              ________      ________      ________      ________      ________
 A1WJAPW        0.944
 A2WJAPW        0.921         0.971
 A3WJAPW        0.828         0.852         0.879
 A1PPVT4W       0.944         0.953         0.862         0.979
 A2PPVT4W       0.926         0.968         0.858         0.961         0.979
 A3PPVT4W       0.831         0.855         0.879         0.865         0.862
 A1CSR          0.944         0.953         0.862         0.979         0.961
 A2CSR          0.931         0.971         0.863         0.966         0.979
 A3CSR          0.831         0.855         0.879         0.865         0.862
 R1ATTUDE       0.910         0.934         0.842         0.944         0.942
 R1MOTIVE       0.910         0.934         0.842         0.944         0.942
 R1PRSIST       0.910         0.934         0.842         0.944         0.942
 R2ATTUDE       0.890         0.919         0.836         0.926         0.928
 R2MOTIVE       0.890         0.919         0.836         0.926         0.928
 R2PRSIST       0.890         0.919         0.836         0.926         0.928
 KR3MOTIV       0.657         0.663         0.586         0.676         0.668
 KR3PRSST       0.657         0.663         0.586         0.676         0.668
 KR3ATUDE       0.657         0.663         0.586         0.676         0.668


           Covariance Coverage
              A3PPVT4W      A1CSR         A2CSR         A3CSR         R1ATTUDE
              ________      ________      ________      ________      ________
 A3PPVT4W       0.882
 A1CSR          0.865         0.979
 A2CSR          0.866         0.966         0.984
 A3CSR          0.882         0.865         0.866         0.882
 R1ATTUDE       0.845         0.944         0.947         0.845         0.961
 R1MOTIVE       0.845         0.944         0.947         0.845         0.961
 R1PRSIST       0.845         0.944         0.947         0.845         0.961
 R2ATTUDE       0.837         0.926         0.932         0.837         0.921
 R2MOTIVE       0.837         0.926         0.932         0.837         0.921
 R2PRSIST       0.837         0.926         0.932         0.837         0.921
 KR3MOTIV       0.589         0.676         0.671         0.589         0.667
 KR3PRSST       0.589         0.676         0.671         0.589         0.667
 KR3ATUDE       0.589         0.676         0.671         0.589         0.667


           Covariance Coverage
              R1MOTIVE      R1PRSIST      R2ATTUDE      R2MOTIVE      R2PRSIST
              ________      ________      ________      ________      ________
 R1MOTIVE       0.961
 R1PRSIST       0.961         0.961
 R2ATTUDE       0.921         0.921         0.947
 R2MOTIVE       0.921         0.921         0.947         0.947
 R2PRSIST       0.921         0.921         0.947         0.947         0.947
 KR3MOTIV       0.667         0.667         0.647         0.647         0.647
 KR3PRSST       0.667         0.667         0.647         0.647         0.647
 KR3ATUDE       0.667         0.667         0.647         0.647         0.647


           Covariance Coverage
              KR3MOTIV      KR3PRSST      KR3ATUDE
              ________      ________      ________
 KR3MOTIV       0.683
 KR3PRSST       0.683         0.683
 KR3ATUDE       0.683         0.683         0.683


SAMPLE STATISTICS


     ESTIMATED SAMPLE STATISTICS


           Means
              A1WJAPW       A2WJAPW       A3WJAPW       A1PPVT4W      A2PPVT4W
              ________      ________      ________      ________      ________
      1        38.170        39.924        42.704        10.845        11.844


           Means
              A3PPVT4W      A1CSR         A2CSR         A3CSR         R1ATTUDE
              ________      ________      ________      ________      ________
      1        13.552        63.253        62.104        65.938        51.947


           Means
              R1MOTIVE      R1PRSIST      R2ATTUDE      R2MOTIVE      R2PRSIST
              ________      ________      ________      ________      ________
      1        52.518        52.295        52.374        52.808        52.681


           Means
              KR3MOTIV      KR3PRSST      KR3ATUDE
              ________      ________      ________
      1        50.250        49.368        50.708


           Covariances
              A1WJAPW       A2WJAPW       A3WJAPW       A1PPVT4W      A2PPVT4W
              ________      ________      ________      ________      ________
 A1WJAPW        6.161
 A2WJAPW        1.977         3.959
 A3WJAPW        1.519         2.708         4.598
 A1PPVT4W       1.177         1.918         1.673         2.671
 A2PPVT4W       0.966         1.819         1.599         1.593         2.023
 A3PPVT4W       0.776         1.379         1.708         1.263         1.352
 A1CSR         10.783        12.000        11.006        12.027         7.549
 A2CSR          8.299        11.931        11.569         7.646         7.941
 A3CSR          5.429         9.833        10.113         7.016         5.636
 R1ATTUDE       2.784         3.177         3.766         2.344         1.811
 R1MOTIVE       3.899         4.741         5.627         3.625         3.129
 R1PRSIST       4.396         5.499         5.232         3.696         3.080
 R2ATTUDE       1.296         2.361         3.416         1.640         1.704
 R2MOTIVE       3.546         4.594         5.617         3.398         2.858
 R2PRSIST       2.874         4.730         4.889         3.144         2.799
 KR3MOTIV       5.561         6.840         7.109         4.818         2.991
 KR3PRSST       3.821         7.455         8.015         5.140         3.290
 KR3ATUDE       0.205         4.100         4.085         2.382         1.333


           Covariances
              A3PPVT4W      A1CSR         A2CSR         A3CSR         R1ATTUDE
              ________      ________      ________      ________      ________
 A3PPVT4W       1.907
 A1CSR          6.904       300.333
 A2CSR          7.160       109.665       294.414
 A3CSR          6.473        84.558       103.277       293.370
 R1ATTUDE       1.904        38.475        40.713        44.337        77.991
 R1MOTIVE       2.962        25.205        28.611        28.295        41.182
 R1PRSIST       2.797        49.753        49.244        55.328        62.675
 R2ATTUDE       2.248        38.807        48.126        46.019        48.506
 R2MOTIVE       3.112        49.551        45.364        50.955        33.514
 R2PRSIST       2.448        54.938        52.609        49.170        45.242
 KR3MOTIV       3.673        50.552        43.415        51.183        27.041
 KR3PRSST       3.135        68.265        63.876        61.285        32.474
 KR3ATUDE       1.998        41.641        38.870        51.710        32.325


           Covariances
              R1MOTIVE      R1PRSIST      R2ATTUDE      R2MOTIVE      R2PRSIST
              ________      ________      ________      ________      ________
 R1MOTIVE      85.624
 R1PRSIST      48.344        84.322
 R2ATTUDE      25.086        44.161        86.504
 R2MOTIVE      49.049        41.100        53.738        93.668
 R2PRSIST      30.264        56.091        67.517        61.764        88.411
 KR3MOTIV      36.093        38.303        19.746        35.270        27.986
 KR3PRSST      21.057        41.520        30.656        24.852        37.474
 KR3ATUDE      15.377        35.311        29.007        19.787        30.974


           Covariances
              KR3MOTIV      KR3PRSST      KR3ATUDE
              ________      ________      ________
 KR3MOTIV     137.366
 KR3PRSST      90.168       127.689
 KR3ATUDE      72.748        85.376        97.426


           Correlations
              A1WJAPW       A2WJAPW       A3WJAPW       A1PPVT4W      A2PPVT4W
              ________      ________      ________      ________      ________
 A1WJAPW        1.000
 A2WJAPW        0.400         1.000
 A3WJAPW        0.285         0.635         1.000
 A1PPVT4W       0.290         0.590         0.477         1.000
 A2PPVT4W       0.274         0.643         0.524         0.685         1.000
 A3PPVT4W       0.226         0.502         0.577         0.559         0.688
 A1CSR          0.251         0.348         0.296         0.425         0.306
 A2CSR          0.195         0.349         0.314         0.273         0.325
 A3CSR          0.128         0.289         0.275         0.251         0.231
 R1ATTUDE       0.127         0.181         0.199         0.162         0.144
 R1MOTIVE       0.170         0.257         0.284         0.240         0.238
 R1PRSIST       0.193         0.301         0.266         0.246         0.236
 R2ATTUDE       0.056         0.128         0.171         0.108         0.129
 R2MOTIVE       0.148         0.239         0.271         0.215         0.208
 R2PRSIST       0.123         0.253         0.242         0.205         0.209
 KR3MOTIV       0.191         0.293         0.283         0.252         0.179
 KR3PRSST       0.136         0.332         0.331         0.278         0.205
 KR3ATUDE       0.008         0.209         0.193         0.148         0.095


           Correlations
              A3PPVT4W      A1CSR         A2CSR         A3CSR         R1ATTUDE
              ________      ________      ________      ________      ________
 A3PPVT4W       1.000
 A1CSR          0.288         1.000
 A2CSR          0.302         0.369         1.000
 A3CSR          0.274         0.285         0.351         1.000
 R1ATTUDE       0.156         0.251         0.269         0.293         1.000
 R1MOTIVE       0.232         0.157         0.180         0.179         0.504
 R1PRSIST       0.221         0.313         0.313         0.352         0.773
 R2ATTUDE       0.175         0.241         0.302         0.289         0.591
 R2MOTIVE       0.233         0.295         0.273         0.307         0.392
 R2PRSIST       0.189         0.337         0.326         0.305         0.545
 KR3MOTIV       0.227         0.249         0.216         0.255         0.261
 KR3PRSST       0.201         0.349         0.329         0.317         0.325
 KR3ATUDE       0.147         0.243         0.230         0.306         0.371


           Correlations
              R1MOTIVE      R1PRSIST      R2ATTUDE      R2MOTIVE      R2PRSIST
              ________      ________      ________      ________      ________
 R1MOTIVE       1.000
 R1PRSIST       0.569         1.000
 R2ATTUDE       0.291         0.517         1.000
 R2MOTIVE       0.548         0.462         0.597         1.000
 R2PRSIST       0.348         0.650         0.772         0.679         1.000
 KR3MOTIV       0.333         0.356         0.181         0.311         0.254
 KR3PRSST       0.201         0.400         0.292         0.227         0.353
 KR3ATUDE       0.168         0.390         0.316         0.207         0.334


           Correlations
              KR3MOTIV      KR3PRSST      KR3ATUDE
              ________      ________      ________
 KR3MOTIV       1.000
 KR3PRSST       0.681         1.000
 KR3ATUDE       0.629         0.765         1.000


     MAXIMUM LOG-LIKELIHOOD VALUE FOR THE UNRESTRICTED (H1) MODEL IS -29803.911


UNIVARIATE HIGHER-ORDER MOMENT DESCRIPTIVE STATISTICS


     UNIVARIATE HIGHER-ORDER MOMENT DESCRIPTIVE STATISTICS

         Variable/         Mean/     Skewness/   Minimum/ % with                Percentiles
        Sample Size      Variance    Kurtosis    Maximum  Min/Max      20%/60%    40%/80%    Median

     A1WJAPW              38.216      -0.360      33.200    8.53%      35.900     37.700     38.200
             586.000       6.121      -0.390      44.400    0.17%      38.800     40.300
     A2WJAPW              39.968      -0.514      33.200    1.49%      38.800     39.300     40.300
             603.000       3.848       1.239      45.800    0.17%      40.700     41.500
     A3WJAPW              42.692      -0.685      33.200    0.18%      40.700     42.300     43.200
             546.000       4.587       1.246      48.100    0.18%      43.600     44.400
     A1PPVT4W             10.847      -0.557       3.700    0.16%       9.400     10.500     11.000
             608.000       2.664       0.548      14.600    0.16%      11.300     12.200
     A2PPVT4W             11.850      -0.299       5.700    0.16%      10.600     11.500     11.900
             608.000       2.019       0.449      16.100    0.16%      12.200     13.100
     A3PPVT4W             13.538      -0.588       5.400    0.18%      12.600     13.200     13.500
             548.000       1.910       2.523      17.000    0.18%      13.800     14.600
     A1CSR                63.208      -1.042       0.000    0.16%      50.000     60.000     65.000
             608.000     300.451       0.586      81.000   14.14%      71.000     79.000
     A2CSR                62.124      -0.690       4.000    0.16%      47.000     56.000     63.000
             611.000     294.331      -0.298      81.000   16.20%      71.000     79.000
     A3CSR                65.926      -1.108       6.000    0.36%      53.000     68.000     74.000
             548.000     292.390       0.313      81.000   25.36%      77.000     81.000
     R1ATTUDE             51.947      -1.019      17.780    0.17%      45.170     53.000     53.000
             597.000      78.419       0.437      60.830   29.82%      56.910     60.830
     R1MOTIVE             52.577      -1.360       7.130    0.17%      46.570     51.820     54.450
             597.000      85.859       2.230      62.340   17.92%      57.080     59.710
     R1PRSIST             52.315      -1.032      15.280    0.17%      43.620     51.350     53.920
             597.000      84.946       0.510      61.650   22.45%      56.500     61.650
     R2ATTUDE             52.435      -1.294      13.860    0.17%      45.170     53.000     56.910
             588.000      85.497       1.308      60.830   30.95%      56.910     60.830
     R2MOTIVE             52.908      -1.233      12.390    0.17%      43.940     51.820     54.450
             588.000      93.270       1.161      62.340   23.13%      57.080     62.340
     R2PRSIST             52.741      -1.138      20.440    0.34%      43.620     53.920     56.500
             588.000      87.325       0.676      61.650   26.87%      56.500     61.650
     KR3MOTIV             50.350      -0.969       9.760    0.24%      41.310     51.820     54.450
             424.000     135.407       0.195      62.340   23.11%      57.080     62.340
     KR3PRSST             49.622      -0.700      20.440    0.71%      38.470     48.770     51.350
             424.000     124.276      -0.465      61.650   27.59%      56.500     61.650
     KR3ATUDE             50.896      -1.118      13.860    0.47%      45.170     53.000     53.000
             424.000      94.978       0.979      60.830   28.54%      56.910     60.830


THE MODEL ESTIMATION TERMINATED NORMALLY

     THE STANDARD ERRORS OF THE MODEL PARAMETER ESTIMATES COULD NOT BE
     COMPUTED.  THE MODEL MAY NOT BE IDENTIFIED.  CHECK YOUR MODEL.
     PROBLEM INVOLVING THE FOLLOWING PARAMETER:
     Parameter 88, ATL2 WITH ATL1

     THE CONDITION NUMBER IS      -0.135D-14.

     THE ROBUST CHI-SQUARE COULD NOT BE COMPUTED.



MODEL RESULTS

                    Estimate

 COG1     BY
    A1WJAPW            0.987
    A1PPVT4W           1.281
    A1CSR              9.440

 COG2     BY
    A2WJAPW            1.678
    A2PPVT4W           1.067
    A2CSR              7.720

 COG3     BY
    A3WJAPW            1.686
    A3PPVT4W           0.975
    A3CSR              6.762

 ATL1     BY
    R1ATTUDE           7.210
    R1MOTIVE           5.555
    R1PRSIST           8.718

 ATL2     BY
    R2ATTUDE           7.651
    R2MOTIVE           7.127
    R2PRSIST           8.830

 ATL3     BY
    KR3ATUDE           8.239
    KR3MOTIV           8.957
    KR3PRSST          10.401

 COG2     WITH
    COG1               0.858

 COG3     WITH
    COG1               0.754
    COG2               0.854

 ATL1     WITH
    COG1               0.395
    COG2               0.384
    COG3               0.397

 ATL2     WITH
    COG1               0.336
    COG2               0.339
    COG3               0.363
    ATL1               0.733

 ATL3     WITH
    COG1               0.418
    COG2               0.374
    COG3               0.416
    ATL1               0.460
    ATL2               0.394

 A1WJAPW  WITH
    A2WJAPW            0.478
    A3WJAPW            0.187

 A2WJAPW  WITH
    A3WJAPW            0.292

 A1PPVT4W WITH
    A2PPVT4W           0.433
    A3PPVT4W           0.331

 A2PPVT4W WITH
    A3PPVT4W           0.472

 A1CSR    WITH
    A2CSR             51.317
    A3CSR             31.445

 A2CSR    WITH
    A3CSR             55.047

 R1ATTUDE WITH
    R2ATTUDE           8.918
    KR3ATUDE           6.612
    R2PRSIST          -1.393
    R2MOTIVE          -4.468

 R2ATTUDE WITH
    KR3ATUDE           5.588

 R1MOTIVE WITH
    R2MOTIVE          20.431
    KR3MOTIV          17.365
    R2PRSIST          -5.013
    R2ATTUDE          -5.294

 R2MOTIVE WITH
    KR3MOTIV          17.578

 R1PRSIST WITH
    R2PRSIST          -0.458
    KR3PRSST          -2.842
    R2MOTIVE          -4.477
    R2ATTUDE          -4.031

 R2PRSIST WITH
    KR3PRSST          -0.969

 Intercepts
    A1WJAPW           38.174
    A2WJAPW           39.918
    A3WJAPW           42.700
    A1PPVT4W          10.844
    A2PPVT4W          11.844
    A3PPVT4W          13.546
    A1CSR             63.216
    A2CSR             62.107
    A3CSR             65.982
    R1ATTUDE          51.943
    R1MOTIVE          52.539
    R1PRSIST          52.295
    R2ATTUDE          52.356
    R2MOTIVE          52.792
    R2PRSIST          52.668
    KR3MOTIV          50.299
    KR3PRSST          49.357
    KR3ATUDE          50.696

 Variances
    COG1               1.000
    COG2               1.000
    COG3               1.000
    ATL1               1.000
    ATL2               1.000
    ATL3               1.000

 Residual Variances
    A1WJAPW            5.174
    A2WJAPW            1.153
    A3WJAPW            1.740
    A1PPVT4W           1.051
    A2PPVT4W           0.886
    A3PPVT4W           0.958
    A1CSR            211.096
    A2CSR            236.069
    A3CSR            245.315
    R1ATTUDE          26.429
    R1MOTIVE          54.381
    R1PRSIST           8.328
    R2ATTUDE          28.260
    R2MOTIVE          44.428
    R2PRSIST          10.415
    KR3MOTIV          60.297
    KR3PRSST          19.366
    KR3ATUDE          29.852


STANDARDIZED MODEL RESULTS

                      StdYX       StdY        Std
                    Estimate   Estimate   Estimate

 COG1     BY
    A1WJAPW            0.398      0.398      0.987
    A1PPVT4W           0.781      0.781      1.281
    A1CSR              0.545      0.545      9.440

 COG2     BY
    A2WJAPW            0.842      0.842      1.678
    A2PPVT4W           0.750      0.750      1.067
    A2CSR              0.449      0.449      7.720

 COG3     BY
    A3WJAPW            0.788      0.788      1.686
    A3PPVT4W           0.706      0.706      0.975
    A3CSR              0.396      0.396      6.762

 ATL1     BY
    R1ATTUDE           0.814      0.814      7.210
    R1MOTIVE           0.602      0.602      5.555
    R1PRSIST           0.949      0.949      8.718

 ATL2     BY
    R2ATTUDE           0.821      0.821      7.651
    R2MOTIVE           0.730      0.730      7.127
    R2PRSIST           0.939      0.939      8.830

 ATL3     BY
    KR3ATUDE           0.833      0.833      8.239
    KR3MOTIV           0.756      0.756      8.957
    KR3PRSST           0.921      0.921     10.401

 COG2     WITH
    COG1               0.858      0.858      0.858

 COG3     WITH
    COG1               0.754      0.754      0.754
    COG2               0.854      0.854      0.854

 ATL1     WITH
    COG1               0.395      0.395      0.395
    COG2               0.384      0.384      0.384
    COG3               0.397      0.397      0.397

 ATL2     WITH
    COG1               0.336      0.336      0.336
    COG2               0.339      0.339      0.339
    COG3               0.363      0.363      0.363
    ATL1               0.733      0.733      0.733

 ATL3     WITH
    COG1               0.418      0.418      0.418
    COG2               0.374      0.374      0.374
    COG3               0.416      0.416      0.416
    ATL1               0.460      0.460      0.460
    ATL2               0.394      0.394      0.394

 A1WJAPW  WITH
    A2WJAPW            0.196      0.196      0.478
    A3WJAPW            0.062      0.062      0.187

 A2WJAPW  WITH
    A3WJAPW            0.206      0.206      0.292

 A1PPVT4W WITH
    A2PPVT4W           0.449      0.449      0.433
    A3PPVT4W           0.330      0.330      0.331

 A2PPVT4W WITH
    A3PPVT4W           0.513      0.513      0.472

 A1CSR    WITH
    A2CSR              0.230      0.230     51.317
    A3CSR              0.138      0.138     31.445

 A2CSR    WITH
    A3CSR              0.229      0.229     55.047

 R1ATTUDE WITH
    R2ATTUDE           0.326      0.326      8.918
    KR3ATUDE           0.235      0.235      6.612
    R2PRSIST          -0.084     -0.084     -1.393
    R2MOTIVE          -0.130     -0.130     -4.468

 R2ATTUDE WITH
    KR3ATUDE           0.192      0.192      5.588

 R1MOTIVE WITH
    R2MOTIVE           0.416      0.416     20.431
    KR3MOTIV           0.303      0.303     17.365
    R2PRSIST          -0.211     -0.211     -5.013
    R2ATTUDE          -0.135     -0.135     -5.294

 R2MOTIVE WITH
    KR3MOTIV           0.340      0.340     17.578

 R1PRSIST WITH
    R2PRSIST          -0.049     -0.049     -0.458
    KR3PRSST          -0.224     -0.224     -2.842
    R2MOTIVE          -0.233     -0.233     -4.477
    R2ATTUDE          -0.263     -0.263     -4.031

 R2PRSIST WITH
    KR3PRSST          -0.068     -0.068     -0.969

 Intercepts
    A1WJAPW           15.397     15.397     38.174
    A2WJAPW           20.041     20.041     39.918
    A3WJAPW           19.944     19.944     42.700
    A1PPVT4W           6.610      6.610     10.844
    A2PPVT4W           8.327      8.327     11.844
    A3PPVT4W           9.804      9.804     13.546
    A1CSR              3.648      3.648     63.216
    A2CSR              3.612      3.612     62.107
    A3CSR              3.868      3.868     65.982
    R1ATTUDE           5.866      5.866     51.943
    R1MOTIVE           5.691      5.691     52.539
    R1PRSIST           5.695      5.695     52.295
    R2ATTUDE           5.620      5.620     52.356
    R2MOTIVE           5.410      5.410     52.792
    R2PRSIST           5.602      5.602     52.668
    KR3MOTIV           4.243      4.243     50.299
    KR3PRSST           4.370      4.370     49.357
    KR3ATUDE           5.128      5.128     50.696

 Variances
    COG1               1.000      1.000      1.000
    COG2               1.000      1.000      1.000
    COG3               1.000      1.000      1.000
    ATL1               1.000      1.000      1.000
    ATL2               1.000      1.000      1.000
    ATL3               1.000      1.000      1.000

 Residual Variances
    A1WJAPW            0.842      0.842      5.174
    A2WJAPW            0.291      0.291      1.153
    A3WJAPW            0.380      0.380      1.740
    A1PPVT4W           0.391      0.391      1.051
    A2PPVT4W           0.438      0.438      0.886
    A3PPVT4W           0.502      0.502      0.958
    A1CSR              0.703      0.703    211.096
    A2CSR              0.798      0.798    236.069
    A3CSR              0.843      0.843    245.315
    R1ATTUDE           0.337      0.337     26.429
    R1MOTIVE           0.638      0.638     54.381
    R1PRSIST           0.099      0.099      8.328
    R2ATTUDE           0.326      0.326     28.260
    R2MOTIVE           0.467      0.467     44.428
    R2PRSIST           0.118      0.118     10.415
    KR3MOTIV           0.429      0.429     60.297
    KR3PRSST           0.152      0.152     19.366
    KR3ATUDE           0.305      0.305     29.852


MODEL COMMAND WITH FINAL ESTIMATES USED AS STARTING VALUES

     cog1 BY a1wjapw*0.98666;
     cog1 BY a1ppvt4w*1.28079;
     cog1 BY a1csr*9.44011;
     cog2 BY a2wjapw*1.67769;
     cog2 BY a2ppvt4w*1.06655;
     cog2 BY a2csr*7.72004;
     cog3 BY a3wjapw*1.68641;
     cog3 BY a3ppvt4w*0.97537;
     cog3 BY a3csr*6.76241;
     atl1 BY r1attude*7.21008;
     atl1 BY r1motive*5.55486;
     atl1 BY r1prsist*8.71785;
     atl2 BY r2attude*7.65056;
     atl2 BY r2motive*7.12722;
     atl2 BY r2prsist*8.83044;
     atl3 BY kr3atude*8.23886;
     atl3 BY kr3motiv*8.95729;
     atl3 BY kr3prsst*10.40070;

     a1wjapw WITH a2wjapw*0.47827;
     a1wjapw WITH a3wjapw*0.18730;
     a2wjapw WITH a3wjapw*0.29180;
     a1ppvt4w WITH a2ppvt4w*0.43323;
     a1ppvt4w WITH a3ppvt4w*0.33115;
     a2ppvt4w WITH a3ppvt4w*0.47225;
     a1csr WITH a2csr*51.31680;
     a1csr WITH a3csr*31.44484;
     a2csr WITH a3csr*55.04659;
     r1attude WITH r2attude*8.91842;
     r1attude WITH kr3atude*6.61194;
     r1attude WITH r2prsist*-1.39306;
     r1attude WITH r2motive*-4.46782;
     r2attude WITH kr3atude*5.58819;
     r1motive WITH r2motive*20.43135;
     r1motive WITH kr3motiv*17.36507;
     r1motive WITH r2prsist*-5.01297;
     r1motive WITH r2attude*-5.29414;
     r2motive WITH kr3motiv*17.57835;
     r1prsist WITH r2prsist*-0.45844;
     r1prsist WITH kr3prsst*-2.84239;
     r1prsist WITH r2motive*-4.47674;
     r1prsist WITH r2attude*-4.03111;
     r2prsist WITH kr3prsst*-0.96868;
     cog2 WITH cog1*0.85842;
     cog3 WITH cog1*0.75436;
     cog3 WITH cog2*0.85442;
     atl1 WITH cog1*0.39529;
     atl1 WITH cog2*0.38358;
     atl1 WITH cog3*0.39745;
     atl2 WITH cog1*0.33605;
     atl2 WITH cog2*0.33874;
     atl2 WITH cog3*0.36283;
     atl2 WITH atl1*0.73332;
     atl3 WITH cog1*0.41808;
     atl3 WITH cog2*0.37369;
     atl3 WITH cog3*0.41623;
     atl3 WITH atl1*0.45966;
     atl3 WITH atl2*0.39449;

     [ a1wjapw*38.17426 ];
     [ a2wjapw*39.91810 ];
     [ a3wjapw*42.70033 ];
     [ a1ppvt4w*10.84429 ];
     [ a2ppvt4w*11.84362 ];
     [ a3ppvt4w*13.54633 ];
     [ a1csr*63.21582 ];
     [ a2csr*62.10720 ];
     [ a3csr*65.98248 ];
     [ r1attude*51.94276 ];
     [ r1motive*52.53887 ];
     [ r1prsist*52.29537 ];
     [ r2attude*52.35648 ];
     [ r2motive*52.79213 ];
     [ r2prsist*52.66813 ];
     [ kr3motiv*50.29893 ];
     [ kr3prsst*49.35667 ];
     [ kr3atude*50.69643 ];

     a1wjapw*5.17352;
     a2wjapw*1.15264;
     a3wjapw*1.74013;
     a1ppvt4w*1.05121;
     a2ppvt4w*0.88560;
     a3ppvt4w*0.95773;
     a1csr*211.09575;
     a2csr*236.06885;
     a3csr*245.31467;
     r1attude*26.42862;
     r1motive*54.38051;
     r1prsist*8.32823;
     r2attude*28.26043;
     r2motive*44.42751;
     r2prsist*10.41463;
     kr3motiv*60.29675;
     kr3prsst*19.36564;
     kr3atude*29.85198;
     cog1@1;
     cog2@1;
     cog3@1;
     atl1@1;
     atl2@1;
     atl3@1;



TECHNICAL 1 OUTPUT


     PARAMETER SPECIFICATION


           NU
              A1WJAPW       A2WJAPW       A3WJAPW       A1PPVT4W      A2PPVT4W
              ________      ________      ________      ________      ________
      1           1             2             3             4             5


           NU
              A3PPVT4W      A1CSR         A2CSR         A3CSR         R1ATTUDE
              ________      ________      ________      ________      ________
      1           6             7             8             9            10


           NU
              R1MOTIVE      R1PRSIST      R2ATTUDE      R2MOTIVE      R2PRSIST
              ________      ________      ________      ________      ________
      1          11            12            13            14            15


           NU
              KR3MOTIV      KR3PRSST      KR3ATUDE
              ________      ________      ________
      1          16            17            18


           LAMBDA
              COG1          COG2          COG3          ATL1          ATL2
              ________      ________      ________      ________      ________
 A1WJAPW           19             0             0             0             0
 A2WJAPW            0            20             0             0             0
 A3WJAPW            0             0            21             0             0
 A1PPVT4W          22             0             0             0             0
 A2PPVT4W           0            23             0             0             0
 A3PPVT4W           0             0            24             0             0
 A1CSR             25             0             0             0             0
 A2CSR              0            26             0             0             0
 A3CSR              0             0            27             0             0
 R1ATTUDE           0             0             0            28             0
 R1MOTIVE           0             0             0            29             0
 R1PRSIST           0             0             0            30             0
 R2ATTUDE           0             0             0             0            31
 R2MOTIVE           0             0             0             0            32
 R2PRSIST           0             0             0             0            33
 KR3MOTIV           0             0             0             0             0
 KR3PRSST           0             0             0             0             0
 KR3ATUDE           0             0             0             0             0


           LAMBDA
              ATL3
              ________
 A1WJAPW            0
 A2WJAPW            0
 A3WJAPW            0
 A1PPVT4W           0
 A2PPVT4W           0
 A3PPVT4W           0
 A1CSR              0
 A2CSR              0
 A3CSR              0
 R1ATTUDE           0
 R1MOTIVE           0
 R1PRSIST           0
 R2ATTUDE           0
 R2MOTIVE           0
 R2PRSIST           0
 KR3MOTIV          34
 KR3PRSST          35
 KR3ATUDE          36


           THETA
              A1WJAPW       A2WJAPW       A3WJAPW       A1PPVT4W      A2PPVT4W
              ________      ________      ________      ________      ________
 A1WJAPW           37
 A2WJAPW           38            39
 A3WJAPW           40            41            42
 A1PPVT4W           0             0             0            43
 A2PPVT4W           0             0             0            44            45
 A3PPVT4W           0             0             0            46            47
 A1CSR              0             0             0             0             0
 A2CSR              0             0             0             0             0
 A3CSR              0             0             0             0             0
 R1ATTUDE           0             0             0             0             0
 R1MOTIVE           0             0             0             0             0
 R1PRSIST           0             0             0             0             0
 R2ATTUDE           0             0             0             0             0
 R2MOTIVE           0             0             0             0             0
 R2PRSIST           0             0             0             0             0
 KR3MOTIV           0             0             0             0             0
 KR3PRSST           0             0             0             0             0
 KR3ATUDE           0             0             0             0             0


           THETA
              A3PPVT4W      A1CSR         A2CSR         A3CSR         R1ATTUDE
              ________      ________      ________      ________      ________
 A3PPVT4W          48
 A1CSR              0            49
 A2CSR              0            50            51
 A3CSR              0            52            53            54
 R1ATTUDE           0             0             0             0            55
 R1MOTIVE           0             0             0             0             0
 R1PRSIST           0             0             0             0             0
 R2ATTUDE           0             0             0             0            58
 R2MOTIVE           0             0             0             0            62
 R2PRSIST           0             0             0             0            66
 KR3MOTIV           0             0             0             0             0
 KR3PRSST           0             0             0             0             0
 KR3ATUDE           0             0             0             0            76


           THETA
              R1MOTIVE      R1PRSIST      R2ATTUDE      R2MOTIVE      R2PRSIST
              ________      ________      ________      ________      ________
 R1MOTIVE          56
 R1PRSIST           0            57
 R2ATTUDE          59            60            61
 R2MOTIVE          63            64             0            65
 R2PRSIST          67            68             0             0            69
 KR3MOTIV          70             0             0            71             0
 KR3PRSST           0            73             0             0            74
 KR3ATUDE           0             0            77             0             0


           THETA
              KR3MOTIV      KR3PRSST      KR3ATUDE
              ________      ________      ________
 KR3MOTIV          72
 KR3PRSST           0            75
 KR3ATUDE           0             0            78


           ALPHA
              COG1          COG2          COG3          ATL1          ATL2
              ________      ________      ________      ________      ________
      1           0             0             0             0             0


           ALPHA
              ATL3
              ________
      1           0


           BETA
              COG1          COG2          COG3          ATL1          ATL2
              ________      ________      ________      ________      ________
 COG1               0             0             0             0             0
 COG2               0             0             0             0             0
 COG3               0             0             0             0             0
 ATL1               0             0             0             0             0
 ATL2               0             0             0             0             0
 ATL3               0             0             0             0             0


           BETA
              ATL3
              ________
 COG1               0
 COG2               0
 COG3               0
 ATL1               0
 ATL2               0
 ATL3               0


           PSI
              COG1          COG2          COG3          ATL1          ATL2
              ________      ________      ________      ________      ________
 COG1               0
 COG2              79             0
 COG3              80            81             0
 ATL1              82            83            84             0
 ATL2              85            86            87            88             0
 ATL3              89            90            91            92            93


           PSI
              ATL3
              ________
 ATL3               0


     STARTING VALUES


           NU
              A1WJAPW       A2WJAPW       A3WJAPW       A1PPVT4W      A2PPVT4W
              ________      ________      ________      ________      ________
      1        38.216        39.968        42.692        10.847        11.850


           NU
              A3PPVT4W      A1CSR         A2CSR         A3CSR         R1ATTUDE
              ________      ________      ________      ________      ________
      1        13.538        63.208        62.124        65.926        51.947


           NU
              R1MOTIVE      R1PRSIST      R2ATTUDE      R2MOTIVE      R2PRSIST
              ________      ________      ________      ________      ________
      1        52.577        52.315        52.435        52.908        52.741


           NU
              KR3MOTIV      KR3PRSST      KR3ATUDE
              ________      ________      ________
      1        50.350        49.622        50.896


           LAMBDA
              COG1          COG2          COG3          ATL1          ATL2
              ________      ________      ________      ________      ________
 A1WJAPW        1.000         0.000         0.000         0.000         0.000
 A2WJAPW        0.000         1.000         0.000         0.000         0.000
 A3WJAPW        0.000         0.000         1.000         0.000         0.000
 A1PPVT4W       1.000         0.000         0.000         0.000         0.000
 A2PPVT4W       0.000         1.000         0.000         0.000         0.000
 A3PPVT4W       0.000         0.000         1.000         0.000         0.000
 A1CSR          1.000         0.000         0.000         0.000         0.000
 A2CSR          0.000         1.000         0.000         0.000         0.000
 A3CSR          0.000         0.000         1.000         0.000         0.000
 R1ATTUDE       0.000         0.000         0.000         1.000         0.000
 R1MOTIVE       0.000         0.000         0.000         1.000         0.000
 R1PRSIST       0.000         0.000         0.000         1.000         0.000
 R2ATTUDE       0.000         0.000         0.000         0.000         1.000
 R2MOTIVE       0.000         0.000         0.000         0.000         1.000
 R2PRSIST       0.000         0.000         0.000         0.000         1.000
 KR3MOTIV       0.000         0.000         0.000         0.000         0.000
 KR3PRSST       0.000         0.000         0.000         0.000         0.000
 KR3ATUDE       0.000         0.000         0.000         0.000         0.000


           LAMBDA
              ATL3
              ________
 A1WJAPW        0.000
 A2WJAPW        0.000
 A3WJAPW        0.000
 A1PPVT4W       0.000
 A2PPVT4W       0.000
 A3PPVT4W       0.000
 A1CSR          0.000
 A2CSR          0.000
 A3CSR          0.000
 R1ATTUDE       0.000
 R1MOTIVE       0.000
 R1PRSIST       0.000
 R2ATTUDE       0.000
 R2MOTIVE       0.000
 R2PRSIST       0.000
 KR3MOTIV       1.000
 KR3PRSST       1.000
 KR3ATUDE       1.000


           THETA
              A1WJAPW       A2WJAPW       A3WJAPW       A1PPVT4W      A2PPVT4W
              ________      ________      ________      ________      ________
 A1WJAPW        3.061
 A2WJAPW        0.000         1.924
 A3WJAPW        0.000         0.000         2.294
 A1PPVT4W       0.000         0.000         0.000         1.332
 A2PPVT4W       0.000         0.000         0.000         0.000         1.009
 A3PPVT4W       0.000         0.000         0.000         0.000         0.000
 A1CSR          0.000         0.000         0.000         0.000         0.000
 A2CSR          0.000         0.000         0.000         0.000         0.000
 A3CSR          0.000         0.000         0.000         0.000         0.000
 R1ATTUDE       0.000         0.000         0.000         0.000         0.000
 R1MOTIVE       0.000         0.000         0.000         0.000         0.000
 R1PRSIST       0.000         0.000         0.000         0.000         0.000
 R2ATTUDE       0.000         0.000         0.000         0.000         0.000
 R2MOTIVE       0.000         0.000         0.000         0.000         0.000
 R2PRSIST       0.000         0.000         0.000         0.000         0.000
 KR3MOTIV       0.000         0.000         0.000         0.000         0.000
 KR3PRSST       0.000         0.000         0.000         0.000         0.000
 KR3ATUDE       0.000         0.000         0.000         0.000         0.000


           THETA
              A3PPVT4W      A1CSR         A2CSR         A3CSR         R1ATTUDE
              ________      ________      ________      ________      ________
 A3PPVT4W       0.955
 A1CSR          0.000       150.226
 A2CSR          0.000         0.000       147.166
 A3CSR          0.000         0.000         0.000       146.195
 R1ATTUDE       0.000         0.000         0.000         0.000        39.209
 R1MOTIVE       0.000         0.000         0.000         0.000         0.000
 R1PRSIST       0.000         0.000         0.000         0.000         0.000
 R2ATTUDE       0.000         0.000         0.000         0.000         0.000
 R2MOTIVE       0.000         0.000         0.000         0.000         0.000
 R2PRSIST       0.000         0.000         0.000         0.000         0.000
 KR3MOTIV       0.000         0.000         0.000         0.000         0.000
 KR3PRSST       0.000         0.000         0.000         0.000         0.000
 KR3ATUDE       0.000         0.000         0.000         0.000         0.000


           THETA
              R1MOTIVE      R1PRSIST      R2ATTUDE      R2MOTIVE      R2PRSIST
              ________      ________      ________      ________      ________
 R1MOTIVE      42.930
 R1PRSIST       0.000        42.473
 R2ATTUDE       0.000         0.000        42.749
 R2MOTIVE       0.000         0.000         0.000        46.635
 R2PRSIST       0.000         0.000         0.000         0.000        43.662
 KR3MOTIV       0.000         0.000         0.000         0.000         0.000
 KR3PRSST       0.000         0.000         0.000         0.000         0.000
 KR3ATUDE       0.000         0.000         0.000         0.000         0.000


           THETA
              KR3MOTIV      KR3PRSST      KR3ATUDE
              ________      ________      ________
 KR3MOTIV      67.704
 KR3PRSST       0.000        62.138
 KR3ATUDE       0.000         0.000        47.489


           ALPHA
              COG1          COG2          COG3          ATL1          ATL2
              ________      ________      ________      ________      ________
      1         0.000         0.000         0.000         0.000         0.000


           ALPHA
              ATL3
              ________
      1         0.000


           BETA
              COG1          COG2          COG3          ATL1          ATL2
              ________      ________      ________      ________      ________
 COG1           0.000         0.000         0.000         0.000         0.000
 COG2           0.000         0.000         0.000         0.000         0.000
 COG3           0.000         0.000         0.000         0.000         0.000
 ATL1           0.000         0.000         0.000         0.000         0.000
 ATL2           0.000         0.000         0.000         0.000         0.000
 ATL3           0.000         0.000         0.000         0.000         0.000


           BETA
              ATL3
              ________
 COG1           0.000
 COG2           0.000
 COG3           0.000
 ATL1           0.000
 ATL2           0.000
 ATL3           0.000


           PSI
              COG1          COG2          COG3          ATL1          ATL2
              ________      ________      ________      ________      ________
 COG1           1.000
 COG2           0.000         1.000
 COG3           0.000         0.000         1.000
 ATL1           0.000         0.000         0.000         1.000
 ATL2           0.000         0.000         0.000         0.000         1.000
 ATL3           0.000         0.000         0.000         0.000         0.000


           PSI
              ATL3
              ________
 ATL3           1.000


DIAGRAM INFORMATION

  Use View Diagram under the Diagram menu in the Mplus Editor to view the diagram.
  If running Mplus from the Mplus Diagrammer, the diagram opens automatically.

  Diagram output
    c:\users\bfoste01\dropbox\new_faces\faces_project_r\weighted_3\all-set\invariance-10-30-14\teach

     Beginning Time:  10:37:57
        Ending Time:  10:38:01
       Elapsed Time:  00:00:04



MUTHEN & MUTHEN
3463 Stoner Ave.
Los Angeles, CA  90066

Tel: (310) 391-9971
Fax: (310) 391-8971
Web: www.StatModel.com
Support: Support@StatModel.com

Copyright (c) 1998-2014 Muthen & Muthen
